TpTrace Verbose: 0 : 15592, 1, 2023/05/29, 18:54:58.276, 5807731313252, vstest.console.exe, Version: 17.5.0 Current process architecture: X64
TpTrace Verbose: 0 : 15592, 1, 2023/05/29, 18:54:58.279, 5807731340394, vstest.console.exe, Runtime location: C:\Windows\Microsoft.NET\Framework64\v4.0.30319
TpTrace Verbose: 0 : 15592, 1, 2023/05/29, 18:54:58.504, 5807733585264, vstest.console.exe, TestPluginCache.DiscoverTestExtensions: finding test extensions in assemblies ends with: RuntimeProvider.dll TPluginInfo: Microsoft.VisualStudio.TestPlatform.Common.ExtensionFramework.Utilities.TestRuntimePluginInformation TExtension: Microsoft.VisualStudio.TestPlatform.ObjectModel.Host.ITestRuntimeProvider
TpTrace Verbose: 0 : 15592, 1, 2023/05/29, 18:54:58.506, 5807733608021, vstest.console.exe, TestPluginCache.GetExtensionPaths: Filtered extension paths: 
TpTrace Verbose: 0 : 15592, 1, 2023/05/29, 18:54:58.506, 5807733609092, vstest.console.exe, TestPluginCache.GetExtensionPaths: Added default extension paths: C:\Users\1511 MXTI\AppData\Local\Temp\bixzjozn.d4j\.vstest\tools\net462\Extensions\Microsoft.TestPlatform.Extensions.BlameDataCollector.dll
C:\Users\1511 MXTI\AppData\Local\Temp\bixzjozn.d4j\.vstest\tools\net462\Extensions\Microsoft.TestPlatform.TestHostRuntimeProvider.dll
C:\Users\1511 MXTI\AppData\Local\Temp\bixzjozn.d4j\.vstest\tools\net462\Extensions\Microsoft.VisualStudio.TestPlatform.Extensions.Html.TestLogger.dll
C:\Users\1511 MXTI\AppData\Local\Temp\bixzjozn.d4j\.vstest\tools\net462\Extensions\Microsoft.VisualStudio.TestPlatform.Extensions.Trx.TestLogger.dll
TpTrace Verbose: 0 : 15592, 1, 2023/05/29, 18:54:58.506, 5807733609631, vstest.console.exe, TestPluginCache.GetExtensionPaths: Added unfilterableExtensionPaths: 
TpTrace Information: 0 : 15592, 1, 2023/05/29, 18:54:58.508, 5807733629560, vstest.console.exe, AssemblyResolver.ctor: Creating AssemblyResolver with searchDirectories C:\Users\1511 MXTI\AppData\Local\Temp\bixzjozn.d4j\.vstest\tools\net462\Extensions,C:\Users\1511 MXTI\AppData\Local\Temp\bixzjozn.d4j\.vstest\tools\net462
TpTrace Verbose: 0 : 15592, 1, 2023/05/29, 18:54:58.509, 5807733638410, vstest.console.exe, TestPluginCache.DiscoverTestExtensions: Discovering the extensions using extension path.
TpTrace Verbose: 0 : 15592, 1, 2023/05/29, 18:54:58.509, 5807733639924, vstest.console.exe, TestPluginCache.GetExtensionPaths: Filtered extension paths: 
TpTrace Verbose: 0 : 15592, 1, 2023/05/29, 18:54:58.509, 5807733641302, vstest.console.exe, TestPluginCache.GetExtensionPaths: Added default extension paths: C:\Users\1511 MXTI\AppData\Local\Temp\bixzjozn.d4j\.vstest\tools\net462\Extensions\Microsoft.TestPlatform.Extensions.BlameDataCollector.dll
C:\Users\1511 MXTI\AppData\Local\Temp\bixzjozn.d4j\.vstest\tools\net462\Extensions\Microsoft.TestPlatform.TestHostRuntimeProvider.dll
C:\Users\1511 MXTI\AppData\Local\Temp\bixzjozn.d4j\.vstest\tools\net462\Extensions\Microsoft.VisualStudio.TestPlatform.Extensions.Html.TestLogger.dll
C:\Users\1511 MXTI\AppData\Local\Temp\bixzjozn.d4j\.vstest\tools\net462\Extensions\Microsoft.VisualStudio.TestPlatform.Extensions.Trx.TestLogger.dll
TpTrace Verbose: 0 : 15592, 1, 2023/05/29, 18:54:58.509, 5807733642061, vstest.console.exe, TestPluginCache.GetExtensionPaths: Added unfilterableExtensionPaths: 
TpTrace Verbose: 0 : 15592, 1, 2023/05/29, 18:54:58.509, 5807733642762, vstest.console.exe, TestPluginCache.DiscoverTestExtensions: Discovering the extensions using allExtensionPaths: C:\Users\1511 MXTI\AppData\Local\Temp\bixzjozn.d4j\.vstest\tools\net462\Extensions\Microsoft.TestPlatform.Extensions.BlameDataCollector.dll
C:\Users\1511 MXTI\AppData\Local\Temp\bixzjozn.d4j\.vstest\tools\net462\Extensions\Microsoft.TestPlatform.TestHostRuntimeProvider.dll
C:\Users\1511 MXTI\AppData\Local\Temp\bixzjozn.d4j\.vstest\tools\net462\Extensions\Microsoft.VisualStudio.TestPlatform.Extensions.Html.TestLogger.dll
C:\Users\1511 MXTI\AppData\Local\Temp\bixzjozn.d4j\.vstest\tools\net462\Extensions\Microsoft.VisualStudio.TestPlatform.Extensions.Trx.TestLogger.dll
TpTrace Information: 0 : 15592, 1, 2023/05/29, 18:54:58.511, 5807733656945, vstest.console.exe, AssemblyResolver.AddSearchDirectories: Adding more searchDirectories C:\Users\1511 MXTI\AppData\Local\Temp\bixzjozn.d4j\.vstest\tools\net462\Extensions,C:\Users\1511 MXTI\AppData\Local\Temp\bixzjozn.d4j\.vstest\tools\net462
TpTrace Information: 0 : 15592, 1, 2023/05/29, 18:54:58.511, 5807733658902, vstest.console.exe, AssemblyResolver.AddSearchDirectories: Adding more searchDirectories C:\Users\1511 MXTI\AppData\Local\Temp\bixzjozn.d4j\.vstest\tools\net462\Extensions,C:\Users\1511 MXTI\AppData\Local\Temp\bixzjozn.d4j\.vstest\tools\net462
TpTrace Information: 0 : 15592, 1, 2023/05/29, 18:54:58.511, 5807733659895, vstest.console.exe, AssemblyResolver.AddSearchDirectories: Adding more searchDirectories C:\Users\1511 MXTI\AppData\Local\Temp\bixzjozn.d4j\.vstest\tools\net462\Extensions,C:\Users\1511 MXTI\AppData\Local\Temp\bixzjozn.d4j\.vstest\tools\net462
TpTrace Information: 0 : 15592, 1, 2023/05/29, 18:54:58.511, 5807733660736, vstest.console.exe, AssemblyResolver.AddSearchDirectories: Adding more searchDirectories C:\Users\1511 MXTI\AppData\Local\Temp\bixzjozn.d4j\.vstest\tools\net462\Extensions,C:\Users\1511 MXTI\AppData\Local\Temp\bixzjozn.d4j\.vstest\tools\net462
TpTrace Information: 0 : 15592, 1, 2023/05/29, 18:54:58.520, 5807733745902, vstest.console.exe, AssemblyResolver.OnResolve: Microsoft.TestPlatform.Extensions.BlameDataCollector: Resolving assembly.
TpTrace Information: 0 : 15592, 1, 2023/05/29, 18:54:58.520, 5807733747180, vstest.console.exe, AssemblyResolver.OnResolve: Microsoft.TestPlatform.Extensions.BlameDataCollector: Searching in: 'C:\Users\1511 MXTI\AppData\Local\Temp\bixzjozn.d4j\.vstest\tools\net462\Extensions'.
TpTrace Information: 0 : 15592, 1, 2023/05/29, 18:54:58.728, 5807735829716, vstest.console.exe, AssemblyResolver.OnResolve: Microsoft.TestPlatform.Extensions.BlameDataCollector: Loading assembly 'C:\Users\1511 MXTI\AppData\Local\Temp\bixzjozn.d4j\.vstest\tools\net462\Extensions\Microsoft.TestPlatform.Extensions.BlameDataCollector.dll'.
TpTrace Information: 0 : 15592, 1, 2023/05/29, 18:54:58.746, 5807736006703, vstest.console.exe, AssemblyResolver.OnResolve: Resolved assembly: Microsoft.TestPlatform.Extensions.BlameDataCollector, from path: C:\Users\1511 MXTI\AppData\Local\Temp\bixzjozn.d4j\.vstest\tools\net462\Extensions\Microsoft.TestPlatform.Extensions.BlameDataCollector.dll
TpTrace Verbose: 0 : 15592, 1, 2023/05/29, 18:54:58.890, 5807737452702, vstest.console.exe, MetadataReaderExtensionsHelper: Discovering extensions inside assembly 'Microsoft.TestPlatform.Extensions.BlameDataCollector, Version=15.0.0.0, Culture=neutral, PublicKeyToken=b03f5f7f11d50a3a' file path 'C:\Users\1511 MXTI\AppData\Local\Temp\bixzjozn.d4j\.vstest\tools\net462\Extensions\Microsoft.TestPlatform.Extensions.BlameDataCollector.dll'
TpTrace Information: 0 : 15592, 1, 2023/05/29, 18:54:59.088, 5807739430208, vstest.console.exe, AssemblyResolver.OnResolve: Microsoft.TestPlatform.TestHostRuntimeProvider: Resolving assembly.
TpTrace Information: 0 : 15592, 1, 2023/05/29, 18:54:59.088, 5807739431108, vstest.console.exe, AssemblyResolver.OnResolve: Microsoft.TestPlatform.TestHostRuntimeProvider: Searching in: 'C:\Users\1511 MXTI\AppData\Local\Temp\bixzjozn.d4j\.vstest\tools\net462\Extensions'.
TpTrace Information: 0 : 15592, 1, 2023/05/29, 18:54:59.170, 5807740251899, vstest.console.exe, AssemblyResolver.OnResolve: Microsoft.TestPlatform.TestHostRuntimeProvider: Loading assembly 'C:\Users\1511 MXTI\AppData\Local\Temp\bixzjozn.d4j\.vstest\tools\net462\Extensions\Microsoft.TestPlatform.TestHostRuntimeProvider.dll'.
TpTrace Information: 0 : 15592, 1, 2023/05/29, 18:54:59.180, 5807740346823, vstest.console.exe, AssemblyResolver.OnResolve: Resolved assembly: Microsoft.TestPlatform.TestHostRuntimeProvider, from path: C:\Users\1511 MXTI\AppData\Local\Temp\bixzjozn.d4j\.vstest\tools\net462\Extensions\Microsoft.TestPlatform.TestHostRuntimeProvider.dll
TpTrace Verbose: 0 : 15592, 1, 2023/05/29, 18:54:59.180, 5807740348641, vstest.console.exe, MetadataReaderExtensionsHelper: Discovering extensions inside assembly 'Microsoft.TestPlatform.TestHostRuntimeProvider, Version=15.0.0.0, Culture=neutral, PublicKeyToken=b03f5f7f11d50a3a' file path 'C:\Users\1511 MXTI\AppData\Local\Temp\bixzjozn.d4j\.vstest\tools\net462\Extensions\Microsoft.TestPlatform.TestHostRuntimeProvider.dll'
TpTrace Information: 0 : 15592, 1, 2023/05/29, 18:54:59.185, 5807740396187, vstest.console.exe, GetTestExtensionFromType: Register extension with identifier data 'HostProvider://DefaultTestHost' and type 'Microsoft.VisualStudio.TestPlatform.CrossPlatEngine.Hosting.DefaultTestHostManager, Microsoft.TestPlatform.TestHostRuntimeProvider, Version=15.0.0.0, Culture=neutral, PublicKeyToken=b03f5f7f11d50a3a' inside file 'C:\Users\1511 MXTI\AppData\Local\Temp\bixzjozn.d4j\.vstest\tools\net462\Extensions\Microsoft.TestPlatform.TestHostRuntimeProvider.dll'
TpTrace Information: 0 : 15592, 1, 2023/05/29, 18:54:59.185, 5807740399272, vstest.console.exe, GetTestExtensionFromType: Register extension with identifier data 'HostProvider://DotnetTestHost' and type 'Microsoft.VisualStudio.TestPlatform.CrossPlatEngine.Hosting.DotnetTestHostManager, Microsoft.TestPlatform.TestHostRuntimeProvider, Version=15.0.0.0, Culture=neutral, PublicKeyToken=b03f5f7f11d50a3a' inside file 'C:\Users\1511 MXTI\AppData\Local\Temp\bixzjozn.d4j\.vstest\tools\net462\Extensions\Microsoft.TestPlatform.TestHostRuntimeProvider.dll'
TpTrace Information: 0 : 15592, 1, 2023/05/29, 18:54:59.185, 5807740404375, vstest.console.exe, AssemblyResolver.OnResolve: Microsoft.VisualStudio.TestPlatform.Extensions.Html.TestLogger: Resolving assembly.
TpTrace Information: 0 : 15592, 1, 2023/05/29, 18:54:59.186, 5807740405944, vstest.console.exe, AssemblyResolver.OnResolve: Microsoft.VisualStudio.TestPlatform.Extensions.Html.TestLogger: Searching in: 'C:\Users\1511 MXTI\AppData\Local\Temp\bixzjozn.d4j\.vstest\tools\net462\Extensions'.
TpTrace Information: 0 : 15592, 1, 2023/05/29, 18:54:59.233, 5807740877793, vstest.console.exe, AssemblyResolver.OnResolve: Microsoft.VisualStudio.TestPlatform.Extensions.Html.TestLogger: Loading assembly 'C:\Users\1511 MXTI\AppData\Local\Temp\bixzjozn.d4j\.vstest\tools\net462\Extensions\Microsoft.VisualStudio.TestPlatform.Extensions.Html.TestLogger.dll'.
TpTrace Information: 0 : 15592, 1, 2023/05/29, 18:54:59.241, 5807740956852, vstest.console.exe, AssemblyResolver.OnResolve: Resolved assembly: Microsoft.VisualStudio.TestPlatform.Extensions.Html.TestLogger, from path: C:\Users\1511 MXTI\AppData\Local\Temp\bixzjozn.d4j\.vstest\tools\net462\Extensions\Microsoft.VisualStudio.TestPlatform.Extensions.Html.TestLogger.dll
TpTrace Verbose: 0 : 15592, 1, 2023/05/29, 18:54:59.241, 5807740959729, vstest.console.exe, MetadataReaderExtensionsHelper: Discovering extensions inside assembly 'Microsoft.VisualStudio.TestPlatform.Extensions.Html.TestLogger, Version=15.0.0.0, Culture=neutral, PublicKeyToken=b03f5f7f11d50a3a' file path 'C:\Users\1511 MXTI\AppData\Local\Temp\bixzjozn.d4j\.vstest\tools\net462\Extensions\Microsoft.VisualStudio.TestPlatform.Extensions.Html.TestLogger.dll'
TpTrace Information: 0 : 15592, 1, 2023/05/29, 18:54:59.245, 5807740995070, vstest.console.exe, AssemblyResolver.OnResolve: Microsoft.VisualStudio.TestPlatform.Extensions.Trx.TestLogger: Resolving assembly.
TpTrace Information: 0 : 15592, 1, 2023/05/29, 18:54:59.245, 5807740996575, vstest.console.exe, AssemblyResolver.OnResolve: Microsoft.VisualStudio.TestPlatform.Extensions.Trx.TestLogger: Searching in: 'C:\Users\1511 MXTI\AppData\Local\Temp\bixzjozn.d4j\.vstest\tools\net462\Extensions'.
TpTrace Information: 0 : 15592, 1, 2023/05/29, 18:54:59.344, 5807741986293, vstest.console.exe, AssemblyResolver.OnResolve: Microsoft.VisualStudio.TestPlatform.Extensions.Trx.TestLogger: Loading assembly 'C:\Users\1511 MXTI\AppData\Local\Temp\bixzjozn.d4j\.vstest\tools\net462\Extensions\Microsoft.VisualStudio.TestPlatform.Extensions.Trx.TestLogger.dll'.
TpTrace Information: 0 : 15592, 1, 2023/05/29, 18:54:59.352, 5807742068484, vstest.console.exe, AssemblyResolver.OnResolve: Resolved assembly: Microsoft.VisualStudio.TestPlatform.Extensions.Trx.TestLogger, from path: C:\Users\1511 MXTI\AppData\Local\Temp\bixzjozn.d4j\.vstest\tools\net462\Extensions\Microsoft.VisualStudio.TestPlatform.Extensions.Trx.TestLogger.dll
TpTrace Verbose: 0 : 15592, 1, 2023/05/29, 18:54:59.352, 5807742070661, vstest.console.exe, MetadataReaderExtensionsHelper: Discovering extensions inside assembly 'Microsoft.VisualStudio.TestPlatform.Extensions.Trx.TestLogger, Version=15.0.0.0, Culture=neutral, PublicKeyToken=b03f5f7f11d50a3a' file path 'C:\Users\1511 MXTI\AppData\Local\Temp\bixzjozn.d4j\.vstest\tools\net462\Extensions\Microsoft.VisualStudio.TestPlatform.Extensions.Trx.TestLogger.dll'
TpTrace Verbose: 0 : 15592, 1, 2023/05/29, 18:54:59.361, 5807742158471, vstest.console.exe, TestPluginCache: Discovered the extensions using extension path ''.
TpTrace Verbose: 0 : 15592, 1, 2023/05/29, 18:54:59.363, 5807742178789, vstest.console.exe, TestPluginCache: Discoverers are ''.
TpTrace Verbose: 0 : 15592, 1, 2023/05/29, 18:54:59.363, 5807742179549, vstest.console.exe, TestPluginCache: Executors are ''.
TpTrace Verbose: 0 : 15592, 1, 2023/05/29, 18:54:59.363, 5807742179867, vstest.console.exe, TestPluginCache: Executors2 are ''.
TpTrace Verbose: 0 : 15592, 1, 2023/05/29, 18:54:59.363, 5807742180200, vstest.console.exe, TestPluginCache: Setting providers are ''.
TpTrace Verbose: 0 : 15592, 1, 2023/05/29, 18:54:59.363, 5807742180487, vstest.console.exe, TestPluginCache: Loggers are ''.
TpTrace Verbose: 0 : 15592, 1, 2023/05/29, 18:54:59.363, 5807742180862, vstest.console.exe, TestPluginCache: TestHosts are 'HostProvider://DefaultTestHost,HostProvider://DotnetTestHost'.
TpTrace Verbose: 0 : 15592, 1, 2023/05/29, 18:54:59.363, 5807742181214, vstest.console.exe, TestPluginCache: DataCollectors are ''.
TpTrace Information: 0 : 15592, 1, 2023/05/29, 18:54:59.591, 5807744463447, vstest.console.exe, Trying to connect to server on port : 57372
TpTrace Information: 0 : 15592, 1, 2023/05/29, 18:54:59.594, 5807744488988, vstest.console.exe, Trying to connect to server on socket : 127.0.0.1:57372 
TpTrace Verbose: 0 : 15592, 1, 2023/05/29, 18:54:59.597, 5807744521727, vstest.console.exe, SocketCommunicationManager : SetupClientAsync : Attempting to connect to the server.
TpTrace Information: 0 : 15592, 6, 2023/05/29, 18:54:59.607, 5807744618848, vstest.console.exe, Connected to the server successfully 
TpTrace Information: 0 : 15592, 6, 2023/05/29, 18:54:59.607, 5807744620525, vstest.console.exe, Using the buffer size of 16384 bytes
TpTrace Verbose: 0 : 15592, 1, 2023/05/29, 18:54:59.607, 5807744622303, vstest.console.exe, SocketCommunicationManager.WaitForServerConnection took: 0 ms, with 90000 ms timeout, and finished with True.
TpTrace Information: 0 : 15592, 1, 2023/05/29, 18:54:59.721, 5807745757989, vstest.console.exe, DesignModeClient.ProcessRequests: Processing Message: (ProtocolVersion) -> {"MessageType":"ProtocolVersion","Payload":7}
TpTrace Information: 0 : 15592, 1, 2023/05/29, 18:54:59.760, 5807746149184, vstest.console.exe, DesignModeClient.ProcessRequests: Processing Message: (Extensions.Initialize) -> {"Version":7,"MessageType":"Extensions.Initialize","Payload":[]}
TpTrace Information: 0 : 15592, 1, 2023/05/29, 18:54:59.764, 5807746194659, vstest.console.exe, TestRequestManager.InitializeExtensions: Initialize extensions started.
TpTrace Verbose: 0 : 15592, 1, 2023/05/29, 18:54:59.767, 5807746220040, vstest.console.exe, TestPluginCache: Update extensions started. Skip filter = True
TpTrace Information: 0 : 15592, 1, 2023/05/29, 18:54:59.767, 5807746222604, vstest.console.exe, TestRequestManager.InitializeExtensions: Initialize extensions completed.
TpTrace Information: 0 : 15592, 1, 2023/05/29, 18:55:05.872, 5807807263289, vstest.console.exe, DesignModeClient.ProcessRequests: Processing Message: (TestExecution.GetTestRunnerProcessStartInfoForRunSelected) -> {"Version":7,"MessageType":"TestExecution.GetTestRunnerProcessStartInfoForRunSelected","Payload":{"Sources":null,"TestCases":[{"Id":"7c80fa14-4b5e-688b-30c4-22317d77de66","FullyQualifiedName":"Bank.UnitTests.BankAccountTest.Debit_WithValidAmount_UpdatesBalance","DisplayName":"Debit_WithValidAmount_UpdatesBalance","ExecutorUri":"executor://MSTestAdapter/v2","Source":"C:\\Projetos\\Bank\\Bank.UnitTests\\bin\\Debug\\net6.0\\Bank.UnitTests.dll","CodeFilePath":"C:\\Projetos\\Bank\\Bank.UnitTests\\BankAccountTest.cs","LineNumber":11,"Properties":[{"Key":{"Id":"TestCase.ManagedType","Label":"ManagedType","Category":"","Description":"","Attributes":1,"ValueType":"System.String"},"Value":"Bank.UnitTests.BankAccountTest"},{"Key":{"Id":"TestCase.ManagedMethod","Label":"ManagedMethod","Category":"","Description":"","Attributes":1,"ValueType":"System.String"},"Value":"Debit_WithValidAmount_UpdatesBalance"},{"Key":{"Id":"MSTestDiscoverer.TestClassName","Label":"ClassName","Category":"","Description":"","Attributes":1,"ValueType":"System.String"},"Value":"Bank.UnitTests.BankAccountTest"},{"Key":{"Id":"TestCase.Hierarchy","Label":"Hierarchy","Category":"","Description":"","Attributes":2,"ValueType":"System.String[]"},"Value":["Bank.UnitTests","BankAccountTest"]},{"Key":{"Id":"TestObject.Traits","Label":"Traits","Category":"","Description":"","Attributes":5,"ValueType":"System.Collections.Generic.KeyValuePair`2[[System.String],[System.String]][]"},"Value":[]}]}],"RunSettings":"<RunSettings>\r\n<RunConfiguration>\r\n  <CollectSourceInformation>false</CollectSourceInformation>\r\n  <MaxCpuCount>1</MaxCpuCount>\r\n<TestSessionTimeout>6680</TestSessionTimeout>\r\n\r\n<DesignMode>false</DesignMode>\r\n</RunConfiguration><InProcDataCollectionRunSettings><InProcDataCollectors><InProcDataCollector friendlyName=\"StrykerCoverage\" uri=\"https://stryker-mutator.io/\" codebase=\"C:\\Users\\1511 MXTI\\.nuget\\packages\\dotnet-stryker\\3.9.0\\tools\\net6.0\\any\\Stryker.DataCollector.dll\" assemblyQualifiedName=\"Stryker.DataCollector.CoverageCollector, Stryker.DataCollector, Version=1.0.0.0, Culture=neutral, PublicKeyToken=null\">\r\n<Configuration><Parameters><Mutant id='0' tests='7c80fa14-4b5e-688b-30c4-22317d77de66'/><MutantControl name='Stryker0Xrvs6ez4CmThoK.MutantControl'/></Parameters></Configuration></InProcDataCollector></InProcDataCollectors></InProcDataCollectionRunSettings>\r\n</RunSettings>","KeepAlive":false,"DebuggingEnabled":false,"TestPlatformOptions":{"TestCaseFilter":null,"FilterOptions":null,"CollectMetrics":false,"SkipDefaultAdapters":false},"TestSessionInfo":null}}
TpTrace Information: 0 : 15592, 7, 2023/05/29, 18:55:05.916, 5807807700784, vstest.console.exe, TestRequestManager.RunTests: run tests started.
TpTrace Information: 0 : 15592, 7, 2023/05/29, 18:55:05.929, 5807807833239, vstest.console.exe, AssemblyMetadataProvider.GetFrameworkName: Determined framework:'.NETCoreApp,Version=v6.0' for source: 'C:\Projetos\Bank\Bank.UnitTests\bin\Debug\net6.0\Bank.UnitTests.dll'
TpTrace Information: 0 : 15592, 7, 2023/05/29, 18:55:05.929, 5807807835132, vstest.console.exe, Determined framework for all sources: .NETCoreApp,Version=v6.0
TpTrace Verbose: 0 : 15592, 7, 2023/05/29, 18:55:05.931, 5807807857236, vstest.console.exe, TestRequestManager.UpdateRunSettingsIfRequired: Default architecture: X64 IsDefaultTargetArchitecture: True, Current process architecture: X64 OperatingSystem: Windows.
TpTrace Information: 0 : 15592, 7, 2023/05/29, 18:55:05.940, 5807807941531, vstest.console.exe, AssemblyMetadataProvider.GetArchitecture: Determined architecture:AnyCPU info for assembly: C:\Projetos\Bank\Bank.UnitTests\bin\Debug\net6.0\Bank.UnitTests.dll
TpTrace Information: 0 : 15592, 7, 2023/05/29, 18:55:05.940, 5807807942528, vstest.console.exe, Determined platform for source 'C:\Projetos\Bank\Bank.UnitTests\bin\Debug\net6.0\Bank.UnitTests.dll' was AnyCPU and it will use the default plaform X64.
TpTrace Information: 0 : 15592, 7, 2023/05/29, 18:55:05.940, 5807807943096, vstest.console.exe, None of the sources provided any runnable platform, using the default platform: X64
TpTrace Information: 0 : 15592, 7, 2023/05/29, 18:55:05.940, 5807807944844, vstest.console.exe, Platform was updated to 'X64'.
TpTrace Information: 0 : 15592, 7, 2023/05/29, 18:55:05.948, 5807808024989, vstest.console.exe, InferRunSettingsHelper.IsTestSettingsEnabled: Unable to navigate to RunSettings/MSTest. Current node: RunSettings
TpTrace Information: 0 : 15592, 7, 2023/05/29, 18:55:05.952, 5807808061343, vstest.console.exe, AssemblyResolver.OnResolve: Microsoft.VisualStudio.TestPlatform.Fakes, Version=17.0.0.0, Culture=neutral: Resolving assembly.
TpTrace Information: 0 : 15592, 7, 2023/05/29, 18:55:05.952, 5807808062136, vstest.console.exe, AssemblyResolver.OnResolve: Microsoft.VisualStudio.TestPlatform.Fakes, Version=17.0.0.0, Culture=neutral: Searching in: 'C:\Users\1511 MXTI\AppData\Local\Temp\bixzjozn.d4j\.vstest\tools\net462\Extensions'.
TpTrace Information: 0 : 15592, 7, 2023/05/29, 18:55:05.952, 5807808063033, vstest.console.exe, AssemblyResolver.OnResolve: Microsoft.VisualStudio.TestPlatform.Fakes, Version=17.0.0.0, Culture=neutral: Assembly path does not exist: 'C:\Users\1511 MXTI\AppData\Local\Temp\bixzjozn.d4j\.vstest\tools\net462\Extensions\Microsoft.VisualStudio.TestPlatform.Fakes.dll', returning.
TpTrace Information: 0 : 15592, 7, 2023/05/29, 18:55:05.952, 5807808063768, vstest.console.exe, AssemblyResolver.OnResolve: Microsoft.VisualStudio.TestPlatform.Fakes, Version=17.0.0.0, Culture=neutral: Assembly path does not exist: 'C:\Users\1511 MXTI\AppData\Local\Temp\bixzjozn.d4j\.vstest\tools\net462\Extensions\Microsoft.VisualStudio.TestPlatform.Fakes.exe', returning.
TpTrace Information: 0 : 15592, 7, 2023/05/29, 18:55:05.952, 5807808064128, vstest.console.exe, AssemblyResolver.OnResolve: Microsoft.VisualStudio.TestPlatform.Fakes, Version=17.0.0.0, Culture=neutral: Searching in: 'C:\Users\1511 MXTI\AppData\Local\Temp\bixzjozn.d4j\.vstest\tools\net462'.
TpTrace Information: 0 : 15592, 7, 2023/05/29, 18:55:05.952, 5807808064789, vstest.console.exe, AssemblyResolver.OnResolve: Microsoft.VisualStudio.TestPlatform.Fakes, Version=17.0.0.0, Culture=neutral: Assembly path does not exist: 'C:\Users\1511 MXTI\AppData\Local\Temp\bixzjozn.d4j\.vstest\tools\net462\Microsoft.VisualStudio.TestPlatform.Fakes.dll', returning.
TpTrace Information: 0 : 15592, 7, 2023/05/29, 18:55:05.952, 5807808065469, vstest.console.exe, AssemblyResolver.OnResolve: Microsoft.VisualStudio.TestPlatform.Fakes, Version=17.0.0.0, Culture=neutral: Assembly path does not exist: 'C:\Users\1511 MXTI\AppData\Local\Temp\bixzjozn.d4j\.vstest\tools\net462\Microsoft.VisualStudio.TestPlatform.Fakes.exe', returning.
TpTrace Information: 0 : 15592, 7, 2023/05/29, 18:55:05.952, 5807808065804, vstest.console.exe, AssemblyResolver.OnResolve: Microsoft.VisualStudio.TestPlatform.Fakes, Version=17.0.0.0, Culture=neutral: Failed to load assembly.
TpTrace Information: 0 : 15592, 7, 2023/05/29, 18:55:05.962, 5807808162756, vstest.console.exe, Failed to load assembly Microsoft.VisualStudio.TestPlatform.Fakes, Version=17.0.0.0, Culture=neutral. Reason:System.IO.FileNotFoundException: Não foi possível carregar arquivo ou assembly 'Microsoft.VisualStudio.TestPlatform.Fakes, Version=17.0.0.0, Culture=neutral' ou uma de suas dependências. O sistema não pode encontrar o arquivo especificado.
File name: 'Microsoft.VisualStudio.TestPlatform.Fakes, Version=17.0.0.0, Culture=neutral'
   at System.Reflection.RuntimeAssembly._nLoad(AssemblyName fileName, String codeBase, Evidence assemblySecurity, RuntimeAssembly locationHint, StackCrawlMark& stackMark, IntPtr pPrivHostBinder, Boolean throwOnFileNotFound, Boolean forIntrospection, Boolean suppressSecurityChecks)
   at System.Reflection.RuntimeAssembly.InternalLoadAssemblyName(AssemblyName assemblyRef, Evidence assemblySecurity, RuntimeAssembly reqAssembly, StackCrawlMark& stackMark, IntPtr pPrivHostBinder, Boolean throwOnFileNotFound, Boolean forIntrospection, Boolean suppressSecurityChecks)
   at System.Reflection.Assembly.Load(AssemblyName assemblyRef)
   at Microsoft.VisualStudio.TestPlatform.Common.Utilities.FakesUtilities.LoadTestPlatformAssembly()

AVI: o log de associações de assembly está desativado.
Para ativar o log de  falhas de assembly, defina o valor do Registro [HKLM\Software\Microsoft\Fusion!EnableLog] (DWORD) como 1.
Observação: há alguma penalidade para o desempenho associada ao log de falha de associação de assembly.
Para desativar esse recurso, remova o valor do Registro [HKLM\Software\Microsoft\Fusion!EnableLog].

TpTrace Verbose: 0 : 15592, 7, 2023/05/29, 18:55:05.998, 5807808528917, vstest.console.exe, TestEngine: Initializing Parallel Execution as MaxCpuCount is set to: 1
TpTrace Information: 0 : 15592, 7, 2023/05/29, 18:55:06.007, 5807808619949, vstest.console.exe, AssemblyResolver.OnResolve: Microsoft.TestPlatform.TestHostRuntimeProvider, Version=15.0.0.0, Culture=neutral, PublicKeyToken=b03f5f7f11d50a3a: Resolving assembly.
TpTrace Information: 0 : 15592, 7, 2023/05/29, 18:55:06.008, 5807808621505, vstest.console.exe, AssemblyResolver.OnResolve: Microsoft.TestPlatform.TestHostRuntimeProvider, Version=15.0.0.0, Culture=neutral, PublicKeyToken=b03f5f7f11d50a3a: Searching in: 'C:\Users\1511 MXTI\AppData\Local\Temp\bixzjozn.d4j\.vstest\tools\net462\Extensions'.
TpTrace Information: 0 : 15592, 7, 2023/05/29, 18:55:06.008, 5807808625464, vstest.console.exe, AssemblyResolver.OnResolve: Microsoft.TestPlatform.TestHostRuntimeProvider, Version=15.0.0.0, Culture=neutral, PublicKeyToken=b03f5f7f11d50a3a: Loading assembly 'C:\Users\1511 MXTI\AppData\Local\Temp\bixzjozn.d4j\.vstest\tools\net462\Extensions\Microsoft.TestPlatform.TestHostRuntimeProvider.dll'.
TpTrace Information: 0 : 15592, 7, 2023/05/29, 18:55:06.008, 5807808626098, vstest.console.exe, AssemblyResolver.OnResolve: Resolved assembly: Microsoft.TestPlatform.TestHostRuntimeProvider, Version=15.0.0.0, Culture=neutral, PublicKeyToken=b03f5f7f11d50a3a, from path: C:\Users\1511 MXTI\AppData\Local\Temp\bixzjozn.d4j\.vstest\tools\net462\Extensions\Microsoft.TestPlatform.TestHostRuntimeProvider.dll
TpTrace Information: 0 : 15592, 7, 2023/05/29, 18:55:06.009, 5807808633925, vstest.console.exe, TestPluginManager.CreateTestExtension: Attempting to load test extension: Microsoft.VisualStudio.TestPlatform.CrossPlatEngine.Hosting.DefaultTestHostManager
TpTrace Information: 0 : 15592, 7, 2023/05/29, 18:55:06.011, 5807808656294, vstest.console.exe, TestPluginManager.CreateTestExtension: Attempting to load test extension: Microsoft.VisualStudio.TestPlatform.CrossPlatEngine.Hosting.DotnetTestHostManager
TpTrace Information: 0 : 15592, 7, 2023/05/29, 18:55:06.014, 5807808686856, vstest.console.exe, InferRunSettingsHelper.IsTestSettingsEnabled: Unable to navigate to RunSettings/MSTest. Current node: RunSettings
TpTrace Verbose: 0 : 15592, 7, 2023/05/29, 18:55:06.022, 5807808766154, vstest.console.exe, TestEngine.GetExecutionManager: Chosen execution manager 'Microsoft.VisualStudio.TestPlatform.CrossPlatEngine.Client.Parallel.ParallelProxyExecutionManager, Microsoft.TestPlatform.CrossPlatEngine, Version=15.0.0.0, Culture=neutral, PublicKeyToken=b03f5f7f11d50a3a' ParallelLevel '1'.
TpTrace Verbose: 0 : 15592, 7, 2023/05/29, 18:55:06.023, 5807808771760, vstest.console.exe, TestRunRequest.ExecuteAsync: Creating test run request.
TpTrace Verbose: 0 : 15592, 7, 2023/05/29, 18:55:06.026, 5807808810197, vstest.console.exe, TestRunRequest.ExecuteAsync: Starting.
TpTrace Information: 0 : 15592, 7, 2023/05/29, 18:55:06.029, 5807808833221, vstest.console.exe, TestRunRequest.ExecuteAsync: Starting run with settings:TestRunCriteria:
   KeepAlive=False,FrequencyOfRunStatsChangeEvent=10,RunStatsChangeEventTimeout=00:00:01.5000000,TestCaseFilter=,TestExecutorLauncher=Microsoft.VisualStudio.TestPlatform.Client.DesignMode.DesignModeTestHostLauncher
   Settingsxml=<RunSettings>
  <RunConfiguration>
    <CollectSourceInformation>false</CollectSourceInformation>
    <MaxCpuCount>1</MaxCpuCount>
    <TestSessionTimeout>6680</TestSessionTimeout>
    <DesignMode>false</DesignMode>
    <TargetFrameworkVersion>.NETCoreApp,Version=v6.0</TargetFrameworkVersion>
    <TargetPlatform>X64</TargetPlatform>
  </RunConfiguration>
  <InProcDataCollectionRunSettings>
    <InProcDataCollectors>
      <InProcDataCollector friendlyName="StrykerCoverage" uri="https://stryker-mutator.io/" codebase="C:\Users\1511 MXTI\.nuget\packages\dotnet-stryker\3.9.0\tools\net6.0\any\Stryker.DataCollector.dll" assemblyQualifiedName="Stryker.DataCollector.CoverageCollector, Stryker.DataCollector, Version=1.0.0.0, Culture=neutral, PublicKeyToken=null">
        <Configuration>
          <Parameters>
            <Mutant id="0" tests="7c80fa14-4b5e-688b-30c4-22317d77de66" />
            <MutantControl name="Stryker0Xrvs6ez4CmThoK.MutantControl" />
          </Parameters>
        </Configuration>
      </InProcDataCollector>
    </InProcDataCollectors>
  </InProcDataCollectionRunSettings>
  <LoggerRunSettings>
    <Loggers>
      <Logger friendlyName="Console" uri="logger://microsoft/TestPlatform/ConsoleLogger/v1" assemblyQualifiedName="Microsoft.VisualStudio.TestPlatform.CommandLine.Internal.ConsoleLogger, vstest.console, Version=15.0.0.0, Culture=neutral, PublicKeyToken=b03f5f7f11d50a3a" codeBase="C:\Users\1511 MXTI\AppData\Local\Temp\bixzjozn.d4j\.vstest\tools\net462\vstest.console.exe" enabled="True" />
    </Loggers>
  </LoggerRunSettings>
</RunSettings>

TpTrace Verbose: 0 : 15592, 7, 2023/05/29, 18:55:06.029, 5807808834286, vstest.console.exe, TestRunRequest.ExecuteAsync: Wait for the first run request is over.
TpTrace Verbose: 0 : 15592, 7, 2023/05/29, 18:55:06.029, 5807808835492, vstest.console.exe, TestRunRequest.ExecuteAsync: TestSessionTimeout is 6680 milliseconds.
TpTrace Verbose: 0 : 15592, 7, 2023/05/29, 18:55:06.032, 5807808860238, vstest.console.exe, MulticastDelegateUtilities.SafeInvoke: TestRun.TestRunStart: Invoking callbacks was skipped because there are no subscribers.
TpTrace Verbose: 0 : 15592, 8, 2023/05/29, 18:55:06.033, 5807808876126, vstest.console.exe, MulticastDelegateUtilities.SafeInvoke: InternalTestLoggerEvents.SendTestRunStart: Invoking callback 1/1 for Microsoft.VisualStudio.TestPlatform.CommandLine.Internal.ConsoleLogger., took 1 ms.
TpTrace Verbose: 0 : 15592, 7, 2023/05/29, 18:55:06.043, 5807808970362, vstest.console.exe, ParallelProxyExecutionManager: Start execution. Total sources: 1
TpTrace Verbose: 0 : 15592, 7, 2023/05/29, 18:55:06.054, 5807809083235, vstest.console.exe, TestRequestSender is acting as server.
TpTrace Verbose: 0 : 15592, 7, 2023/05/29, 18:55:06.056, 5807809102667, vstest.console.exe, ProxyParallelExecutionManager: No sources available for execution.
TpTrace Information: 0 : 15592, 7, 2023/05/29, 18:55:06.056, 5807809103350, vstest.console.exe, TestRunRequest.ExecuteAsync: Started.
TpTrace Verbose: 0 : 15592, 7, 2023/05/29, 18:55:06.056, 5807809107346, vstest.console.exe, TestRunRequest.WaitForCompletion: Waiting with timeout -1.
TpTrace Verbose: 0 : 15592, 6, 2023/05/29, 18:55:06.056, 5807809108091, vstest.console.exe, ParallelProxyExecutionManager: Execution started. Started clients: 1
TpTrace Verbose: 0 : 15592, 6, 2023/05/29, 18:55:06.059, 5807809136696, vstest.console.exe, ProxyExecutionManager: Test host is always Lazy initialize.
TpTrace Verbose: 0 : 15592, 6, 2023/05/29, 18:55:06.063, 5807809173319, vstest.console.exe, TestRequestSender.InitializeCommunication: initialize communication. 
TpTrace Information: 0 : 15592, 6, 2023/05/29, 18:55:06.065, 5807809191396, vstest.console.exe, SocketServer.Start: Listening on endpoint : 127.0.0.1:57392
TpTrace Verbose: 0 : 15592, 6, 2023/05/29, 18:55:06.074, 5807809286250, vstest.console.exe, DotnetTestHostmanager.GetTestHostProcessStartInfo: Platform environment 'X64' target architecture 'X64' framework '.NETCoreApp,Version=v6.0' OS 'Windows'
TpTrace Verbose: 0 : 15592, 6, 2023/05/29, 18:55:06.074, 5807809288253, vstest.console.exe, DotnetTestHostmanager: Adding  --runtimeconfig "C:\Projetos\Bank\Bank.UnitTests\bin\Debug\net6.0\Bank.UnitTests.runtimeconfig.json" in args
TpTrace Verbose: 0 : 15592, 6, 2023/05/29, 18:55:06.074, 5807809289191, vstest.console.exe, DotnetTestHostmanager: Adding  --depsfile "C:\Projetos\Bank\Bank.UnitTests\bin\Debug\net6.0\Bank.UnitTests.deps.json" in args
TpTrace Verbose: 0 : 15592, 6, 2023/05/29, 18:55:06.075, 5807809295514, vstest.console.exe, DotnetTestHostmanager.IsWinOnArm: Current PROCESSOR_ARCHITECTURE from environment variable 'AMD64'
TpTrace Verbose: 0 : 15592, 6, 2023/05/29, 18:55:06.075, 5807809296276, vstest.console.exe, DotnetTestHostmanager.IsWinOnArm: Is Windows on ARM 'False'
TpTrace Verbose: 0 : 15592, 6, 2023/05/29, 18:55:06.075, 5807809297389, vstest.console.exe, DotnetTestHostManager: testhost.exe found at path: C:\Projetos\Bank\Bank.UnitTests\bin\Debug\net6.0\testhost.exe
TpTrace Verbose: 0 : 15592, 6, 2023/05/29, 18:55:06.075, 5807809297789, vstest.console.exe, DotnetTestHostmanager: Full path of host exe is C:\Projetos\Bank\Bank.UnitTests\bin\Debug\net6.0\testhost.exe
TpTrace Verbose: 0 : 15592, 6, 2023/05/29, 18:55:06.076, 5807809306515, vstest.console.exe, DotnetTestHostmanager.LaunchTestHostAsync: Prefix 'VSTEST_WINAPPHOST_*' not found in env variables
TpTrace Information: 0 : 15592, 1, 2023/05/29, 18:55:06.570, 5807814252686, vstest.console.exe, DesignModeClient.ProcessRequests: Processing Message: (TestExecution.CustomTestHostLaunchCallback) -> {"Version":7,"MessageType":"TestExecution.CustomTestHostLaunchCallback","Payload":{"HostProcessId":4064,"ErrorMessage":null}}
TpTrace Verbose: 0 : 15592, 6, 2023/05/29, 18:55:06.605, 5807814595177, vstest.console.exe, Test Runtime launched
TpTrace Verbose: 0 : 15592, 6, 2023/05/29, 18:55:06.605, 5807814596550, vstest.console.exe, MulticastDelegateUtilities.SafeInvoke: HostProviderEvents.OnHostLaunched: Invoking callback 1/1 for Microsoft.VisualStudio.TestPlatform.CrossPlatEngine.Client.ProxyOperationManager., took 0 ms.
TpTrace Verbose: 0 : 15592, 6, 2023/05/29, 18:55:06.606, 5807814606308, vstest.console.exe, TestRequestSender.WaitForRequestHandlerConnection: waiting for connection with timeout: 90000.
TpTrace Verbose: 0 : 15592, 10, 2023/05/29, 18:55:06.699, 5807815537865, vstest.console.exe, MulticastDelegateUtilities.SafeInvoke: SocketServer: ClientConnected: Invoking callback 1/1 for Microsoft.VisualStudio.TestPlatform.CommunicationUtilities.TestRequestSender., took 0 ms.
TpTrace Verbose: 0 : 15592, 10, 2023/05/29, 18:55:06.699, 5807815539003, vstest.console.exe, SocketServer.OnClientConnected: Client connected for endPoint: 127.0.0.1:57392, starting MessageLoopAsync:
TpTrace Verbose: 0 : 15592, 6, 2023/05/29, 18:55:06.699, 5807815537960, vstest.console.exe, TestRequestSender.WaitForRequestHandlerConnection: waiting took 93 ms, with timeout 90000 ms, and result 0, which is success.
TpTrace Verbose: 0 : 15592, 10, 2023/05/29, 18:55:06.701, 5807815557259, vstest.console.exe, TcpClientExtensions.MessageLoopAsync: Polling on remoteEndPoint: 127.0.0.1:57395 localEndPoint: 127.0.0.1:57392
TpTrace Verbose: 0 : 15592, 6, 2023/05/29, 18:55:06.702, 5807815565181, vstest.console.exe, TestRequestSender.CheckVersionWithTestHost: Sending check version message: {"MessageType":"ProtocolVersion","Payload":7}
TpTrace Verbose: 0 : 15592, 10, 2023/05/29, 18:55:06.822, 5807816764997, vstest.console.exe, TcpClientExtensions.MessageLoopAsync: NotifyDataAvailable remoteEndPoint: 127.0.0.1:57395 localEndPoint: 127.0.0.1:57392
TpTrace Verbose: 0 : 15592, 10, 2023/05/29, 18:55:06.823, 5807816777022, vstest.console.exe, TestRequestSender.CheckVersionWithTestHost: onMessageReceived received message: (ProtocolVersion) -> {"MessageType":"ProtocolVersion","Payload":5}
TpTrace Verbose: 0 : 15592, 10, 2023/05/29, 18:55:06.823, 5807816778471, vstest.console.exe, MulticastDelegateUtilities.SafeInvoke: LengthPrefixCommunicationChannel: MessageReceived: Invoking callback 1/1 for Microsoft.VisualStudio.TestPlatform.CommunicationUtilities.TestRequestSender+<>c__DisplayClass29_0., took 0 ms.
TpTrace Verbose: 0 : 15592, 10, 2023/05/29, 18:55:06.823, 5807816778873, vstest.console.exe, TcpClientExtensions.MessageLoopAsync: Polling on remoteEndPoint: 127.0.0.1:57395 localEndPoint: 127.0.0.1:57392
TpTrace Verbose: 0 : 15592, 6, 2023/05/29, 18:55:06.824, 5807816788507, vstest.console.exe, TestPluginCache.GetExtensionPaths: Filtered extension paths: 
TpTrace Verbose: 0 : 15592, 6, 2023/05/29, 18:55:06.824, 5807816789312, vstest.console.exe, TestPluginCache.GetExtensionPaths: Added default extension paths: C:\Users\1511 MXTI\AppData\Local\Temp\bixzjozn.d4j\.vstest\tools\net462\Extensions\Microsoft.TestPlatform.Extensions.BlameDataCollector.dll
C:\Users\1511 MXTI\AppData\Local\Temp\bixzjozn.d4j\.vstest\tools\net462\Extensions\Microsoft.TestPlatform.TestHostRuntimeProvider.dll
C:\Users\1511 MXTI\AppData\Local\Temp\bixzjozn.d4j\.vstest\tools\net462\Extensions\Microsoft.VisualStudio.TestPlatform.Extensions.Html.TestLogger.dll
C:\Users\1511 MXTI\AppData\Local\Temp\bixzjozn.d4j\.vstest\tools\net462\Extensions\Microsoft.VisualStudio.TestPlatform.Extensions.Trx.TestLogger.dll
TpTrace Verbose: 0 : 15592, 6, 2023/05/29, 18:55:06.824, 5807816789786, vstest.console.exe, TestPluginCache.GetExtensionPaths: Added unfilterableExtensionPaths: 
TpTrace Verbose: 0 : 15592, 6, 2023/05/29, 18:55:06.827, 5807816815045, vstest.console.exe, TestRequestSender.InitializeExecution: Sending initialize execution with message: {"Version":5,"MessageType":"TestExecution.Initialize","Payload":["C:\\Projetos\\Bank\\Bank.UnitTests\\bin\\Debug\\net6.0\\Microsoft.VisualStudio.TestPlatform.MSTest.TestAdapter.dll"]}
TpTrace Warning: 0 : 15592, 6, 2023/05/29, 18:55:06.829, 5807816835863, vstest.console.exe, InferRunSettingsHelper.MakeRunsettingsCompatible: Removing the following settings: TargetPlatform from RunSettings file. To use those settings please move to latest version of Microsoft.NET.Test.Sdk
TpTrace Verbose: 0 : 15592, 10, 2023/05/29, 18:55:06.831, 5807816860155, vstest.console.exe, TcpClientExtensions.MessageLoopAsync: NotifyDataAvailable remoteEndPoint: 127.0.0.1:57395 localEndPoint: 127.0.0.1:57392
TpTrace Verbose: 0 : 15592, 10, 2023/05/29, 18:55:06.833, 5807816877545, vstest.console.exe, TestRequestSender.OnExecutionMessageReceived: Received message: {"Version":5,"MessageType":"TestSession.Message","Payload":{"MessageLevel":0,"Message":"Logging TestHost Diagnostics in file: C:\\Projetos\\Bank\\Bank.UnitTests\\StrykerOutput\\2023-05-29.18-54-42\\logs\\Runner 3_VsTest-log.host.23-05-29_18-55-06_06618_6.txt"}}
TpTrace Verbose: 0 : 15592, 10, 2023/05/29, 18:55:06.834, 5807816890917, vstest.console.exe, MulticastDelegateUtilities.SafeInvoke: TestRunRequest.RawMessageReceived: Invoking callback 1/1 for Microsoft.VisualStudio.TestPlatform.Client.DesignMode.DesignModeTestEventsRegistrar., took 0 ms.
TpTrace Verbose: 0 : 15592, 10, 2023/05/29, 18:55:06.838, 5807816927454, vstest.console.exe, TestRunRequest:SendTestRunMessage: Starting.
TpTrace Verbose: 0 : 15592, 10, 2023/05/29, 18:55:06.839, 5807816935108, vstest.console.exe, MulticastDelegateUtilities.SafeInvoke: TestRun.LogMessages: Invoking callback 1/1 for Microsoft.VisualStudio.TestPlatform.CommandLine.TestRunResultAggregator., took 0 ms.
TpTrace Information: 0 : 15592, 10, 2023/05/29, 18:55:06.839, 5807816935788, vstest.console.exe, TestRunRequest:SendTestRunMessage: Completed.
TpTrace Verbose: 0 : 15592, 10, 2023/05/29, 18:55:06.839, 5807816936244, vstest.console.exe, MulticastDelegateUtilities.SafeInvoke: LengthPrefixCommunicationChannel: MessageReceived: Invoking callback 1/1 for Microsoft.VisualStudio.TestPlatform.CommunicationUtilities.TestRequestSender+<>c__DisplayClass35_0., took 7 ms.
TpTrace Verbose: 0 : 15592, 10, 2023/05/29, 18:55:06.839, 5807816936582, vstest.console.exe, TcpClientExtensions.MessageLoopAsync: Polling on remoteEndPoint: 127.0.0.1:57395 localEndPoint: 127.0.0.1:57392
TpTrace Verbose: 0 : 15592, 8, 2023/05/29, 18:55:06.841, 5807816958792, vstest.console.exe, MulticastDelegateUtilities.SafeInvoke: InternalTestLoggerEvents.SendTestRunMessage: Invoking callback 1/1 for Microsoft.VisualStudio.TestPlatform.CommandLine.Internal.ConsoleLogger., took 2 ms.
TpTrace Verbose: 0 : 15592, 6, 2023/05/29, 18:55:06.845, 5807816999567, vstest.console.exe, TestRequestSender.StartTestRun: Sending test run with message: {"Version":5,"MessageType":"TestExecution.StartWithTests","Payload":{"Tests":[{"Id":"7c80fa14-4b5e-688b-30c4-22317d77de66","FullyQualifiedName":"Bank.UnitTests.BankAccountTest.Debit_WithValidAmount_UpdatesBalance","DisplayName":"Debit_WithValidAmount_UpdatesBalance","ExecutorUri":"executor://MSTestAdapter/v2","Source":"C:\\Projetos\\Bank\\Bank.UnitTests\\bin\\Debug\\net6.0\\Bank.UnitTests.dll","CodeFilePath":"C:\\Projetos\\Bank\\Bank.UnitTests\\BankAccountTest.cs","LineNumber":11,"Properties":[{"Key":{"Id":"TestCase.ManagedType","Label":"ManagedType","Category":"","Description":"","Attributes":1,"ValueType":"System.String"},"Value":"Bank.UnitTests.BankAccountTest"},{"Key":{"Id":"TestCase.ManagedMethod","Label":"ManagedMethod","Category":"","Description":"","Attributes":1,"ValueType":"System.String"},"Value":"Debit_WithValidAmount_UpdatesBalance"},{"Key":{"Id":"MSTestDiscoverer.TestClassName","Label":"ClassName","Category":"","Description":"","Attributes":1,"ValueType":"System.String"},"Value":"Bank.UnitTests.BankAccountTest"},{"Key":{"Id":"TestCase.Hierarchy","Label":"Hierarchy","Category":"","Description":"","Attributes":2,"ValueType":"System.String[]"},"Value":["Bank.UnitTests","BankAccountTest"]},{"Key":{"Id":"TestObject.Traits","Label":"Traits","Category":"","Description":"","Attributes":5,"ValueType":"System.Collections.Generic.KeyValuePair`2[[System.String],[System.String]][]"},"Value":[]}]}],"RunSettings":"<RunSettings>\r\n  <RunConfiguration>\r\n    <CollectSourceInformation>false</CollectSourceInformation>\r\n    <MaxCpuCount>1</MaxCpuCount>\r\n    <TestSessionTimeout>6680</TestSessionTimeout>\r\n    <DesignMode>false</DesignMode>\r\n    <TargetFrameworkVersion>.NETCoreApp,Version=v6.0</TargetFrameworkVersion>\r\n  </RunConfiguration>\r\n  <InProcDataCollectionRunSettings>\r\n    <InProcDataCollectors>\r\n      <InProcDataCollector friendlyName=\"StrykerCoverage\" uri=\"https://stryker-mutator.io/\" codebase=\"C:\\Users\\1511 MXTI\\.nuget\\packages\\dotnet-stryker\\3.9.0\\tools\\net6.0\\any\\Stryker.DataCollector.dll\" assemblyQualifiedName=\"Stryker.DataCollector.CoverageCollector, Stryker.DataCollector, Version=1.0.0.0, Culture=neutral, PublicKeyToken=null\">\r\n        <Configuration>\r\n          <Parameters>\r\n            <Mutant id=\"0\" tests=\"7c80fa14-4b5e-688b-30c4-22317d77de66\" />\r\n            <MutantControl name=\"Stryker0Xrvs6ez4CmThoK.MutantControl\" />\r\n          </Parameters>\r\n        </Configuration>\r\n      </InProcDataCollector>\r\n    </InProcDataCollectors>\r\n  </InProcDataCollectionRunSettings>\r\n  <LoggerRunSettings>\r\n    <Loggers>\r\n      <Logger friendlyName=\"Console\" uri=\"logger://microsoft/TestPlatform/ConsoleLogger/v1\" assemblyQualifiedName=\"Microsoft.VisualStudio.TestPlatform.CommandLine.Internal.ConsoleLogger, vstest.console, Version=15.0.0.0, Culture=neutral, PublicKeyToken=b03f5f7f11d50a3a\" codeBase=\"C:\\Users\\1511 MXTI\\AppData\\Local\\Temp\\bixzjozn.d4j\\.vstest\\tools\\net462\\vstest.console.exe\" enabled=\"True\" />\r\n    </Loggers>\r\n  </LoggerRunSettings>\r\n</RunSettings>","TestExecutionContext":{"FrequencyOfRunStatsChangeEvent":10,"RunStatsChangeEventTimeout":"00:00:01.5000000","InIsolation":false,"KeepAlive":false,"AreTestCaseLevelEventsRequired":false,"IsDebug":false,"TestCaseFilter":null,"FilterOptions":null},"Package":null}}
TpTrace Verbose: 0 : 15592, 10, 2023/05/29, 18:55:07.299, 5807821540149, vstest.console.exe, TcpClientExtensions.MessageLoopAsync: NotifyDataAvailable remoteEndPoint: 127.0.0.1:57395 localEndPoint: 127.0.0.1:57392
TpTrace Verbose: 0 : 15592, 10, 2023/05/29, 18:55:07.299, 5807821541870, vstest.console.exe, TestRequestSender.OnExecutionMessageReceived: Received message: {"Version":5,"MessageType":"TestExecution.Completed","Payload":{"TestRunCompleteArgs":{"TestRunStatistics":{"ExecutedTests":1,"Stats":{"Failed":1}},"IsCanceled":false,"IsAborted":false,"Error":null,"AttachmentSets":[],"ElapsedTimeInRunningTests":"00:00:00.1144909","Metrics":{}},"LastRunTests":{"NewTestResults":[{"TestCase":{"Id":"7c80fa14-4b5e-688b-30c4-22317d77de66","FullyQualifiedName":"Bank.UnitTests.BankAccountTest.Debit_WithValidAmount_UpdatesBalance","DisplayName":"Debit_WithValidAmount_UpdatesBalance","ExecutorUri":"executor://MSTestAdapter/v2","Source":"C:\\Projetos\\Bank\\Bank.UnitTests\\bin\\Debug\\net6.0\\Bank.UnitTests.dll","CodeFilePath":"C:\\Projetos\\Bank\\Bank.UnitTests\\BankAccountTest.cs","LineNumber":11,"Properties":[{"Key":{"Id":"TestCase.ManagedType","Label":"ManagedType","Category":"","Description":"","Attributes":1,"ValueType":"System.String"},"Value":"Bank.UnitTests.BankAccountTest"},{"Key":{"Id":"TestCase.ManagedMethod","Label":"ManagedMethod","Category":"","Description":"","Attributes":1,"ValueType":"System.String"},"Value":"Debit_WithValidAmount_UpdatesBalance"},{"Key":{"Id":"MSTestDiscoverer.TestClassName","Label":"ClassName","Category":"","Description":"","Attributes":1,"ValueType":"System.String"},"Value":"Bank.UnitTests.BankAccountTest"},{"Key":{"Id":"TestCase.Hierarchy","Label":"Hierarchy","Category":"","Description":"","Attributes":2,"ValueType":"System.String[]"},"Value":["Bank.UnitTests","BankAccountTest"]},{"Key":{"Id":"TestObject.Traits","Label":"Traits","Category":"","Description":"","Attributes":5,"ValueType":"System.Collections.Generic.KeyValuePair`2[[System.String],[System.String]][]"},"Value":[]}]},"Attachments":[],"Outcome":2,"ErrorMessage":"Test method Bank.UnitTests.BankAccountTest.Debit_WithValidAmount_UpdatesBalance threw exception: \r\nSystem.ArgumentOutOfRangeException: Specified argument was out of the range of valid values. (Parameter 'amount')","ErrorStackTrace":"    at Bank.Account.BankAccount.Debit(Double amount)\r\n   at Bank.UnitTests.BankAccountTest.Debit_WithValidAmount_UpdatesBalance() in C:\\Projetos\\Bank\\Bank.UnitTests\\BankAccountTest.cs:line 19\r\n","DisplayName":"Debit_WithValidAmount_UpdatesBalance","Messages":[],"ComputerName":null,"Duration":"00:00:00.0319323","StartTime":"2023-05-29T18:55:07.1933333-03:00","EndTime":"2023-05-29T18:55:07.2542227-03:00","Properties":[{"Key":{"Id":"ExecutionId","Label":"ExecutionId","Category":"","Description":"","Attributes":1,"ValueType":"System.Guid"},"Value":"00000000-0000-0000-0000-000000000000"},{"Key":{"Id":"ParentExecId","Label":"ParentExecId","Category":"","Description":"","Attributes":1,"ValueType":"System.Guid"},"Value":"00000000-0000-0000-0000-000000000000"},{"Key":{"Id":"InnerResultsCount","Label":"InnerResultsCount","Category":"","Description":"","Attributes":1,"ValueType":"System.Int32"},"Value":0}]}],"TestRunStatistics":{"ExecutedTests":1,"Stats":{"Failed":1}},"ActiveTests":[]},"RunAttachments":[],"ExecutorUris":["executor://mstestadapter/v2"]}}
TpTrace Verbose: 0 : 15592, 10, 2023/05/29, 18:55:07.301, 5807821555336, vstest.console.exe, TestRequestSender.EndSession: Sending end session.
TpTrace Verbose: 0 : 15592, 10, 2023/05/29, 18:55:07.301, 5807821556829, vstest.console.exe, ProxyOperationManager.Close: waiting for test host to exit for 100 ms
TpTrace Verbose: 0 : 15592, 4, 2023/05/29, 18:55:07.320, 5807821749348, vstest.console.exe, TestHostProvider.ExitCallBack: Host exited starting callback.
TpTrace Information: 0 : 15592, 4, 2023/05/29, 18:55:07.320, 5807821752132, vstest.console.exe, TestHostManagerCallbacks.ExitCallBack: Testhost processId: 4064 exited with exitcode: 0 error: ''
TpTrace Verbose: 0 : 15592, 4, 2023/05/29, 18:55:07.320, 5807821754223, vstest.console.exe, DotnetTestHostManager.OnHostExited: invoking OnHostExited callback
TpTrace Verbose: 0 : 15592, 4, 2023/05/29, 18:55:07.321, 5807821756164, vstest.console.exe, CrossPlatEngine.TestHostManagerHostExited: calling on client process exit callback.
TpTrace Information: 0 : 15592, 4, 2023/05/29, 18:55:07.321, 5807821758263, vstest.console.exe, TestRequestSender.OnClientProcessExit: Test host process exited. Standard error: 
TpTrace Information: 0 : 15592, 4, 2023/05/29, 18:55:07.321, 5807821760996, vstest.console.exe, SocketServer.Stop: Stop server endPoint: 127.0.0.1:57392
TpTrace Information: 0 : 15592, 4, 2023/05/29, 18:55:07.321, 5807821761461, vstest.console.exe, SocketServer.Stop: Cancellation requested. Stopping message loop.
TpTrace Verbose: 0 : 15592, 4, 2023/05/29, 18:55:07.321, 5807821761933, vstest.console.exe, MulticastDelegateUtilities.SafeInvoke: HostProviderEvents.OnHostExited: Invoking callback 1/1 for Microsoft.VisualStudio.TestPlatform.CrossPlatEngine.Client.ProxyOperationManager., took 0 ms.
TpTrace Information: 0 : 15592, 10, 2023/05/29, 18:55:07.321, 5807821762154, vstest.console.exe, SocketServer.Stop: Stop server endPoint: 127.0.0.1:57392
TpTrace Information: 0 : 15592, 10, 2023/05/29, 18:55:07.321, 5807821763156, vstest.console.exe, SocketServer.Stop: Cancellation requested. Stopping message loop.
TpTrace Information: 0 : 15592, 10, 2023/05/29, 18:55:07.321, 5807821763550, vstest.console.exe, Closing the connection
TpTrace Verbose: 0 : 15592, 10, 2023/05/29, 18:55:07.353, 5807822084032, vstest.console.exe, MulticastDelegateUtilities.SafeInvoke: TestRunRequest.RawMessageReceived: Invoking callback 1/1 for Microsoft.VisualStudio.TestPlatform.Client.DesignMode.DesignModeTestEventsRegistrar., took 0 ms.
TpTrace Verbose: 0 : 15592, 10, 2023/05/29, 18:55:07.354, 5807822092670, vstest.console.exe, TestRunRequest:SendTestRunStatsChange: Starting.
TpTrace Verbose: 0 : 15592, 10, 2023/05/29, 18:55:07.356, 5807822107337, vstest.console.exe, MulticastDelegateUtilities.SafeInvoke: TestRun.RunStatsChanged: Invoking callbacks was skipped because there are no subscribers.
TpTrace Information: 0 : 15592, 10, 2023/05/29, 18:55:07.356, 5807822108044, vstest.console.exe, TestRunRequest:SendTestRunStatsChange: Completed.
TpTrace Verbose: 0 : 15592, 10, 2023/05/29, 18:55:07.361, 5807822159170, vstest.console.exe, ParallelProxyExecutionManager: HandlePartialRunComplete: Total completed clients = 1, Run complete = True, Run canceled: False.
TpTrace Verbose: 0 : 15592, 8, 2023/05/29, 18:55:07.369, 5807822238705, vstest.console.exe, MulticastDelegateUtilities.SafeInvoke: InternalTestLoggerEvents.SendTestResult: Invoking callback 1/1 for Microsoft.VisualStudio.TestPlatform.CommandLine.Internal.ConsoleLogger., took 13 ms.
TpTrace Verbose: 0 : 15592, 8, 2023/05/29, 18:55:07.393, 5807822483341, vstest.console.exe, MulticastDelegateUtilities.SafeInvoke: InternalTestLoggerEvents.SendTestRunComplete: Invoking callback 1/1 for Microsoft.VisualStudio.TestPlatform.CommandLine.Internal.ConsoleLogger., took 18 ms.
TpTrace Verbose: 0 : 15592, 10, 2023/05/29, 18:55:07.395, 5807822500218, vstest.console.exe, MulticastDelegateUtilities.SafeInvoke: TestRunRequest.RawMessageReceived: Invoking callback 1/1 for Microsoft.VisualStudio.TestPlatform.Client.DesignMode.DesignModeTestEventsRegistrar., took 0 ms.
TpTrace Verbose: 0 : 15592, 10, 2023/05/29, 18:55:07.398, 5807822526790, vstest.console.exe, TestRunRequest:TestRunComplete: Starting. IsAborted:False IsCanceled:False.
TpTrace Information: 0 : 15592, 1, 2023/05/29, 18:55:07.406, 5807822604709, vstest.console.exe, DesignModeClient.ProcessRequests: Processing Message: (TestExecution.GetTestRunnerProcessStartInfoForRunSelected) -> {"Version":7,"MessageType":"TestExecution.GetTestRunnerProcessStartInfoForRunSelected","Payload":{"Sources":null,"TestCases":[{"Id":"7c80fa14-4b5e-688b-30c4-22317d77de66","FullyQualifiedName":"Bank.UnitTests.BankAccountTest.Debit_WithValidAmount_UpdatesBalance","DisplayName":"Debit_WithValidAmount_UpdatesBalance","ExecutorUri":"executor://MSTestAdapter/v2","Source":"C:\\Projetos\\Bank\\Bank.UnitTests\\bin\\Debug\\net6.0\\Bank.UnitTests.dll","CodeFilePath":"C:\\Projetos\\Bank\\Bank.UnitTests\\BankAccountTest.cs","LineNumber":11,"Properties":[{"Key":{"Id":"TestCase.ManagedType","Label":"ManagedType","Category":"","Description":"","Attributes":1,"ValueType":"System.String"},"Value":"Bank.UnitTests.BankAccountTest"},{"Key":{"Id":"TestCase.ManagedMethod","Label":"ManagedMethod","Category":"","Description":"","Attributes":1,"ValueType":"System.String"},"Value":"Debit_WithValidAmount_UpdatesBalance"},{"Key":{"Id":"MSTestDiscoverer.TestClassName","Label":"ClassName","Category":"","Description":"","Attributes":1,"ValueType":"System.String"},"Value":"Bank.UnitTests.BankAccountTest"},{"Key":{"Id":"TestCase.Hierarchy","Label":"Hierarchy","Category":"","Description":"","Attributes":2,"ValueType":"System.String[]"},"Value":["Bank.UnitTests","BankAccountTest"]},{"Key":{"Id":"TestObject.Traits","Label":"Traits","Category":"","Description":"","Attributes":5,"ValueType":"System.Collections.Generic.KeyValuePair`2[[System.String],[System.String]][]"},"Value":[]}]}],"RunSettings":"<RunSettings>\r\n<RunConfiguration>\r\n  <CollectSourceInformation>false</CollectSourceInformation>\r\n  <MaxCpuCount>1</MaxCpuCount>\r\n<TestSessionTimeout>6680</TestSessionTimeout>\r\n\r\n<DesignMode>false</DesignMode>\r\n</RunConfiguration><InProcDataCollectionRunSettings><InProcDataCollectors><InProcDataCollector friendlyName=\"StrykerCoverage\" uri=\"https://stryker-mutator.io/\" codebase=\"C:\\Users\\1511 MXTI\\.nuget\\packages\\dotnet-stryker\\3.9.0\\tools\\net6.0\\any\\Stryker.DataCollector.dll\" assemblyQualifiedName=\"Stryker.DataCollector.CoverageCollector, Stryker.DataCollector, Version=1.0.0.0, Culture=neutral, PublicKeyToken=null\">\r\n<Configuration><Parameters><Mutant id='2' tests='7c80fa14-4b5e-688b-30c4-22317d77de66'/><MutantControl name='Stryker0Xrvs6ez4CmThoK.MutantControl'/></Parameters></Configuration></InProcDataCollector></InProcDataCollectors></InProcDataCollectionRunSettings>\r\n</RunSettings>","KeepAlive":false,"DebuggingEnabled":false,"TestPlatformOptions":{"TestCaseFilter":null,"FilterOptions":null,"CollectMetrics":false,"SkipDefaultAdapters":false},"TestSessionInfo":null}}
TpTrace Information: 0 : 15592, 12, 2023/05/29, 18:55:07.406, 5807822608804, vstest.console.exe, TestRequestManager.RunTests: run tests started.
TpTrace Information: 0 : 15592, 12, 2023/05/29, 18:55:07.406, 5807822612894, vstest.console.exe, AssemblyMetadataProvider.GetFrameworkName: Determined framework:'.NETCoreApp,Version=v6.0' for source: 'C:\Projetos\Bank\Bank.UnitTests\bin\Debug\net6.0\Bank.UnitTests.dll'
TpTrace Verbose: 0 : 15592, 10, 2023/05/29, 18:55:07.406, 5807822613702, vstest.console.exe, TestLoggerManager.HandleTestRunComplete: Ignoring as the object is disposed.
TpTrace Information: 0 : 15592, 12, 2023/05/29, 18:55:07.406, 5807822613799, vstest.console.exe, Determined framework for all sources: .NETCoreApp,Version=v6.0
TpTrace Verbose: 0 : 15592, 12, 2023/05/29, 18:55:07.407, 5807822615546, vstest.console.exe, TestRequestManager.UpdateRunSettingsIfRequired: Default architecture: X64 IsDefaultTargetArchitecture: True, Current process architecture: X64 OperatingSystem: Windows.
TpTrace Information: 0 : 15592, 12, 2023/05/29, 18:55:07.407, 5807822619255, vstest.console.exe, AssemblyMetadataProvider.GetArchitecture: Determined architecture:AnyCPU info for assembly: C:\Projetos\Bank\Bank.UnitTests\bin\Debug\net6.0\Bank.UnitTests.dll
TpTrace Information: 0 : 15592, 12, 2023/05/29, 18:55:07.407, 5807822619743, vstest.console.exe, Determined platform for source 'C:\Projetos\Bank\Bank.UnitTests\bin\Debug\net6.0\Bank.UnitTests.dll' was AnyCPU and it will use the default plaform X64.
TpTrace Information: 0 : 15592, 12, 2023/05/29, 18:55:07.407, 5807822620062, vstest.console.exe, None of the sources provided any runnable platform, using the default platform: X64
TpTrace Verbose: 0 : 15592, 10, 2023/05/29, 18:55:07.407, 5807822620448, vstest.console.exe, MulticastDelegateUtilities.SafeInvoke: TestRun.TestRunComplete: Invoking callback 1/1 for Microsoft.VisualStudio.TestPlatform.CommandLine.TestRunResultAggregator., took 0 ms.
TpTrace Information: 0 : 15592, 12, 2023/05/29, 18:55:07.407, 5807822620721, vstest.console.exe, Platform was updated to 'X64'.
TpTrace Information: 0 : 15592, 10, 2023/05/29, 18:55:07.407, 5807822621215, vstest.console.exe, TestRunRequest:TestRunComplete: Completed.
TpTrace Information: 0 : 15592, 12, 2023/05/29, 18:55:07.407, 5807822623151, vstest.console.exe, InferRunSettingsHelper.IsTestSettingsEnabled: Unable to navigate to RunSettings/MSTest. Current node: RunSettings
TpTrace Verbose: 0 : 15592, 10, 2023/05/29, 18:55:07.407, 5807822623799, vstest.console.exe, TestRequestSender.SetOperationComplete: Setting operation complete.
TpTrace Information: 0 : 15592, 10, 2023/05/29, 18:55:07.407, 5807822624622, vstest.console.exe, SocketServer.Stop: Stop server endPoint: 127.0.0.1:57392
TpTrace Information: 0 : 15592, 10, 2023/05/29, 18:55:07.408, 5807822625146, vstest.console.exe, SocketServer.Stop: Cancellation requested. Stopping message loop.
TpTrace Verbose: 0 : 15592, 10, 2023/05/29, 18:55:07.408, 5807822625555, vstest.console.exe, MulticastDelegateUtilities.SafeInvoke: LengthPrefixCommunicationChannel: MessageReceived: Invoking callback 1/1 for Microsoft.VisualStudio.TestPlatform.CommunicationUtilities.TestRequestSender+<>c__DisplayClass35_0., took 108 ms.
TpTrace Information: 0 : 15592, 12, 2023/05/29, 18:55:07.408, 5807822627994, vstest.console.exe, AssemblyResolver.OnResolve: Microsoft.VisualStudio.TestPlatform.Fakes, Version=17.0.0.0, Culture=neutral: Resolving assembly.
TpTrace Information: 0 : 15592, 12, 2023/05/29, 18:55:07.408, 5807822628555, vstest.console.exe, AssemblyResolver.OnResolve: Microsoft.VisualStudio.TestPlatform.Fakes, Version=17.0.0.0, Culture=neutral: Resolved from cache.
TpTrace Information: 0 : 15592, 12, 2023/05/29, 18:55:07.408, 5807822630462, vstest.console.exe, Failed to load assembly Microsoft.VisualStudio.TestPlatform.Fakes, Version=17.0.0.0, Culture=neutral. Reason:System.IO.FileNotFoundException: Não foi possível carregar arquivo ou assembly 'Microsoft.VisualStudio.TestPlatform.Fakes, Version=17.0.0.0, Culture=neutral' ou uma de suas dependências. O sistema não pode encontrar o arquivo especificado.
File name: 'Microsoft.VisualStudio.TestPlatform.Fakes, Version=17.0.0.0, Culture=neutral'
   at System.Reflection.RuntimeAssembly._nLoad(AssemblyName fileName, String codeBase, Evidence assemblySecurity, RuntimeAssembly locationHint, StackCrawlMark& stackMark, IntPtr pPrivHostBinder, Boolean throwOnFileNotFound, Boolean forIntrospection, Boolean suppressSecurityChecks)
   at System.Reflection.RuntimeAssembly.InternalLoadAssemblyName(AssemblyName assemblyRef, Evidence assemblySecurity, RuntimeAssembly reqAssembly, StackCrawlMark& stackMark, IntPtr pPrivHostBinder, Boolean throwOnFileNotFound, Boolean forIntrospection, Boolean suppressSecurityChecks)
   at System.Reflection.Assembly.Load(AssemblyName assemblyRef)
   at Microsoft.VisualStudio.TestPlatform.Common.Utilities.FakesUtilities.LoadTestPlatformAssembly()

AVI: o log de associações de assembly está desativado.
Para ativar o log de  falhas de assembly, defina o valor do Registro [HKLM\Software\Microsoft\Fusion!EnableLog] (DWORD) como 1.
Observação: há alguma penalidade para o desempenho associada ao log de falha de associação de assembly.
Para desativar esse recurso, remova o valor do Registro [HKLM\Software\Microsoft\Fusion!EnableLog].

TpTrace Information: 0 : 15592, 10, 2023/05/29, 18:55:07.408, 5807822631393, vstest.console.exe, SocketServer.PrivateStop: Stopping server endPoint: 127.0.0.1:57392 error: 
TpTrace Verbose: 0 : 15592, 10, 2023/05/29, 18:55:07.409, 5807822635537, vstest.console.exe, LengthPrefixCommunicationChannel.Dispose: Dispose reader and writer.
TpTrace Information: 0 : 15592, 10, 2023/05/29, 18:55:07.409, 5807822636036, vstest.console.exe, SocketServer.Stop: Raise disconnected event endPoint: 127.0.0.1:57392 error: 
TpTrace Verbose: 0 : 15592, 7, 2023/05/29, 18:55:07.409, 5807822636310, vstest.console.exe, TestRunRequest.Dispose: Starting.
TpTrace Information: 0 : 15592, 7, 2023/05/29, 18:55:07.409, 5807822637142, vstest.console.exe, TestRunRequest.Dispose: Completed.
TpTrace Information: 0 : 15592, 7, 2023/05/29, 18:55:07.409, 5807822637457, vstest.console.exe, TestRequestManager.RunTests: run tests completed.
TpTrace Verbose: 0 : 15592, 10, 2023/05/29, 18:55:07.410, 5807822648751, vstest.console.exe, TestRequestSender: OnTestRunAbort: Operation is already complete. Skip error message.
TpTrace Verbose: 0 : 15592, 10, 2023/05/29, 18:55:07.410, 5807822649362, vstest.console.exe, MulticastDelegateUtilities.SafeInvoke: SocketServer: ClientDisconnected: Invoking callback 1/1 for Microsoft.VisualStudio.TestPlatform.CommunicationUtilities.TestRequestSender., took 1 ms.
TpTrace Verbose: 0 : 15592, 10, 2023/05/29, 18:55:07.410, 5807822649801, vstest.console.exe, TcpClientExtensions.MessageLoopAsync: exiting MessageLoopAsync remoteEndPoint: 127.0.0.1:57395 localEndPoint: 127.0.0.1:57392
TpTrace Verbose: 0 : 15592, 12, 2023/05/29, 18:55:07.410, 5807822650995, vstest.console.exe, TestEngine: Initializing Parallel Execution as MaxCpuCount is set to: 1
TpTrace Information: 0 : 15592, 12, 2023/05/29, 18:55:07.411, 5807822654919, vstest.console.exe, InferRunSettingsHelper.IsTestSettingsEnabled: Unable to navigate to RunSettings/MSTest. Current node: RunSettings
TpTrace Verbose: 0 : 15592, 12, 2023/05/29, 18:55:07.411, 5807822658344, vstest.console.exe, TestEngine.GetExecutionManager: Chosen execution manager 'Microsoft.VisualStudio.TestPlatform.CrossPlatEngine.Client.Parallel.ParallelProxyExecutionManager, Microsoft.TestPlatform.CrossPlatEngine, Version=15.0.0.0, Culture=neutral, PublicKeyToken=b03f5f7f11d50a3a' ParallelLevel '1'.
TpTrace Verbose: 0 : 15592, 12, 2023/05/29, 18:55:07.411, 5807822658868, vstest.console.exe, TestRunRequest.ExecuteAsync: Creating test run request.
TpTrace Verbose: 0 : 15592, 12, 2023/05/29, 18:55:07.411, 5807822659429, vstest.console.exe, TestRunRequest.ExecuteAsync: Starting.
TpTrace Information: 0 : 15592, 12, 2023/05/29, 18:55:07.411, 5807822660094, vstest.console.exe, TestRunRequest.ExecuteAsync: Starting run with settings:TestRunCriteria:
   KeepAlive=False,FrequencyOfRunStatsChangeEvent=10,RunStatsChangeEventTimeout=00:00:01.5000000,TestCaseFilter=,TestExecutorLauncher=Microsoft.VisualStudio.TestPlatform.Client.DesignMode.DesignModeTestHostLauncher
   Settingsxml=<RunSettings>
  <RunConfiguration>
    <CollectSourceInformation>false</CollectSourceInformation>
    <MaxCpuCount>1</MaxCpuCount>
    <TestSessionTimeout>6680</TestSessionTimeout>
    <DesignMode>false</DesignMode>
    <TargetFrameworkVersion>.NETCoreApp,Version=v6.0</TargetFrameworkVersion>
    <TargetPlatform>X64</TargetPlatform>
  </RunConfiguration>
  <InProcDataCollectionRunSettings>
    <InProcDataCollectors>
      <InProcDataCollector friendlyName="StrykerCoverage" uri="https://stryker-mutator.io/" codebase="C:\Users\1511 MXTI\.nuget\packages\dotnet-stryker\3.9.0\tools\net6.0\any\Stryker.DataCollector.dll" assemblyQualifiedName="Stryker.DataCollector.CoverageCollector, Stryker.DataCollector, Version=1.0.0.0, Culture=neutral, PublicKeyToken=null">
        <Configuration>
          <Parameters>
            <Mutant id="2" tests="7c80fa14-4b5e-688b-30c4-22317d77de66" />
            <MutantControl name="Stryker0Xrvs6ez4CmThoK.MutantControl" />
          </Parameters>
        </Configuration>
      </InProcDataCollector>
    </InProcDataCollectors>
  </InProcDataCollectionRunSettings>
  <LoggerRunSettings>
    <Loggers>
      <Logger friendlyName="Console" uri="logger://microsoft/TestPlatform/ConsoleLogger/v1" assemblyQualifiedName="Microsoft.VisualStudio.TestPlatform.CommandLine.Internal.ConsoleLogger, vstest.console, Version=15.0.0.0, Culture=neutral, PublicKeyToken=b03f5f7f11d50a3a" codeBase="C:\Users\1511 MXTI\AppData\Local\Temp\bixzjozn.d4j\.vstest\tools\net462\vstest.console.exe" enabled="True" />
    </Loggers>
  </LoggerRunSettings>
</RunSettings>

TpTrace Verbose: 0 : 15592, 12, 2023/05/29, 18:55:07.411, 5807822660641, vstest.console.exe, TestRunRequest.ExecuteAsync: Wait for the first run request is over.
TpTrace Verbose: 0 : 15592, 12, 2023/05/29, 18:55:07.416, 5807822713344, vstest.console.exe, TestRunRequest.ExecuteAsync: TestSessionTimeout is 6680 milliseconds.
TpTrace Verbose: 0 : 15592, 12, 2023/05/29, 18:55:07.416, 5807822714031, vstest.console.exe, MulticastDelegateUtilities.SafeInvoke: TestRun.TestRunStart: Invoking callbacks was skipped because there are no subscribers.
TpTrace Verbose: 0 : 15592, 13, 2023/05/29, 18:55:07.417, 5807822715746, vstest.console.exe, MulticastDelegateUtilities.SafeInvoke: InternalTestLoggerEvents.SendTestRunStart: Invoking callback 1/1 for Microsoft.VisualStudio.TestPlatform.CommandLine.Internal.ConsoleLogger., took 0 ms.
TpTrace Verbose: 0 : 15592, 12, 2023/05/29, 18:55:07.417, 5807822715986, vstest.console.exe, ParallelProxyExecutionManager: Start execution. Total sources: 1
TpTrace Verbose: 0 : 15592, 12, 2023/05/29, 18:55:07.417, 5807822719933, vstest.console.exe, TestRequestSender is acting as server.
TpTrace Verbose: 0 : 15592, 12, 2023/05/29, 18:55:07.417, 5807822720476, vstest.console.exe, ProxyParallelExecutionManager: No sources available for execution.
TpTrace Information: 0 : 15592, 12, 2023/05/29, 18:55:07.417, 5807822720785, vstest.console.exe, TestRunRequest.ExecuteAsync: Started.
TpTrace Verbose: 0 : 15592, 12, 2023/05/29, 18:55:07.417, 5807822721282, vstest.console.exe, TestRunRequest.WaitForCompletion: Waiting with timeout -1.
TpTrace Verbose: 0 : 15592, 7, 2023/05/29, 18:55:07.417, 5807822721280, vstest.console.exe, ParallelProxyExecutionManager: Execution started. Started clients: 1
TpTrace Verbose: 0 : 15592, 7, 2023/05/29, 18:55:07.417, 5807822722262, vstest.console.exe, ProxyExecutionManager: Test host is always Lazy initialize.
TpTrace Verbose: 0 : 15592, 7, 2023/05/29, 18:55:07.417, 5807822722795, vstest.console.exe, TestRequestSender.InitializeCommunication: initialize communication. 
TpTrace Information: 0 : 15592, 7, 2023/05/29, 18:55:07.418, 5807822724938, vstest.console.exe, SocketServer.Start: Listening on endpoint : 127.0.0.1:57396
TpTrace Verbose: 0 : 15592, 7, 2023/05/29, 18:55:07.418, 5807822727432, vstest.console.exe, DotnetTestHostmanager.GetTestHostProcessStartInfo: Platform environment 'X64' target architecture 'X64' framework '.NETCoreApp,Version=v6.0' OS 'Windows'
TpTrace Verbose: 0 : 15592, 7, 2023/05/29, 18:55:07.418, 5807822729397, vstest.console.exe, DotnetTestHostmanager: Adding  --runtimeconfig "C:\Projetos\Bank\Bank.UnitTests\bin\Debug\net6.0\Bank.UnitTests.runtimeconfig.json" in args
TpTrace Verbose: 0 : 15592, 7, 2023/05/29, 18:55:07.418, 5807822730189, vstest.console.exe, DotnetTestHostmanager: Adding  --depsfile "C:\Projetos\Bank\Bank.UnitTests\bin\Debug\net6.0\Bank.UnitTests.deps.json" in args
TpTrace Verbose: 0 : 15592, 7, 2023/05/29, 18:55:07.418, 5807822730967, vstest.console.exe, DotnetTestHostmanager.IsWinOnArm: Current PROCESSOR_ARCHITECTURE from environment variable 'AMD64'
TpTrace Verbose: 0 : 15592, 7, 2023/05/29, 18:55:07.418, 5807822731361, vstest.console.exe, DotnetTestHostmanager.IsWinOnArm: Is Windows on ARM 'False'
TpTrace Verbose: 0 : 15592, 7, 2023/05/29, 18:55:07.418, 5807822732055, vstest.console.exe, DotnetTestHostManager: testhost.exe found at path: C:\Projetos\Bank\Bank.UnitTests\bin\Debug\net6.0\testhost.exe
TpTrace Verbose: 0 : 15592, 7, 2023/05/29, 18:55:07.418, 5807822732388, vstest.console.exe, DotnetTestHostmanager: Full path of host exe is C:\Projetos\Bank\Bank.UnitTests\bin\Debug\net6.0\testhost.exe
TpTrace Verbose: 0 : 15592, 7, 2023/05/29, 18:55:07.418, 5807822732896, vstest.console.exe, DotnetTestHostmanager.LaunchTestHostAsync: Prefix 'VSTEST_WINAPPHOST_*' not found in env variables
TpTrace Information: 0 : 15592, 1, 2023/05/29, 18:55:08.083, 5807829378413, vstest.console.exe, DesignModeClient.ProcessRequests: Processing Message: (TestExecution.CustomTestHostLaunchCallback) -> {"Version":7,"MessageType":"TestExecution.CustomTestHostLaunchCallback","Payload":{"HostProcessId":12824,"ErrorMessage":null}}
TpTrace Verbose: 0 : 15592, 7, 2023/05/29, 18:55:08.112, 5807829662722, vstest.console.exe, Test Runtime launched
TpTrace Verbose: 0 : 15592, 7, 2023/05/29, 18:55:08.112, 5807829664122, vstest.console.exe, MulticastDelegateUtilities.SafeInvoke: HostProviderEvents.OnHostLaunched: Invoking callback 1/1 for Microsoft.VisualStudio.TestPlatform.CrossPlatEngine.Client.ProxyOperationManager., took 0 ms.
TpTrace Verbose: 0 : 15592, 7, 2023/05/29, 18:55:08.112, 5807829664879, vstest.console.exe, TestRequestSender.WaitForRequestHandlerConnection: waiting for connection with timeout: 90000.
TpTrace Verbose: 0 : 15592, 10, 2023/05/29, 18:55:08.208, 5807830622314, vstest.console.exe, MulticastDelegateUtilities.SafeInvoke: SocketServer: ClientConnected: Invoking callback 1/1 for Microsoft.VisualStudio.TestPlatform.CommunicationUtilities.TestRequestSender., took 0 ms.
TpTrace Verbose: 0 : 15592, 10, 2023/05/29, 18:55:08.208, 5807830623648, vstest.console.exe, SocketServer.OnClientConnected: Client connected for endPoint: 127.0.0.1:57396, starting MessageLoopAsync:
TpTrace Verbose: 0 : 15592, 6, 2023/05/29, 18:55:08.208, 5807830624813, vstest.console.exe, TcpClientExtensions.MessageLoopAsync: Polling on remoteEndPoint: 127.0.0.1:57397 localEndPoint: 127.0.0.1:57396
TpTrace Verbose: 0 : 15592, 7, 2023/05/29, 18:55:08.208, 5807830622372, vstest.console.exe, TestRequestSender.WaitForRequestHandlerConnection: waiting took 95 ms, with timeout 90000 ms, and result 0, which is success.
TpTrace Verbose: 0 : 15592, 7, 2023/05/29, 18:55:08.208, 5807830627776, vstest.console.exe, TestRequestSender.CheckVersionWithTestHost: Sending check version message: {"MessageType":"ProtocolVersion","Payload":7}
TpTrace Verbose: 0 : 15592, 6, 2023/05/29, 18:55:08.337, 5807831918587, vstest.console.exe, TcpClientExtensions.MessageLoopAsync: NotifyDataAvailable remoteEndPoint: 127.0.0.1:57397 localEndPoint: 127.0.0.1:57396
TpTrace Verbose: 0 : 15592, 6, 2023/05/29, 18:55:08.338, 5807831920414, vstest.console.exe, TestRequestSender.CheckVersionWithTestHost: onMessageReceived received message: (ProtocolVersion) -> {"MessageType":"ProtocolVersion","Payload":5}
TpTrace Verbose: 0 : 15592, 6, 2023/05/29, 18:55:08.338, 5807831921387, vstest.console.exe, MulticastDelegateUtilities.SafeInvoke: LengthPrefixCommunicationChannel: MessageReceived: Invoking callback 1/1 for Microsoft.VisualStudio.TestPlatform.CommunicationUtilities.TestRequestSender+<>c__DisplayClass29_0., took 0 ms.
TpTrace Verbose: 0 : 15592, 6, 2023/05/29, 18:55:08.338, 5807831921772, vstest.console.exe, TcpClientExtensions.MessageLoopAsync: Polling on remoteEndPoint: 127.0.0.1:57397 localEndPoint: 127.0.0.1:57396
TpTrace Verbose: 0 : 15592, 7, 2023/05/29, 18:55:08.338, 5807831921741, vstest.console.exe, TestPluginCache.GetExtensionPaths: Filtered extension paths: 
TpTrace Verbose: 0 : 15592, 7, 2023/05/29, 18:55:08.338, 5807831922785, vstest.console.exe, TestPluginCache.GetExtensionPaths: Added default extension paths: C:\Users\1511 MXTI\AppData\Local\Temp\bixzjozn.d4j\.vstest\tools\net462\Extensions\Microsoft.TestPlatform.Extensions.BlameDataCollector.dll
C:\Users\1511 MXTI\AppData\Local\Temp\bixzjozn.d4j\.vstest\tools\net462\Extensions\Microsoft.TestPlatform.TestHostRuntimeProvider.dll
C:\Users\1511 MXTI\AppData\Local\Temp\bixzjozn.d4j\.vstest\tools\net462\Extensions\Microsoft.VisualStudio.TestPlatform.Extensions.Html.TestLogger.dll
C:\Users\1511 MXTI\AppData\Local\Temp\bixzjozn.d4j\.vstest\tools\net462\Extensions\Microsoft.VisualStudio.TestPlatform.Extensions.Trx.TestLogger.dll
TpTrace Verbose: 0 : 15592, 7, 2023/05/29, 18:55:08.338, 5807831923154, vstest.console.exe, TestPluginCache.GetExtensionPaths: Added unfilterableExtensionPaths: 
TpTrace Verbose: 0 : 15592, 7, 2023/05/29, 18:55:08.338, 5807831927945, vstest.console.exe, TestRequestSender.InitializeExecution: Sending initialize execution with message: {"Version":5,"MessageType":"TestExecution.Initialize","Payload":["C:\\Projetos\\Bank\\Bank.UnitTests\\bin\\Debug\\net6.0\\Microsoft.VisualStudio.TestPlatform.MSTest.TestAdapter.dll"]}
TpTrace Warning: 0 : 15592, 7, 2023/05/29, 18:55:08.339, 5807831929643, vstest.console.exe, InferRunSettingsHelper.MakeRunsettingsCompatible: Removing the following settings: TargetPlatform from RunSettings file. To use those settings please move to latest version of Microsoft.NET.Test.Sdk
TpTrace Verbose: 0 : 15592, 7, 2023/05/29, 18:55:08.339, 5807831931918, vstest.console.exe, TestRequestSender.StartTestRun: Sending test run with message: {"Version":5,"MessageType":"TestExecution.StartWithTests","Payload":{"Tests":[{"Id":"7c80fa14-4b5e-688b-30c4-22317d77de66","FullyQualifiedName":"Bank.UnitTests.BankAccountTest.Debit_WithValidAmount_UpdatesBalance","DisplayName":"Debit_WithValidAmount_UpdatesBalance","ExecutorUri":"executor://MSTestAdapter/v2","Source":"C:\\Projetos\\Bank\\Bank.UnitTests\\bin\\Debug\\net6.0\\Bank.UnitTests.dll","CodeFilePath":"C:\\Projetos\\Bank\\Bank.UnitTests\\BankAccountTest.cs","LineNumber":11,"Properties":[{"Key":{"Id":"TestCase.ManagedType","Label":"ManagedType","Category":"","Description":"","Attributes":1,"ValueType":"System.String"},"Value":"Bank.UnitTests.BankAccountTest"},{"Key":{"Id":"TestCase.ManagedMethod","Label":"ManagedMethod","Category":"","Description":"","Attributes":1,"ValueType":"System.String"},"Value":"Debit_WithValidAmount_UpdatesBalance"},{"Key":{"Id":"MSTestDiscoverer.TestClassName","Label":"ClassName","Category":"","Description":"","Attributes":1,"ValueType":"System.String"},"Value":"Bank.UnitTests.BankAccountTest"},{"Key":{"Id":"TestCase.Hierarchy","Label":"Hierarchy","Category":"","Description":"","Attributes":2,"ValueType":"System.String[]"},"Value":["Bank.UnitTests","BankAccountTest"]},{"Key":{"Id":"TestObject.Traits","Label":"Traits","Category":"","Description":"","Attributes":5,"ValueType":"System.Collections.Generic.KeyValuePair`2[[System.String],[System.String]][]"},"Value":[]}]}],"RunSettings":"<RunSettings>\r\n  <RunConfiguration>\r\n    <CollectSourceInformation>false</CollectSourceInformation>\r\n    <MaxCpuCount>1</MaxCpuCount>\r\n    <TestSessionTimeout>6680</TestSessionTimeout>\r\n    <DesignMode>false</DesignMode>\r\n    <TargetFrameworkVersion>.NETCoreApp,Version=v6.0</TargetFrameworkVersion>\r\n  </RunConfiguration>\r\n  <InProcDataCollectionRunSettings>\r\n    <InProcDataCollectors>\r\n      <InProcDataCollector friendlyName=\"StrykerCoverage\" uri=\"https://stryker-mutator.io/\" codebase=\"C:\\Users\\1511 MXTI\\.nuget\\packages\\dotnet-stryker\\3.9.0\\tools\\net6.0\\any\\Stryker.DataCollector.dll\" assemblyQualifiedName=\"Stryker.DataCollector.CoverageCollector, Stryker.DataCollector, Version=1.0.0.0, Culture=neutral, PublicKeyToken=null\">\r\n        <Configuration>\r\n          <Parameters>\r\n            <Mutant id=\"2\" tests=\"7c80fa14-4b5e-688b-30c4-22317d77de66\" />\r\n            <MutantControl name=\"Stryker0Xrvs6ez4CmThoK.MutantControl\" />\r\n          </Parameters>\r\n        </Configuration>\r\n      </InProcDataCollector>\r\n    </InProcDataCollectors>\r\n  </InProcDataCollectionRunSettings>\r\n  <LoggerRunSettings>\r\n    <Loggers>\r\n      <Logger friendlyName=\"Console\" uri=\"logger://microsoft/TestPlatform/ConsoleLogger/v1\" assemblyQualifiedName=\"Microsoft.VisualStudio.TestPlatform.CommandLine.Internal.ConsoleLogger, vstest.console, Version=15.0.0.0, Culture=neutral, PublicKeyToken=b03f5f7f11d50a3a\" codeBase=\"C:\\Users\\1511 MXTI\\AppData\\Local\\Temp\\bixzjozn.d4j\\.vstest\\tools\\net462\\vstest.console.exe\" enabled=\"True\" />\r\n    </Loggers>\r\n  </LoggerRunSettings>\r\n</RunSettings>","TestExecutionContext":{"FrequencyOfRunStatsChangeEvent":10,"RunStatsChangeEventTimeout":"00:00:01.5000000","InIsolation":false,"KeepAlive":false,"AreTestCaseLevelEventsRequired":false,"IsDebug":false,"TestCaseFilter":null,"FilterOptions":null},"Package":null}}
TpTrace Verbose: 0 : 15592, 6, 2023/05/29, 18:55:08.347, 5807832009482, vstest.console.exe, TcpClientExtensions.MessageLoopAsync: NotifyDataAvailable remoteEndPoint: 127.0.0.1:57397 localEndPoint: 127.0.0.1:57396
TpTrace Verbose: 0 : 15592, 6, 2023/05/29, 18:55:08.347, 5807832011742, vstest.console.exe, TestRequestSender.OnExecutionMessageReceived: Received message: {"Version":5,"MessageType":"TestSession.Message","Payload":{"MessageLevel":0,"Message":"Logging TestHost Diagnostics in file: C:\\Projetos\\Bank\\Bank.UnitTests\\StrykerOutput\\2023-05-29.18-54-42\\logs\\Runner 3_VsTest-log.host.23-05-29_18-55-07_41862_7.txt"}}
TpTrace Verbose: 0 : 15592, 6, 2023/05/29, 18:55:08.347, 5807832012913, vstest.console.exe, MulticastDelegateUtilities.SafeInvoke: TestRunRequest.RawMessageReceived: Invoking callback 1/1 for Microsoft.VisualStudio.TestPlatform.Client.DesignMode.DesignModeTestEventsRegistrar., took 0 ms.
TpTrace Verbose: 0 : 15592, 6, 2023/05/29, 18:55:08.347, 5807832014023, vstest.console.exe, TestRunRequest:SendTestRunMessage: Starting.
TpTrace Verbose: 0 : 15592, 6, 2023/05/29, 18:55:08.347, 5807832014906, vstest.console.exe, MulticastDelegateUtilities.SafeInvoke: TestRun.LogMessages: Invoking callback 1/1 for Microsoft.VisualStudio.TestPlatform.CommandLine.TestRunResultAggregator., took 0 ms.
TpTrace Information: 0 : 15592, 6, 2023/05/29, 18:55:08.347, 5807832015620, vstest.console.exe, TestRunRequest:SendTestRunMessage: Completed.
TpTrace Verbose: 0 : 15592, 6, 2023/05/29, 18:55:08.347, 5807832016438, vstest.console.exe, MulticastDelegateUtilities.SafeInvoke: LengthPrefixCommunicationChannel: MessageReceived: Invoking callback 1/1 for Microsoft.VisualStudio.TestPlatform.CommunicationUtilities.TestRequestSender+<>c__DisplayClass35_0., took 0 ms.
TpTrace Verbose: 0 : 15592, 13, 2023/05/29, 18:55:08.347, 5807832017050, vstest.console.exe, MulticastDelegateUtilities.SafeInvoke: InternalTestLoggerEvents.SendTestRunMessage: Invoking callback 1/1 for Microsoft.VisualStudio.TestPlatform.CommandLine.Internal.ConsoleLogger., took 0 ms.
TpTrace Verbose: 0 : 15592, 6, 2023/05/29, 18:55:08.347, 5807832017139, vstest.console.exe, TcpClientExtensions.MessageLoopAsync: Polling on remoteEndPoint: 127.0.0.1:57397 localEndPoint: 127.0.0.1:57396
TpTrace Verbose: 0 : 15592, 6, 2023/05/29, 18:55:08.785, 5807836392602, vstest.console.exe, TcpClientExtensions.MessageLoopAsync: NotifyDataAvailable remoteEndPoint: 127.0.0.1:57397 localEndPoint: 127.0.0.1:57396
TpTrace Verbose: 0 : 15592, 6, 2023/05/29, 18:55:08.785, 5807836394199, vstest.console.exe, TestRequestSender.OnExecutionMessageReceived: Received message: {"Version":5,"MessageType":"TestExecution.Completed","Payload":{"TestRunCompleteArgs":{"TestRunStatistics":{"ExecutedTests":1,"Stats":{"Failed":1}},"IsCanceled":false,"IsAborted":false,"Error":null,"AttachmentSets":[],"ElapsedTimeInRunningTests":"00:00:00.0975147","Metrics":{}},"LastRunTests":{"NewTestResults":[{"TestCase":{"Id":"7c80fa14-4b5e-688b-30c4-22317d77de66","FullyQualifiedName":"Bank.UnitTests.BankAccountTest.Debit_WithValidAmount_UpdatesBalance","DisplayName":"Debit_WithValidAmount_UpdatesBalance","ExecutorUri":"executor://MSTestAdapter/v2","Source":"C:\\Projetos\\Bank\\Bank.UnitTests\\bin\\Debug\\net6.0\\Bank.UnitTests.dll","CodeFilePath":"C:\\Projetos\\Bank\\Bank.UnitTests\\BankAccountTest.cs","LineNumber":11,"Properties":[{"Key":{"Id":"TestCase.ManagedType","Label":"ManagedType","Category":"","Description":"","Attributes":1,"ValueType":"System.String"},"Value":"Bank.UnitTests.BankAccountTest"},{"Key":{"Id":"TestCase.ManagedMethod","Label":"ManagedMethod","Category":"","Description":"","Attributes":1,"ValueType":"System.String"},"Value":"Debit_WithValidAmount_UpdatesBalance"},{"Key":{"Id":"MSTestDiscoverer.TestClassName","Label":"ClassName","Category":"","Description":"","Attributes":1,"ValueType":"System.String"},"Value":"Bank.UnitTests.BankAccountTest"},{"Key":{"Id":"TestCase.Hierarchy","Label":"Hierarchy","Category":"","Description":"","Attributes":2,"ValueType":"System.String[]"},"Value":["Bank.UnitTests","BankAccountTest"]},{"Key":{"Id":"TestObject.Traits","Label":"Traits","Category":"","Description":"","Attributes":5,"ValueType":"System.Collections.Generic.KeyValuePair`2[[System.String],[System.String]][]"},"Value":[]}]},"Attachments":[],"Outcome":2,"ErrorMessage":"Assert.AreEqual failed. Expected a difference no greater than <0,001> between expected value <7,44> and actual value <0>. Account not debited correctly","ErrorStackTrace":"   at Bank.UnitTests.BankAccountTest.Debit_WithValidAmount_UpdatesBalance() in C:\\Projetos\\Bank\\Bank.UnitTests\\BankAccountTest.cs:line 23\r\n","DisplayName":"Debit_WithValidAmount_UpdatesBalance","Messages":[],"ComputerName":null,"Duration":"00:00:00.0208387","StartTime":"2023-05-29T18:55:08.690758-03:00","EndTime":"2023-05-29T18:55:08.7379568-03:00","Properties":[{"Key":{"Id":"ExecutionId","Label":"ExecutionId","Category":"","Description":"","Attributes":1,"ValueType":"System.Guid"},"Value":"00000000-0000-0000-0000-000000000000"},{"Key":{"Id":"ParentExecId","Label":"ParentExecId","Category":"","Description":"","Attributes":1,"ValueType":"System.Guid"},"Value":"00000000-0000-0000-0000-000000000000"},{"Key":{"Id":"InnerResultsCount","Label":"InnerResultsCount","Category":"","Description":"","Attributes":1,"ValueType":"System.Int32"},"Value":0}]}],"TestRunStatistics":{"ExecutedTests":1,"Stats":{"Failed":1}},"ActiveTests":[]},"RunAttachments":[],"ExecutorUris":["executor://mstestadapter/v2"]}}
TpTrace Verbose: 0 : 15592, 6, 2023/05/29, 18:55:08.785, 5807836394917, vstest.console.exe, TestRequestSender.EndSession: Sending end session.
TpTrace Verbose: 0 : 15592, 6, 2023/05/29, 18:55:08.785, 5807836395901, vstest.console.exe, ProxyOperationManager.Close: waiting for test host to exit for 100 ms
TpTrace Verbose: 0 : 15592, 4, 2023/05/29, 18:55:08.804, 5807836588126, vstest.console.exe, TestHostProvider.ExitCallBack: Host exited starting callback.
TpTrace Information: 0 : 15592, 4, 2023/05/29, 18:55:08.805, 5807836589446, vstest.console.exe, TestHostManagerCallbacks.ExitCallBack: Testhost processId: 12824 exited with exitcode: 0 error: ''
TpTrace Verbose: 0 : 15592, 4, 2023/05/29, 18:55:08.805, 5807836589826, vstest.console.exe, DotnetTestHostManager.OnHostExited: invoking OnHostExited callback
TpTrace Verbose: 0 : 15592, 4, 2023/05/29, 18:55:08.805, 5807836590263, vstest.console.exe, CrossPlatEngine.TestHostManagerHostExited: calling on client process exit callback.
TpTrace Information: 0 : 15592, 4, 2023/05/29, 18:55:08.805, 5807836590723, vstest.console.exe, TestRequestSender.OnClientProcessExit: Test host process exited. Standard error: 
TpTrace Information: 0 : 15592, 4, 2023/05/29, 18:55:08.805, 5807836591060, vstest.console.exe, SocketServer.Stop: Stop server endPoint: 127.0.0.1:57396
TpTrace Information: 0 : 15592, 6, 2023/05/29, 18:55:08.805, 5807836591175, vstest.console.exe, SocketServer.Stop: Stop server endPoint: 127.0.0.1:57396
TpTrace Information: 0 : 15592, 6, 2023/05/29, 18:55:08.805, 5807836591837, vstest.console.exe, SocketServer.Stop: Cancellation requested. Stopping message loop.
TpTrace Information: 0 : 15592, 6, 2023/05/29, 18:55:08.805, 5807836592174, vstest.console.exe, Closing the connection
TpTrace Information: 0 : 15592, 4, 2023/05/29, 18:55:08.805, 5807836591324, vstest.console.exe, SocketServer.Stop: Cancellation requested. Stopping message loop.
TpTrace Verbose: 0 : 15592, 4, 2023/05/29, 18:55:08.805, 5807836594273, vstest.console.exe, MulticastDelegateUtilities.SafeInvoke: HostProviderEvents.OnHostExited: Invoking callback 1/1 for Microsoft.VisualStudio.TestPlatform.CrossPlatEngine.Client.ProxyOperationManager., took 0 ms.
TpTrace Verbose: 0 : 15592, 6, 2023/05/29, 18:55:08.805, 5807836597685, vstest.console.exe, MulticastDelegateUtilities.SafeInvoke: TestRunRequest.RawMessageReceived: Invoking callback 1/1 for Microsoft.VisualStudio.TestPlatform.Client.DesignMode.DesignModeTestEventsRegistrar., took 0 ms.
TpTrace Verbose: 0 : 15592, 6, 2023/05/29, 18:55:08.805, 5807836598200, vstest.console.exe, TestRunRequest:SendTestRunStatsChange: Starting.
TpTrace Verbose: 0 : 15592, 6, 2023/05/29, 18:55:08.805, 5807836598629, vstest.console.exe, MulticastDelegateUtilities.SafeInvoke: TestRun.RunStatsChanged: Invoking callbacks was skipped because there are no subscribers.
TpTrace Information: 0 : 15592, 6, 2023/05/29, 18:55:08.806, 5807836599189, vstest.console.exe, TestRunRequest:SendTestRunStatsChange: Completed.
TpTrace Verbose: 0 : 15592, 6, 2023/05/29, 18:55:08.806, 5807836599580, vstest.console.exe, ParallelProxyExecutionManager: HandlePartialRunComplete: Total completed clients = 1, Run complete = True, Run canceled: False.
TpTrace Verbose: 0 : 15592, 13, 2023/05/29, 18:55:08.808, 5807836620183, vstest.console.exe, MulticastDelegateUtilities.SafeInvoke: InternalTestLoggerEvents.SendTestResult: Invoking callback 1/1 for Microsoft.VisualStudio.TestPlatform.CommandLine.Internal.ConsoleLogger., took 2 ms.
TpTrace Verbose: 0 : 15592, 13, 2023/05/29, 18:55:08.809, 5807836635237, vstest.console.exe, MulticastDelegateUtilities.SafeInvoke: InternalTestLoggerEvents.SendTestRunComplete: Invoking callback 1/1 for Microsoft.VisualStudio.TestPlatform.CommandLine.Internal.ConsoleLogger., took 1 ms.
TpTrace Verbose: 0 : 15592, 6, 2023/05/29, 18:55:08.809, 5807836638416, vstest.console.exe, MulticastDelegateUtilities.SafeInvoke: TestRunRequest.RawMessageReceived: Invoking callback 1/1 for Microsoft.VisualStudio.TestPlatform.Client.DesignMode.DesignModeTestEventsRegistrar., took 0 ms.
TpTrace Verbose: 0 : 15592, 6, 2023/05/29, 18:55:08.810, 5807836639521, vstest.console.exe, TestRunRequest:TestRunComplete: Starting. IsAborted:False IsCanceled:False.
TpTrace Verbose: 0 : 15592, 6, 2023/05/29, 18:55:08.810, 5807836640413, vstest.console.exe, TestLoggerManager.HandleTestRunComplete: Ignoring as the object is disposed.
TpTrace Verbose: 0 : 15592, 6, 2023/05/29, 18:55:08.810, 5807836641302, vstest.console.exe, MulticastDelegateUtilities.SafeInvoke: TestRun.TestRunComplete: Invoking callback 1/1 for Microsoft.VisualStudio.TestPlatform.CommandLine.TestRunResultAggregator., took 0 ms.
TpTrace Information: 0 : 15592, 6, 2023/05/29, 18:55:08.810, 5807836641980, vstest.console.exe, TestRunRequest:TestRunComplete: Completed.
TpTrace Verbose: 0 : 15592, 12, 2023/05/29, 18:55:08.810, 5807836642290, vstest.console.exe, TestRunRequest.Dispose: Starting.
TpTrace Information: 0 : 15592, 12, 2023/05/29, 18:55:08.810, 5807836643083, vstest.console.exe, TestRunRequest.Dispose: Completed.
TpTrace Verbose: 0 : 15592, 6, 2023/05/29, 18:55:08.810, 5807836642496, vstest.console.exe, TestRequestSender.SetOperationComplete: Setting operation complete.
TpTrace Information: 0 : 15592, 6, 2023/05/29, 18:55:08.810, 5807836643747, vstest.console.exe, SocketServer.Stop: Stop server endPoint: 127.0.0.1:57396
TpTrace Information: 0 : 15592, 6, 2023/05/29, 18:55:08.810, 5807836644040, vstest.console.exe, SocketServer.Stop: Cancellation requested. Stopping message loop.
TpTrace Verbose: 0 : 15592, 6, 2023/05/29, 18:55:08.810, 5807836644354, vstest.console.exe, MulticastDelegateUtilities.SafeInvoke: LengthPrefixCommunicationChannel: MessageReceived: Invoking callback 1/1 for Microsoft.VisualStudio.TestPlatform.CommunicationUtilities.TestRequestSender+<>c__DisplayClass35_0., took 25 ms.
TpTrace Information: 0 : 15592, 6, 2023/05/29, 18:55:08.810, 5807836644701, vstest.console.exe, SocketServer.PrivateStop: Stopping server endPoint: 127.0.0.1:57396 error: 
TpTrace Verbose: 0 : 15592, 6, 2023/05/29, 18:55:08.810, 5807836645954, vstest.console.exe, LengthPrefixCommunicationChannel.Dispose: Dispose reader and writer.
TpTrace Information: 0 : 15592, 6, 2023/05/29, 18:55:08.810, 5807836646373, vstest.console.exe, SocketServer.Stop: Raise disconnected event endPoint: 127.0.0.1:57396 error: 
TpTrace Verbose: 0 : 15592, 6, 2023/05/29, 18:55:08.810, 5807836646872, vstest.console.exe, TestRequestSender: OnTestRunAbort: Operation is already complete. Skip error message.
TpTrace Verbose: 0 : 15592, 6, 2023/05/29, 18:55:08.810, 5807836647222, vstest.console.exe, MulticastDelegateUtilities.SafeInvoke: SocketServer: ClientDisconnected: Invoking callback 1/1 for Microsoft.VisualStudio.TestPlatform.CommunicationUtilities.TestRequestSender., took 0 ms.
TpTrace Verbose: 0 : 15592, 6, 2023/05/29, 18:55:08.810, 5807836647522, vstest.console.exe, TcpClientExtensions.MessageLoopAsync: exiting MessageLoopAsync remoteEndPoint: 127.0.0.1:57397 localEndPoint: 127.0.0.1:57396
TpTrace Information: 0 : 15592, 12, 2023/05/29, 18:55:08.810, 5807836643462, vstest.console.exe, TestRequestManager.RunTests: run tests completed.
TpTrace Information: 0 : 15592, 1, 2023/05/29, 18:55:08.822, 5807836762476, vstest.console.exe, DesignModeClient.ProcessRequests: Processing Message: (TestExecution.GetTestRunnerProcessStartInfoForRunSelected) -> {"Version":7,"MessageType":"TestExecution.GetTestRunnerProcessStartInfoForRunSelected","Payload":{"Sources":null,"TestCases":[{"Id":"7c80fa14-4b5e-688b-30c4-22317d77de66","FullyQualifiedName":"Bank.UnitTests.BankAccountTest.Debit_WithValidAmount_UpdatesBalance","DisplayName":"Debit_WithValidAmount_UpdatesBalance","ExecutorUri":"executor://MSTestAdapter/v2","Source":"C:\\Projetos\\Bank\\Bank.UnitTests\\bin\\Debug\\net6.0\\Bank.UnitTests.dll","CodeFilePath":"C:\\Projetos\\Bank\\Bank.UnitTests\\BankAccountTest.cs","LineNumber":11,"Properties":[{"Key":{"Id":"TestCase.ManagedType","Label":"ManagedType","Category":"","Description":"","Attributes":1,"ValueType":"System.String"},"Value":"Bank.UnitTests.BankAccountTest"},{"Key":{"Id":"TestCase.ManagedMethod","Label":"ManagedMethod","Category":"","Description":"","Attributes":1,"ValueType":"System.String"},"Value":"Debit_WithValidAmount_UpdatesBalance"},{"Key":{"Id":"MSTestDiscoverer.TestClassName","Label":"ClassName","Category":"","Description":"","Attributes":1,"ValueType":"System.String"},"Value":"Bank.UnitTests.BankAccountTest"},{"Key":{"Id":"TestCase.Hierarchy","Label":"Hierarchy","Category":"","Description":"","Attributes":2,"ValueType":"System.String[]"},"Value":["Bank.UnitTests","BankAccountTest"]},{"Key":{"Id":"TestObject.Traits","Label":"Traits","Category":"","Description":"","Attributes":5,"ValueType":"System.Collections.Generic.KeyValuePair`2[[System.String],[System.String]][]"},"Value":[]}]}],"RunSettings":"<RunSettings>\r\n<RunConfiguration>\r\n  <CollectSourceInformation>false</CollectSourceInformation>\r\n  <MaxCpuCount>1</MaxCpuCount>\r\n<TestSessionTimeout>6680</TestSessionTimeout>\r\n\r\n<DesignMode>false</DesignMode>\r\n</RunConfiguration><InProcDataCollectionRunSettings><InProcDataCollectors><InProcDataCollector friendlyName=\"StrykerCoverage\" uri=\"https://stryker-mutator.io/\" codebase=\"C:\\Users\\1511 MXTI\\.nuget\\packages\\dotnet-stryker\\3.9.0\\tools\\net6.0\\any\\Stryker.DataCollector.dll\" assemblyQualifiedName=\"Stryker.DataCollector.CoverageCollector, Stryker.DataCollector, Version=1.0.0.0, Culture=neutral, PublicKeyToken=null\">\r\n<Configuration><Parameters><Mutant id='5' tests='7c80fa14-4b5e-688b-30c4-22317d77de66'/><MutantControl name='Stryker0Xrvs6ez4CmThoK.MutantControl'/></Parameters></Configuration></InProcDataCollector></InProcDataCollectors></InProcDataCollectionRunSettings>\r\n</RunSettings>","KeepAlive":false,"DebuggingEnabled":false,"TestPlatformOptions":{"TestCaseFilter":null,"FilterOptions":null,"CollectMetrics":false,"SkipDefaultAdapters":false},"TestSessionInfo":null}}
TpTrace Information: 0 : 15592, 11, 2023/05/29, 18:55:08.822, 5807836766367, vstest.console.exe, TestRequestManager.RunTests: run tests started.
TpTrace Information: 0 : 15592, 11, 2023/05/29, 18:55:08.823, 5807836770186, vstest.console.exe, AssemblyMetadataProvider.GetFrameworkName: Determined framework:'.NETCoreApp,Version=v6.0' for source: 'C:\Projetos\Bank\Bank.UnitTests\bin\Debug\net6.0\Bank.UnitTests.dll'
TpTrace Information: 0 : 15592, 11, 2023/05/29, 18:55:08.823, 5807836771015, vstest.console.exe, Determined framework for all sources: .NETCoreApp,Version=v6.0
TpTrace Verbose: 0 : 15592, 11, 2023/05/29, 18:55:08.823, 5807836771647, vstest.console.exe, TestRequestManager.UpdateRunSettingsIfRequired: Default architecture: X64 IsDefaultTargetArchitecture: True, Current process architecture: X64 OperatingSystem: Windows.
TpTrace Information: 0 : 15592, 11, 2023/05/29, 18:55:08.823, 5807836774839, vstest.console.exe, AssemblyMetadataProvider.GetArchitecture: Determined architecture:AnyCPU info for assembly: C:\Projetos\Bank\Bank.UnitTests\bin\Debug\net6.0\Bank.UnitTests.dll
TpTrace Information: 0 : 15592, 11, 2023/05/29, 18:55:08.823, 5807836775275, vstest.console.exe, Determined platform for source 'C:\Projetos\Bank\Bank.UnitTests\bin\Debug\net6.0\Bank.UnitTests.dll' was AnyCPU and it will use the default plaform X64.
TpTrace Information: 0 : 15592, 11, 2023/05/29, 18:55:08.823, 5807836775571, vstest.console.exe, None of the sources provided any runnable platform, using the default platform: X64
TpTrace Information: 0 : 15592, 11, 2023/05/29, 18:55:08.823, 5807836776023, vstest.console.exe, Platform was updated to 'X64'.
TpTrace Information: 0 : 15592, 11, 2023/05/29, 18:55:08.823, 5807836777538, vstest.console.exe, InferRunSettingsHelper.IsTestSettingsEnabled: Unable to navigate to RunSettings/MSTest. Current node: RunSettings
TpTrace Information: 0 : 15592, 11, 2023/05/29, 18:55:08.824, 5807836781185, vstest.console.exe, AssemblyResolver.OnResolve: Microsoft.VisualStudio.TestPlatform.Fakes, Version=17.0.0.0, Culture=neutral: Resolving assembly.
TpTrace Information: 0 : 15592, 11, 2023/05/29, 18:55:08.824, 5807836781728, vstest.console.exe, AssemblyResolver.OnResolve: Microsoft.VisualStudio.TestPlatform.Fakes, Version=17.0.0.0, Culture=neutral: Resolved from cache.
TpTrace Information: 0 : 15592, 11, 2023/05/29, 18:55:08.824, 5807836783754, vstest.console.exe, Failed to load assembly Microsoft.VisualStudio.TestPlatform.Fakes, Version=17.0.0.0, Culture=neutral. Reason:System.IO.FileNotFoundException: Não foi possível carregar arquivo ou assembly 'Microsoft.VisualStudio.TestPlatform.Fakes, Version=17.0.0.0, Culture=neutral' ou uma de suas dependências. O sistema não pode encontrar o arquivo especificado.
File name: 'Microsoft.VisualStudio.TestPlatform.Fakes, Version=17.0.0.0, Culture=neutral'
   at System.Reflection.RuntimeAssembly._nLoad(AssemblyName fileName, String codeBase, Evidence assemblySecurity, RuntimeAssembly locationHint, StackCrawlMark& stackMark, IntPtr pPrivHostBinder, Boolean throwOnFileNotFound, Boolean forIntrospection, Boolean suppressSecurityChecks)
   at System.Reflection.RuntimeAssembly.InternalLoadAssemblyName(AssemblyName assemblyRef, Evidence assemblySecurity, RuntimeAssembly reqAssembly, StackCrawlMark& stackMark, IntPtr pPrivHostBinder, Boolean throwOnFileNotFound, Boolean forIntrospection, Boolean suppressSecurityChecks)
   at System.Reflection.Assembly.Load(AssemblyName assemblyRef)
   at Microsoft.VisualStudio.TestPlatform.Common.Utilities.FakesUtilities.LoadTestPlatformAssembly()

AVI: o log de associações de assembly está desativado.
Para ativar o log de  falhas de assembly, defina o valor do Registro [HKLM\Software\Microsoft\Fusion!EnableLog] (DWORD) como 1.
Observação: há alguma penalidade para o desempenho associada ao log de falha de associação de assembly.
Para desativar esse recurso, remova o valor do Registro [HKLM\Software\Microsoft\Fusion!EnableLog].

TpTrace Verbose: 0 : 15592, 11, 2023/05/29, 18:55:08.825, 5807836794108, vstest.console.exe, TestEngine: Initializing Parallel Execution as MaxCpuCount is set to: 1
TpTrace Information: 0 : 15592, 11, 2023/05/29, 18:55:08.825, 5807836797661, vstest.console.exe, InferRunSettingsHelper.IsTestSettingsEnabled: Unable to navigate to RunSettings/MSTest. Current node: RunSettings
TpTrace Verbose: 0 : 15592, 11, 2023/05/29, 18:55:08.826, 5807836800478, vstest.console.exe, TestEngine.GetExecutionManager: Chosen execution manager 'Microsoft.VisualStudio.TestPlatform.CrossPlatEngine.Client.Parallel.ParallelProxyExecutionManager, Microsoft.TestPlatform.CrossPlatEngine, Version=15.0.0.0, Culture=neutral, PublicKeyToken=b03f5f7f11d50a3a' ParallelLevel '1'.
TpTrace Verbose: 0 : 15592, 11, 2023/05/29, 18:55:08.826, 5807836801353, vstest.console.exe, TestRunRequest.ExecuteAsync: Creating test run request.
TpTrace Verbose: 0 : 15592, 11, 2023/05/29, 18:55:08.826, 5807836802307, vstest.console.exe, TestRunRequest.ExecuteAsync: Starting.
TpTrace Information: 0 : 15592, 11, 2023/05/29, 18:55:08.826, 5807836803008, vstest.console.exe, TestRunRequest.ExecuteAsync: Starting run with settings:TestRunCriteria:
   KeepAlive=False,FrequencyOfRunStatsChangeEvent=10,RunStatsChangeEventTimeout=00:00:01.5000000,TestCaseFilter=,TestExecutorLauncher=Microsoft.VisualStudio.TestPlatform.Client.DesignMode.DesignModeTestHostLauncher
   Settingsxml=<RunSettings>
  <RunConfiguration>
    <CollectSourceInformation>false</CollectSourceInformation>
    <MaxCpuCount>1</MaxCpuCount>
    <TestSessionTimeout>6680</TestSessionTimeout>
    <DesignMode>false</DesignMode>
    <TargetFrameworkVersion>.NETCoreApp,Version=v6.0</TargetFrameworkVersion>
    <TargetPlatform>X64</TargetPlatform>
  </RunConfiguration>
  <InProcDataCollectionRunSettings>
    <InProcDataCollectors>
      <InProcDataCollector friendlyName="StrykerCoverage" uri="https://stryker-mutator.io/" codebase="C:\Users\1511 MXTI\.nuget\packages\dotnet-stryker\3.9.0\tools\net6.0\any\Stryker.DataCollector.dll" assemblyQualifiedName="Stryker.DataCollector.CoverageCollector, Stryker.DataCollector, Version=1.0.0.0, Culture=neutral, PublicKeyToken=null">
        <Configuration>
          <Parameters>
            <Mutant id="5" tests="7c80fa14-4b5e-688b-30c4-22317d77de66" />
            <MutantControl name="Stryker0Xrvs6ez4CmThoK.MutantControl" />
          </Parameters>
        </Configuration>
      </InProcDataCollector>
    </InProcDataCollectors>
  </InProcDataCollectionRunSettings>
  <LoggerRunSettings>
    <Loggers>
      <Logger friendlyName="Console" uri="logger://microsoft/TestPlatform/ConsoleLogger/v1" assemblyQualifiedName="Microsoft.VisualStudio.TestPlatform.CommandLine.Internal.ConsoleLogger, vstest.console, Version=15.0.0.0, Culture=neutral, PublicKeyToken=b03f5f7f11d50a3a" codeBase="C:\Users\1511 MXTI\AppData\Local\Temp\bixzjozn.d4j\.vstest\tools\net462\vstest.console.exe" enabled="True" />
    </Loggers>
  </LoggerRunSettings>
</RunSettings>

TpTrace Verbose: 0 : 15592, 11, 2023/05/29, 18:55:08.826, 5807836803775, vstest.console.exe, TestRunRequest.ExecuteAsync: Wait for the first run request is over.
TpTrace Verbose: 0 : 15592, 11, 2023/05/29, 18:55:08.826, 5807836804900, vstest.console.exe, TestRunRequest.ExecuteAsync: TestSessionTimeout is 6680 milliseconds.
TpTrace Verbose: 0 : 15592, 11, 2023/05/29, 18:55:08.826, 5807836805566, vstest.console.exe, MulticastDelegateUtilities.SafeInvoke: TestRun.TestRunStart: Invoking callbacks was skipped because there are no subscribers.
TpTrace Verbose: 0 : 15592, 8, 2023/05/29, 18:55:08.826, 5807836806308, vstest.console.exe, MulticastDelegateUtilities.SafeInvoke: InternalTestLoggerEvents.SendTestRunStart: Invoking callback 1/1 for Microsoft.VisualStudio.TestPlatform.CommandLine.Internal.ConsoleLogger., took 0 ms.
TpTrace Verbose: 0 : 15592, 11, 2023/05/29, 18:55:08.826, 5807836806923, vstest.console.exe, ParallelProxyExecutionManager: Start execution. Total sources: 1
TpTrace Verbose: 0 : 15592, 11, 2023/05/29, 18:55:08.826, 5807836808675, vstest.console.exe, TestRequestSender is acting as server.
TpTrace Verbose: 0 : 15592, 11, 2023/05/29, 18:55:08.827, 5807836809383, vstest.console.exe, ProxyParallelExecutionManager: No sources available for execution.
TpTrace Verbose: 0 : 15592, 6, 2023/05/29, 18:55:08.827, 5807836809886, vstest.console.exe, ParallelProxyExecutionManager: Execution started. Started clients: 1
TpTrace Verbose: 0 : 15592, 6, 2023/05/29, 18:55:08.827, 5807836810558, vstest.console.exe, ProxyExecutionManager: Test host is always Lazy initialize.
TpTrace Verbose: 0 : 15592, 6, 2023/05/29, 18:55:08.827, 5807836811283, vstest.console.exe, TestRequestSender.InitializeCommunication: initialize communication. 
TpTrace Information: 0 : 15592, 11, 2023/05/29, 18:55:08.827, 5807836809943, vstest.console.exe, TestRunRequest.ExecuteAsync: Started.
TpTrace Verbose: 0 : 15592, 11, 2023/05/29, 18:55:08.827, 5807836813446, vstest.console.exe, TestRunRequest.WaitForCompletion: Waiting with timeout -1.
TpTrace Information: 0 : 15592, 6, 2023/05/29, 18:55:08.827, 5807836813777, vstest.console.exe, SocketServer.Start: Listening on endpoint : 127.0.0.1:57398
TpTrace Verbose: 0 : 15592, 6, 2023/05/29, 18:55:08.827, 5807836815815, vstest.console.exe, DotnetTestHostmanager.GetTestHostProcessStartInfo: Platform environment 'X64' target architecture 'X64' framework '.NETCoreApp,Version=v6.0' OS 'Windows'
TpTrace Verbose: 0 : 15592, 6, 2023/05/29, 18:55:08.827, 5807836817290, vstest.console.exe, DotnetTestHostmanager: Adding  --runtimeconfig "C:\Projetos\Bank\Bank.UnitTests\bin\Debug\net6.0\Bank.UnitTests.runtimeconfig.json" in args
TpTrace Verbose: 0 : 15592, 6, 2023/05/29, 18:55:08.827, 5807836818330, vstest.console.exe, DotnetTestHostmanager: Adding  --depsfile "C:\Projetos\Bank\Bank.UnitTests\bin\Debug\net6.0\Bank.UnitTests.deps.json" in args
TpTrace Verbose: 0 : 15592, 6, 2023/05/29, 18:55:08.828, 5807836819340, vstest.console.exe, DotnetTestHostmanager.IsWinOnArm: Current PROCESSOR_ARCHITECTURE from environment variable 'AMD64'
TpTrace Verbose: 0 : 15592, 6, 2023/05/29, 18:55:08.828, 5807836819829, vstest.console.exe, DotnetTestHostmanager.IsWinOnArm: Is Windows on ARM 'False'
TpTrace Verbose: 0 : 15592, 6, 2023/05/29, 18:55:08.828, 5807836820641, vstest.console.exe, DotnetTestHostManager: testhost.exe found at path: C:\Projetos\Bank\Bank.UnitTests\bin\Debug\net6.0\testhost.exe
TpTrace Verbose: 0 : 15592, 6, 2023/05/29, 18:55:08.828, 5807836820990, vstest.console.exe, DotnetTestHostmanager: Full path of host exe is C:\Projetos\Bank\Bank.UnitTests\bin\Debug\net6.0\testhost.exe
TpTrace Verbose: 0 : 15592, 6, 2023/05/29, 18:55:08.828, 5807836821545, vstest.console.exe, DotnetTestHostmanager.LaunchTestHostAsync: Prefix 'VSTEST_WINAPPHOST_*' not found in env variables
TpTrace Information: 0 : 15592, 1, 2023/05/29, 18:55:09.554, 5807844078873, vstest.console.exe, DesignModeClient.ProcessRequests: Processing Message: (TestExecution.CustomTestHostLaunchCallback) -> {"Version":7,"MessageType":"TestExecution.CustomTestHostLaunchCallback","Payload":{"HostProcessId":22780,"ErrorMessage":null}}
TpTrace Verbose: 0 : 15592, 6, 2023/05/29, 18:55:09.602, 5807844566164, vstest.console.exe, Test Runtime launched
TpTrace Verbose: 0 : 15592, 6, 2023/05/29, 18:55:09.602, 5807844567874, vstest.console.exe, MulticastDelegateUtilities.SafeInvoke: HostProviderEvents.OnHostLaunched: Invoking callback 1/1 for Microsoft.VisualStudio.TestPlatform.CrossPlatEngine.Client.ProxyOperationManager., took 0 ms.
TpTrace Verbose: 0 : 15592, 6, 2023/05/29, 18:55:09.602, 5807844568423, vstest.console.exe, TestRequestSender.WaitForRequestHandlerConnection: waiting for connection with timeout: 90000.
TpTrace Verbose: 0 : 15592, 7, 2023/05/29, 18:55:09.689, 5807845434207, vstest.console.exe, MulticastDelegateUtilities.SafeInvoke: SocketServer: ClientConnected: Invoking callback 1/1 for Microsoft.VisualStudio.TestPlatform.CommunicationUtilities.TestRequestSender., took 0 ms.
TpTrace Verbose: 0 : 15592, 7, 2023/05/29, 18:55:09.689, 5807845435871, vstest.console.exe, SocketServer.OnClientConnected: Client connected for endPoint: 127.0.0.1:57398, starting MessageLoopAsync:
TpTrace Verbose: 0 : 15592, 10, 2023/05/29, 18:55:09.689, 5807845436877, vstest.console.exe, TcpClientExtensions.MessageLoopAsync: Polling on remoteEndPoint: 127.0.0.1:57401 localEndPoint: 127.0.0.1:57398
TpTrace Verbose: 0 : 15592, 6, 2023/05/29, 18:55:09.689, 5807845434694, vstest.console.exe, TestRequestSender.WaitForRequestHandlerConnection: waiting took 86 ms, with timeout 90000 ms, and result 0, which is success.
TpTrace Verbose: 0 : 15592, 6, 2023/05/29, 18:55:09.690, 5807845439514, vstest.console.exe, TestRequestSender.CheckVersionWithTestHost: Sending check version message: {"MessageType":"ProtocolVersion","Payload":7}
TpTrace Verbose: 0 : 15592, 10, 2023/05/29, 18:55:09.840, 5807846942843, vstest.console.exe, TcpClientExtensions.MessageLoopAsync: NotifyDataAvailable remoteEndPoint: 127.0.0.1:57401 localEndPoint: 127.0.0.1:57398
TpTrace Verbose: 0 : 15592, 10, 2023/05/29, 18:55:09.840, 5807846944285, vstest.console.exe, TestRequestSender.CheckVersionWithTestHost: onMessageReceived received message: (ProtocolVersion) -> {"MessageType":"ProtocolVersion","Payload":5}
TpTrace Verbose: 0 : 15592, 10, 2023/05/29, 18:55:09.840, 5807846945480, vstest.console.exe, MulticastDelegateUtilities.SafeInvoke: LengthPrefixCommunicationChannel: MessageReceived: Invoking callback 1/1 for Microsoft.VisualStudio.TestPlatform.CommunicationUtilities.TestRequestSender+<>c__DisplayClass29_0., took 0 ms.
TpTrace Verbose: 0 : 15592, 6, 2023/05/29, 18:55:09.840, 5807846945771, vstest.console.exe, TestPluginCache.GetExtensionPaths: Filtered extension paths: 
TpTrace Verbose: 0 : 15592, 6, 2023/05/29, 18:55:09.840, 5807846946447, vstest.console.exe, TestPluginCache.GetExtensionPaths: Added default extension paths: C:\Users\1511 MXTI\AppData\Local\Temp\bixzjozn.d4j\.vstest\tools\net462\Extensions\Microsoft.TestPlatform.Extensions.BlameDataCollector.dll
C:\Users\1511 MXTI\AppData\Local\Temp\bixzjozn.d4j\.vstest\tools\net462\Extensions\Microsoft.TestPlatform.TestHostRuntimeProvider.dll
C:\Users\1511 MXTI\AppData\Local\Temp\bixzjozn.d4j\.vstest\tools\net462\Extensions\Microsoft.VisualStudio.TestPlatform.Extensions.Html.TestLogger.dll
C:\Users\1511 MXTI\AppData\Local\Temp\bixzjozn.d4j\.vstest\tools\net462\Extensions\Microsoft.VisualStudio.TestPlatform.Extensions.Trx.TestLogger.dll
TpTrace Verbose: 0 : 15592, 6, 2023/05/29, 18:55:09.840, 5807846946926, vstest.console.exe, TestPluginCache.GetExtensionPaths: Added unfilterableExtensionPaths: 
TpTrace Verbose: 0 : 15592, 10, 2023/05/29, 18:55:09.840, 5807846945881, vstest.console.exe, TcpClientExtensions.MessageLoopAsync: Polling on remoteEndPoint: 127.0.0.1:57401 localEndPoint: 127.0.0.1:57398
TpTrace Verbose: 0 : 15592, 6, 2023/05/29, 18:55:09.841, 5807846952269, vstest.console.exe, TestRequestSender.InitializeExecution: Sending initialize execution with message: {"Version":5,"MessageType":"TestExecution.Initialize","Payload":["C:\\Projetos\\Bank\\Bank.UnitTests\\bin\\Debug\\net6.0\\Microsoft.VisualStudio.TestPlatform.MSTest.TestAdapter.dll"]}
TpTrace Warning: 0 : 15592, 6, 2023/05/29, 18:55:09.841, 5807846953918, vstest.console.exe, InferRunSettingsHelper.MakeRunsettingsCompatible: Removing the following settings: TargetPlatform from RunSettings file. To use those settings please move to latest version of Microsoft.NET.Test.Sdk
TpTrace Verbose: 0 : 15592, 6, 2023/05/29, 18:55:09.841, 5807846955597, vstest.console.exe, TestRequestSender.StartTestRun: Sending test run with message: {"Version":5,"MessageType":"TestExecution.StartWithTests","Payload":{"Tests":[{"Id":"7c80fa14-4b5e-688b-30c4-22317d77de66","FullyQualifiedName":"Bank.UnitTests.BankAccountTest.Debit_WithValidAmount_UpdatesBalance","DisplayName":"Debit_WithValidAmount_UpdatesBalance","ExecutorUri":"executor://MSTestAdapter/v2","Source":"C:\\Projetos\\Bank\\Bank.UnitTests\\bin\\Debug\\net6.0\\Bank.UnitTests.dll","CodeFilePath":"C:\\Projetos\\Bank\\Bank.UnitTests\\BankAccountTest.cs","LineNumber":11,"Properties":[{"Key":{"Id":"TestCase.ManagedType","Label":"ManagedType","Category":"","Description":"","Attributes":1,"ValueType":"System.String"},"Value":"Bank.UnitTests.BankAccountTest"},{"Key":{"Id":"TestCase.ManagedMethod","Label":"ManagedMethod","Category":"","Description":"","Attributes":1,"ValueType":"System.String"},"Value":"Debit_WithValidAmount_UpdatesBalance"},{"Key":{"Id":"MSTestDiscoverer.TestClassName","Label":"ClassName","Category":"","Description":"","Attributes":1,"ValueType":"System.String"},"Value":"Bank.UnitTests.BankAccountTest"},{"Key":{"Id":"TestCase.Hierarchy","Label":"Hierarchy","Category":"","Description":"","Attributes":2,"ValueType":"System.String[]"},"Value":["Bank.UnitTests","BankAccountTest"]},{"Key":{"Id":"TestObject.Traits","Label":"Traits","Category":"","Description":"","Attributes":5,"ValueType":"System.Collections.Generic.KeyValuePair`2[[System.String],[System.String]][]"},"Value":[]}]}],"RunSettings":"<RunSettings>\r\n  <RunConfiguration>\r\n    <CollectSourceInformation>false</CollectSourceInformation>\r\n    <MaxCpuCount>1</MaxCpuCount>\r\n    <TestSessionTimeout>6680</TestSessionTimeout>\r\n    <DesignMode>false</DesignMode>\r\n    <TargetFrameworkVersion>.NETCoreApp,Version=v6.0</TargetFrameworkVersion>\r\n  </RunConfiguration>\r\n  <InProcDataCollectionRunSettings>\r\n    <InProcDataCollectors>\r\n      <InProcDataCollector friendlyName=\"StrykerCoverage\" uri=\"https://stryker-mutator.io/\" codebase=\"C:\\Users\\1511 MXTI\\.nuget\\packages\\dotnet-stryker\\3.9.0\\tools\\net6.0\\any\\Stryker.DataCollector.dll\" assemblyQualifiedName=\"Stryker.DataCollector.CoverageCollector, Stryker.DataCollector, Version=1.0.0.0, Culture=neutral, PublicKeyToken=null\">\r\n        <Configuration>\r\n          <Parameters>\r\n            <Mutant id=\"5\" tests=\"7c80fa14-4b5e-688b-30c4-22317d77de66\" />\r\n            <MutantControl name=\"Stryker0Xrvs6ez4CmThoK.MutantControl\" />\r\n          </Parameters>\r\n        </Configuration>\r\n      </InProcDataCollector>\r\n    </InProcDataCollectors>\r\n  </InProcDataCollectionRunSettings>\r\n  <LoggerRunSettings>\r\n    <Loggers>\r\n      <Logger friendlyName=\"Console\" uri=\"logger://microsoft/TestPlatform/ConsoleLogger/v1\" assemblyQualifiedName=\"Microsoft.VisualStudio.TestPlatform.CommandLine.Internal.ConsoleLogger, vstest.console, Version=15.0.0.0, Culture=neutral, PublicKeyToken=b03f5f7f11d50a3a\" codeBase=\"C:\\Users\\1511 MXTI\\AppData\\Local\\Temp\\bixzjozn.d4j\\.vstest\\tools\\net462\\vstest.console.exe\" enabled=\"True\" />\r\n    </Loggers>\r\n  </LoggerRunSettings>\r\n</RunSettings>","TestExecutionContext":{"FrequencyOfRunStatsChangeEvent":10,"RunStatsChangeEventTimeout":"00:00:01.5000000","InIsolation":false,"KeepAlive":false,"AreTestCaseLevelEventsRequired":false,"IsDebug":false,"TestCaseFilter":null,"FilterOptions":null},"Package":null}}
TpTrace Verbose: 0 : 15592, 10, 2023/05/29, 18:55:09.851, 5807847051177, vstest.console.exe, TcpClientExtensions.MessageLoopAsync: NotifyDataAvailable remoteEndPoint: 127.0.0.1:57401 localEndPoint: 127.0.0.1:57398
TpTrace Verbose: 0 : 15592, 10, 2023/05/29, 18:55:09.851, 5807847052443, vstest.console.exe, TestRequestSender.OnExecutionMessageReceived: Received message: {"Version":5,"MessageType":"TestSession.Message","Payload":{"MessageLevel":0,"Message":"Logging TestHost Diagnostics in file: C:\\Projetos\\Bank\\Bank.UnitTests\\StrykerOutput\\2023-05-29.18-54-42\\logs\\Runner 3_VsTest-log.host.23-05-29_18-55-08_82704_6.txt"}}
TpTrace Verbose: 0 : 15592, 10, 2023/05/29, 18:55:09.851, 5807847053714, vstest.console.exe, MulticastDelegateUtilities.SafeInvoke: TestRunRequest.RawMessageReceived: Invoking callback 1/1 for Microsoft.VisualStudio.TestPlatform.Client.DesignMode.DesignModeTestEventsRegistrar., took 0 ms.
TpTrace Verbose: 0 : 15592, 10, 2023/05/29, 18:55:09.851, 5807847054506, vstest.console.exe, TestRunRequest:SendTestRunMessage: Starting.
TpTrace Verbose: 0 : 15592, 10, 2023/05/29, 18:55:09.851, 5807847054987, vstest.console.exe, MulticastDelegateUtilities.SafeInvoke: TestRun.LogMessages: Invoking callback 1/1 for Microsoft.VisualStudio.TestPlatform.CommandLine.TestRunResultAggregator., took 0 ms.
TpTrace Information: 0 : 15592, 10, 2023/05/29, 18:55:09.851, 5807847055324, vstest.console.exe, TestRunRequest:SendTestRunMessage: Completed.
TpTrace Verbose: 0 : 15592, 10, 2023/05/29, 18:55:09.851, 5807847056259, vstest.console.exe, MulticastDelegateUtilities.SafeInvoke: LengthPrefixCommunicationChannel: MessageReceived: Invoking callback 1/1 for Microsoft.VisualStudio.TestPlatform.CommunicationUtilities.TestRequestSender+<>c__DisplayClass35_0., took 0 ms.
TpTrace Verbose: 0 : 15592, 10, 2023/05/29, 18:55:09.851, 5807847056808, vstest.console.exe, TcpClientExtensions.MessageLoopAsync: Polling on remoteEndPoint: 127.0.0.1:57401 localEndPoint: 127.0.0.1:57398
TpTrace Verbose: 0 : 15592, 8, 2023/05/29, 18:55:09.851, 5807847058547, vstest.console.exe, MulticastDelegateUtilities.SafeInvoke: InternalTestLoggerEvents.SendTestRunMessage: Invoking callback 1/1 for Microsoft.VisualStudio.TestPlatform.CommandLine.Internal.ConsoleLogger., took 0 ms.
TpTrace Verbose: 0 : 15592, 10, 2023/05/29, 18:55:10.283, 5807851371152, vstest.console.exe, TcpClientExtensions.MessageLoopAsync: NotifyDataAvailable remoteEndPoint: 127.0.0.1:57401 localEndPoint: 127.0.0.1:57398
TpTrace Verbose: 0 : 15592, 10, 2023/05/29, 18:55:10.283, 5807851372574, vstest.console.exe, TestRequestSender.OnExecutionMessageReceived: Received message: {"Version":5,"MessageType":"TestExecution.Completed","Payload":{"TestRunCompleteArgs":{"TestRunStatistics":{"ExecutedTests":1,"Stats":{"Passed":1}},"IsCanceled":false,"IsAborted":false,"Error":null,"AttachmentSets":[],"ElapsedTimeInRunningTests":"00:00:00.0786213","Metrics":{}},"LastRunTests":{"NewTestResults":[{"TestCase":{"Id":"7c80fa14-4b5e-688b-30c4-22317d77de66","FullyQualifiedName":"Bank.UnitTests.BankAccountTest.Debit_WithValidAmount_UpdatesBalance","DisplayName":"Debit_WithValidAmount_UpdatesBalance","ExecutorUri":"executor://MSTestAdapter/v2","Source":"C:\\Projetos\\Bank\\Bank.UnitTests\\bin\\Debug\\net6.0\\Bank.UnitTests.dll","CodeFilePath":"C:\\Projetos\\Bank\\Bank.UnitTests\\BankAccountTest.cs","LineNumber":11,"Properties":[{"Key":{"Id":"TestCase.ManagedType","Label":"ManagedType","Category":"","Description":"","Attributes":1,"ValueType":"System.String"},"Value":"Bank.UnitTests.BankAccountTest"},{"Key":{"Id":"TestCase.ManagedMethod","Label":"ManagedMethod","Category":"","Description":"","Attributes":1,"ValueType":"System.String"},"Value":"Debit_WithValidAmount_UpdatesBalance"},{"Key":{"Id":"MSTestDiscoverer.TestClassName","Label":"ClassName","Category":"","Description":"","Attributes":1,"ValueType":"System.String"},"Value":"Bank.UnitTests.BankAccountTest"},{"Key":{"Id":"TestCase.Hierarchy","Label":"Hierarchy","Category":"","Description":"","Attributes":2,"ValueType":"System.String[]"},"Value":["Bank.UnitTests","BankAccountTest"]},{"Key":{"Id":"TestObject.Traits","Label":"Traits","Category":"","Description":"","Attributes":5,"ValueType":"System.Collections.Generic.KeyValuePair`2[[System.String],[System.String]][]"},"Value":[]}]},"Attachments":[],"Outcome":1,"ErrorMessage":null,"ErrorStackTrace":null,"DisplayName":"Debit_WithValidAmount_UpdatesBalance","Messages":[],"ComputerName":null,"Duration":"00:00:00.0052637","StartTime":"2023-05-29T18:55:10.2020245-03:00","EndTime":"2023-05-29T18:55:10.2344638-03:00","Properties":[{"Key":{"Id":"ExecutionId","Label":"ExecutionId","Category":"","Description":"","Attributes":1,"ValueType":"System.Guid"},"Value":"00000000-0000-0000-0000-000000000000"},{"Key":{"Id":"ParentExecId","Label":"ParentExecId","Category":"","Description":"","Attributes":1,"ValueType":"System.Guid"},"Value":"00000000-0000-0000-0000-000000000000"},{"Key":{"Id":"InnerResultsCount","Label":"InnerResultsCount","Category":"","Description":"","Attributes":1,"ValueType":"System.Int32"},"Value":0}]}],"TestRunStatistics":{"ExecutedTests":1,"Stats":{"Passed":1}},"ActiveTests":[]},"RunAttachments":[],"ExecutorUris":["executor://mstestadapter/v2"]}}
TpTrace Verbose: 0 : 15592, 10, 2023/05/29, 18:55:10.283, 5807851373173, vstest.console.exe, TestRequestSender.EndSession: Sending end session.
TpTrace Verbose: 0 : 15592, 10, 2023/05/29, 18:55:10.283, 5807851374355, vstest.console.exe, ProxyOperationManager.Close: waiting for test host to exit for 100 ms
TpTrace Verbose: 0 : 15592, 4, 2023/05/29, 18:55:10.301, 5807851552302, vstest.console.exe, TestHostProvider.ExitCallBack: Host exited starting callback.
TpTrace Information: 0 : 15592, 4, 2023/05/29, 18:55:10.301, 5807851553471, vstest.console.exe, TestHostManagerCallbacks.ExitCallBack: Testhost processId: 22780 exited with exitcode: 0 error: ''
TpTrace Verbose: 0 : 15592, 4, 2023/05/29, 18:55:10.301, 5807851553782, vstest.console.exe, DotnetTestHostManager.OnHostExited: invoking OnHostExited callback
TpTrace Verbose: 0 : 15592, 4, 2023/05/29, 18:55:10.301, 5807851554213, vstest.console.exe, CrossPlatEngine.TestHostManagerHostExited: calling on client process exit callback.
TpTrace Information: 0 : 15592, 4, 2023/05/29, 18:55:10.301, 5807851554557, vstest.console.exe, TestRequestSender.OnClientProcessExit: Test host process exited. Standard error: 
TpTrace Information: 0 : 15592, 10, 2023/05/29, 18:55:10.301, 5807851554968, vstest.console.exe, SocketServer.Stop: Stop server endPoint: 127.0.0.1:57398
TpTrace Information: 0 : 15592, 10, 2023/05/29, 18:55:10.301, 5807851555531, vstest.console.exe, SocketServer.Stop: Cancellation requested. Stopping message loop.
TpTrace Information: 0 : 15592, 10, 2023/05/29, 18:55:10.301, 5807851555857, vstest.console.exe, Closing the connection
TpTrace Information: 0 : 15592, 4, 2023/05/29, 18:55:10.301, 5807851555053, vstest.console.exe, SocketServer.Stop: Stop server endPoint: 127.0.0.1:57398
TpTrace Information: 0 : 15592, 4, 2023/05/29, 18:55:10.301, 5807851558048, vstest.console.exe, SocketServer.Stop: Cancellation requested. Stopping message loop.
TpTrace Verbose: 0 : 15592, 4, 2023/05/29, 18:55:10.301, 5807851558396, vstest.console.exe, MulticastDelegateUtilities.SafeInvoke: HostProviderEvents.OnHostExited: Invoking callback 1/1 for Microsoft.VisualStudio.TestPlatform.CrossPlatEngine.Client.ProxyOperationManager., took 0 ms.
TpTrace Verbose: 0 : 15592, 10, 2023/05/29, 18:55:10.302, 5807851561180, vstest.console.exe, MulticastDelegateUtilities.SafeInvoke: TestRunRequest.RawMessageReceived: Invoking callback 1/1 for Microsoft.VisualStudio.TestPlatform.Client.DesignMode.DesignModeTestEventsRegistrar., took 0 ms.
TpTrace Verbose: 0 : 15592, 10, 2023/05/29, 18:55:10.302, 5807851561640, vstest.console.exe, TestRunRequest:SendTestRunStatsChange: Starting.
TpTrace Verbose: 0 : 15592, 10, 2023/05/29, 18:55:10.302, 5807851562008, vstest.console.exe, MulticastDelegateUtilities.SafeInvoke: TestRun.RunStatsChanged: Invoking callbacks was skipped because there are no subscribers.
TpTrace Information: 0 : 15592, 10, 2023/05/29, 18:55:10.302, 5807851562499, vstest.console.exe, TestRunRequest:SendTestRunStatsChange: Completed.
TpTrace Verbose: 0 : 15592, 10, 2023/05/29, 18:55:10.302, 5807851562843, vstest.console.exe, ParallelProxyExecutionManager: HandlePartialRunComplete: Total completed clients = 1, Run complete = True, Run canceled: False.
TpTrace Verbose: 0 : 15592, 8, 2023/05/29, 18:55:10.302, 5807851565271, vstest.console.exe, MulticastDelegateUtilities.SafeInvoke: InternalTestLoggerEvents.SendTestResult: Invoking callback 1/1 for Microsoft.VisualStudio.TestPlatform.CommandLine.Internal.ConsoleLogger., took 0 ms.
TpTrace Verbose: 0 : 15592, 8, 2023/05/29, 18:55:10.304, 5807851582215, vstest.console.exe, MulticastDelegateUtilities.SafeInvoke: InternalTestLoggerEvents.SendTestRunComplete: Invoking callback 1/1 for Microsoft.VisualStudio.TestPlatform.CommandLine.Internal.ConsoleLogger., took 1 ms.
TpTrace Verbose: 0 : 15592, 10, 2023/05/29, 18:55:10.304, 5807851586099, vstest.console.exe, MulticastDelegateUtilities.SafeInvoke: TestRunRequest.RawMessageReceived: Invoking callback 1/1 for Microsoft.VisualStudio.TestPlatform.Client.DesignMode.DesignModeTestEventsRegistrar., took 0 ms.
TpTrace Verbose: 0 : 15592, 10, 2023/05/29, 18:55:10.304, 5807851587151, vstest.console.exe, TestRunRequest:TestRunComplete: Starting. IsAborted:False IsCanceled:False.
TpTrace Verbose: 0 : 15592, 10, 2023/05/29, 18:55:10.304, 5807851587869, vstest.console.exe, TestLoggerManager.HandleTestRunComplete: Ignoring as the object is disposed.
TpTrace Verbose: 0 : 15592, 10, 2023/05/29, 18:55:10.304, 5807851588538, vstest.console.exe, MulticastDelegateUtilities.SafeInvoke: TestRun.TestRunComplete: Invoking callback 1/1 for Microsoft.VisualStudio.TestPlatform.CommandLine.TestRunResultAggregator., took 0 ms.
TpTrace Information: 0 : 15592, 10, 2023/05/29, 18:55:10.305, 5807851589206, vstest.console.exe, TestRunRequest:TestRunComplete: Completed.
TpTrace Verbose: 0 : 15592, 10, 2023/05/29, 18:55:10.305, 5807851589946, vstest.console.exe, TestRequestSender.SetOperationComplete: Setting operation complete.
TpTrace Information: 0 : 15592, 10, 2023/05/29, 18:55:10.305, 5807851590672, vstest.console.exe, SocketServer.Stop: Stop server endPoint: 127.0.0.1:57398
TpTrace Information: 0 : 15592, 10, 2023/05/29, 18:55:10.305, 5807851591261, vstest.console.exe, SocketServer.Stop: Cancellation requested. Stopping message loop.
TpTrace Verbose: 0 : 15592, 10, 2023/05/29, 18:55:10.305, 5807851592245, vstest.console.exe, MulticastDelegateUtilities.SafeInvoke: LengthPrefixCommunicationChannel: MessageReceived: Invoking callback 1/1 for Microsoft.VisualStudio.TestPlatform.CommunicationUtilities.TestRequestSender+<>c__DisplayClass35_0., took 21 ms.
TpTrace Information: 0 : 15592, 10, 2023/05/29, 18:55:10.305, 5807851592701, vstest.console.exe, SocketServer.PrivateStop: Stopping server endPoint: 127.0.0.1:57398 error: 
TpTrace Verbose: 0 : 15592, 11, 2023/05/29, 18:55:10.305, 5807851589484, vstest.console.exe, TestRunRequest.Dispose: Starting.
TpTrace Verbose: 0 : 15592, 10, 2023/05/29, 18:55:10.305, 5807851594181, vstest.console.exe, LengthPrefixCommunicationChannel.Dispose: Dispose reader and writer.
TpTrace Information: 0 : 15592, 10, 2023/05/29, 18:55:10.305, 5807851594876, vstest.console.exe, SocketServer.Stop: Raise disconnected event endPoint: 127.0.0.1:57398 error: 
TpTrace Verbose: 0 : 15592, 10, 2023/05/29, 18:55:10.305, 5807851595623, vstest.console.exe, TestRequestSender: OnTestRunAbort: Operation is already complete. Skip error message.
TpTrace Verbose: 0 : 15592, 10, 2023/05/29, 18:55:10.305, 5807851596260, vstest.console.exe, MulticastDelegateUtilities.SafeInvoke: SocketServer: ClientDisconnected: Invoking callback 1/1 for Microsoft.VisualStudio.TestPlatform.CommunicationUtilities.TestRequestSender., took 0 ms.
TpTrace Verbose: 0 : 15592, 10, 2023/05/29, 18:55:10.305, 5807851596869, vstest.console.exe, TcpClientExtensions.MessageLoopAsync: exiting MessageLoopAsync remoteEndPoint: 127.0.0.1:57401 localEndPoint: 127.0.0.1:57398
TpTrace Information: 0 : 15592, 11, 2023/05/29, 18:55:10.305, 5807851594264, vstest.console.exe, TestRunRequest.Dispose: Completed.
TpTrace Information: 0 : 15592, 11, 2023/05/29, 18:55:10.306, 5807851604149, vstest.console.exe, TestRequestManager.RunTests: run tests completed.
TpTrace Information: 0 : 15592, 1, 2023/05/29, 18:55:10.313, 5807851669676, vstest.console.exe, DesignModeClient.ProcessRequests: Processing Message: (TestExecution.GetTestRunnerProcessStartInfoForRunSelected) -> {"Version":7,"MessageType":"TestExecution.GetTestRunnerProcessStartInfoForRunSelected","Payload":{"Sources":null,"TestCases":[{"Id":"7c80fa14-4b5e-688b-30c4-22317d77de66","FullyQualifiedName":"Bank.UnitTests.BankAccountTest.Debit_WithValidAmount_UpdatesBalance","DisplayName":"Debit_WithValidAmount_UpdatesBalance","ExecutorUri":"executor://MSTestAdapter/v2","Source":"C:\\Projetos\\Bank\\Bank.UnitTests\\bin\\Debug\\net6.0\\Bank.UnitTests.dll","CodeFilePath":"C:\\Projetos\\Bank\\Bank.UnitTests\\BankAccountTest.cs","LineNumber":11,"Properties":[{"Key":{"Id":"TestCase.ManagedType","Label":"ManagedType","Category":"","Description":"","Attributes":1,"ValueType":"System.String"},"Value":"Bank.UnitTests.BankAccountTest"},{"Key":{"Id":"TestCase.ManagedMethod","Label":"ManagedMethod","Category":"","Description":"","Attributes":1,"ValueType":"System.String"},"Value":"Debit_WithValidAmount_UpdatesBalance"},{"Key":{"Id":"MSTestDiscoverer.TestClassName","Label":"ClassName","Category":"","Description":"","Attributes":1,"ValueType":"System.String"},"Value":"Bank.UnitTests.BankAccountTest"},{"Key":{"Id":"TestCase.Hierarchy","Label":"Hierarchy","Category":"","Description":"","Attributes":2,"ValueType":"System.String[]"},"Value":["Bank.UnitTests","BankAccountTest"]},{"Key":{"Id":"TestObject.Traits","Label":"Traits","Category":"","Description":"","Attributes":5,"ValueType":"System.Collections.Generic.KeyValuePair`2[[System.String],[System.String]][]"},"Value":[]}]}],"RunSettings":"<RunSettings>\r\n<RunConfiguration>\r\n  <CollectSourceInformation>false</CollectSourceInformation>\r\n  <MaxCpuCount>1</MaxCpuCount>\r\n<TestSessionTimeout>6680</TestSessionTimeout>\r\n\r\n<DesignMode>false</DesignMode>\r\n</RunConfiguration><InProcDataCollectionRunSettings><InProcDataCollectors><InProcDataCollector friendlyName=\"StrykerCoverage\" uri=\"https://stryker-mutator.io/\" codebase=\"C:\\Users\\1511 MXTI\\.nuget\\packages\\dotnet-stryker\\3.9.0\\tools\\net6.0\\any\\Stryker.DataCollector.dll\" assemblyQualifiedName=\"Stryker.DataCollector.CoverageCollector, Stryker.DataCollector, Version=1.0.0.0, Culture=neutral, PublicKeyToken=null\">\r\n<Configuration><Parameters><Mutant id='12' tests='7c80fa14-4b5e-688b-30c4-22317d77de66'/><MutantControl name='Stryker0Xrvs6ez4CmThoK.MutantControl'/></Parameters></Configuration></InProcDataCollector></InProcDataCollectors></InProcDataCollectionRunSettings>\r\n</RunSettings>","KeepAlive":false,"DebuggingEnabled":false,"TestPlatformOptions":{"TestCaseFilter":null,"FilterOptions":null,"CollectMetrics":false,"SkipDefaultAdapters":false},"TestSessionInfo":null}}
TpTrace Information: 0 : 15592, 12, 2023/05/29, 18:55:10.313, 5807851673175, vstest.console.exe, TestRequestManager.RunTests: run tests started.
TpTrace Information: 0 : 15592, 12, 2023/05/29, 18:55:10.313, 5807851678088, vstest.console.exe, AssemblyMetadataProvider.GetFrameworkName: Determined framework:'.NETCoreApp,Version=v6.0' for source: 'C:\Projetos\Bank\Bank.UnitTests\bin\Debug\net6.0\Bank.UnitTests.dll'
TpTrace Information: 0 : 15592, 12, 2023/05/29, 18:55:10.314, 5807851679503, vstest.console.exe, Determined framework for all sources: .NETCoreApp,Version=v6.0
TpTrace Verbose: 0 : 15592, 12, 2023/05/29, 18:55:10.314, 5807851680598, vstest.console.exe, TestRequestManager.UpdateRunSettingsIfRequired: Default architecture: X64 IsDefaultTargetArchitecture: True, Current process architecture: X64 OperatingSystem: Windows.
TpTrace Information: 0 : 15592, 12, 2023/05/29, 18:55:10.314, 5807851685923, vstest.console.exe, AssemblyMetadataProvider.GetArchitecture: Determined architecture:AnyCPU info for assembly: C:\Projetos\Bank\Bank.UnitTests\bin\Debug\net6.0\Bank.UnitTests.dll
TpTrace Information: 0 : 15592, 12, 2023/05/29, 18:55:10.314, 5807851686808, vstest.console.exe, Determined platform for source 'C:\Projetos\Bank\Bank.UnitTests\bin\Debug\net6.0\Bank.UnitTests.dll' was AnyCPU and it will use the default plaform X64.
TpTrace Information: 0 : 15592, 12, 2023/05/29, 18:55:10.314, 5807851687363, vstest.console.exe, None of the sources provided any runnable platform, using the default platform: X64
TpTrace Information: 0 : 15592, 12, 2023/05/29, 18:55:10.314, 5807851688243, vstest.console.exe, Platform was updated to 'X64'.
TpTrace Information: 0 : 15592, 12, 2023/05/29, 18:55:10.315, 5807851690683, vstest.console.exe, InferRunSettingsHelper.IsTestSettingsEnabled: Unable to navigate to RunSettings/MSTest. Current node: RunSettings
TpTrace Information: 0 : 15592, 12, 2023/05/29, 18:55:10.315, 5807851696364, vstest.console.exe, AssemblyResolver.OnResolve: Microsoft.VisualStudio.TestPlatform.Fakes, Version=17.0.0.0, Culture=neutral: Resolving assembly.
TpTrace Information: 0 : 15592, 12, 2023/05/29, 18:55:10.315, 5807851697247, vstest.console.exe, AssemblyResolver.OnResolve: Microsoft.VisualStudio.TestPlatform.Fakes, Version=17.0.0.0, Culture=neutral: Resolved from cache.
TpTrace Information: 0 : 15592, 12, 2023/05/29, 18:55:10.316, 5807851699867, vstest.console.exe, Failed to load assembly Microsoft.VisualStudio.TestPlatform.Fakes, Version=17.0.0.0, Culture=neutral. Reason:System.IO.FileNotFoundException: Não foi possível carregar arquivo ou assembly 'Microsoft.VisualStudio.TestPlatform.Fakes, Version=17.0.0.0, Culture=neutral' ou uma de suas dependências. O sistema não pode encontrar o arquivo especificado.
File name: 'Microsoft.VisualStudio.TestPlatform.Fakes, Version=17.0.0.0, Culture=neutral'
   at System.Reflection.RuntimeAssembly._nLoad(AssemblyName fileName, String codeBase, Evidence assemblySecurity, RuntimeAssembly locationHint, StackCrawlMark& stackMark, IntPtr pPrivHostBinder, Boolean throwOnFileNotFound, Boolean forIntrospection, Boolean suppressSecurityChecks)
   at System.Reflection.RuntimeAssembly.InternalLoadAssemblyName(AssemblyName assemblyRef, Evidence assemblySecurity, RuntimeAssembly reqAssembly, StackCrawlMark& stackMark, IntPtr pPrivHostBinder, Boolean throwOnFileNotFound, Boolean forIntrospection, Boolean suppressSecurityChecks)
   at System.Reflection.Assembly.Load(AssemblyName assemblyRef)
   at Microsoft.VisualStudio.TestPlatform.Common.Utilities.FakesUtilities.LoadTestPlatformAssembly()

AVI: o log de associações de assembly está desativado.
Para ativar o log de  falhas de assembly, defina o valor do Registro [HKLM\Software\Microsoft\Fusion!EnableLog] (DWORD) como 1.
Observação: há alguma penalidade para o desempenho associada ao log de falha de associação de assembly.
Para desativar esse recurso, remova o valor do Registro [HKLM\Software\Microsoft\Fusion!EnableLog].

TpTrace Verbose: 0 : 15592, 12, 2023/05/29, 18:55:10.317, 5807851713112, vstest.console.exe, TestEngine: Initializing Parallel Execution as MaxCpuCount is set to: 1
TpTrace Information: 0 : 15592, 12, 2023/05/29, 18:55:10.320, 5807851744068, vstest.console.exe, InferRunSettingsHelper.IsTestSettingsEnabled: Unable to navigate to RunSettings/MSTest. Current node: RunSettings
TpTrace Verbose: 0 : 15592, 12, 2023/05/29, 18:55:10.320, 5807851746347, vstest.console.exe, TestEngine.GetExecutionManager: Chosen execution manager 'Microsoft.VisualStudio.TestPlatform.CrossPlatEngine.Client.Parallel.ParallelProxyExecutionManager, Microsoft.TestPlatform.CrossPlatEngine, Version=15.0.0.0, Culture=neutral, PublicKeyToken=b03f5f7f11d50a3a' ParallelLevel '1'.
TpTrace Verbose: 0 : 15592, 12, 2023/05/29, 18:55:10.320, 5807851746802, vstest.console.exe, TestRunRequest.ExecuteAsync: Creating test run request.
TpTrace Verbose: 0 : 15592, 12, 2023/05/29, 18:55:10.320, 5807851747100, vstest.console.exe, TestRunRequest.ExecuteAsync: Starting.
TpTrace Information: 0 : 15592, 12, 2023/05/29, 18:55:10.320, 5807851747524, vstest.console.exe, TestRunRequest.ExecuteAsync: Starting run with settings:TestRunCriteria:
   KeepAlive=False,FrequencyOfRunStatsChangeEvent=10,RunStatsChangeEventTimeout=00:00:01.5000000,TestCaseFilter=,TestExecutorLauncher=Microsoft.VisualStudio.TestPlatform.Client.DesignMode.DesignModeTestHostLauncher
   Settingsxml=<RunSettings>
  <RunConfiguration>
    <CollectSourceInformation>false</CollectSourceInformation>
    <MaxCpuCount>1</MaxCpuCount>
    <TestSessionTimeout>6680</TestSessionTimeout>
    <DesignMode>false</DesignMode>
    <TargetFrameworkVersion>.NETCoreApp,Version=v6.0</TargetFrameworkVersion>
    <TargetPlatform>X64</TargetPlatform>
  </RunConfiguration>
  <InProcDataCollectionRunSettings>
    <InProcDataCollectors>
      <InProcDataCollector friendlyName="StrykerCoverage" uri="https://stryker-mutator.io/" codebase="C:\Users\1511 MXTI\.nuget\packages\dotnet-stryker\3.9.0\tools\net6.0\any\Stryker.DataCollector.dll" assemblyQualifiedName="Stryker.DataCollector.CoverageCollector, Stryker.DataCollector, Version=1.0.0.0, Culture=neutral, PublicKeyToken=null">
        <Configuration>
          <Parameters>
            <Mutant id="12" tests="7c80fa14-4b5e-688b-30c4-22317d77de66" />
            <MutantControl name="Stryker0Xrvs6ez4CmThoK.MutantControl" />
          </Parameters>
        </Configuration>
      </InProcDataCollector>
    </InProcDataCollectors>
  </InProcDataCollectionRunSettings>
  <LoggerRunSettings>
    <Loggers>
      <Logger friendlyName="Console" uri="logger://microsoft/TestPlatform/ConsoleLogger/v1" assemblyQualifiedName="Microsoft.VisualStudio.TestPlatform.CommandLine.Internal.ConsoleLogger, vstest.console, Version=15.0.0.0, Culture=neutral, PublicKeyToken=b03f5f7f11d50a3a" codeBase="C:\Users\1511 MXTI\AppData\Local\Temp\bixzjozn.d4j\.vstest\tools\net462\vstest.console.exe" enabled="True" />
    </Loggers>
  </LoggerRunSettings>
</RunSettings>

TpTrace Verbose: 0 : 15592, 12, 2023/05/29, 18:55:10.320, 5807851747936, vstest.console.exe, TestRunRequest.ExecuteAsync: Wait for the first run request is over.
TpTrace Verbose: 0 : 15592, 12, 2023/05/29, 18:55:10.320, 5807851748627, vstest.console.exe, TestRunRequest.ExecuteAsync: TestSessionTimeout is 6680 milliseconds.
TpTrace Verbose: 0 : 15592, 12, 2023/05/29, 18:55:10.321, 5807851749482, vstest.console.exe, MulticastDelegateUtilities.SafeInvoke: TestRun.TestRunStart: Invoking callbacks was skipped because there are no subscribers.
TpTrace Verbose: 0 : 15592, 12, 2023/05/29, 18:55:10.321, 5807851750524, vstest.console.exe, ParallelProxyExecutionManager: Start execution. Total sources: 1
TpTrace Verbose: 0 : 15592, 14, 2023/05/29, 18:55:10.321, 5807851750699, vstest.console.exe, MulticastDelegateUtilities.SafeInvoke: InternalTestLoggerEvents.SendTestRunStart: Invoking callback 1/1 for Microsoft.VisualStudio.TestPlatform.CommandLine.Internal.ConsoleLogger., took 0 ms.
TpTrace Verbose: 0 : 15592, 12, 2023/05/29, 18:55:10.321, 5807851751548, vstest.console.exe, TestRequestSender is acting as server.
TpTrace Verbose: 0 : 15592, 12, 2023/05/29, 18:55:10.321, 5807851752336, vstest.console.exe, ProxyParallelExecutionManager: No sources available for execution.
TpTrace Information: 0 : 15592, 12, 2023/05/29, 18:55:10.321, 5807851753884, vstest.console.exe, TestRunRequest.ExecuteAsync: Started.
TpTrace Verbose: 0 : 15592, 12, 2023/05/29, 18:55:10.321, 5807851754626, vstest.console.exe, TestRunRequest.WaitForCompletion: Waiting with timeout -1.
TpTrace Verbose: 0 : 15592, 10, 2023/05/29, 18:55:10.321, 5807851752683, vstest.console.exe, ParallelProxyExecutionManager: Execution started. Started clients: 1
TpTrace Verbose: 0 : 15592, 10, 2023/05/29, 18:55:10.321, 5807851756391, vstest.console.exe, ProxyExecutionManager: Test host is always Lazy initialize.
TpTrace Verbose: 0 : 15592, 10, 2023/05/29, 18:55:10.321, 5807851757549, vstest.console.exe, TestRequestSender.InitializeCommunication: initialize communication. 
TpTrace Information: 0 : 15592, 10, 2023/05/29, 18:55:10.322, 5807851760044, vstest.console.exe, SocketServer.Start: Listening on endpoint : 127.0.0.1:57402
TpTrace Verbose: 0 : 15592, 10, 2023/05/29, 18:55:10.322, 5807851761996, vstest.console.exe, DotnetTestHostmanager.GetTestHostProcessStartInfo: Platform environment 'X64' target architecture 'X64' framework '.NETCoreApp,Version=v6.0' OS 'Windows'
TpTrace Verbose: 0 : 15592, 10, 2023/05/29, 18:55:10.322, 5807851763406, vstest.console.exe, DotnetTestHostmanager: Adding  --runtimeconfig "C:\Projetos\Bank\Bank.UnitTests\bin\Debug\net6.0\Bank.UnitTests.runtimeconfig.json" in args
TpTrace Verbose: 0 : 15592, 10, 2023/05/29, 18:55:10.322, 5807851764207, vstest.console.exe, DotnetTestHostmanager: Adding  --depsfile "C:\Projetos\Bank\Bank.UnitTests\bin\Debug\net6.0\Bank.UnitTests.deps.json" in args
TpTrace Verbose: 0 : 15592, 10, 2023/05/29, 18:55:10.322, 5807851765023, vstest.console.exe, DotnetTestHostmanager.IsWinOnArm: Current PROCESSOR_ARCHITECTURE from environment variable 'AMD64'
TpTrace Verbose: 0 : 15592, 10, 2023/05/29, 18:55:10.322, 5807851765488, vstest.console.exe, DotnetTestHostmanager.IsWinOnArm: Is Windows on ARM 'False'
TpTrace Verbose: 0 : 15592, 10, 2023/05/29, 18:55:10.322, 5807851766219, vstest.console.exe, DotnetTestHostManager: testhost.exe found at path: C:\Projetos\Bank\Bank.UnitTests\bin\Debug\net6.0\testhost.exe
TpTrace Verbose: 0 : 15592, 10, 2023/05/29, 18:55:10.322, 5807851766589, vstest.console.exe, DotnetTestHostmanager: Full path of host exe is C:\Projetos\Bank\Bank.UnitTests\bin\Debug\net6.0\testhost.exe
TpTrace Verbose: 0 : 15592, 10, 2023/05/29, 18:55:10.322, 5807851767121, vstest.console.exe, DotnetTestHostmanager.LaunchTestHostAsync: Prefix 'VSTEST_WINAPPHOST_*' not found in env variables
TpTrace Information: 0 : 15592, 1, 2023/05/29, 18:55:11.035, 5807858895152, vstest.console.exe, DesignModeClient.ProcessRequests: Processing Message: (TestExecution.CustomTestHostLaunchCallback) -> {"Version":7,"MessageType":"TestExecution.CustomTestHostLaunchCallback","Payload":{"HostProcessId":1120,"ErrorMessage":null}}
TpTrace Verbose: 0 : 15592, 10, 2023/05/29, 18:55:11.092, 5807859459095, vstest.console.exe, Test Runtime launched
TpTrace Verbose: 0 : 15592, 10, 2023/05/29, 18:55:11.092, 5807859460266, vstest.console.exe, MulticastDelegateUtilities.SafeInvoke: HostProviderEvents.OnHostLaunched: Invoking callback 1/1 for Microsoft.VisualStudio.TestPlatform.CrossPlatEngine.Client.ProxyOperationManager., took 0 ms.
TpTrace Verbose: 0 : 15592, 10, 2023/05/29, 18:55:11.092, 5807859460843, vstest.console.exe, TestRequestSender.WaitForRequestHandlerConnection: waiting for connection with timeout: 90000.
TpTrace Verbose: 0 : 15592, 6, 2023/05/29, 18:55:11.177, 5807860314550, vstest.console.exe, MulticastDelegateUtilities.SafeInvoke: SocketServer: ClientConnected: Invoking callback 1/1 for Microsoft.VisualStudio.TestPlatform.CommunicationUtilities.TestRequestSender., took 0 ms.
TpTrace Verbose: 0 : 15592, 6, 2023/05/29, 18:55:11.177, 5807860315763, vstest.console.exe, SocketServer.OnClientConnected: Client connected for endPoint: 127.0.0.1:57402, starting MessageLoopAsync:
TpTrace Verbose: 0 : 15592, 7, 2023/05/29, 18:55:11.177, 5807860316824, vstest.console.exe, TcpClientExtensions.MessageLoopAsync: Polling on remoteEndPoint: 127.0.0.1:57405 localEndPoint: 127.0.0.1:57402
TpTrace Verbose: 0 : 15592, 10, 2023/05/29, 18:55:11.177, 5807860314537, vstest.console.exe, TestRequestSender.WaitForRequestHandlerConnection: waiting took 85 ms, with timeout 90000 ms, and result 0, which is success.
TpTrace Verbose: 0 : 15592, 10, 2023/05/29, 18:55:11.178, 5807860325819, vstest.console.exe, TestRequestSender.CheckVersionWithTestHost: Sending check version message: {"MessageType":"ProtocolVersion","Payload":7}
TpTrace Verbose: 0 : 15592, 7, 2023/05/29, 18:55:11.312, 5807861666121, vstest.console.exe, TcpClientExtensions.MessageLoopAsync: NotifyDataAvailable remoteEndPoint: 127.0.0.1:57405 localEndPoint: 127.0.0.1:57402
TpTrace Verbose: 0 : 15592, 7, 2023/05/29, 18:55:11.312, 5807861667527, vstest.console.exe, TestRequestSender.CheckVersionWithTestHost: onMessageReceived received message: (ProtocolVersion) -> {"MessageType":"ProtocolVersion","Payload":5}
TpTrace Verbose: 0 : 15592, 7, 2023/05/29, 18:55:11.312, 5807861668582, vstest.console.exe, MulticastDelegateUtilities.SafeInvoke: LengthPrefixCommunicationChannel: MessageReceived: Invoking callback 1/1 for Microsoft.VisualStudio.TestPlatform.CommunicationUtilities.TestRequestSender+<>c__DisplayClass29_0., took 0 ms.
TpTrace Verbose: 0 : 15592, 10, 2023/05/29, 18:55:11.312, 5807861668776, vstest.console.exe, TestPluginCache.GetExtensionPaths: Filtered extension paths: 
TpTrace Verbose: 0 : 15592, 10, 2023/05/29, 18:55:11.313, 5807861669611, vstest.console.exe, TestPluginCache.GetExtensionPaths: Added default extension paths: C:\Users\1511 MXTI\AppData\Local\Temp\bixzjozn.d4j\.vstest\tools\net462\Extensions\Microsoft.TestPlatform.Extensions.BlameDataCollector.dll
C:\Users\1511 MXTI\AppData\Local\Temp\bixzjozn.d4j\.vstest\tools\net462\Extensions\Microsoft.TestPlatform.TestHostRuntimeProvider.dll
C:\Users\1511 MXTI\AppData\Local\Temp\bixzjozn.d4j\.vstest\tools\net462\Extensions\Microsoft.VisualStudio.TestPlatform.Extensions.Html.TestLogger.dll
C:\Users\1511 MXTI\AppData\Local\Temp\bixzjozn.d4j\.vstest\tools\net462\Extensions\Microsoft.VisualStudio.TestPlatform.Extensions.Trx.TestLogger.dll
TpTrace Verbose: 0 : 15592, 7, 2023/05/29, 18:55:11.312, 5807861668963, vstest.console.exe, TcpClientExtensions.MessageLoopAsync: Polling on remoteEndPoint: 127.0.0.1:57405 localEndPoint: 127.0.0.1:57402
TpTrace Verbose: 0 : 15592, 10, 2023/05/29, 18:55:11.313, 5807861670004, vstest.console.exe, TestPluginCache.GetExtensionPaths: Added unfilterableExtensionPaths: 
TpTrace Verbose: 0 : 15592, 10, 2023/05/29, 18:55:11.313, 5807861675380, vstest.console.exe, TestRequestSender.InitializeExecution: Sending initialize execution with message: {"Version":5,"MessageType":"TestExecution.Initialize","Payload":["C:\\Projetos\\Bank\\Bank.UnitTests\\bin\\Debug\\net6.0\\Microsoft.VisualStudio.TestPlatform.MSTest.TestAdapter.dll"]}
TpTrace Warning: 0 : 15592, 10, 2023/05/29, 18:55:11.313, 5807861676831, vstest.console.exe, InferRunSettingsHelper.MakeRunsettingsCompatible: Removing the following settings: TargetPlatform from RunSettings file. To use those settings please move to latest version of Microsoft.NET.Test.Sdk
TpTrace Verbose: 0 : 15592, 10, 2023/05/29, 18:55:11.313, 5807861678374, vstest.console.exe, TestRequestSender.StartTestRun: Sending test run with message: {"Version":5,"MessageType":"TestExecution.StartWithTests","Payload":{"Tests":[{"Id":"7c80fa14-4b5e-688b-30c4-22317d77de66","FullyQualifiedName":"Bank.UnitTests.BankAccountTest.Debit_WithValidAmount_UpdatesBalance","DisplayName":"Debit_WithValidAmount_UpdatesBalance","ExecutorUri":"executor://MSTestAdapter/v2","Source":"C:\\Projetos\\Bank\\Bank.UnitTests\\bin\\Debug\\net6.0\\Bank.UnitTests.dll","CodeFilePath":"C:\\Projetos\\Bank\\Bank.UnitTests\\BankAccountTest.cs","LineNumber":11,"Properties":[{"Key":{"Id":"TestCase.ManagedType","Label":"ManagedType","Category":"","Description":"","Attributes":1,"ValueType":"System.String"},"Value":"Bank.UnitTests.BankAccountTest"},{"Key":{"Id":"TestCase.ManagedMethod","Label":"ManagedMethod","Category":"","Description":"","Attributes":1,"ValueType":"System.String"},"Value":"Debit_WithValidAmount_UpdatesBalance"},{"Key":{"Id":"MSTestDiscoverer.TestClassName","Label":"ClassName","Category":"","Description":"","Attributes":1,"ValueType":"System.String"},"Value":"Bank.UnitTests.BankAccountTest"},{"Key":{"Id":"TestCase.Hierarchy","Label":"Hierarchy","Category":"","Description":"","Attributes":2,"ValueType":"System.String[]"},"Value":["Bank.UnitTests","BankAccountTest"]},{"Key":{"Id":"TestObject.Traits","Label":"Traits","Category":"","Description":"","Attributes":5,"ValueType":"System.Collections.Generic.KeyValuePair`2[[System.String],[System.String]][]"},"Value":[]}]}],"RunSettings":"<RunSettings>\r\n  <RunConfiguration>\r\n    <CollectSourceInformation>false</CollectSourceInformation>\r\n    <MaxCpuCount>1</MaxCpuCount>\r\n    <TestSessionTimeout>6680</TestSessionTimeout>\r\n    <DesignMode>false</DesignMode>\r\n    <TargetFrameworkVersion>.NETCoreApp,Version=v6.0</TargetFrameworkVersion>\r\n  </RunConfiguration>\r\n  <InProcDataCollectionRunSettings>\r\n    <InProcDataCollectors>\r\n      <InProcDataCollector friendlyName=\"StrykerCoverage\" uri=\"https://stryker-mutator.io/\" codebase=\"C:\\Users\\1511 MXTI\\.nuget\\packages\\dotnet-stryker\\3.9.0\\tools\\net6.0\\any\\Stryker.DataCollector.dll\" assemblyQualifiedName=\"Stryker.DataCollector.CoverageCollector, Stryker.DataCollector, Version=1.0.0.0, Culture=neutral, PublicKeyToken=null\">\r\n        <Configuration>\r\n          <Parameters>\r\n            <Mutant id=\"12\" tests=\"7c80fa14-4b5e-688b-30c4-22317d77de66\" />\r\n            <MutantControl name=\"Stryker0Xrvs6ez4CmThoK.MutantControl\" />\r\n          </Parameters>\r\n        </Configuration>\r\n      </InProcDataCollector>\r\n    </InProcDataCollectors>\r\n  </InProcDataCollectionRunSettings>\r\n  <LoggerRunSettings>\r\n    <Loggers>\r\n      <Logger friendlyName=\"Console\" uri=\"logger://microsoft/TestPlatform/ConsoleLogger/v1\" assemblyQualifiedName=\"Microsoft.VisualStudio.TestPlatform.CommandLine.Internal.ConsoleLogger, vstest.console, Version=15.0.0.0, Culture=neutral, PublicKeyToken=b03f5f7f11d50a3a\" codeBase=\"C:\\Users\\1511 MXTI\\AppData\\Local\\Temp\\bixzjozn.d4j\\.vstest\\tools\\net462\\vstest.console.exe\" enabled=\"True\" />\r\n    </Loggers>\r\n  </LoggerRunSettings>\r\n</RunSettings>","TestExecutionContext":{"FrequencyOfRunStatsChangeEvent":10,"RunStatsChangeEventTimeout":"00:00:01.5000000","InIsolation":false,"KeepAlive":false,"AreTestCaseLevelEventsRequired":false,"IsDebug":false,"TestCaseFilter":null,"FilterOptions":null},"Package":null}}
TpTrace Verbose: 0 : 15592, 7, 2023/05/29, 18:55:11.325, 5807861794209, vstest.console.exe, TcpClientExtensions.MessageLoopAsync: NotifyDataAvailable remoteEndPoint: 127.0.0.1:57405 localEndPoint: 127.0.0.1:57402
TpTrace Verbose: 0 : 15592, 7, 2023/05/29, 18:55:11.325, 5807861795553, vstest.console.exe, TestRequestSender.OnExecutionMessageReceived: Received message: {"Version":5,"MessageType":"TestSession.Message","Payload":{"MessageLevel":0,"Message":"Logging TestHost Diagnostics in file: C:\\Projetos\\Bank\\Bank.UnitTests\\StrykerOutput\\2023-05-29.18-54-42\\logs\\Runner 3_VsTest-log.host.23-05-29_18-55-10_32204_10.txt"}}
TpTrace Verbose: 0 : 15592, 7, 2023/05/29, 18:55:11.325, 5807861797181, vstest.console.exe, MulticastDelegateUtilities.SafeInvoke: TestRunRequest.RawMessageReceived: Invoking callback 1/1 for Microsoft.VisualStudio.TestPlatform.Client.DesignMode.DesignModeTestEventsRegistrar., took 0 ms.
TpTrace Verbose: 0 : 15592, 7, 2023/05/29, 18:55:11.325, 5807861798471, vstest.console.exe, TestRunRequest:SendTestRunMessage: Starting.
TpTrace Verbose: 0 : 15592, 7, 2023/05/29, 18:55:11.326, 5807861799440, vstest.console.exe, MulticastDelegateUtilities.SafeInvoke: TestRun.LogMessages: Invoking callback 1/1 for Microsoft.VisualStudio.TestPlatform.CommandLine.TestRunResultAggregator., took 0 ms.
TpTrace Information: 0 : 15592, 7, 2023/05/29, 18:55:11.326, 5807861800262, vstest.console.exe, TestRunRequest:SendTestRunMessage: Completed.
TpTrace Verbose: 0 : 15592, 7, 2023/05/29, 18:55:11.326, 5807861800991, vstest.console.exe, MulticastDelegateUtilities.SafeInvoke: LengthPrefixCommunicationChannel: MessageReceived: Invoking callback 1/1 for Microsoft.VisualStudio.TestPlatform.CommunicationUtilities.TestRequestSender+<>c__DisplayClass35_0., took 0 ms.
TpTrace Verbose: 0 : 15592, 7, 2023/05/29, 18:55:11.326, 5807861801540, vstest.console.exe, TcpClientExtensions.MessageLoopAsync: Polling on remoteEndPoint: 127.0.0.1:57405 localEndPoint: 127.0.0.1:57402
TpTrace Verbose: 0 : 15592, 14, 2023/05/29, 18:55:11.326, 5807861803649, vstest.console.exe, MulticastDelegateUtilities.SafeInvoke: InternalTestLoggerEvents.SendTestRunMessage: Invoking callback 1/1 for Microsoft.VisualStudio.TestPlatform.CommandLine.Internal.ConsoleLogger., took 0 ms.
TpTrace Verbose: 0 : 15592, 7, 2023/05/29, 18:55:11.797, 5807866512851, vstest.console.exe, TcpClientExtensions.MessageLoopAsync: NotifyDataAvailable remoteEndPoint: 127.0.0.1:57405 localEndPoint: 127.0.0.1:57402
TpTrace Verbose: 0 : 15592, 7, 2023/05/29, 18:55:11.797, 5807866514881, vstest.console.exe, TestRequestSender.OnExecutionMessageReceived: Received message: {"Version":5,"MessageType":"TestExecution.Completed","Payload":{"TestRunCompleteArgs":{"TestRunStatistics":{"ExecutedTests":1,"Stats":{"Failed":1}},"IsCanceled":false,"IsAborted":false,"Error":null,"AttachmentSets":[],"ElapsedTimeInRunningTests":"00:00:00.1005453","Metrics":{}},"LastRunTests":{"NewTestResults":[{"TestCase":{"Id":"7c80fa14-4b5e-688b-30c4-22317d77de66","FullyQualifiedName":"Bank.UnitTests.BankAccountTest.Debit_WithValidAmount_UpdatesBalance","DisplayName":"Debit_WithValidAmount_UpdatesBalance","ExecutorUri":"executor://MSTestAdapter/v2","Source":"C:\\Projetos\\Bank\\Bank.UnitTests\\bin\\Debug\\net6.0\\Bank.UnitTests.dll","CodeFilePath":"C:\\Projetos\\Bank\\Bank.UnitTests\\BankAccountTest.cs","LineNumber":11,"Properties":[{"Key":{"Id":"TestCase.ManagedType","Label":"ManagedType","Category":"","Description":"","Attributes":1,"ValueType":"System.String"},"Value":"Bank.UnitTests.BankAccountTest"},{"Key":{"Id":"TestCase.ManagedMethod","Label":"ManagedMethod","Category":"","Description":"","Attributes":1,"ValueType":"System.String"},"Value":"Debit_WithValidAmount_UpdatesBalance"},{"Key":{"Id":"MSTestDiscoverer.TestClassName","Label":"ClassName","Category":"","Description":"","Attributes":1,"ValueType":"System.String"},"Value":"Bank.UnitTests.BankAccountTest"},{"Key":{"Id":"TestCase.Hierarchy","Label":"Hierarchy","Category":"","Description":"","Attributes":2,"ValueType":"System.String[]"},"Value":["Bank.UnitTests","BankAccountTest"]},{"Key":{"Id":"TestObject.Traits","Label":"Traits","Category":"","Description":"","Attributes":5,"ValueType":"System.Collections.Generic.KeyValuePair`2[[System.String],[System.String]][]"},"Value":[]}]},"Attachments":[],"Outcome":2,"ErrorMessage":"Test method Bank.UnitTests.BankAccountTest.Debit_WithValidAmount_UpdatesBalance threw exception: \r\nSystem.ArgumentOutOfRangeException: Specified argument was out of the range of valid values. (Parameter 'amount')","ErrorStackTrace":"    at Bank.Account.BankAccount.Debit(Double amount)\r\n   at Bank.UnitTests.BankAccountTest.Debit_WithValidAmount_UpdatesBalance() in C:\\Projetos\\Bank\\Bank.UnitTests\\BankAccountTest.cs:line 19\r\n","DisplayName":"Debit_WithValidAmount_UpdatesBalance","Messages":[],"ComputerName":null,"Duration":"00:00:00.0192560","StartTime":"2023-05-29T18:55:11.6922996-03:00","EndTime":"2023-05-29T18:55:11.7395258-03:00","Properties":[{"Key":{"Id":"ExecutionId","Label":"ExecutionId","Category":"","Description":"","Attributes":1,"ValueType":"System.Guid"},"Value":"00000000-0000-0000-0000-000000000000"},{"Key":{"Id":"ParentExecId","Label":"ParentExecId","Category":"","Description":"","Attributes":1,"ValueType":"System.Guid"},"Value":"00000000-0000-0000-0000-000000000000"},{"Key":{"Id":"InnerResultsCount","Label":"InnerResultsCount","Category":"","Description":"","Attributes":1,"ValueType":"System.Int32"},"Value":0}]}],"TestRunStatistics":{"ExecutedTests":1,"Stats":{"Failed":1}},"ActiveTests":[]},"RunAttachments":[],"ExecutorUris":["executor://mstestadapter/v2"]}}
TpTrace Verbose: 0 : 15592, 7, 2023/05/29, 18:55:11.797, 5807866516076, vstest.console.exe, TestRequestSender.EndSession: Sending end session.
TpTrace Verbose: 0 : 15592, 7, 2023/05/29, 18:55:11.797, 5807866517259, vstest.console.exe, ProxyOperationManager.Close: waiting for test host to exit for 100 ms
TpTrace Verbose: 0 : 15592, 4, 2023/05/29, 18:55:11.816, 5807866703348, vstest.console.exe, TestHostProvider.ExitCallBack: Host exited starting callback.
TpTrace Information: 0 : 15592, 4, 2023/05/29, 18:55:11.816, 5807866704383, vstest.console.exe, TestHostManagerCallbacks.ExitCallBack: Testhost processId: 1120 exited with exitcode: 0 error: ''
TpTrace Verbose: 0 : 15592, 4, 2023/05/29, 18:55:11.816, 5807866704743, vstest.console.exe, DotnetTestHostManager.OnHostExited: invoking OnHostExited callback
TpTrace Verbose: 0 : 15592, 4, 2023/05/29, 18:55:11.816, 5807866705172, vstest.console.exe, CrossPlatEngine.TestHostManagerHostExited: calling on client process exit callback.
TpTrace Information: 0 : 15592, 4, 2023/05/29, 18:55:11.816, 5807866705548, vstest.console.exe, TestRequestSender.OnClientProcessExit: Test host process exited. Standard error: 
TpTrace Information: 0 : 15592, 7, 2023/05/29, 18:55:11.816, 5807866705705, vstest.console.exe, SocketServer.Stop: Stop server endPoint: 127.0.0.1:57402
TpTrace Information: 0 : 15592, 7, 2023/05/29, 18:55:11.816, 5807866706403, vstest.console.exe, SocketServer.Stop: Cancellation requested. Stopping message loop.
TpTrace Information: 0 : 15592, 7, 2023/05/29, 18:55:11.816, 5807866706780, vstest.console.exe, Closing the connection
TpTrace Information: 0 : 15592, 4, 2023/05/29, 18:55:11.816, 5807866705878, vstest.console.exe, SocketServer.Stop: Stop server endPoint: 127.0.0.1:57402
TpTrace Information: 0 : 15592, 4, 2023/05/29, 18:55:11.816, 5807866708971, vstest.console.exe, SocketServer.Stop: Cancellation requested. Stopping message loop.
TpTrace Verbose: 0 : 15592, 4, 2023/05/29, 18:55:11.817, 5807866709368, vstest.console.exe, MulticastDelegateUtilities.SafeInvoke: HostProviderEvents.OnHostExited: Invoking callback 1/1 for Microsoft.VisualStudio.TestPlatform.CrossPlatEngine.Client.ProxyOperationManager., took 0 ms.
TpTrace Verbose: 0 : 15592, 7, 2023/05/29, 18:55:11.817, 5807866712704, vstest.console.exe, MulticastDelegateUtilities.SafeInvoke: TestRunRequest.RawMessageReceived: Invoking callback 1/1 for Microsoft.VisualStudio.TestPlatform.Client.DesignMode.DesignModeTestEventsRegistrar., took 0 ms.
TpTrace Verbose: 0 : 15592, 7, 2023/05/29, 18:55:11.817, 5807866713273, vstest.console.exe, TestRunRequest:SendTestRunStatsChange: Starting.
TpTrace Verbose: 0 : 15592, 7, 2023/05/29, 18:55:11.817, 5807866713836, vstest.console.exe, MulticastDelegateUtilities.SafeInvoke: TestRun.RunStatsChanged: Invoking callbacks was skipped because there are no subscribers.
TpTrace Information: 0 : 15592, 7, 2023/05/29, 18:55:11.817, 5807866714154, vstest.console.exe, TestRunRequest:SendTestRunStatsChange: Completed.
TpTrace Verbose: 0 : 15592, 7, 2023/05/29, 18:55:11.817, 5807866714491, vstest.console.exe, ParallelProxyExecutionManager: HandlePartialRunComplete: Total completed clients = 1, Run complete = True, Run canceled: False.
TpTrace Verbose: 0 : 15592, 14, 2023/05/29, 18:55:11.818, 5807866724085, vstest.console.exe, MulticastDelegateUtilities.SafeInvoke: InternalTestLoggerEvents.SendTestResult: Invoking callback 1/1 for Microsoft.VisualStudio.TestPlatform.CommandLine.Internal.ConsoleLogger., took 0 ms.
TpTrace Verbose: 0 : 15592, 14, 2023/05/29, 18:55:11.819, 5807866733892, vstest.console.exe, MulticastDelegateUtilities.SafeInvoke: InternalTestLoggerEvents.SendTestRunComplete: Invoking callback 1/1 for Microsoft.VisualStudio.TestPlatform.CommandLine.Internal.ConsoleLogger., took 0 ms.
TpTrace Verbose: 0 : 15592, 7, 2023/05/29, 18:55:11.819, 5807866736212, vstest.console.exe, MulticastDelegateUtilities.SafeInvoke: TestRunRequest.RawMessageReceived: Invoking callback 1/1 for Microsoft.VisualStudio.TestPlatform.Client.DesignMode.DesignModeTestEventsRegistrar., took 0 ms.
TpTrace Verbose: 0 : 15592, 7, 2023/05/29, 18:55:11.819, 5807866737162, vstest.console.exe, TestRunRequest:TestRunComplete: Starting. IsAborted:False IsCanceled:False.
TpTrace Verbose: 0 : 15592, 7, 2023/05/29, 18:55:11.819, 5807866737764, vstest.console.exe, TestLoggerManager.HandleTestRunComplete: Ignoring as the object is disposed.
TpTrace Verbose: 0 : 15592, 7, 2023/05/29, 18:55:11.819, 5807866738460, vstest.console.exe, MulticastDelegateUtilities.SafeInvoke: TestRun.TestRunComplete: Invoking callback 1/1 for Microsoft.VisualStudio.TestPlatform.CommandLine.TestRunResultAggregator., took 0 ms.
TpTrace Information: 0 : 15592, 7, 2023/05/29, 18:55:11.819, 5807866738998, vstest.console.exe, TestRunRequest:TestRunComplete: Completed.
TpTrace Verbose: 0 : 15592, 12, 2023/05/29, 18:55:11.820, 5807866739210, vstest.console.exe, TestRunRequest.Dispose: Starting.
TpTrace Information: 0 : 15592, 12, 2023/05/29, 18:55:11.820, 5807866740413, vstest.console.exe, TestRunRequest.Dispose: Completed.
TpTrace Information: 0 : 15592, 12, 2023/05/29, 18:55:11.820, 5807866741006, vstest.console.exe, TestRequestManager.RunTests: run tests completed.
TpTrace Verbose: 0 : 15592, 7, 2023/05/29, 18:55:11.820, 5807866739615, vstest.console.exe, TestRequestSender.SetOperationComplete: Setting operation complete.
TpTrace Information: 0 : 15592, 7, 2023/05/29, 18:55:11.820, 5807866743233, vstest.console.exe, SocketServer.Stop: Stop server endPoint: 127.0.0.1:57402
TpTrace Information: 0 : 15592, 7, 2023/05/29, 18:55:11.820, 5807866743848, vstest.console.exe, SocketServer.Stop: Cancellation requested. Stopping message loop.
TpTrace Verbose: 0 : 15592, 7, 2023/05/29, 18:55:11.820, 5807866744364, vstest.console.exe, MulticastDelegateUtilities.SafeInvoke: LengthPrefixCommunicationChannel: MessageReceived: Invoking callback 1/1 for Microsoft.VisualStudio.TestPlatform.CommunicationUtilities.TestRequestSender+<>c__DisplayClass35_0., took 22 ms.
TpTrace Information: 0 : 15592, 7, 2023/05/29, 18:55:11.820, 5807866744884, vstest.console.exe, SocketServer.PrivateStop: Stopping server endPoint: 127.0.0.1:57402 error: 
TpTrace Verbose: 0 : 15592, 7, 2023/05/29, 18:55:11.820, 5807866746458, vstest.console.exe, LengthPrefixCommunicationChannel.Dispose: Dispose reader and writer.
TpTrace Information: 0 : 15592, 7, 2023/05/29, 18:55:11.820, 5807866747060, vstest.console.exe, SocketServer.Stop: Raise disconnected event endPoint: 127.0.0.1:57402 error: 
TpTrace Verbose: 0 : 15592, 7, 2023/05/29, 18:55:11.820, 5807866747715, vstest.console.exe, TestRequestSender: OnTestRunAbort: Operation is already complete. Skip error message.
TpTrace Verbose: 0 : 15592, 7, 2023/05/29, 18:55:11.820, 5807866748300, vstest.console.exe, MulticastDelegateUtilities.SafeInvoke: SocketServer: ClientDisconnected: Invoking callback 1/1 for Microsoft.VisualStudio.TestPlatform.CommunicationUtilities.TestRequestSender., took 0 ms.
TpTrace Verbose: 0 : 15592, 7, 2023/05/29, 18:55:11.820, 5807866748822, vstest.console.exe, TcpClientExtensions.MessageLoopAsync: exiting MessageLoopAsync remoteEndPoint: 127.0.0.1:57405 localEndPoint: 127.0.0.1:57402
TpTrace Verbose: 0 : 15592, 6, 2023/05/29, 18:55:12.719, 5807875737761, vstest.console.exe, TestRunRequest.OnTestSessionTimeout: calling cancellation as test run exceeded testSessionTimeout 6680 milliseconds
TpTrace Verbose: 0 : 15592, 6, 2023/05/29, 18:55:12.721, 5807875754474, vstest.console.exe, TestRunRequest:SendTestRunMessage: Starting.
TpTrace Warning: 0 : 15592, 6, 2023/05/29, 18:55:12.721, 5807875755275, vstest.console.exe, TestRunRequest.SendTestRunMessage: Ignoring as the object is disposed.
TpTrace Verbose: 0 : 15592, 6, 2023/05/29, 18:55:12.722, 5807875760045, vstest.console.exe, TestRunRequest.Abort: Aborting.
TpTrace Warning: 0 : 15592, 6, 2023/05/29, 18:55:12.722, 5807875760691, vstest.console.exe, Ignoring TestRunRequest.Abort() as testRunRequest object has already been disposed
TpTrace Information: 0 : 15592, 1, 2023/05/29, 18:55:12.858, 5807877127155, vstest.console.exe, DesignModeClient.ProcessRequests: Processing Message: (TestSession.Terminate) -> {"MessageType":"TestSession.Terminate","Payload":null}
TpTrace Information: 0 : 15592, 1, 2023/05/29, 18:55:12.858, 5807877128157, vstest.console.exe, DesignModeClient: Session End message received from server. Closing the connection.
TpTrace Verbose: 0 : 15592, 1, 2023/05/29, 18:55:12.860, 5807877140545, vstest.console.exe, Executor.Execute: Exiting with exit code of 1
