TpTrace Verbose: 0 : 1120, 1, 2023/05/29, 18:55:11.147, 5807860027230, testhost.dll, Version: 16.11.0
TpTrace Information: 0 : 1120, 1, 2023/05/29, 18:55:11.154, 5807860084061, testhost.dll, DefaultEngineInvoker.Invoke: Testhost process started with args :[--port, 57402],[--endpoint, 127.0.0.1:057402],[--role, client],[--parentprocessid, 15592],[--diag, C:\Projetos\Bank\Bank.UnitTests\StrykerOutput\2023-05-29.18-54-42\logs\Runner 3_VsTest-log.host.23-05-29_18-55-10_32204_10.txt],[--tracelevel, 4],[--telemetryoptedin, false]
TpTrace Information: 0 : 1120, 1, 2023/05/29, 18:55:11.155, 5807860098061, testhost.dll, Setting up debug trace listener.
TpTrace Verbose: 0 : 1120, 1, 2023/05/29, 18:55:11.156, 5807860100520, testhost.dll, TestPlatformTraceListener.Setup: Replacing listener 0 with TestHostTraceListener.
TpTrace Verbose: 0 : 1120, 1, 2023/05/29, 18:55:11.156, 5807860100987, testhost.dll, TestPlatformTraceListener.Setup: Added test platform trace listener.
TpTrace Information: 0 : 1120, 1, 2023/05/29, 18:55:11.157, 5807860110369, testhost.dll, DefaultEngineInvoker.SetParentProcessExitCallback: Monitoring parent process with id: '15592'
TpTrace Information: 0 : 1120, 1, 2023/05/29, 18:55:11.164, 5807860178279, testhost.dll, DefaultEngineInvoker.GetConnectionInfo: Initialize communication on endpoint address: '127.0.0.1:057402'
TpTrace Information: 0 : 1120, 1, 2023/05/29, 18:55:11.173, 5807860271779, testhost.dll, SocketClient.Start: connecting to server endpoint: 127.0.0.1:057402
TpTrace Information: 0 : 1120, 1, 2023/05/29, 18:55:11.179, 5807860336639, testhost.dll, DefaultEngineInvoker.Invoke: Start Request Processing.
TpTrace Information: 0 : 1120, 9, 2023/05/29, 18:55:11.180, 5807860345823, testhost.dll, SocketClient.OnServerConnected: connected to server endpoint: 127.0.0.1:057402
TpTrace Information: 0 : 1120, 10, 2023/05/29, 18:55:11.182, 5807860364035, testhost.dll, DefaultEngineInvoker.StartProcessingAsync: Connected to vstest.console, Starting process requests.
TpTrace Verbose: 0 : 1120, 9, 2023/05/29, 18:55:11.182, 5807860363998, testhost.dll, Connected to server, and starting MessageLoopAsync
TpTrace Verbose: 0 : 1120, 9, 2023/05/29, 18:55:11.185, 5807860397636, testhost.dll, TcpClientExtensions.MessageLoopAsync: Polling on remoteEndPoint: [::ffff:127.0.0.1]:57402 localEndPoint: [::ffff:127.0.0.1]:57405
TpTrace Verbose: 0 : 1120, 9, 2023/05/29, 18:55:11.186, 5807860402798, testhost.dll, TcpClientExtensions.MessageLoopAsync: NotifyDataAvailable remoteEndPoint: [::ffff:127.0.0.1]:57402 localEndPoint: [::ffff:127.0.0.1]:57405
TpTrace Information: 0 : 1120, 9, 2023/05/29, 18:55:11.294, 5807861483761, testhost.dll, TestRequestHandler.OnMessageReceived: received message: (ProtocolVersion) -> 7
TpTrace Verbose: 0 : 1120, 9, 2023/05/29, 18:55:11.325, 5807861791664, testhost.dll, TestRequestHandler.SendData:  sending data from testhost: {"Version":5,"MessageType":"TestSession.Message","Payload":{"MessageLevel":0,"Message":"Logging TestHost Diagnostics in file: C:\\Projetos\\Bank\\Bank.UnitTests\\StrykerOutput\\2023-05-29.18-54-42\\logs\\Runner 3_VsTest-log.host.23-05-29_18-55-10_32204_10.txt"}}
TpTrace Verbose: 0 : 1120, 9, 2023/05/29, 18:55:11.325, 5807861794170, testhost.dll, TcpClientExtensions.MessageLoopAsync: Polling on remoteEndPoint: [::ffff:127.0.0.1]:57402 localEndPoint: [::ffff:127.0.0.1]:57405
TpTrace Verbose: 0 : 1120, 9, 2023/05/29, 18:55:11.325, 5807861794942, testhost.dll, TcpClientExtensions.MessageLoopAsync: NotifyDataAvailable remoteEndPoint: [::ffff:127.0.0.1]:57402 localEndPoint: [::ffff:127.0.0.1]:57405
TpTrace Information: 0 : 1120, 9, 2023/05/29, 18:55:11.330, 5807861841356, testhost.dll, TestRequestHandler.OnMessageReceived: received message: (TestExecution.Initialize) -> [
  "C:\\Projetos\\Bank\\Bank.UnitTests\\bin\\Debug\\net6.0\\Microsoft.VisualStudio.TestPlatform.MSTest.TestAdapter.dll"
]
TpTrace Verbose: 0 : 1120, 9, 2023/05/29, 18:55:11.339, 5807861933284, testhost.dll, TcpClientExtensions.MessageLoopAsync: Polling on remoteEndPoint: [::ffff:127.0.0.1]:57402 localEndPoint: [::ffff:127.0.0.1]:57405
TpTrace Verbose: 0 : 1120, 9, 2023/05/29, 18:55:11.339, 5807861935150, testhost.dll, TcpClientExtensions.MessageLoopAsync: NotifyDataAvailable remoteEndPoint: [::ffff:127.0.0.1]:57402 localEndPoint: [::ffff:127.0.0.1]:57405
TpTrace Information: 0 : 1120, 4, 2023/05/29, 18:55:11.339, 5807861936998, testhost.dll, TestRequestHandler.OnMessageReceived: Running job 'TestExecution.Initialize'.
TpTrace Verbose: 0 : 1120, 4, 2023/05/29, 18:55:11.341, 5807861955178, testhost.dll, TestExecutorService: Loading the extensions
TpTrace Information: 0 : 1120, 9, 2023/05/29, 18:55:11.343, 5807861971693, testhost.dll, TestRequestHandler.OnMessageReceived: received message: (TestExecution.StartWithTests) -> {
  "Tests": [
    {
      "Id": "7c80fa14-4b5e-688b-30c4-22317d77de66",
      "FullyQualifiedName": "Bank.UnitTests.BankAccountTest.Debit_WithValidAmount_UpdatesBalance",
      "DisplayName": "Debit_WithValidAmount_UpdatesBalance",
      "ExecutorUri": "executor://MSTestAdapter/v2",
      "Source": "C:\\Projetos\\Bank\\Bank.UnitTests\\bin\\Debug\\net6.0\\Bank.UnitTests.dll",
      "CodeFilePath": "C:\\Projetos\\Bank\\Bank.UnitTests\\BankAccountTest.cs",
      "LineNumber": 11,
      "Properties": [
        {
          "Key": {
            "Id": "TestCase.ManagedType",
            "Label": "ManagedType",
            "Category": "",
            "Description": "",
            "Attributes": 1,
            "ValueType": "System.String"
          },
          "Value": "Bank.UnitTests.BankAccountTest"
        },
        {
          "Key": {
            "Id": "TestCase.ManagedMethod",
            "Label": "ManagedMethod",
            "Category": "",
            "Description": "",
            "Attributes": 1,
            "ValueType": "System.String"
          },
          "Value": "Debit_WithValidAmount_UpdatesBalance"
        },
        {
          "Key": {
            "Id": "MSTestDiscoverer.TestClassName",
            "Label": "ClassName",
            "Category": "",
            "Description": "",
            "Attributes": 1,
            "ValueType": "System.String"
          },
          "Value": "Bank.UnitTests.BankAccountTest"
        },
        {
          "Key": {
            "Id": "TestCase.Hierarchy",
            "Label": "Hierarchy",
            "Category": "",
            "Description": "",
            "Attributes": 2,
            "ValueType": "System.String[]"
          },
          "Value": [
            "Bank.UnitTests",
            "BankAccountTest"
          ]
        },
        {
          "Key": {
            "Id": "TestObject.Traits",
            "Label": "Traits",
            "Category": "",
            "Description": "",
            "Attributes": 5,
            "ValueType": "System.Collections.Generic.KeyValuePair`2[[System.String],[System.String]][]"
          },
          "Value": []
        }
      ]
    }
  ],
  "RunSettings": "<RunSettings>\r\n  <RunConfiguration>\r\n    <CollectSourceInformation>false</CollectSourceInformation>\r\n    <MaxCpuCount>1</MaxCpuCount>\r\n    <TestSessionTimeout>6680</TestSessionTimeout>\r\n    <DesignMode>false</DesignMode>\r\n    <TargetFrameworkVersion>.NETCoreApp,Version=v6.0</TargetFrameworkVersion>\r\n  </RunConfiguration>\r\n  <InProcDataCollectionRunSettings>\r\n    <InProcDataCollectors>\r\n      <InProcDataCollector friendlyName=\"StrykerCoverage\" uri=\"https://stryker-mutator.io/\" codebase=\"C:\\Users\\1511 MXTI\\.nuget\\packages\\dotnet-stryker\\3.9.0\\tools\\net6.0\\any\\Stryker.DataCollector.dll\" assemblyQualifiedName=\"Stryker.DataCollector.CoverageCollector, Stryker.DataCollector, Version=1.0.0.0, Culture=neutral, PublicKeyToken=null\">\r\n        <Configuration>\r\n          <Parameters>\r\n            <Mutant id=\"12\" tests=\"7c80fa14-4b5e-688b-30c4-22317d77de66\" />\r\n            <MutantControl name=\"Stryker0Xrvs6ez4CmThoK.MutantControl\" />\r\n          </Parameters>\r\n        </Configuration>\r\n      </InProcDataCollector>\r\n    </InProcDataCollectors>\r\n  </InProcDataCollectionRunSettings>\r\n  <LoggerRunSettings>\r\n    <Loggers>\r\n      <Logger friendlyName=\"Console\" uri=\"logger://microsoft/TestPlatform/ConsoleLogger/v1\" assemblyQualifiedName=\"Microsoft.VisualStudio.TestPlatform.CommandLine.Internal.ConsoleLogger, vstest.console, Version=15.0.0.0, Culture=neutral, PublicKeyToken=b03f5f7f11d50a3a\" codeBase=\"C:\\Users\\1511 MXTI\\AppData\\Local\\Temp\\bixzjozn.d4j\\.vstest\\tools\\net462\\vstest.console.exe\" enabled=\"True\" />\r\n    </Loggers>\r\n  </LoggerRunSettings>\r\n</RunSettings>",
  "TestExecutionContext": {
    "FrequencyOfRunStatsChangeEvent": 10,
    "RunStatsChangeEventTimeout": "00:00:01.5000000",
    "InIsolation": false,
    "KeepAlive": false,
    "AreTestCaseLevelEventsRequired": false,
    "IsDebug": false,
    "TestCaseFilter": null,
    "FilterOptions": null
  },
  "Package": null
}
TpTrace Verbose: 0 : 1120, 4, 2023/05/29, 18:55:11.344, 5807861978710, testhost.dll, TestPluginCache.DiscoverTestExtensions: finding test extensions in assemblies ends with: TestAdapter.dll TPluginInfo: Microsoft.VisualStudio.TestPlatform.Common.ExtensionFramework.Utilities.TestExecutorPluginInformation TExtension: Microsoft.VisualStudio.TestPlatform.ObjectModel.Adapter.ITestExecutor
TpTrace Verbose: 0 : 1120, 4, 2023/05/29, 18:55:11.345, 5807861995539, testhost.dll, TestPluginCache.GetExtensionPaths: Filtered extension paths: 
TpTrace Verbose: 0 : 1120, 4, 2023/05/29, 18:55:11.346, 5807862000584, testhost.dll, TestPluginCache.GetExtensionPaths: Added default extension paths: C:\Projetos\Bank\Bank.UnitTests\bin\Debug\net6.0\Microsoft.VisualStudio.TestPlatform.MSTest.TestAdapter.dll
TpTrace Verbose: 0 : 1120, 4, 2023/05/29, 18:55:11.346, 5807862001260, testhost.dll, TestPluginCache.GetExtensionPaths: Added unfilterableExtensionPaths: 
TpTrace Information: 0 : 1120, 4, 2023/05/29, 18:55:11.347, 5807862016648, testhost.dll, AssemblyResolver.ctor: Creating AssemblyResolver with searchDirectories C:\Projetos\Bank\Bank.UnitTests\bin\Debug\net6.0
TpTrace Verbose: 0 : 1120, 4, 2023/05/29, 18:55:11.349, 5807862033414, testhost.dll, TestPluginCache.DiscoverTestExtensions: Discovering the extensions using extension path.
TpTrace Verbose: 0 : 1120, 4, 2023/05/29, 18:55:11.349, 5807862035779, testhost.dll, TestPluginCache.GetExtensionPaths: Filtered extension paths: 
TpTrace Verbose: 0 : 1120, 4, 2023/05/29, 18:55:11.349, 5807862036609, testhost.dll, TestPluginCache.GetExtensionPaths: Added default extension paths: C:\Projetos\Bank\Bank.UnitTests\bin\Debug\net6.0\Microsoft.VisualStudio.TestPlatform.MSTest.TestAdapter.dll
TpTrace Verbose: 0 : 1120, 4, 2023/05/29, 18:55:11.349, 5807862037064, testhost.dll, TestPluginCache.GetExtensionPaths: Added unfilterableExtensionPaths: 
TpTrace Verbose: 0 : 1120, 4, 2023/05/29, 18:55:11.349, 5807862037858, testhost.dll, TestPluginCache.DiscoverTestExtensions: Discovering the extensions using allExtensionPaths: C:\Projetos\Bank\Bank.UnitTests\bin\Debug\net6.0\Microsoft.VisualStudio.TestPlatform.MSTest.TestAdapter.dll
TpTrace Information: 0 : 1120, 4, 2023/05/29, 18:55:11.351, 5807862050595, testhost.dll, AssemblyResolver.AddSearchDirectories: Adding more searchDirectories C:\Projetos\Bank\Bank.UnitTests\bin\Debug\net6.0
TpTrace Information: 0 : 1120, 4, 2023/05/29, 18:55:11.357, 5807862109590, testhost.dll, AssemblyResolver.OnResolve: Microsoft.VisualStudio.TestPlatform.MSTest.TestAdapter: Resolving assembly.
TpTrace Information: 0 : 1120, 4, 2023/05/29, 18:55:11.357, 5807862110680, testhost.dll, AssemblyResolver.OnResolve: Microsoft.VisualStudio.TestPlatform.MSTest.TestAdapter: Searching in: 'C:\Projetos\Bank\Bank.UnitTests\bin\Debug\net6.0'.
TpTrace Information: 0 : 1120, 4, 2023/05/29, 18:55:11.358, 5807862120316, testhost.dll, AssemblyResolver.OnResolve: Microsoft.VisualStudio.TestPlatform.MSTest.TestAdapter: Loading assembly 'C:\Projetos\Bank\Bank.UnitTests\bin\Debug\net6.0\Microsoft.VisualStudio.TestPlatform.MSTest.TestAdapter.dll'.
TpTrace Information: 0 : 1120, 4, 2023/05/29, 18:55:11.358, 5807862125099, testhost.dll, AssemblyResolver.OnResolve: Resolved assembly: Microsoft.VisualStudio.TestPlatform.MSTest.TestAdapter, from path: C:\Projetos\Bank\Bank.UnitTests\bin\Debug\net6.0\Microsoft.VisualStudio.TestPlatform.MSTest.TestAdapter.dll
TpTrace Verbose: 0 : 1120, 4, 2023/05/29, 18:55:11.375, 5807862298055, testhost.dll, TestPluginCache: Discovered the extensions using extension path ''.
TpTrace Verbose: 0 : 1120, 4, 2023/05/29, 18:55:11.376, 5807862303505, testhost.dll, TestPluginCache: Discoverers are ''.
TpTrace Verbose: 0 : 1120, 4, 2023/05/29, 18:55:11.376, 5807862304673, testhost.dll, TestPluginCache: Executors are 'executor://MSTestAdapter/v2'.
TpTrace Verbose: 0 : 1120, 4, 2023/05/29, 18:55:11.376, 5807862305370, testhost.dll, TestPluginCache: Executors2 are ''.
TpTrace Verbose: 0 : 1120, 4, 2023/05/29, 18:55:11.376, 5807862305974, testhost.dll, TestPluginCache: Setting providers are ''.
TpTrace Verbose: 0 : 1120, 4, 2023/05/29, 18:55:11.376, 5807862306555, testhost.dll, TestPluginCache: Loggers are ''.
TpTrace Verbose: 0 : 1120, 4, 2023/05/29, 18:55:11.379, 5807862331557, testhost.dll, TestPluginCache.DiscoverTestExtensions: finding test extensions in assemblies ends with: TestAdapter.dll TPluginInfo: Microsoft.VisualStudio.TestPlatform.Common.ExtensionFramework.Utilities.TestExecutorPluginInformation2 TExtension: Microsoft.VisualStudio.TestPlatform.ObjectModel.Adapter.ITestExecutor2
TpTrace Verbose: 0 : 1120, 4, 2023/05/29, 18:55:11.379, 5807862334584, testhost.dll, TestPluginCache.GetExtensionPaths: Filtered extension paths: 
TpTrace Verbose: 0 : 1120, 4, 2023/05/29, 18:55:11.379, 5807862335440, testhost.dll, TestPluginCache.GetExtensionPaths: Added default extension paths: C:\Projetos\Bank\Bank.UnitTests\bin\Debug\net6.0\Microsoft.VisualStudio.TestPlatform.MSTest.TestAdapter.dll
TpTrace Verbose: 0 : 1120, 4, 2023/05/29, 18:55:11.379, 5807862336166, testhost.dll, TestPluginCache.GetExtensionPaths: Added unfilterableExtensionPaths: 
TpTrace Information: 0 : 1120, 4, 2023/05/29, 18:55:11.379, 5807862338016, testhost.dll, AssemblyResolver.AddSearchDirectories: Adding more searchDirectories C:\Projetos\Bank\Bank.UnitTests\bin\Debug\net6.0
TpTrace Verbose: 0 : 1120, 4, 2023/05/29, 18:55:11.380, 5807862338806, testhost.dll, TestPluginCache.DiscoverTestExtensions: Discovering the extensions using extension path.
TpTrace Verbose: 0 : 1120, 4, 2023/05/29, 18:55:11.380, 5807862339616, testhost.dll, TestPluginCache.GetExtensionPaths: Filtered extension paths: 
TpTrace Verbose: 0 : 1120, 4, 2023/05/29, 18:55:11.380, 5807862340167, testhost.dll, TestPluginCache.GetExtensionPaths: Added default extension paths: C:\Projetos\Bank\Bank.UnitTests\bin\Debug\net6.0\Microsoft.VisualStudio.TestPlatform.MSTest.TestAdapter.dll
TpTrace Verbose: 0 : 1120, 4, 2023/05/29, 18:55:11.380, 5807862340835, testhost.dll, TestPluginCache.GetExtensionPaths: Added unfilterableExtensionPaths: 
TpTrace Verbose: 0 : 1120, 4, 2023/05/29, 18:55:11.380, 5807862341529, testhost.dll, TestPluginCache.DiscoverTestExtensions: Discovering the extensions using allExtensionPaths: C:\Projetos\Bank\Bank.UnitTests\bin\Debug\net6.0\Microsoft.VisualStudio.TestPlatform.MSTest.TestAdapter.dll
TpTrace Information: 0 : 1120, 4, 2023/05/29, 18:55:11.380, 5807862342234, testhost.dll, AssemblyResolver.AddSearchDirectories: Adding more searchDirectories C:\Projetos\Bank\Bank.UnitTests\bin\Debug\net6.0
TpTrace Verbose: 0 : 1120, 4, 2023/05/29, 18:55:11.380, 5807862344960, testhost.dll, TestPluginCache: Discovered the extensions using extension path ''.
TpTrace Verbose: 0 : 1120, 4, 2023/05/29, 18:55:11.380, 5807862347272, testhost.dll, TestPluginCache: Discoverers are ''.
TpTrace Verbose: 0 : 1120, 4, 2023/05/29, 18:55:11.380, 5807862347777, testhost.dll, TestPluginCache: Executors are 'executor://MSTestAdapter/v2'.
TpTrace Verbose: 0 : 1120, 4, 2023/05/29, 18:55:11.381, 5807862348370, testhost.dll, TestPluginCache: Executors2 are ''.
TpTrace Verbose: 0 : 1120, 4, 2023/05/29, 18:55:11.381, 5807862348697, testhost.dll, TestPluginCache: Setting providers are ''.
TpTrace Verbose: 0 : 1120, 4, 2023/05/29, 18:55:11.381, 5807862349601, testhost.dll, TestPluginCache: Loggers are ''.
TpTrace Information: 0 : 1120, 4, 2023/05/29, 18:55:11.385, 5807862397739, testhost.dll, TestPluginManager.CreateTestExtension: Attempting to load test extension: Microsoft.VisualStudio.TestPlatform.MSTest.TestAdapter.MSTestExecutor
TpTrace Verbose: 0 : 1120, 4, 2023/05/29, 18:55:11.388, 5807862419026, testhost.dll, TestExecutorExtensionManager: Loading executor Microsoft.VisualStudio.TestPlatform.MSTest.TestAdapter.MSTestExecutor
TpTrace Verbose: 0 : 1120, 4, 2023/05/29, 18:55:11.388, 5807862420316, testhost.dll, TestExecutorService: Loaded the executors
TpTrace Verbose: 0 : 1120, 4, 2023/05/29, 18:55:11.389, 5807862428515, testhost.dll, TestPluginCache.DiscoverTestExtensions: finding test extensions in assemblies ends with: TestAdapter.dll TPluginInfo: Microsoft.VisualStudio.TestPlatform.Common.ExtensionFramework.Utilities.TestSettingsProviderPluginInformation TExtension: Microsoft.VisualStudio.TestPlatform.ObjectModel.Adapter.ISettingsProvider
TpTrace Verbose: 0 : 1120, 4, 2023/05/29, 18:55:11.389, 5807862429755, testhost.dll, TestPluginCache.GetExtensionPaths: Filtered extension paths: 
TpTrace Verbose: 0 : 1120, 4, 2023/05/29, 18:55:11.389, 5807862430153, testhost.dll, TestPluginCache.GetExtensionPaths: Added default extension paths: C:\Projetos\Bank\Bank.UnitTests\bin\Debug\net6.0\Microsoft.VisualStudio.TestPlatform.MSTest.TestAdapter.dll
TpTrace Verbose: 0 : 1120, 4, 2023/05/29, 18:55:11.389, 5807862430449, testhost.dll, TestPluginCache.GetExtensionPaths: Added unfilterableExtensionPaths: 
TpTrace Information: 0 : 1120, 4, 2023/05/29, 18:55:11.389, 5807862431625, testhost.dll, AssemblyResolver.AddSearchDirectories: Adding more searchDirectories C:\Projetos\Bank\Bank.UnitTests\bin\Debug\net6.0
TpTrace Verbose: 0 : 1120, 4, 2023/05/29, 18:55:11.389, 5807862432005, testhost.dll, TestPluginCache.DiscoverTestExtensions: Discovering the extensions using extension path.
TpTrace Verbose: 0 : 1120, 4, 2023/05/29, 18:55:11.389, 5807862432302, testhost.dll, TestPluginCache.GetExtensionPaths: Filtered extension paths: 
TpTrace Verbose: 0 : 1120, 4, 2023/05/29, 18:55:11.389, 5807862432568, testhost.dll, TestPluginCache.GetExtensionPaths: Added default extension paths: C:\Projetos\Bank\Bank.UnitTests\bin\Debug\net6.0\Microsoft.VisualStudio.TestPlatform.MSTest.TestAdapter.dll
TpTrace Verbose: 0 : 1120, 4, 2023/05/29, 18:55:11.389, 5807862432886, testhost.dll, TestPluginCache.GetExtensionPaths: Added unfilterableExtensionPaths: 
TpTrace Verbose: 0 : 1120, 4, 2023/05/29, 18:55:11.389, 5807862433168, testhost.dll, TestPluginCache.DiscoverTestExtensions: Discovering the extensions using allExtensionPaths: C:\Projetos\Bank\Bank.UnitTests\bin\Debug\net6.0\Microsoft.VisualStudio.TestPlatform.MSTest.TestAdapter.dll
TpTrace Information: 0 : 1120, 4, 2023/05/29, 18:55:11.389, 5807862433588, testhost.dll, AssemblyResolver.AddSearchDirectories: Adding more searchDirectories C:\Projetos\Bank\Bank.UnitTests\bin\Debug\net6.0
TpTrace Verbose: 0 : 1120, 4, 2023/05/29, 18:55:11.389, 5807862435418, testhost.dll, TestPluginCache: Discovered the extensions using extension path ''.
TpTrace Verbose: 0 : 1120, 4, 2023/05/29, 18:55:11.389, 5807862435811, testhost.dll, TestPluginCache: Discoverers are ''.
TpTrace Verbose: 0 : 1120, 4, 2023/05/29, 18:55:11.389, 5807862436100, testhost.dll, TestPluginCache: Executors are 'executor://MSTestAdapter/v2'.
TpTrace Verbose: 0 : 1120, 4, 2023/05/29, 18:55:11.389, 5807862436370, testhost.dll, TestPluginCache: Executors2 are ''.
TpTrace Verbose: 0 : 1120, 4, 2023/05/29, 18:55:11.389, 5807862436719, testhost.dll, TestPluginCache: Setting providers are ''.
TpTrace Verbose: 0 : 1120, 4, 2023/05/29, 18:55:11.389, 5807862436997, testhost.dll, TestPluginCache: Loggers are ''.
TpTrace Verbose: 0 : 1120, 4, 2023/05/29, 18:55:11.390, 5807862444795, testhost.dll, TestExecutorService: Loaded the settings providers
TpTrace Information: 0 : 1120, 4, 2023/05/29, 18:55:11.390, 5807862445371, testhost.dll, TestExecutorService: Loaded the extensions
TpTrace Verbose: 0 : 1120, 9, 2023/05/29, 18:55:11.429, 5807862836467, testhost.dll, TcpClientExtensions.MessageLoopAsync: Polling on remoteEndPoint: [::ffff:127.0.0.1]:57402 localEndPoint: [::ffff:127.0.0.1]:57405
TpTrace Information: 0 : 1120, 4, 2023/05/29, 18:55:11.430, 5807862838432, testhost.dll, TestRequestHandler.OnMessageReceived: Running job 'TestExecution.StartWithTests'.
TpTrace Verbose: 0 : 1120, 4, 2023/05/29, 18:55:11.451, 5807863056623, testhost.dll, TestPluginCache.GetExtensionPaths: Filtered extension paths: 
TpTrace Verbose: 0 : 1120, 4, 2023/05/29, 18:55:11.451, 5807863057797, testhost.dll, TestPluginCache.GetExtensionPaths: Added default extension paths: C:\Projetos\Bank\Bank.UnitTests\bin\Debug\net6.0\Microsoft.VisualStudio.TestPlatform.MSTest.TestAdapter.dll
TpTrace Verbose: 0 : 1120, 4, 2023/05/29, 18:55:11.452, 5807863058331, testhost.dll, TestPluginCache.GetExtensionPaths: Added unfilterableExtensionPaths: 
TpTrace Information: 0 : 1120, 4, 2023/05/29, 18:55:11.627, 5807864810374, testhost.dll, AssemblyResolver.OnResolve: Microsoft.VisualStudio.TestPlatform.MSTestAdapter.PlatformServices.Interface: Resolving assembly.
TpTrace Information: 0 : 1120, 4, 2023/05/29, 18:55:11.627, 5807864811449, testhost.dll, AssemblyResolver.OnResolve: Microsoft.VisualStudio.TestPlatform.MSTestAdapter.PlatformServices.Interface: Searching in: 'C:\Projetos\Bank\Bank.UnitTests\bin\Debug\net6.0'.
TpTrace Information: 0 : 1120, 4, 2023/05/29, 18:55:11.627, 5807864815072, testhost.dll, AssemblyResolver.OnResolve: Microsoft.VisualStudio.TestPlatform.MSTestAdapter.PlatformServices.Interface: Loading assembly 'C:\Projetos\Bank\Bank.UnitTests\bin\Debug\net6.0\Microsoft.VisualStudio.TestPlatform.MSTestAdapter.PlatformServices.Interface.dll'.
TpTrace Information: 0 : 1120, 4, 2023/05/29, 18:55:11.628, 5807864821251, testhost.dll, AssemblyResolver.OnResolve: Resolved assembly: Microsoft.VisualStudio.TestPlatform.MSTestAdapter.PlatformServices.Interface, from path: C:\Projetos\Bank\Bank.UnitTests\bin\Debug\net6.0\Microsoft.VisualStudio.TestPlatform.MSTestAdapter.PlatformServices.Interface.dll
TpTrace Information: 0 : 1120, 4, 2023/05/29, 18:55:11.628, 5807864824771, testhost.dll, AssemblyResolver.OnResolve: Microsoft.VisualStudio.TestPlatform.MSTestAdapter.PlatformServices: Resolving assembly.
TpTrace Information: 0 : 1120, 4, 2023/05/29, 18:55:11.628, 5807864825574, testhost.dll, AssemblyResolver.OnResolve: Microsoft.VisualStudio.TestPlatform.MSTestAdapter.PlatformServices: Searching in: 'C:\Projetos\Bank\Bank.UnitTests\bin\Debug\net6.0'.
TpTrace Information: 0 : 1120, 4, 2023/05/29, 18:55:11.629, 5807864828766, testhost.dll, AssemblyResolver.OnResolve: Microsoft.VisualStudio.TestPlatform.MSTestAdapter.PlatformServices: Loading assembly 'C:\Projetos\Bank\Bank.UnitTests\bin\Debug\net6.0\Microsoft.VisualStudio.TestPlatform.MSTestAdapter.PlatformServices.dll'.
TpTrace Information: 0 : 1120, 4, 2023/05/29, 18:55:11.631, 5807864849470, testhost.dll, AssemblyResolver.OnResolve: Resolved assembly: Microsoft.VisualStudio.TestPlatform.MSTestAdapter.PlatformServices, from path: C:\Projetos\Bank\Bank.UnitTests\bin\Debug\net6.0\Microsoft.VisualStudio.TestPlatform.MSTestAdapter.PlatformServices.dll
TpTrace Verbose: 0 : 1120, 4, 2023/05/29, 18:55:11.655, 5807865097077, testhost.dll, BaseRunTests.RunTestInternalWithExecutors: Running tests for executor://MSTestAdapter/v2
TpTrace Information: 0 : 1120, 4, 2023/05/29, 18:55:11.657, 5807865108906, testhost.dll, MSTest - MSTestExecutor.RunTests: Running tests from testcases.
TpTrace Information: 0 : 1120, 4, 2023/05/29, 18:55:11.660, 5807865146627, testhost.dll, MSTest - CollectSourceInformation value Found : False 
TpTrace Information: 0 : 1120, 4, 2023/05/29, 18:55:11.668, 5807865227496, testhost.dll, AssemblyResolver.OnResolve: Microsoft.VisualStudio.TestPlatform.MSTestAdapter.PlatformServices.resources: Resolving assembly.
TpTrace Information: 0 : 1120, 4, 2023/05/29, 18:55:11.669, 5807865228935, testhost.dll, AssemblyResolver.OnResolve: Microsoft.VisualStudio.TestPlatform.MSTestAdapter.PlatformServices.resources: Searching in: 'C:\Projetos\Bank\Bank.UnitTests\bin\Debug\net6.0'.
TpTrace Information: 0 : 1120, 4, 2023/05/29, 18:55:11.669, 5807865231142, testhost.dll, AssemblyResolver.OnResolve: Microsoft.VisualStudio.TestPlatform.MSTestAdapter.PlatformServices.resources: Assembly path does not exist: 'C:\Projetos\Bank\Bank.UnitTests\bin\Debug\net6.0\Microsoft.VisualStudio.TestPlatform.MSTestAdapter.PlatformServices.resources.dll', returning.
TpTrace Information: 0 : 1120, 4, 2023/05/29, 18:55:11.669, 5807865232324, testhost.dll, AssemblyResolver.OnResolve: Microsoft.VisualStudio.TestPlatform.MSTestAdapter.PlatformServices.resources: Assembly path does not exist: 'C:\Projetos\Bank\Bank.UnitTests\bin\Debug\net6.0\Microsoft.VisualStudio.TestPlatform.MSTestAdapter.PlatformServices.resources.exe', returning.
TpTrace Information: 0 : 1120, 4, 2023/05/29, 18:55:11.669, 5807865232910, testhost.dll, AssemblyResolver.OnResolve: Microsoft.VisualStudio.TestPlatform.MSTestAdapter.PlatformServices.resources: Failed to load assembly.
TpTrace Information: 0 : 1120, 4, 2023/05/29, 18:55:11.669, 5807865236733, testhost.dll, AssemblyResolver.OnResolve: Microsoft.VisualStudio.TestPlatform.MSTestAdapter.PlatformServices.resources: Resolving assembly.
TpTrace Information: 0 : 1120, 4, 2023/05/29, 18:55:11.669, 5807865237535, testhost.dll, AssemblyResolver.OnResolve: Microsoft.VisualStudio.TestPlatform.MSTestAdapter.PlatformServices.resources: Resolved from cache.
TpTrace Information: 0 : 1120, 4, 2023/05/29, 18:55:11.682, 5807865366784, testhost.dll, MSTest - Created unit-test runner C:\Projetos\Bank\Bank.UnitTests\bin\Debug\net6.0\Bank.UnitTests.dll
TpTrace Verbose: 0 : 1120, 4, 2023/05/29, 18:55:11.690, 5807865441144, testhost.dll, TestExecutionRecorder.RecordStart: Starting test: Bank.UnitTests.BankAccountTest.Debit_WithValidAmount_UpdatesBalance.
TpTrace Information: 0 : 1120, 4, 2023/05/29, 18:55:11.693, 5807865469449, testhost.dll, MSTest - Executing test Debit_WithValidAmount_UpdatesBalance
TpTrace Information: 0 : 1120, 4, 2023/05/29, 18:55:11.703, 5807865576167, testhost.dll, AssemblyResolver.OnResolve: Microsoft.TestPlatform.AdapterUtilities: Resolving assembly.
TpTrace Information: 0 : 1120, 4, 2023/05/29, 18:55:11.703, 5807865577456, testhost.dll, AssemblyResolver.OnResolve: Microsoft.TestPlatform.AdapterUtilities: Searching in: 'C:\Projetos\Bank\Bank.UnitTests\bin\Debug\net6.0'.
TpTrace Information: 0 : 1120, 4, 2023/05/29, 18:55:11.704, 5807865580589, testhost.dll, AssemblyResolver.OnResolve: Microsoft.TestPlatform.AdapterUtilities: Loading assembly 'C:\Projetos\Bank\Bank.UnitTests\bin\Debug\net6.0\Microsoft.TestPlatform.AdapterUtilities.dll'.
TpTrace Information: 0 : 1120, 4, 2023/05/29, 18:55:11.704, 5807865585260, testhost.dll, AssemblyResolver.OnResolve: Resolved assembly: Microsoft.TestPlatform.AdapterUtilities, from path: C:\Projetos\Bank\Bank.UnitTests\bin\Debug\net6.0\Microsoft.TestPlatform.AdapterUtilities.dll
TpTrace Information: 0 : 1120, 4, 2023/05/29, 18:55:11.722, 5807865764935, testhost.dll, AssemblyResolver.OnResolve: Microsoft.VisualStudio.TestPlatform.MSTest.TestAdapter.resources: Resolving assembly.
TpTrace Information: 0 : 1120, 4, 2023/05/29, 18:55:11.722, 5807865765807, testhost.dll, AssemblyResolver.OnResolve: Microsoft.VisualStudio.TestPlatform.MSTest.TestAdapter.resources: Searching in: 'C:\Projetos\Bank\Bank.UnitTests\bin\Debug\net6.0'.
TpTrace Information: 0 : 1120, 4, 2023/05/29, 18:55:11.722, 5807865766520, testhost.dll, AssemblyResolver.OnResolve: Microsoft.VisualStudio.TestPlatform.MSTest.TestAdapter.resources: Assembly path does not exist: 'C:\Projetos\Bank\Bank.UnitTests\bin\Debug\net6.0\Microsoft.VisualStudio.TestPlatform.MSTest.TestAdapter.resources.dll', returning.
TpTrace Information: 0 : 1120, 4, 2023/05/29, 18:55:11.722, 5807865767151, testhost.dll, AssemblyResolver.OnResolve: Microsoft.VisualStudio.TestPlatform.MSTest.TestAdapter.resources: Assembly path does not exist: 'C:\Projetos\Bank\Bank.UnitTests\bin\Debug\net6.0\Microsoft.VisualStudio.TestPlatform.MSTest.TestAdapter.resources.exe', returning.
TpTrace Information: 0 : 1120, 4, 2023/05/29, 18:55:11.722, 5807865767599, testhost.dll, AssemblyResolver.OnResolve: Microsoft.VisualStudio.TestPlatform.MSTest.TestAdapter.resources: Failed to load assembly.
TpTrace Information: 0 : 1120, 4, 2023/05/29, 18:55:11.739, 5807865932791, testhost.dll, MSTest - Executed test Debit_WithValidAmount_UpdatesBalance
TpTrace Verbose: 0 : 1120, 4, 2023/05/29, 18:55:11.743, 5807865970015, testhost.dll, TestExecutionRecorder.RecordEnd: test: Bank.UnitTests.BankAccountTest.Debit_WithValidAmount_UpdatesBalance execution completed.
TpTrace Information: 0 : 1120, 4, 2023/05/29, 18:55:11.745, 5807865988876, testhost.dll, MSTest - MSTestExecutor:Test Bank.UnitTests.BankAccountTest.Debit_WithValidAmount_UpdatesBalance failed. ErrorMessage:Test method Bank.UnitTests.BankAccountTest.Debit_WithValidAmount_UpdatesBalance threw exception: 
System.ArgumentOutOfRangeException: Specified argument was out of the range of valid values. (Parameter 'amount'), ErrorStackTrace:    at Bank.Account.BankAccount.Debit(Double amount)
   at Bank.UnitTests.BankAccountTest.Debit_WithValidAmount_UpdatesBalance() in C:\Projetos\Bank\Bank.UnitTests\BankAccountTest.cs:line 19
.
TpTrace Verbose: 0 : 1120, 4, 2023/05/29, 18:55:11.745, 5807865991684, testhost.dll, TestExecutionRecorder.RecordResult: Received result for test: Bank.UnitTests.BankAccountTest.Debit_WithValidAmount_UpdatesBalance.
TpTrace Warning: 0 : 1120, 4, 2023/05/29, 18:55:11.746, 5807866002688, testhost.dll, No DataCollection Data set for the test case 7c80fa14-4b5e-688b-30c4-22317d77de66
TpTrace Warning: 0 : 1120, 4, 2023/05/29, 18:55:11.748, 5807866028076, testhost.dll, TestRunCache: InProgressTests is null
TpTrace Warning: 0 : 1120, 4, 2023/05/29, 18:55:11.749, 5807866029458, testhost.dll, TestRunCache: No test found corresponding to testResult 'Debit_WithValidAmount_UpdatesBalance' in inProgress list.
TpTrace Information: 0 : 1120, 4, 2023/05/29, 18:55:11.749, 5807866030995, testhost.dll, MSTest - Executing cleanup methods.
TpTrace Information: 0 : 1120, 4, 2023/05/29, 18:55:11.750, 5807866042544, testhost.dll, MSTest - Executed cleanup methods.
TpTrace Information: 0 : 1120, 4, 2023/05/29, 18:55:11.750, 5807866043126, testhost.dll, MSTest - Executed tests belonging to source C:\Projetos\Bank\Bank.UnitTests\bin\Debug\net6.0\Bank.UnitTests.dll
TpTrace Verbose: 0 : 1120, 4, 2023/05/29, 18:55:11.750, 5807866046881, testhost.dll, BaseRunTests.RunTestInternalWithExecutors: Completed running tests for executor://MSTestAdapter/v2
TpTrace Information: 0 : 1120, 4, 2023/05/29, 18:55:11.753, 5807866075473, testhost.dll, Sending test run complete
TpTrace Verbose: 0 : 1120, 4, 2023/05/29, 18:55:11.797, 5807866509576, testhost.dll, TestRequestHandler.SendData:  sending data from testhost: {"Version":5,"MessageType":"TestExecution.Completed","Payload":{"TestRunCompleteArgs":{"TestRunStatistics":{"ExecutedTests":1,"Stats":{"Failed":1}},"IsCanceled":false,"IsAborted":false,"Error":null,"AttachmentSets":[],"ElapsedTimeInRunningTests":"00:00:00.1005453","Metrics":{}},"LastRunTests":{"NewTestResults":[{"TestCase":{"Id":"7c80fa14-4b5e-688b-30c4-22317d77de66","FullyQualifiedName":"Bank.UnitTests.BankAccountTest.Debit_WithValidAmount_UpdatesBalance","DisplayName":"Debit_WithValidAmount_UpdatesBalance","ExecutorUri":"executor://MSTestAdapter/v2","Source":"C:\\Projetos\\Bank\\Bank.UnitTests\\bin\\Debug\\net6.0\\Bank.UnitTests.dll","CodeFilePath":"C:\\Projetos\\Bank\\Bank.UnitTests\\BankAccountTest.cs","LineNumber":11,"Properties":[{"Key":{"Id":"TestCase.ManagedType","Label":"ManagedType","Category":"","Description":"","Attributes":1,"ValueType":"System.String"},"Value":"Bank.UnitTests.BankAccountTest"},{"Key":{"Id":"TestCase.ManagedMethod","Label":"ManagedMethod","Category":"","Description":"","Attributes":1,"ValueType":"System.String"},"Value":"Debit_WithValidAmount_UpdatesBalance"},{"Key":{"Id":"MSTestDiscoverer.TestClassName","Label":"ClassName","Category":"","Description":"","Attributes":1,"ValueType":"System.String"},"Value":"Bank.UnitTests.BankAccountTest"},{"Key":{"Id":"TestCase.Hierarchy","Label":"Hierarchy","Category":"","Description":"","Attributes":2,"ValueType":"System.String[]"},"Value":["Bank.UnitTests","BankAccountTest"]},{"Key":{"Id":"TestObject.Traits","Label":"Traits","Category":"","Description":"","Attributes":5,"ValueType":"System.Collections.Generic.KeyValuePair`2[[System.String],[System.String]][]"},"Value":[]}]},"Attachments":[],"Outcome":2,"ErrorMessage":"Test method Bank.UnitTests.BankAccountTest.Debit_WithValidAmount_UpdatesBalance threw exception: \r\nSystem.ArgumentOutOfRangeException: Specified argument was out of the range of valid values. (Parameter 'amount')","ErrorStackTrace":"    at Bank.Account.BankAccount.Debit(Double amount)\r\n   at Bank.UnitTests.BankAccountTest.Debit_WithValidAmount_UpdatesBalance() in C:\\Projetos\\Bank\\Bank.UnitTests\\BankAccountTest.cs:line 19\r\n","DisplayName":"Debit_WithValidAmount_UpdatesBalance","Messages":[],"ComputerName":null,"Duration":"00:00:00.0192560","StartTime":"2023-05-29T18:55:11.6922996-03:00","EndTime":"2023-05-29T18:55:11.7395258-03:00","Properties":[{"Key":{"Id":"ExecutionId","Label":"ExecutionId","Category":"","Description":"","Attributes":1,"ValueType":"System.Guid"},"Value":"00000000-0000-0000-0000-000000000000"},{"Key":{"Id":"ParentExecId","Label":"ParentExecId","Category":"","Description":"","Attributes":1,"ValueType":"System.Guid"},"Value":"00000000-0000-0000-0000-000000000000"},{"Key":{"Id":"InnerResultsCount","Label":"InnerResultsCount","Category":"","Description":"","Attributes":1,"ValueType":"System.Int32"},"Value":0}]}],"TestRunStatistics":{"ExecutedTests":1,"Stats":{"Failed":1}},"ActiveTests":[]},"RunAttachments":[],"ExecutorUris":["executor://mstestadapter/v2"]}}
TpTrace Verbose: 0 : 1120, 4, 2023/05/29, 18:55:11.797, 5807866514523, testhost.dll, BaseRunTests.RunTests: Run is complete.
TpTrace Verbose: 0 : 1120, 9, 2023/05/29, 18:55:11.797, 5807866517193, testhost.dll, TcpClientExtensions.MessageLoopAsync: NotifyDataAvailable remoteEndPoint: [::ffff:127.0.0.1]:57402 localEndPoint: [::ffff:127.0.0.1]:57405
TpTrace Information: 0 : 1120, 9, 2023/05/29, 18:55:11.798, 5807866519358, testhost.dll, TestRequestHandler.OnMessageReceived: received message: (TestSession.Terminate) -> null
TpTrace Information: 0 : 1120, 9, 2023/05/29, 18:55:11.798, 5807866519812, testhost.dll, Session End message received from server. Closing the connection.
TpTrace Information: 0 : 1120, 9, 2023/05/29, 18:55:11.798, 5807866522232, testhost.dll, SocketClient.Stop: Stop communication from server endpoint: 127.0.0.1:057402
TpTrace Information: 0 : 1120, 1, 2023/05/29, 18:55:11.798, 5807866522316, testhost.dll, SocketClient.Stop: Stop communication from server endpoint: 127.0.0.1:057402
TpTrace Information: 0 : 1120, 1, 2023/05/29, 18:55:11.798, 5807866523490, testhost.dll, SocketClient: Stop: Cancellation requested. Stopping message loop.
TpTrace Information: 0 : 1120, 9, 2023/05/29, 18:55:11.798, 5807866522687, testhost.dll, SocketClient: Stop: Cancellation requested. Stopping message loop.
TpTrace Verbose: 0 : 1120, 1, 2023/05/29, 18:55:11.798, 5807866526500, testhost.dll, LengthPrefixCommunicationChannel.Dispose: Dispose reader and writer.
TpTrace Verbose: 0 : 1120, 9, 2023/05/29, 18:55:11.798, 5807866526666, testhost.dll, LengthPrefixCommunicationChannel.Dispose: Dispose reader and writer.
TpTrace Information: 0 : 1120, 1, 2023/05/29, 18:55:11.798, 5807866527366, testhost.dll, Testhost process exiting.
TpTrace Information: 0 : 1120, 9, 2023/05/29, 18:55:11.798, 5807866527576, testhost.dll, Closing the connection !
TpTrace Information: 0 : 1120, 9, 2023/05/29, 18:55:11.799, 5807866530015, testhost.dll, SocketClient.PrivateStop: Stop communication from server endpoint: 127.0.0.1:057402, error:
