TpTrace Verbose: 0 : 16364, 1, 2023/05/29, 18:54:58.262, 5807731173137, vstest.console.exe, Version: 17.5.0 Current process architecture: X64
TpTrace Verbose: 0 : 16364, 1, 2023/05/29, 18:54:58.266, 5807731205071, vstest.console.exe, Runtime location: C:\Windows\Microsoft.NET\Framework64\v4.0.30319
TpTrace Verbose: 0 : 16364, 1, 2023/05/29, 18:54:58.506, 5807733607966, vstest.console.exe, TestPluginCache.DiscoverTestExtensions: finding test extensions in assemblies ends with: RuntimeProvider.dll TPluginInfo: Microsoft.VisualStudio.TestPlatform.Common.ExtensionFramework.Utilities.TestRuntimePluginInformation TExtension: Microsoft.VisualStudio.TestPlatform.ObjectModel.Host.ITestRuntimeProvider
TpTrace Verbose: 0 : 16364, 1, 2023/05/29, 18:54:58.509, 5807733639747, vstest.console.exe, TestPluginCache.GetExtensionPaths: Filtered extension paths: 
TpTrace Verbose: 0 : 16364, 1, 2023/05/29, 18:54:58.509, 5807733641319, vstest.console.exe, TestPluginCache.GetExtensionPaths: Added default extension paths: C:\Users\1511 MXTI\AppData\Local\Temp\bixzjozn.d4j\.vstest\tools\net462\Extensions\Microsoft.TestPlatform.Extensions.BlameDataCollector.dll
C:\Users\1511 MXTI\AppData\Local\Temp\bixzjozn.d4j\.vstest\tools\net462\Extensions\Microsoft.TestPlatform.TestHostRuntimeProvider.dll
C:\Users\1511 MXTI\AppData\Local\Temp\bixzjozn.d4j\.vstest\tools\net462\Extensions\Microsoft.VisualStudio.TestPlatform.Extensions.Html.TestLogger.dll
C:\Users\1511 MXTI\AppData\Local\Temp\bixzjozn.d4j\.vstest\tools\net462\Extensions\Microsoft.VisualStudio.TestPlatform.Extensions.Trx.TestLogger.dll
TpTrace Verbose: 0 : 16364, 1, 2023/05/29, 18:54:58.509, 5807733642111, vstest.console.exe, TestPluginCache.GetExtensionPaths: Added unfilterableExtensionPaths: 
TpTrace Information: 0 : 16364, 1, 2023/05/29, 18:54:58.511, 5807733662537, vstest.console.exe, AssemblyResolver.ctor: Creating AssemblyResolver with searchDirectories C:\Users\1511 MXTI\AppData\Local\Temp\bixzjozn.d4j\.vstest\tools\net462\Extensions,C:\Users\1511 MXTI\AppData\Local\Temp\bixzjozn.d4j\.vstest\tools\net462
TpTrace Verbose: 0 : 16364, 1, 2023/05/29, 18:54:58.512, 5807733670174, vstest.console.exe, TestPluginCache.DiscoverTestExtensions: Discovering the extensions using extension path.
TpTrace Verbose: 0 : 16364, 1, 2023/05/29, 18:54:58.512, 5807733671492, vstest.console.exe, TestPluginCache.GetExtensionPaths: Filtered extension paths: 
TpTrace Verbose: 0 : 16364, 1, 2023/05/29, 18:54:58.512, 5807733672312, vstest.console.exe, TestPluginCache.GetExtensionPaths: Added default extension paths: C:\Users\1511 MXTI\AppData\Local\Temp\bixzjozn.d4j\.vstest\tools\net462\Extensions\Microsoft.TestPlatform.Extensions.BlameDataCollector.dll
C:\Users\1511 MXTI\AppData\Local\Temp\bixzjozn.d4j\.vstest\tools\net462\Extensions\Microsoft.TestPlatform.TestHostRuntimeProvider.dll
C:\Users\1511 MXTI\AppData\Local\Temp\bixzjozn.d4j\.vstest\tools\net462\Extensions\Microsoft.VisualStudio.TestPlatform.Extensions.Html.TestLogger.dll
C:\Users\1511 MXTI\AppData\Local\Temp\bixzjozn.d4j\.vstest\tools\net462\Extensions\Microsoft.VisualStudio.TestPlatform.Extensions.Trx.TestLogger.dll
TpTrace Verbose: 0 : 16364, 1, 2023/05/29, 18:54:58.512, 5807733672987, vstest.console.exe, TestPluginCache.GetExtensionPaths: Added unfilterableExtensionPaths: 
TpTrace Verbose: 0 : 16364, 1, 2023/05/29, 18:54:58.512, 5807733673644, vstest.console.exe, TestPluginCache.DiscoverTestExtensions: Discovering the extensions using allExtensionPaths: C:\Users\1511 MXTI\AppData\Local\Temp\bixzjozn.d4j\.vstest\tools\net462\Extensions\Microsoft.TestPlatform.Extensions.BlameDataCollector.dll
C:\Users\1511 MXTI\AppData\Local\Temp\bixzjozn.d4j\.vstest\tools\net462\Extensions\Microsoft.TestPlatform.TestHostRuntimeProvider.dll
C:\Users\1511 MXTI\AppData\Local\Temp\bixzjozn.d4j\.vstest\tools\net462\Extensions\Microsoft.VisualStudio.TestPlatform.Extensions.Html.TestLogger.dll
C:\Users\1511 MXTI\AppData\Local\Temp\bixzjozn.d4j\.vstest\tools\net462\Extensions\Microsoft.VisualStudio.TestPlatform.Extensions.Trx.TestLogger.dll
TpTrace Information: 0 : 16364, 1, 2023/05/29, 18:54:58.514, 5807733685359, vstest.console.exe, AssemblyResolver.AddSearchDirectories: Adding more searchDirectories C:\Users\1511 MXTI\AppData\Local\Temp\bixzjozn.d4j\.vstest\tools\net462\Extensions,C:\Users\1511 MXTI\AppData\Local\Temp\bixzjozn.d4j\.vstest\tools\net462
TpTrace Information: 0 : 16364, 1, 2023/05/29, 18:54:58.514, 5807733686895, vstest.console.exe, AssemblyResolver.AddSearchDirectories: Adding more searchDirectories C:\Users\1511 MXTI\AppData\Local\Temp\bixzjozn.d4j\.vstest\tools\net462\Extensions,C:\Users\1511 MXTI\AppData\Local\Temp\bixzjozn.d4j\.vstest\tools\net462
TpTrace Information: 0 : 16364, 1, 2023/05/29, 18:54:58.514, 5807733687536, vstest.console.exe, AssemblyResolver.AddSearchDirectories: Adding more searchDirectories C:\Users\1511 MXTI\AppData\Local\Temp\bixzjozn.d4j\.vstest\tools\net462\Extensions,C:\Users\1511 MXTI\AppData\Local\Temp\bixzjozn.d4j\.vstest\tools\net462
TpTrace Information: 0 : 16364, 1, 2023/05/29, 18:54:58.514, 5807733688022, vstest.console.exe, AssemblyResolver.AddSearchDirectories: Adding more searchDirectories C:\Users\1511 MXTI\AppData\Local\Temp\bixzjozn.d4j\.vstest\tools\net462\Extensions,C:\Users\1511 MXTI\AppData\Local\Temp\bixzjozn.d4j\.vstest\tools\net462
TpTrace Information: 0 : 16364, 1, 2023/05/29, 18:54:58.523, 5807733777124, vstest.console.exe, AssemblyResolver.OnResolve: Microsoft.TestPlatform.Extensions.BlameDataCollector: Resolving assembly.
TpTrace Information: 0 : 16364, 1, 2023/05/29, 18:54:58.523, 5807733778329, vstest.console.exe, AssemblyResolver.OnResolve: Microsoft.TestPlatform.Extensions.BlameDataCollector: Searching in: 'C:\Users\1511 MXTI\AppData\Local\Temp\bixzjozn.d4j\.vstest\tools\net462\Extensions'.
TpTrace Information: 0 : 16364, 1, 2023/05/29, 18:54:58.728, 5807735829714, vstest.console.exe, AssemblyResolver.OnResolve: Microsoft.TestPlatform.Extensions.BlameDataCollector: Loading assembly 'C:\Users\1511 MXTI\AppData\Local\Temp\bixzjozn.d4j\.vstest\tools\net462\Extensions\Microsoft.TestPlatform.Extensions.BlameDataCollector.dll'.
TpTrace Information: 0 : 16364, 1, 2023/05/29, 18:54:58.745, 5807735999433, vstest.console.exe, AssemblyResolver.OnResolve: Resolved assembly: Microsoft.TestPlatform.Extensions.BlameDataCollector, from path: C:\Users\1511 MXTI\AppData\Local\Temp\bixzjozn.d4j\.vstest\tools\net462\Extensions\Microsoft.TestPlatform.Extensions.BlameDataCollector.dll
TpTrace Verbose: 0 : 16364, 1, 2023/05/29, 18:54:58.894, 5807737491539, vstest.console.exe, MetadataReaderExtensionsHelper: Discovering extensions inside assembly 'Microsoft.TestPlatform.Extensions.BlameDataCollector, Version=15.0.0.0, Culture=neutral, PublicKeyToken=b03f5f7f11d50a3a' file path 'C:\Users\1511 MXTI\AppData\Local\Temp\bixzjozn.d4j\.vstest\tools\net462\Extensions\Microsoft.TestPlatform.Extensions.BlameDataCollector.dll'
TpTrace Information: 0 : 16364, 1, 2023/05/29, 18:54:59.077, 5807739321412, vstest.console.exe, AssemblyResolver.OnResolve: Microsoft.TestPlatform.TestHostRuntimeProvider: Resolving assembly.
TpTrace Information: 0 : 16364, 1, 2023/05/29, 18:54:59.077, 5807739322181, vstest.console.exe, AssemblyResolver.OnResolve: Microsoft.TestPlatform.TestHostRuntimeProvider: Searching in: 'C:\Users\1511 MXTI\AppData\Local\Temp\bixzjozn.d4j\.vstest\tools\net462\Extensions'.
TpTrace Information: 0 : 16364, 1, 2023/05/29, 18:54:59.170, 5807740252304, vstest.console.exe, AssemblyResolver.OnResolve: Microsoft.TestPlatform.TestHostRuntimeProvider: Loading assembly 'C:\Users\1511 MXTI\AppData\Local\Temp\bixzjozn.d4j\.vstest\tools\net462\Extensions\Microsoft.TestPlatform.TestHostRuntimeProvider.dll'.
TpTrace Information: 0 : 16364, 1, 2023/05/29, 18:54:59.177, 5807740318818, vstest.console.exe, AssemblyResolver.OnResolve: Resolved assembly: Microsoft.TestPlatform.TestHostRuntimeProvider, from path: C:\Users\1511 MXTI\AppData\Local\Temp\bixzjozn.d4j\.vstest\tools\net462\Extensions\Microsoft.TestPlatform.TestHostRuntimeProvider.dll
TpTrace Verbose: 0 : 16364, 1, 2023/05/29, 18:54:59.177, 5807740320459, vstest.console.exe, MetadataReaderExtensionsHelper: Discovering extensions inside assembly 'Microsoft.TestPlatform.TestHostRuntimeProvider, Version=15.0.0.0, Culture=neutral, PublicKeyToken=b03f5f7f11d50a3a' file path 'C:\Users\1511 MXTI\AppData\Local\Temp\bixzjozn.d4j\.vstest\tools\net462\Extensions\Microsoft.TestPlatform.TestHostRuntimeProvider.dll'
TpTrace Information: 0 : 16364, 1, 2023/05/29, 18:54:59.181, 5807740364288, vstest.console.exe, GetTestExtensionFromType: Register extension with identifier data 'HostProvider://DefaultTestHost' and type 'Microsoft.VisualStudio.TestPlatform.CrossPlatEngine.Hosting.DefaultTestHostManager, Microsoft.TestPlatform.TestHostRuntimeProvider, Version=15.0.0.0, Culture=neutral, PublicKeyToken=b03f5f7f11d50a3a' inside file 'C:\Users\1511 MXTI\AppData\Local\Temp\bixzjozn.d4j\.vstest\tools\net462\Extensions\Microsoft.TestPlatform.TestHostRuntimeProvider.dll'
TpTrace Information: 0 : 16364, 1, 2023/05/29, 18:54:59.182, 5807740365666, vstest.console.exe, GetTestExtensionFromType: Register extension with identifier data 'HostProvider://DotnetTestHost' and type 'Microsoft.VisualStudio.TestPlatform.CrossPlatEngine.Hosting.DotnetTestHostManager, Microsoft.TestPlatform.TestHostRuntimeProvider, Version=15.0.0.0, Culture=neutral, PublicKeyToken=b03f5f7f11d50a3a' inside file 'C:\Users\1511 MXTI\AppData\Local\Temp\bixzjozn.d4j\.vstest\tools\net462\Extensions\Microsoft.TestPlatform.TestHostRuntimeProvider.dll'
TpTrace Information: 0 : 16364, 1, 2023/05/29, 18:54:59.182, 5807740370515, vstest.console.exe, AssemblyResolver.OnResolve: Microsoft.VisualStudio.TestPlatform.Extensions.Html.TestLogger: Resolving assembly.
TpTrace Information: 0 : 16364, 1, 2023/05/29, 18:54:59.182, 5807740371116, vstest.console.exe, AssemblyResolver.OnResolve: Microsoft.VisualStudio.TestPlatform.Extensions.Html.TestLogger: Searching in: 'C:\Users\1511 MXTI\AppData\Local\Temp\bixzjozn.d4j\.vstest\tools\net462\Extensions'.
TpTrace Information: 0 : 16364, 1, 2023/05/29, 18:54:59.233, 5807740877460, vstest.console.exe, AssemblyResolver.OnResolve: Microsoft.VisualStudio.TestPlatform.Extensions.Html.TestLogger: Loading assembly 'C:\Users\1511 MXTI\AppData\Local\Temp\bixzjozn.d4j\.vstest\tools\net462\Extensions\Microsoft.VisualStudio.TestPlatform.Extensions.Html.TestLogger.dll'.
TpTrace Information: 0 : 16364, 1, 2023/05/29, 18:54:59.242, 5807740972319, vstest.console.exe, AssemblyResolver.OnResolve: Resolved assembly: Microsoft.VisualStudio.TestPlatform.Extensions.Html.TestLogger, from path: C:\Users\1511 MXTI\AppData\Local\Temp\bixzjozn.d4j\.vstest\tools\net462\Extensions\Microsoft.VisualStudio.TestPlatform.Extensions.Html.TestLogger.dll
TpTrace Verbose: 0 : 16364, 1, 2023/05/29, 18:54:59.243, 5807740974889, vstest.console.exe, MetadataReaderExtensionsHelper: Discovering extensions inside assembly 'Microsoft.VisualStudio.TestPlatform.Extensions.Html.TestLogger, Version=15.0.0.0, Culture=neutral, PublicKeyToken=b03f5f7f11d50a3a' file path 'C:\Users\1511 MXTI\AppData\Local\Temp\bixzjozn.d4j\.vstest\tools\net462\Extensions\Microsoft.VisualStudio.TestPlatform.Extensions.Html.TestLogger.dll'
TpTrace Information: 0 : 16364, 1, 2023/05/29, 18:54:59.246, 5807741008406, vstest.console.exe, AssemblyResolver.OnResolve: Microsoft.VisualStudio.TestPlatform.Extensions.Trx.TestLogger: Resolving assembly.
TpTrace Information: 0 : 16364, 1, 2023/05/29, 18:54:59.246, 5807741009358, vstest.console.exe, AssemblyResolver.OnResolve: Microsoft.VisualStudio.TestPlatform.Extensions.Trx.TestLogger: Searching in: 'C:\Users\1511 MXTI\AppData\Local\Temp\bixzjozn.d4j\.vstest\tools\net462\Extensions'.
TpTrace Information: 0 : 16364, 1, 2023/05/29, 18:54:59.343, 5807741984252, vstest.console.exe, AssemblyResolver.OnResolve: Microsoft.VisualStudio.TestPlatform.Extensions.Trx.TestLogger: Loading assembly 'C:\Users\1511 MXTI\AppData\Local\Temp\bixzjozn.d4j\.vstest\tools\net462\Extensions\Microsoft.VisualStudio.TestPlatform.Extensions.Trx.TestLogger.dll'.
TpTrace Information: 0 : 16364, 1, 2023/05/29, 18:54:59.350, 5807742045036, vstest.console.exe, AssemblyResolver.OnResolve: Resolved assembly: Microsoft.VisualStudio.TestPlatform.Extensions.Trx.TestLogger, from path: C:\Users\1511 MXTI\AppData\Local\Temp\bixzjozn.d4j\.vstest\tools\net462\Extensions\Microsoft.VisualStudio.TestPlatform.Extensions.Trx.TestLogger.dll
TpTrace Verbose: 0 : 16364, 1, 2023/05/29, 18:54:59.350, 5807742047320, vstest.console.exe, MetadataReaderExtensionsHelper: Discovering extensions inside assembly 'Microsoft.VisualStudio.TestPlatform.Extensions.Trx.TestLogger, Version=15.0.0.0, Culture=neutral, PublicKeyToken=b03f5f7f11d50a3a' file path 'C:\Users\1511 MXTI\AppData\Local\Temp\bixzjozn.d4j\.vstest\tools\net462\Extensions\Microsoft.VisualStudio.TestPlatform.Extensions.Trx.TestLogger.dll'
TpTrace Verbose: 0 : 16364, 1, 2023/05/29, 18:54:59.359, 5807742141573, vstest.console.exe, TestPluginCache: Discovered the extensions using extension path ''.
TpTrace Verbose: 0 : 16364, 1, 2023/05/29, 18:54:59.362, 5807742167279, vstest.console.exe, TestPluginCache: Discoverers are ''.
TpTrace Verbose: 0 : 16364, 1, 2023/05/29, 18:54:59.362, 5807742168079, vstest.console.exe, TestPluginCache: Executors are ''.
TpTrace Verbose: 0 : 16364, 1, 2023/05/29, 18:54:59.362, 5807742168401, vstest.console.exe, TestPluginCache: Executors2 are ''.
TpTrace Verbose: 0 : 16364, 1, 2023/05/29, 18:54:59.362, 5807742168740, vstest.console.exe, TestPluginCache: Setting providers are ''.
TpTrace Verbose: 0 : 16364, 1, 2023/05/29, 18:54:59.362, 5807742169026, vstest.console.exe, TestPluginCache: Loggers are ''.
TpTrace Verbose: 0 : 16364, 1, 2023/05/29, 18:54:59.362, 5807742169410, vstest.console.exe, TestPluginCache: TestHosts are 'HostProvider://DefaultTestHost,HostProvider://DotnetTestHost'.
TpTrace Verbose: 0 : 16364, 1, 2023/05/29, 18:54:59.362, 5807742169771, vstest.console.exe, TestPluginCache: DataCollectors are ''.
TpTrace Information: 0 : 16364, 1, 2023/05/29, 18:54:59.594, 5807744489721, vstest.console.exe, Trying to connect to server on port : 57374
TpTrace Information: 0 : 16364, 1, 2023/05/29, 18:54:59.598, 5807744529134, vstest.console.exe, Trying to connect to server on socket : 127.0.0.1:57374 
TpTrace Verbose: 0 : 16364, 1, 2023/05/29, 18:54:59.602, 5807744569710, vstest.console.exe, SocketCommunicationManager : SetupClientAsync : Attempting to connect to the server.
TpTrace Information: 0 : 16364, 4, 2023/05/29, 18:54:59.612, 5807744666833, vstest.console.exe, Connected to the server successfully 
TpTrace Information: 0 : 16364, 4, 2023/05/29, 18:54:59.612, 5807744668251, vstest.console.exe, Using the buffer size of 16384 bytes
TpTrace Verbose: 0 : 16364, 1, 2023/05/29, 18:54:59.612, 5807744671411, vstest.console.exe, SocketCommunicationManager.WaitForServerConnection took: 0 ms, with 90000 ms timeout, and finished with True.
TpTrace Information: 0 : 16364, 1, 2023/05/29, 18:54:59.721, 5807745760446, vstest.console.exe, DesignModeClient.ProcessRequests: Processing Message: (ProtocolVersion) -> {"MessageType":"ProtocolVersion","Payload":7}
TpTrace Information: 0 : 16364, 1, 2023/05/29, 18:54:59.760, 5807746149023, vstest.console.exe, DesignModeClient.ProcessRequests: Processing Message: (Extensions.Initialize) -> {"Version":7,"MessageType":"Extensions.Initialize","Payload":[]}
TpTrace Information: 0 : 16364, 1, 2023/05/29, 18:54:59.764, 5807746184827, vstest.console.exe, TestRequestManager.InitializeExtensions: Initialize extensions started.
TpTrace Verbose: 0 : 16364, 1, 2023/05/29, 18:54:59.765, 5807746202871, vstest.console.exe, TestPluginCache: Update extensions started. Skip filter = True
TpTrace Information: 0 : 16364, 1, 2023/05/29, 18:54:59.765, 5807746203673, vstest.console.exe, TestRequestManager.InitializeExtensions: Initialize extensions completed.
TpTrace Information: 0 : 16364, 1, 2023/05/29, 18:55:01.592, 5807764472821, vstest.console.exe, DesignModeClient.ProcessRequests: Processing Message: (TestExecution.GetTestRunnerProcessStartInfoForRunAll) -> {"Version":7,"MessageType":"TestExecution.GetTestRunnerProcessStartInfoForRunAll","Payload":{"Sources":["C:\\Projetos\\Bank\\Bank.UnitTests\\bin\\Debug\\net6.0\\Bank.UnitTests.dll"],"TestCases":null,"RunSettings":"<RunSettings>\r\n<RunConfiguration>\r\n  <CollectSourceInformation>false</CollectSourceInformation>\r\n  <MaxCpuCount>1</MaxCpuCount>\r\n\r\n<DesignMode>false</DesignMode>\r\n</RunConfiguration>\r\n</RunSettings>","KeepAlive":false,"DebuggingEnabled":false,"TestPlatformOptions":{"TestCaseFilter":null,"FilterOptions":null,"CollectMetrics":false,"SkipDefaultAdapters":false},"TestSessionInfo":null}}
TpTrace Information: 0 : 16364, 6, 2023/05/29, 18:55:01.606, 5807764612895, vstest.console.exe, TestRequestManager.RunTests: run tests started.
TpTrace Information: 0 : 16364, 6, 2023/05/29, 18:55:01.618, 5807764729959, vstest.console.exe, AssemblyMetadataProvider.GetFrameworkName: Determined framework:'.NETCoreApp,Version=v6.0' for source: 'C:\Projetos\Bank\Bank.UnitTests\bin\Debug\net6.0\Bank.UnitTests.dll'
TpTrace Information: 0 : 16364, 6, 2023/05/29, 18:55:01.618, 5807764731537, vstest.console.exe, Determined framework for all sources: .NETCoreApp,Version=v6.0
TpTrace Verbose: 0 : 16364, 6, 2023/05/29, 18:55:01.620, 5807764746802, vstest.console.exe, TestRequestManager.UpdateRunSettingsIfRequired: Default architecture: X64 IsDefaultTargetArchitecture: True, Current process architecture: X64 OperatingSystem: Windows.
TpTrace Information: 0 : 16364, 6, 2023/05/29, 18:55:01.625, 5807764805235, vstest.console.exe, AssemblyMetadataProvider.GetArchitecture: Determined architecture:AnyCPU info for assembly: C:\Projetos\Bank\Bank.UnitTests\bin\Debug\net6.0\Bank.UnitTests.dll
TpTrace Information: 0 : 16364, 6, 2023/05/29, 18:55:01.626, 5807764806008, vstest.console.exe, Determined platform for source 'C:\Projetos\Bank\Bank.UnitTests\bin\Debug\net6.0\Bank.UnitTests.dll' was AnyCPU and it will use the default plaform X64.
TpTrace Information: 0 : 16364, 6, 2023/05/29, 18:55:01.626, 5807764806443, vstest.console.exe, None of the sources provided any runnable platform, using the default platform: X64
TpTrace Information: 0 : 16364, 6, 2023/05/29, 18:55:01.626, 5807764807730, vstest.console.exe, Platform was updated to 'X64'.
TpTrace Information: 0 : 16364, 6, 2023/05/29, 18:55:01.633, 5807764878303, vstest.console.exe, InferRunSettingsHelper.IsTestSettingsEnabled: Unable to navigate to RunSettings/MSTest. Current node: RunSettings
TpTrace Information: 0 : 16364, 6, 2023/05/29, 18:55:01.636, 5807764909582, vstest.console.exe, AssemblyResolver.OnResolve: Microsoft.VisualStudio.TestPlatform.Fakes, Version=17.0.0.0, Culture=neutral: Resolving assembly.
TpTrace Information: 0 : 16364, 6, 2023/05/29, 18:55:01.636, 5807764910326, vstest.console.exe, AssemblyResolver.OnResolve: Microsoft.VisualStudio.TestPlatform.Fakes, Version=17.0.0.0, Culture=neutral: Searching in: 'C:\Users\1511 MXTI\AppData\Local\Temp\bixzjozn.d4j\.vstest\tools\net462\Extensions'.
TpTrace Information: 0 : 16364, 6, 2023/05/29, 18:55:01.636, 5807764911153, vstest.console.exe, AssemblyResolver.OnResolve: Microsoft.VisualStudio.TestPlatform.Fakes, Version=17.0.0.0, Culture=neutral: Assembly path does not exist: 'C:\Users\1511 MXTI\AppData\Local\Temp\bixzjozn.d4j\.vstest\tools\net462\Extensions\Microsoft.VisualStudio.TestPlatform.Fakes.dll', returning.
TpTrace Information: 0 : 16364, 6, 2023/05/29, 18:55:01.636, 5807764911875, vstest.console.exe, AssemblyResolver.OnResolve: Microsoft.VisualStudio.TestPlatform.Fakes, Version=17.0.0.0, Culture=neutral: Assembly path does not exist: 'C:\Users\1511 MXTI\AppData\Local\Temp\bixzjozn.d4j\.vstest\tools\net462\Extensions\Microsoft.VisualStudio.TestPlatform.Fakes.exe', returning.
TpTrace Information: 0 : 16364, 6, 2023/05/29, 18:55:01.636, 5807764912200, vstest.console.exe, AssemblyResolver.OnResolve: Microsoft.VisualStudio.TestPlatform.Fakes, Version=17.0.0.0, Culture=neutral: Searching in: 'C:\Users\1511 MXTI\AppData\Local\Temp\bixzjozn.d4j\.vstest\tools\net462'.
TpTrace Information: 0 : 16364, 6, 2023/05/29, 18:55:01.636, 5807764912852, vstest.console.exe, AssemblyResolver.OnResolve: Microsoft.VisualStudio.TestPlatform.Fakes, Version=17.0.0.0, Culture=neutral: Assembly path does not exist: 'C:\Users\1511 MXTI\AppData\Local\Temp\bixzjozn.d4j\.vstest\tools\net462\Microsoft.VisualStudio.TestPlatform.Fakes.dll', returning.
TpTrace Information: 0 : 16364, 6, 2023/05/29, 18:55:01.636, 5807764913556, vstest.console.exe, AssemblyResolver.OnResolve: Microsoft.VisualStudio.TestPlatform.Fakes, Version=17.0.0.0, Culture=neutral: Assembly path does not exist: 'C:\Users\1511 MXTI\AppData\Local\Temp\bixzjozn.d4j\.vstest\tools\net462\Microsoft.VisualStudio.TestPlatform.Fakes.exe', returning.
TpTrace Information: 0 : 16364, 6, 2023/05/29, 18:55:01.636, 5807764913910, vstest.console.exe, AssemblyResolver.OnResolve: Microsoft.VisualStudio.TestPlatform.Fakes, Version=17.0.0.0, Culture=neutral: Failed to load assembly.
TpTrace Information: 0 : 16364, 6, 2023/05/29, 18:55:01.645, 5807765005595, vstest.console.exe, Failed to load assembly Microsoft.VisualStudio.TestPlatform.Fakes, Version=17.0.0.0, Culture=neutral. Reason:System.IO.FileNotFoundException: Não foi possível carregar arquivo ou assembly 'Microsoft.VisualStudio.TestPlatform.Fakes, Version=17.0.0.0, Culture=neutral' ou uma de suas dependências. O sistema não pode encontrar o arquivo especificado.
File name: 'Microsoft.VisualStudio.TestPlatform.Fakes, Version=17.0.0.0, Culture=neutral'
   at System.Reflection.RuntimeAssembly._nLoad(AssemblyName fileName, String codeBase, Evidence assemblySecurity, RuntimeAssembly locationHint, StackCrawlMark& stackMark, IntPtr pPrivHostBinder, Boolean throwOnFileNotFound, Boolean forIntrospection, Boolean suppressSecurityChecks)
   at System.Reflection.RuntimeAssembly.InternalLoadAssemblyName(AssemblyName assemblyRef, Evidence assemblySecurity, RuntimeAssembly reqAssembly, StackCrawlMark& stackMark, IntPtr pPrivHostBinder, Boolean throwOnFileNotFound, Boolean forIntrospection, Boolean suppressSecurityChecks)
   at System.Reflection.Assembly.Load(AssemblyName assemblyRef)
   at Microsoft.VisualStudio.TestPlatform.Common.Utilities.FakesUtilities.LoadTestPlatformAssembly()

AVI: o log de associações de assembly está desativado.
Para ativar o log de  falhas de assembly, defina o valor do Registro [HKLM\Software\Microsoft\Fusion!EnableLog] (DWORD) como 1.
Observação: há alguma penalidade para o desempenho associada ao log de falha de associação de assembly.
Para desativar esse recurso, remova o valor do Registro [HKLM\Software\Microsoft\Fusion!EnableLog].

TpTrace Verbose: 0 : 16364, 6, 2023/05/29, 18:55:01.761, 5807766159401, vstest.console.exe, TestEngine: Initializing Parallel Execution as MaxCpuCount is set to: 1
TpTrace Information: 0 : 16364, 6, 2023/05/29, 18:55:01.770, 5807766246213, vstest.console.exe, AssemblyResolver.OnResolve: Microsoft.TestPlatform.TestHostRuntimeProvider, Version=15.0.0.0, Culture=neutral, PublicKeyToken=b03f5f7f11d50a3a: Resolving assembly.
TpTrace Information: 0 : 16364, 6, 2023/05/29, 18:55:01.770, 5807766247540, vstest.console.exe, AssemblyResolver.OnResolve: Microsoft.TestPlatform.TestHostRuntimeProvider, Version=15.0.0.0, Culture=neutral, PublicKeyToken=b03f5f7f11d50a3a: Searching in: 'C:\Users\1511 MXTI\AppData\Local\Temp\bixzjozn.d4j\.vstest\tools\net462\Extensions'.
TpTrace Information: 0 : 16364, 6, 2023/05/29, 18:55:01.770, 5807766251429, vstest.console.exe, AssemblyResolver.OnResolve: Microsoft.TestPlatform.TestHostRuntimeProvider, Version=15.0.0.0, Culture=neutral, PublicKeyToken=b03f5f7f11d50a3a: Loading assembly 'C:\Users\1511 MXTI\AppData\Local\Temp\bixzjozn.d4j\.vstest\tools\net462\Extensions\Microsoft.TestPlatform.TestHostRuntimeProvider.dll'.
TpTrace Information: 0 : 16364, 6, 2023/05/29, 18:55:01.770, 5807766252068, vstest.console.exe, AssemblyResolver.OnResolve: Resolved assembly: Microsoft.TestPlatform.TestHostRuntimeProvider, Version=15.0.0.0, Culture=neutral, PublicKeyToken=b03f5f7f11d50a3a, from path: C:\Users\1511 MXTI\AppData\Local\Temp\bixzjozn.d4j\.vstest\tools\net462\Extensions\Microsoft.TestPlatform.TestHostRuntimeProvider.dll
TpTrace Information: 0 : 16364, 6, 2023/05/29, 18:55:01.771, 5807766260485, vstest.console.exe, TestPluginManager.CreateTestExtension: Attempting to load test extension: Microsoft.VisualStudio.TestPlatform.CrossPlatEngine.Hosting.DefaultTestHostManager
TpTrace Information: 0 : 16364, 6, 2023/05/29, 18:55:01.773, 5807766282073, vstest.console.exe, TestPluginManager.CreateTestExtension: Attempting to load test extension: Microsoft.VisualStudio.TestPlatform.CrossPlatEngine.Hosting.DotnetTestHostManager
TpTrace Information: 0 : 16364, 6, 2023/05/29, 18:55:01.776, 5807766311733, vstest.console.exe, InferRunSettingsHelper.IsTestSettingsEnabled: Unable to navigate to RunSettings/MSTest. Current node: RunSettings
TpTrace Verbose: 0 : 16364, 6, 2023/05/29, 18:55:01.783, 5807766383630, vstest.console.exe, TestEngine.GetExecutionManager: Chosen execution manager 'Microsoft.VisualStudio.TestPlatform.CrossPlatEngine.Client.Parallel.ParallelProxyExecutionManager, Microsoft.TestPlatform.CrossPlatEngine, Version=15.0.0.0, Culture=neutral, PublicKeyToken=b03f5f7f11d50a3a' ParallelLevel '1'.
TpTrace Verbose: 0 : 16364, 6, 2023/05/29, 18:55:01.784, 5807766388814, vstest.console.exe, TestRunRequest.ExecuteAsync: Creating test run request.
TpTrace Verbose: 0 : 16364, 6, 2023/05/29, 18:55:01.786, 5807766414077, vstest.console.exe, TestRunRequest.ExecuteAsync: Starting.
TpTrace Information: 0 : 16364, 6, 2023/05/29, 18:55:01.787, 5807766422481, vstest.console.exe, TestRunRequest.ExecuteAsync: Starting run with settings:TestRunCriteria:
   KeepAlive=False,FrequencyOfRunStatsChangeEvent=10,RunStatsChangeEventTimeout=00:00:01.5000000,TestCaseFilter=,TestExecutorLauncher=Microsoft.VisualStudio.TestPlatform.Client.DesignMode.DesignModeTestHostLauncher
   Settingsxml=<RunSettings>
  <RunConfiguration>
    <CollectSourceInformation>false</CollectSourceInformation>
    <MaxCpuCount>1</MaxCpuCount>
    <DesignMode>false</DesignMode>
    <TargetFrameworkVersion>.NETCoreApp,Version=v6.0</TargetFrameworkVersion>
    <TargetPlatform>X64</TargetPlatform>
  </RunConfiguration>
  <LoggerRunSettings>
    <Loggers>
      <Logger friendlyName="Console" uri="logger://microsoft/TestPlatform/ConsoleLogger/v1" assemblyQualifiedName="Microsoft.VisualStudio.TestPlatform.CommandLine.Internal.ConsoleLogger, vstest.console, Version=15.0.0.0, Culture=neutral, PublicKeyToken=b03f5f7f11d50a3a" codeBase="C:\Users\1511 MXTI\AppData\Local\Temp\bixzjozn.d4j\.vstest\tools\net462\vstest.console.exe" enabled="True" />
    </Loggers>
  </LoggerRunSettings>
</RunSettings>

TpTrace Verbose: 0 : 16364, 6, 2023/05/29, 18:55:01.787, 5807766423090, vstest.console.exe, TestRunRequest.ExecuteAsync: Wait for the first run request is over.
TpTrace Verbose: 0 : 16364, 6, 2023/05/29, 18:55:01.789, 5807766443769, vstest.console.exe, MulticastDelegateUtilities.SafeInvoke: TestRun.TestRunStart: Invoking callbacks was skipped because there are no subscribers.
TpTrace Verbose: 0 : 16364, 8, 2023/05/29, 18:55:01.791, 5807766461267, vstest.console.exe, MulticastDelegateUtilities.SafeInvoke: InternalTestLoggerEvents.SendTestRunStart: Invoking callback 1/1 for Microsoft.VisualStudio.TestPlatform.CommandLine.Internal.ConsoleLogger., took 1 ms.
TpTrace Verbose: 0 : 16364, 6, 2023/05/29, 18:55:01.797, 5807766525305, vstest.console.exe, ParallelProxyExecutionManager: Start execution. Total sources: 1
TpTrace Verbose: 0 : 16364, 6, 2023/05/29, 18:55:01.807, 5807766620118, vstest.console.exe, TestRequestSender is acting as server.
TpTrace Verbose: 0 : 16364, 6, 2023/05/29, 18:55:01.809, 5807766638133, vstest.console.exe, ProxyParallelExecutionManager: No sources available for execution.
TpTrace Information: 0 : 16364, 6, 2023/05/29, 18:55:01.809, 5807766638877, vstest.console.exe, TestRunRequest.ExecuteAsync: Started.
TpTrace Verbose: 0 : 16364, 7, 2023/05/29, 18:55:01.809, 5807766642440, vstest.console.exe, ParallelProxyExecutionManager: Execution started. Started clients: 1
TpTrace Verbose: 0 : 16364, 6, 2023/05/29, 18:55:01.809, 5807766643703, vstest.console.exe, TestRunRequest.WaitForCompletion: Waiting with timeout -1.
TpTrace Verbose: 0 : 16364, 7, 2023/05/29, 18:55:01.812, 5807766671557, vstest.console.exe, ProxyExecutionManager: Test host is always Lazy initialize.
TpTrace Verbose: 0 : 16364, 7, 2023/05/29, 18:55:01.816, 5807766707609, vstest.console.exe, TestRequestSender.InitializeCommunication: initialize communication. 
TpTrace Information: 0 : 16364, 7, 2023/05/29, 18:55:01.817, 5807766725833, vstest.console.exe, SocketServer.Start: Listening on endpoint : 127.0.0.1:57387
TpTrace Verbose: 0 : 16364, 7, 2023/05/29, 18:55:01.826, 5807766815628, vstest.console.exe, DotnetTestHostmanager.GetTestHostProcessStartInfo: Platform environment 'X64' target architecture 'X64' framework '.NETCoreApp,Version=v6.0' OS 'Windows'
TpTrace Verbose: 0 : 16364, 7, 2023/05/29, 18:55:01.827, 5807766818046, vstest.console.exe, DotnetTestHostmanager: Adding  --runtimeconfig "C:\Projetos\Bank\Bank.UnitTests\bin\Debug\net6.0\Bank.UnitTests.runtimeconfig.json" in args
TpTrace Verbose: 0 : 16364, 7, 2023/05/29, 18:55:01.827, 5807766818870, vstest.console.exe, DotnetTestHostmanager: Adding  --depsfile "C:\Projetos\Bank\Bank.UnitTests\bin\Debug\net6.0\Bank.UnitTests.deps.json" in args
TpTrace Verbose: 0 : 16364, 7, 2023/05/29, 18:55:01.827, 5807766824630, vstest.console.exe, DotnetTestHostmanager.IsWinOnArm: Current PROCESSOR_ARCHITECTURE from environment variable 'AMD64'
TpTrace Verbose: 0 : 16364, 7, 2023/05/29, 18:55:01.827, 5807766825201, vstest.console.exe, DotnetTestHostmanager.IsWinOnArm: Is Windows on ARM 'False'
TpTrace Verbose: 0 : 16364, 7, 2023/05/29, 18:55:01.828, 5807766826281, vstest.console.exe, DotnetTestHostManager: testhost.exe found at path: C:\Projetos\Bank\Bank.UnitTests\bin\Debug\net6.0\testhost.exe
TpTrace Verbose: 0 : 16364, 7, 2023/05/29, 18:55:01.828, 5807766826771, vstest.console.exe, DotnetTestHostmanager: Full path of host exe is C:\Projetos\Bank\Bank.UnitTests\bin\Debug\net6.0\testhost.exe
TpTrace Verbose: 0 : 16364, 7, 2023/05/29, 18:55:01.828, 5807766832615, vstest.console.exe, DotnetTestHostmanager.LaunchTestHostAsync: Prefix 'VSTEST_WINAPPHOST_*' not found in env variables
TpTrace Information: 0 : 16364, 1, 2023/05/29, 18:55:01.845, 5807766998211, vstest.console.exe, DesignModeClient.ProcessRequests: Processing Message: (TestExecution.CustomTestHostLaunchCallback) -> {"Version":7,"MessageType":"TestExecution.CustomTestHostLaunchCallback","Payload":{"HostProcessId":24708,"ErrorMessage":null}}
TpTrace Verbose: 0 : 16364, 7, 2023/05/29, 18:55:01.883, 5807767382858, vstest.console.exe, Test Runtime launched
TpTrace Verbose: 0 : 16364, 7, 2023/05/29, 18:55:01.883, 5807767383826, vstest.console.exe, MulticastDelegateUtilities.SafeInvoke: HostProviderEvents.OnHostLaunched: Invoking callback 1/1 for Microsoft.VisualStudio.TestPlatform.CrossPlatEngine.Client.ProxyOperationManager., took 0 ms.
TpTrace Verbose: 0 : 16364, 7, 2023/05/29, 18:55:01.884, 5807767391940, vstest.console.exe, TestRequestSender.WaitForRequestHandlerConnection: waiting for connection with timeout: 90000.
TpTrace Verbose: 0 : 16364, 9, 2023/05/29, 18:55:01.966, 5807768213897, vstest.console.exe, MulticastDelegateUtilities.SafeInvoke: SocketServer: ClientConnected: Invoking callback 1/1 for Microsoft.VisualStudio.TestPlatform.CommunicationUtilities.TestRequestSender., took 0 ms.
TpTrace Verbose: 0 : 16364, 9, 2023/05/29, 18:55:01.966, 5807768215137, vstest.console.exe, SocketServer.OnClientConnected: Client connected for endPoint: 127.0.0.1:57387, starting MessageLoopAsync:
TpTrace Verbose: 0 : 16364, 7, 2023/05/29, 18:55:01.966, 5807768214011, vstest.console.exe, TestRequestSender.WaitForRequestHandlerConnection: waiting took 82 ms, with timeout 90000 ms, and result 0, which is success.
TpTrace Verbose: 0 : 16364, 10, 2023/05/29, 18:55:01.968, 5807768233752, vstest.console.exe, TcpClientExtensions.MessageLoopAsync: Polling on remoteEndPoint: 127.0.0.1:57388 localEndPoint: 127.0.0.1:57387
TpTrace Verbose: 0 : 16364, 7, 2023/05/29, 18:55:01.969, 5807768241233, vstest.console.exe, TestRequestSender.CheckVersionWithTestHost: Sending check version message: {"MessageType":"ProtocolVersion","Payload":7}
TpTrace Verbose: 0 : 16364, 10, 2023/05/29, 18:55:02.094, 5807769490472, vstest.console.exe, TcpClientExtensions.MessageLoopAsync: NotifyDataAvailable remoteEndPoint: 127.0.0.1:57388 localEndPoint: 127.0.0.1:57387
TpTrace Verbose: 0 : 16364, 10, 2023/05/29, 18:55:02.095, 5807769503143, vstest.console.exe, TestRequestSender.CheckVersionWithTestHost: onMessageReceived received message: (ProtocolVersion) -> {"MessageType":"ProtocolVersion","Payload":5}
TpTrace Verbose: 0 : 16364, 10, 2023/05/29, 18:55:02.095, 5807769504622, vstest.console.exe, MulticastDelegateUtilities.SafeInvoke: LengthPrefixCommunicationChannel: MessageReceived: Invoking callback 1/1 for Microsoft.VisualStudio.TestPlatform.CommunicationUtilities.TestRequestSender+<>c__DisplayClass29_0., took 0 ms.
TpTrace Verbose: 0 : 16364, 10, 2023/05/29, 18:55:02.095, 5807769505042, vstest.console.exe, TcpClientExtensions.MessageLoopAsync: Polling on remoteEndPoint: 127.0.0.1:57388 localEndPoint: 127.0.0.1:57387
TpTrace Verbose: 0 : 16364, 7, 2023/05/29, 18:55:02.096, 5807769514454, vstest.console.exe, TestPluginCache.GetExtensionPaths: Filtered extension paths: 
TpTrace Verbose: 0 : 16364, 7, 2023/05/29, 18:55:02.096, 5807769515174, vstest.console.exe, TestPluginCache.GetExtensionPaths: Added default extension paths: C:\Users\1511 MXTI\AppData\Local\Temp\bixzjozn.d4j\.vstest\tools\net462\Extensions\Microsoft.TestPlatform.Extensions.BlameDataCollector.dll
C:\Users\1511 MXTI\AppData\Local\Temp\bixzjozn.d4j\.vstest\tools\net462\Extensions\Microsoft.TestPlatform.TestHostRuntimeProvider.dll
C:\Users\1511 MXTI\AppData\Local\Temp\bixzjozn.d4j\.vstest\tools\net462\Extensions\Microsoft.VisualStudio.TestPlatform.Extensions.Html.TestLogger.dll
C:\Users\1511 MXTI\AppData\Local\Temp\bixzjozn.d4j\.vstest\tools\net462\Extensions\Microsoft.VisualStudio.TestPlatform.Extensions.Trx.TestLogger.dll
TpTrace Verbose: 0 : 16364, 7, 2023/05/29, 18:55:02.096, 5807769515556, vstest.console.exe, TestPluginCache.GetExtensionPaths: Added unfilterableExtensionPaths: 
TpTrace Verbose: 0 : 16364, 7, 2023/05/29, 18:55:02.099, 5807769540568, vstest.console.exe, TestRequestSender.InitializeExecution: Sending initialize execution with message: {"Version":5,"MessageType":"TestExecution.Initialize","Payload":["C:\\Projetos\\Bank\\Bank.UnitTests\\bin\\Debug\\net6.0\\Microsoft.VisualStudio.TestPlatform.MSTest.TestAdapter.dll"]}
TpTrace Warning: 0 : 16364, 7, 2023/05/29, 18:55:02.102, 5807769572698, vstest.console.exe, InferRunSettingsHelper.MakeRunsettingsCompatible: Removing the following settings: TargetPlatform from RunSettings file. To use those settings please move to latest version of Microsoft.NET.Test.Sdk
TpTrace Verbose: 0 : 16364, 10, 2023/05/29, 18:55:02.106, 5807769615473, vstest.console.exe, TcpClientExtensions.MessageLoopAsync: NotifyDataAvailable remoteEndPoint: 127.0.0.1:57388 localEndPoint: 127.0.0.1:57387
TpTrace Verbose: 0 : 16364, 10, 2023/05/29, 18:55:02.108, 5807769630753, vstest.console.exe, TestRequestSender.OnExecutionMessageReceived: Received message: {"Version":5,"MessageType":"TestSession.Message","Payload":{"MessageLevel":0,"Message":"Logging TestHost Diagnostics in file: C:\\Projetos\\Bank\\Bank.UnitTests\\StrykerOutput\\2023-05-29.18-54-42\\logs\\Runner 1_VsTest-log.host.23-05-29_18-55-01_81973_7.txt"}}
TpTrace Verbose: 0 : 16364, 10, 2023/05/29, 18:55:02.109, 5807769643695, vstest.console.exe, MulticastDelegateUtilities.SafeInvoke: TestRunRequest.RawMessageReceived: Invoking callback 1/1 for Microsoft.VisualStudio.TestPlatform.Client.DesignMode.DesignModeTestEventsRegistrar., took 0 ms.
TpTrace Verbose: 0 : 16364, 7, 2023/05/29, 18:55:02.112, 5807769669886, vstest.console.exe, TestRequestSender.StartTestRun: Sending test run with message: {"Version":5,"MessageType":"TestExecution.StartWithSources","Payload":{"AdapterSourceMap":{"_none_":["C:\\Projetos\\Bank\\Bank.UnitTests\\bin\\Debug\\net6.0\\Bank.UnitTests.dll"]},"RunSettings":"<RunSettings>\r\n  <RunConfiguration>\r\n    <CollectSourceInformation>false</CollectSourceInformation>\r\n    <MaxCpuCount>1</MaxCpuCount>\r\n    <DesignMode>false</DesignMode>\r\n    <TargetFrameworkVersion>.NETCoreApp,Version=v6.0</TargetFrameworkVersion>\r\n  </RunConfiguration>\r\n  <LoggerRunSettings>\r\n    <Loggers>\r\n      <Logger friendlyName=\"Console\" uri=\"logger://microsoft/TestPlatform/ConsoleLogger/v1\" assemblyQualifiedName=\"Microsoft.VisualStudio.TestPlatform.CommandLine.Internal.ConsoleLogger, vstest.console, Version=15.0.0.0, Culture=neutral, PublicKeyToken=b03f5f7f11d50a3a\" codeBase=\"C:\\Users\\1511 MXTI\\AppData\\Local\\Temp\\bixzjozn.d4j\\.vstest\\tools\\net462\\vstest.console.exe\" enabled=\"True\" />\r\n    </Loggers>\r\n  </LoggerRunSettings>\r\n</RunSettings>","TestExecutionContext":{"FrequencyOfRunStatsChangeEvent":10,"RunStatsChangeEventTimeout":"00:00:01.5000000","InIsolation":false,"KeepAlive":false,"AreTestCaseLevelEventsRequired":false,"IsDebug":false,"TestCaseFilter":null,"FilterOptions":null},"Package":null}}
TpTrace Verbose: 0 : 16364, 10, 2023/05/29, 18:55:02.114, 5807769687406, vstest.console.exe, TestRunRequest:SendTestRunMessage: Starting.
TpTrace Verbose: 0 : 16364, 10, 2023/05/29, 18:55:02.115, 5807769697732, vstest.console.exe, MulticastDelegateUtilities.SafeInvoke: TestRun.LogMessages: Invoking callback 1/1 for Microsoft.VisualStudio.TestPlatform.CommandLine.TestRunResultAggregator., took 0 ms.
TpTrace Information: 0 : 16364, 10, 2023/05/29, 18:55:02.115, 5807769699084, vstest.console.exe, TestRunRequest:SendTestRunMessage: Completed.
TpTrace Verbose: 0 : 16364, 10, 2023/05/29, 18:55:02.115, 5807769699941, vstest.console.exe, MulticastDelegateUtilities.SafeInvoke: LengthPrefixCommunicationChannel: MessageReceived: Invoking callback 1/1 for Microsoft.VisualStudio.TestPlatform.CommunicationUtilities.TestRequestSender+<>c__DisplayClass34_0., took 8 ms.
TpTrace Verbose: 0 : 16364, 10, 2023/05/29, 18:55:02.115, 5807769700478, vstest.console.exe, TcpClientExtensions.MessageLoopAsync: Polling on remoteEndPoint: 127.0.0.1:57388 localEndPoint: 127.0.0.1:57387
TpTrace Verbose: 0 : 16364, 8, 2023/05/29, 18:55:02.118, 5807769731790, vstest.console.exe, MulticastDelegateUtilities.SafeInvoke: InternalTestLoggerEvents.SendTestRunMessage: Invoking callback 1/1 for Microsoft.VisualStudio.TestPlatform.CommandLine.Internal.ConsoleLogger., took 3 ms.
TpTrace Verbose: 0 : 16364, 10, 2023/05/29, 18:55:02.565, 5807774202287, vstest.console.exe, TcpClientExtensions.MessageLoopAsync: NotifyDataAvailable remoteEndPoint: 127.0.0.1:57388 localEndPoint: 127.0.0.1:57387
TpTrace Verbose: 0 : 16364, 10, 2023/05/29, 18:55:02.565, 5807774203739, vstest.console.exe, TestRequestSender.OnExecutionMessageReceived: Received message: {"Version":5,"MessageType":"TestExecution.Completed","Payload":{"TestRunCompleteArgs":{"TestRunStatistics":{"ExecutedTests":1,"Stats":{"Passed":1}},"IsCanceled":false,"IsAborted":false,"Error":null,"AttachmentSets":[],"ElapsedTimeInRunningTests":"00:00:00.1322452","Metrics":{}},"LastRunTests":{"NewTestResults":[{"TestCase":{"Id":"7c80fa14-4b5e-688b-30c4-22317d77de66","FullyQualifiedName":"Bank.UnitTests.BankAccountTest.Debit_WithValidAmount_UpdatesBalance","DisplayName":"Debit_WithValidAmount_UpdatesBalance","ExecutorUri":"executor://MSTestAdapter/v2","Source":"C:\\Projetos\\Bank\\Bank.UnitTests\\bin\\Debug\\net6.0\\Bank.UnitTests.dll","CodeFilePath":null,"LineNumber":-1,"Properties":[{"Key":{"Id":"TestCase.ManagedType","Label":"ManagedType","Category":"","Description":"","Attributes":1,"ValueType":"System.String"},"Value":"Bank.UnitTests.BankAccountTest"},{"Key":{"Id":"TestCase.ManagedMethod","Label":"ManagedMethod","Category":"","Description":"","Attributes":1,"ValueType":"System.String"},"Value":"Debit_WithValidAmount_UpdatesBalance"},{"Key":{"Id":"MSTestDiscoverer.TestClassName","Label":"ClassName","Category":"","Description":"","Attributes":1,"ValueType":"System.String"},"Value":"Bank.UnitTests.BankAccountTest"},{"Key":{"Id":"TestCase.Hierarchy","Label":"Hierarchy","Category":"","Description":"","Attributes":2,"ValueType":"System.String[]"},"Value":["Bank.UnitTests","BankAccountTest"]},{"Key":{"Id":"TestObject.Traits","Label":"Traits","Category":"","Description":"","Attributes":5,"ValueType":"System.Collections.Generic.KeyValuePair`2[[System.String],[System.String]][]"},"Value":[]}]},"Attachments":[],"Outcome":1,"ErrorMessage":null,"ErrorStackTrace":null,"DisplayName":"Debit_WithValidAmount_UpdatesBalance","Messages":[],"ComputerName":null,"Duration":"00:00:00.0056912","StartTime":"2023-05-29T18:55:02.4873226-03:00","EndTime":"2023-05-29T18:55:02.5081335-03:00","Properties":[{"Key":{"Id":"ExecutionId","Label":"ExecutionId","Category":"","Description":"","Attributes":1,"ValueType":"System.Guid"},"Value":"00000000-0000-0000-0000-000000000000"},{"Key":{"Id":"ParentExecId","Label":"ParentExecId","Category":"","Description":"","Attributes":1,"ValueType":"System.Guid"},"Value":"00000000-0000-0000-0000-000000000000"},{"Key":{"Id":"InnerResultsCount","Label":"InnerResultsCount","Category":"","Description":"","Attributes":1,"ValueType":"System.Int32"},"Value":0}]}],"TestRunStatistics":{"ExecutedTests":1,"Stats":{"Passed":1}},"ActiveTests":[]},"RunAttachments":[],"ExecutorUris":["executor://mstestadapter/v2"]}}
TpTrace Verbose: 0 : 16364, 10, 2023/05/29, 18:55:02.567, 5807774218198, vstest.console.exe, TestRequestSender.EndSession: Sending end session.
TpTrace Verbose: 0 : 16364, 10, 2023/05/29, 18:55:02.567, 5807774219513, vstest.console.exe, ProxyOperationManager.Close: waiting for test host to exit for 100 ms
TpTrace Verbose: 0 : 16364, 4, 2023/05/29, 18:55:02.585, 5807774398360, vstest.console.exe, TestHostProvider.ExitCallBack: Host exited starting callback.
TpTrace Information: 0 : 16364, 4, 2023/05/29, 18:55:02.585, 5807774401080, vstest.console.exe, TestHostManagerCallbacks.ExitCallBack: Testhost processId: 24708 exited with exitcode: 0 error: ''
TpTrace Verbose: 0 : 16364, 4, 2023/05/29, 18:55:02.585, 5807774403051, vstest.console.exe, DotnetTestHostManager.OnHostExited: invoking OnHostExited callback
TpTrace Verbose: 0 : 16364, 4, 2023/05/29, 18:55:02.585, 5807774404923, vstest.console.exe, CrossPlatEngine.TestHostManagerHostExited: calling on client process exit callback.
TpTrace Information: 0 : 16364, 4, 2023/05/29, 18:55:02.586, 5807774407311, vstest.console.exe, TestRequestSender.OnClientProcessExit: Test host process exited. Standard error: 
TpTrace Information: 0 : 16364, 4, 2023/05/29, 18:55:02.586, 5807774410015, vstest.console.exe, SocketServer.Stop: Stop server endPoint: 127.0.0.1:57387
TpTrace Information: 0 : 16364, 4, 2023/05/29, 18:55:02.586, 5807774410420, vstest.console.exe, SocketServer.Stop: Cancellation requested. Stopping message loop.
TpTrace Verbose: 0 : 16364, 4, 2023/05/29, 18:55:02.586, 5807774410892, vstest.console.exe, MulticastDelegateUtilities.SafeInvoke: HostProviderEvents.OnHostExited: Invoking callback 1/1 for Microsoft.VisualStudio.TestPlatform.CrossPlatEngine.Client.ProxyOperationManager., took 0 ms.
TpTrace Information: 0 : 16364, 10, 2023/05/29, 18:55:02.586, 5807774411108, vstest.console.exe, SocketServer.Stop: Stop server endPoint: 127.0.0.1:57387
TpTrace Information: 0 : 16364, 10, 2023/05/29, 18:55:02.586, 5807774411681, vstest.console.exe, SocketServer.Stop: Cancellation requested. Stopping message loop.
TpTrace Information: 0 : 16364, 10, 2023/05/29, 18:55:02.586, 5807774412012, vstest.console.exe, Closing the connection
TpTrace Verbose: 0 : 16364, 10, 2023/05/29, 18:55:02.647, 5807775019030, vstest.console.exe, MulticastDelegateUtilities.SafeInvoke: TestRunRequest.RawMessageReceived: Invoking callback 1/1 for Microsoft.VisualStudio.TestPlatform.Client.DesignMode.DesignModeTestEventsRegistrar., took 0 ms.
TpTrace Verbose: 0 : 16364, 10, 2023/05/29, 18:55:02.648, 5807775028119, vstest.console.exe, TestRunRequest:SendTestRunStatsChange: Starting.
TpTrace Verbose: 0 : 16364, 10, 2023/05/29, 18:55:02.649, 5807775042607, vstest.console.exe, MulticastDelegateUtilities.SafeInvoke: TestRun.RunStatsChanged: Invoking callbacks was skipped because there are no subscribers.
TpTrace Information: 0 : 16364, 10, 2023/05/29, 18:55:02.649, 5807775043331, vstest.console.exe, TestRunRequest:SendTestRunStatsChange: Completed.
TpTrace Verbose: 0 : 16364, 10, 2023/05/29, 18:55:02.654, 5807775094848, vstest.console.exe, ParallelProxyExecutionManager: HandlePartialRunComplete: Total completed clients = 1, Run complete = True, Run canceled: False.
TpTrace Verbose: 0 : 16364, 8, 2023/05/29, 18:55:02.657, 5807775122558, vstest.console.exe, MulticastDelegateUtilities.SafeInvoke: InternalTestLoggerEvents.SendTestResult: Invoking callback 1/1 for Microsoft.VisualStudio.TestPlatform.CommandLine.Internal.ConsoleLogger., took 7 ms.
TpTrace Verbose: 0 : 16364, 8, 2023/05/29, 18:55:02.683, 5807775383396, vstest.console.exe, MulticastDelegateUtilities.SafeInvoke: InternalTestLoggerEvents.SendTestRunComplete: Invoking callback 1/1 for Microsoft.VisualStudio.TestPlatform.CommandLine.Internal.ConsoleLogger., took 16 ms.
TpTrace Verbose: 0 : 16364, 10, 2023/05/29, 18:55:02.685, 5807775399283, vstest.console.exe, MulticastDelegateUtilities.SafeInvoke: TestRunRequest.RawMessageReceived: Invoking callback 1/1 for Microsoft.VisualStudio.TestPlatform.Client.DesignMode.DesignModeTestEventsRegistrar., took 0 ms.
TpTrace Verbose: 0 : 16364, 10, 2023/05/29, 18:55:02.687, 5807775421175, vstest.console.exe, TestRunRequest:TestRunComplete: Starting. IsAborted:False IsCanceled:False.
TpTrace Verbose: 0 : 16364, 10, 2023/05/29, 18:55:02.693, 5807775483984, vstest.console.exe, TestLoggerManager.HandleTestRunComplete: Ignoring as the object is disposed.
TpTrace Verbose: 0 : 16364, 10, 2023/05/29, 18:55:02.694, 5807775490200, vstest.console.exe, MulticastDelegateUtilities.SafeInvoke: TestRun.TestRunComplete: Invoking callback 1/1 for Microsoft.VisualStudio.TestPlatform.CommandLine.TestRunResultAggregator., took 0 ms.
TpTrace Information: 0 : 16364, 10, 2023/05/29, 18:55:02.694, 5807775491240, vstest.console.exe, TestRunRequest:TestRunComplete: Completed.
TpTrace Verbose: 0 : 16364, 10, 2023/05/29, 18:55:02.694, 5807775493242, vstest.console.exe, TestRequestSender.SetOperationComplete: Setting operation complete.
TpTrace Information: 0 : 16364, 10, 2023/05/29, 18:55:02.694, 5807775493762, vstest.console.exe, SocketServer.Stop: Stop server endPoint: 127.0.0.1:57387
TpTrace Information: 0 : 16364, 10, 2023/05/29, 18:55:02.694, 5807775494091, vstest.console.exe, SocketServer.Stop: Cancellation requested. Stopping message loop.
TpTrace Verbose: 0 : 16364, 10, 2023/05/29, 18:55:02.694, 5807775494450, vstest.console.exe, MulticastDelegateUtilities.SafeInvoke: LengthPrefixCommunicationChannel: MessageReceived: Invoking callback 1/1 for Microsoft.VisualStudio.TestPlatform.CommunicationUtilities.TestRequestSender+<>c__DisplayClass34_0., took 129 ms.
TpTrace Information: 0 : 16364, 10, 2023/05/29, 18:55:02.695, 5807775500347, vstest.console.exe, SocketServer.PrivateStop: Stopping server endPoint: 127.0.0.1:57387 error: 
TpTrace Verbose: 0 : 16364, 10, 2023/05/29, 18:55:02.695, 5807775504279, vstest.console.exe, LengthPrefixCommunicationChannel.Dispose: Dispose reader and writer.
TpTrace Information: 0 : 16364, 10, 2023/05/29, 18:55:02.695, 5807775504842, vstest.console.exe, SocketServer.Stop: Raise disconnected event endPoint: 127.0.0.1:57387 error: 
TpTrace Verbose: 0 : 16364, 6, 2023/05/29, 18:55:02.696, 5807775507699, vstest.console.exe, TestRunRequest.Dispose: Starting.
TpTrace Information: 0 : 16364, 6, 2023/05/29, 18:55:02.696, 5807775508463, vstest.console.exe, TestRunRequest.Dispose: Completed.
TpTrace Information: 0 : 16364, 6, 2023/05/29, 18:55:02.696, 5807775508930, vstest.console.exe, TestRequestManager.RunTests: run tests completed.
TpTrace Verbose: 0 : 16364, 10, 2023/05/29, 18:55:02.697, 5807775517980, vstest.console.exe, TestRequestSender: OnTestRunAbort: Operation is already complete. Skip error message.
TpTrace Verbose: 0 : 16364, 10, 2023/05/29, 18:55:02.697, 5807775518567, vstest.console.exe, MulticastDelegateUtilities.SafeInvoke: SocketServer: ClientDisconnected: Invoking callback 1/1 for Microsoft.VisualStudio.TestPlatform.CommunicationUtilities.TestRequestSender., took 1 ms.
TpTrace Verbose: 0 : 16364, 10, 2023/05/29, 18:55:02.697, 5807775518954, vstest.console.exe, TcpClientExtensions.MessageLoopAsync: exiting MessageLoopAsync remoteEndPoint: 127.0.0.1:57388 localEndPoint: 127.0.0.1:57387
TpTrace Information: 0 : 16364, 1, 2023/05/29, 18:55:04.940, 5807797949274, vstest.console.exe, DesignModeClient.ProcessRequests: Processing Message: (TestExecution.GetTestRunnerProcessStartInfoForRunAll) -> {"Version":7,"MessageType":"TestExecution.GetTestRunnerProcessStartInfoForRunAll","Payload":{"Sources":["C:\\Projetos\\Bank\\Bank.UnitTests\\bin\\Debug\\net6.0\\Bank.UnitTests.dll"],"TestCases":null,"RunSettings":"<RunSettings>\r\n<RunConfiguration>\r\n  <CollectSourceInformation>false</CollectSourceInformation>\r\n  <MaxCpuCount>1</MaxCpuCount>\r\n\r\n<DesignMode>false</DesignMode>\r\n</RunConfiguration><InProcDataCollectionRunSettings><InProcDataCollectors><InProcDataCollector friendlyName=\"StrykerCoverage\" uri=\"https://stryker-mutator.io/\" codebase=\"C:\\Users\\1511 MXTI\\.nuget\\packages\\dotnet-stryker\\3.9.0\\tools\\net6.0\\any\\Stryker.DataCollector.dll\" assemblyQualifiedName=\"Stryker.DataCollector.CoverageCollector, Stryker.DataCollector, Version=1.0.0.0, Culture=neutral, PublicKeyToken=null\">\r\n<Configuration><Parameters><Coverage/><MutantControl name='Stryker0Xrvs6ez4CmThoK.MutantControl'/></Parameters></Configuration></InProcDataCollector></InProcDataCollectors></InProcDataCollectionRunSettings>\r\n</RunSettings>","KeepAlive":false,"DebuggingEnabled":false,"TestPlatformOptions":{"TestCaseFilter":null,"FilterOptions":null,"CollectMetrics":false,"SkipDefaultAdapters":false},"TestSessionInfo":null}}
TpTrace Information: 0 : 16364, 9, 2023/05/29, 18:55:04.940, 5807797952214, vstest.console.exe, TestRequestManager.RunTests: run tests started.
TpTrace Information: 0 : 16364, 9, 2023/05/29, 18:55:04.941, 5807797957540, vstest.console.exe, AssemblyMetadataProvider.GetFrameworkName: Determined framework:'.NETCoreApp,Version=v6.0' for source: 'C:\Projetos\Bank\Bank.UnitTests\bin\Debug\net6.0\Bank.UnitTests.dll'
TpTrace Information: 0 : 16364, 9, 2023/05/29, 18:55:04.941, 5807797958484, vstest.console.exe, Determined framework for all sources: .NETCoreApp,Version=v6.0
TpTrace Verbose: 0 : 16364, 9, 2023/05/29, 18:55:04.941, 5807797959350, vstest.console.exe, TestRequestManager.UpdateRunSettingsIfRequired: Default architecture: X64 IsDefaultTargetArchitecture: True, Current process architecture: X64 OperatingSystem: Windows.
TpTrace Information: 0 : 16364, 9, 2023/05/29, 18:55:04.941, 5807797963151, vstest.console.exe, AssemblyMetadataProvider.GetArchitecture: Determined architecture:AnyCPU info for assembly: C:\Projetos\Bank\Bank.UnitTests\bin\Debug\net6.0\Bank.UnitTests.dll
TpTrace Information: 0 : 16364, 9, 2023/05/29, 18:55:04.941, 5807797963580, vstest.console.exe, Determined platform for source 'C:\Projetos\Bank\Bank.UnitTests\bin\Debug\net6.0\Bank.UnitTests.dll' was AnyCPU and it will use the default plaform X64.
TpTrace Information: 0 : 16364, 9, 2023/05/29, 18:55:04.942, 5807797963996, vstest.console.exe, None of the sources provided any runnable platform, using the default platform: X64
TpTrace Information: 0 : 16364, 9, 2023/05/29, 18:55:04.942, 5807797964637, vstest.console.exe, Platform was updated to 'X64'.
TpTrace Information: 0 : 16364, 9, 2023/05/29, 18:55:04.942, 5807797966640, vstest.console.exe, InferRunSettingsHelper.IsTestSettingsEnabled: Unable to navigate to RunSettings/MSTest. Current node: RunSettings
TpTrace Information: 0 : 16364, 9, 2023/05/29, 18:55:04.942, 5807797970567, vstest.console.exe, AssemblyResolver.OnResolve: Microsoft.VisualStudio.TestPlatform.Fakes, Version=17.0.0.0, Culture=neutral: Resolving assembly.
TpTrace Information: 0 : 16364, 9, 2023/05/29, 18:55:04.942, 5807797971115, vstest.console.exe, AssemblyResolver.OnResolve: Microsoft.VisualStudio.TestPlatform.Fakes, Version=17.0.0.0, Culture=neutral: Resolved from cache.
TpTrace Information: 0 : 16364, 9, 2023/05/29, 18:55:04.942, 5807797973338, vstest.console.exe, Failed to load assembly Microsoft.VisualStudio.TestPlatform.Fakes, Version=17.0.0.0, Culture=neutral. Reason:System.IO.FileNotFoundException: Não foi possível carregar arquivo ou assembly 'Microsoft.VisualStudio.TestPlatform.Fakes, Version=17.0.0.0, Culture=neutral' ou uma de suas dependências. O sistema não pode encontrar o arquivo especificado.
File name: 'Microsoft.VisualStudio.TestPlatform.Fakes, Version=17.0.0.0, Culture=neutral'
   at System.Reflection.RuntimeAssembly._nLoad(AssemblyName fileName, String codeBase, Evidence assemblySecurity, RuntimeAssembly locationHint, StackCrawlMark& stackMark, IntPtr pPrivHostBinder, Boolean throwOnFileNotFound, Boolean forIntrospection, Boolean suppressSecurityChecks)
   at System.Reflection.RuntimeAssembly.InternalLoadAssemblyName(AssemblyName assemblyRef, Evidence assemblySecurity, RuntimeAssembly reqAssembly, StackCrawlMark& stackMark, IntPtr pPrivHostBinder, Boolean throwOnFileNotFound, Boolean forIntrospection, Boolean suppressSecurityChecks)
   at System.Reflection.Assembly.Load(AssemblyName assemblyRef)
   at Microsoft.VisualStudio.TestPlatform.Common.Utilities.FakesUtilities.LoadTestPlatformAssembly()

AVI: o log de associações de assembly está desativado.
Para ativar o log de  falhas de assembly, defina o valor do Registro [HKLM\Software\Microsoft\Fusion!EnableLog] (DWORD) como 1.
Observação: há alguma penalidade para o desempenho associada ao log de falha de associação de assembly.
Para desativar esse recurso, remova o valor do Registro [HKLM\Software\Microsoft\Fusion!EnableLog].

TpTrace Verbose: 0 : 16364, 9, 2023/05/29, 18:55:04.944, 5807797985730, vstest.console.exe, TestEngine: Initializing Parallel Execution as MaxCpuCount is set to: 1
TpTrace Information: 0 : 16364, 9, 2023/05/29, 18:55:04.947, 5807798023533, vstest.console.exe, InferRunSettingsHelper.IsTestSettingsEnabled: Unable to navigate to RunSettings/MSTest. Current node: RunSettings
TpTrace Verbose: 0 : 16364, 9, 2023/05/29, 18:55:04.948, 5807798026072, vstest.console.exe, TestEngine.GetExecutionManager: Chosen execution manager 'Microsoft.VisualStudio.TestPlatform.CrossPlatEngine.Client.Parallel.ParallelProxyExecutionManager, Microsoft.TestPlatform.CrossPlatEngine, Version=15.0.0.0, Culture=neutral, PublicKeyToken=b03f5f7f11d50a3a' ParallelLevel '1'.
TpTrace Verbose: 0 : 16364, 9, 2023/05/29, 18:55:04.948, 5807798026583, vstest.console.exe, TestRunRequest.ExecuteAsync: Creating test run request.
TpTrace Verbose: 0 : 16364, 9, 2023/05/29, 18:55:04.948, 5807798027114, vstest.console.exe, TestRunRequest.ExecuteAsync: Starting.
TpTrace Information: 0 : 16364, 9, 2023/05/29, 18:55:04.948, 5807798027667, vstest.console.exe, TestRunRequest.ExecuteAsync: Starting run with settings:TestRunCriteria:
   KeepAlive=False,FrequencyOfRunStatsChangeEvent=10,RunStatsChangeEventTimeout=00:00:01.5000000,TestCaseFilter=,TestExecutorLauncher=Microsoft.VisualStudio.TestPlatform.Client.DesignMode.DesignModeTestHostLauncher
   Settingsxml=<RunSettings>
  <RunConfiguration>
    <CollectSourceInformation>false</CollectSourceInformation>
    <MaxCpuCount>1</MaxCpuCount>
    <DesignMode>false</DesignMode>
    <TargetFrameworkVersion>.NETCoreApp,Version=v6.0</TargetFrameworkVersion>
    <TargetPlatform>X64</TargetPlatform>
  </RunConfiguration>
  <InProcDataCollectionRunSettings>
    <InProcDataCollectors>
      <InProcDataCollector friendlyName="StrykerCoverage" uri="https://stryker-mutator.io/" codebase="C:\Users\1511 MXTI\.nuget\packages\dotnet-stryker\3.9.0\tools\net6.0\any\Stryker.DataCollector.dll" assemblyQualifiedName="Stryker.DataCollector.CoverageCollector, Stryker.DataCollector, Version=1.0.0.0, Culture=neutral, PublicKeyToken=null">
        <Configuration>
          <Parameters>
            <Coverage />
            <MutantControl name="Stryker0Xrvs6ez4CmThoK.MutantControl" />
          </Parameters>
        </Configuration>
      </InProcDataCollector>
    </InProcDataCollectors>
  </InProcDataCollectionRunSettings>
  <LoggerRunSettings>
    <Loggers>
      <Logger friendlyName="Console" uri="logger://microsoft/TestPlatform/ConsoleLogger/v1" assemblyQualifiedName="Microsoft.VisualStudio.TestPlatform.CommandLine.Internal.ConsoleLogger, vstest.console, Version=15.0.0.0, Culture=neutral, PublicKeyToken=b03f5f7f11d50a3a" codeBase="C:\Users\1511 MXTI\AppData\Local\Temp\bixzjozn.d4j\.vstest\tools\net462\vstest.console.exe" enabled="True" />
    </Loggers>
  </LoggerRunSettings>
</RunSettings>

TpTrace Verbose: 0 : 16364, 9, 2023/05/29, 18:55:04.948, 5807798028273, vstest.console.exe, TestRunRequest.ExecuteAsync: Wait for the first run request is over.
TpTrace Verbose: 0 : 16364, 9, 2023/05/29, 18:55:04.948, 5807798029288, vstest.console.exe, MulticastDelegateUtilities.SafeInvoke: TestRun.TestRunStart: Invoking callbacks was skipped because there are no subscribers.
TpTrace Verbose: 0 : 16364, 9, 2023/05/29, 18:55:04.948, 5807798030007, vstest.console.exe, ParallelProxyExecutionManager: Start execution. Total sources: 1
TpTrace Verbose: 0 : 16364, 12, 2023/05/29, 18:55:04.948, 5807798030290, vstest.console.exe, MulticastDelegateUtilities.SafeInvoke: InternalTestLoggerEvents.SendTestRunStart: Invoking callback 1/1 for Microsoft.VisualStudio.TestPlatform.CommandLine.Internal.ConsoleLogger., took 0 ms.
TpTrace Verbose: 0 : 16364, 9, 2023/05/29, 18:55:04.948, 5807798032648, vstest.console.exe, TestRequestSender is acting as server.
TpTrace Verbose: 0 : 16364, 9, 2023/05/29, 18:55:04.948, 5807798033229, vstest.console.exe, ProxyParallelExecutionManager: No sources available for execution.
TpTrace Information: 0 : 16364, 9, 2023/05/29, 18:55:04.949, 5807798033792, vstest.console.exe, TestRunRequest.ExecuteAsync: Started.
TpTrace Verbose: 0 : 16364, 11, 2023/05/29, 18:55:04.949, 5807798034139, vstest.console.exe, ParallelProxyExecutionManager: Execution started. Started clients: 1
TpTrace Verbose: 0 : 16364, 11, 2023/05/29, 18:55:04.949, 5807798034900, vstest.console.exe, ProxyExecutionManager: Test host is always Lazy initialize.
TpTrace Verbose: 0 : 16364, 9, 2023/05/29, 18:55:04.949, 5807798034350, vstest.console.exe, TestRunRequest.WaitForCompletion: Waiting with timeout -1.
TpTrace Verbose: 0 : 16364, 11, 2023/05/29, 18:55:04.949, 5807798035497, vstest.console.exe, TestRequestSender.InitializeCommunication: initialize communication. 
TpTrace Information: 0 : 16364, 11, 2023/05/29, 18:55:04.949, 5807798038416, vstest.console.exe, SocketServer.Start: Listening on endpoint : 127.0.0.1:57389
TpTrace Verbose: 0 : 16364, 11, 2023/05/29, 18:55:04.949, 5807798040815, vstest.console.exe, DotnetTestHostmanager.GetTestHostProcessStartInfo: Platform environment 'X64' target architecture 'X64' framework '.NETCoreApp,Version=v6.0' OS 'Windows'
TpTrace Verbose: 0 : 16364, 11, 2023/05/29, 18:55:04.949, 5807798042594, vstest.console.exe, DotnetTestHostmanager: Adding  --runtimeconfig "C:\Projetos\Bank\Bank.UnitTests\bin\Debug\net6.0\Bank.UnitTests.runtimeconfig.json" in args
TpTrace Verbose: 0 : 16364, 11, 2023/05/29, 18:55:04.949, 5807798043395, vstest.console.exe, DotnetTestHostmanager: Adding  --depsfile "C:\Projetos\Bank\Bank.UnitTests\bin\Debug\net6.0\Bank.UnitTests.deps.json" in args
TpTrace Verbose: 0 : 16364, 11, 2023/05/29, 18:55:04.950, 5807798044798, vstest.console.exe, DotnetTestHostmanager.IsWinOnArm: Current PROCESSOR_ARCHITECTURE from environment variable 'AMD64'
TpTrace Verbose: 0 : 16364, 11, 2023/05/29, 18:55:04.950, 5807798045956, vstest.console.exe, DotnetTestHostmanager.IsWinOnArm: Is Windows on ARM 'False'
TpTrace Verbose: 0 : 16364, 11, 2023/05/29, 18:55:04.950, 5807798047214, vstest.console.exe, DotnetTestHostManager: testhost.exe found at path: C:\Projetos\Bank\Bank.UnitTests\bin\Debug\net6.0\testhost.exe
TpTrace Verbose: 0 : 16364, 11, 2023/05/29, 18:55:04.950, 5807798048133, vstest.console.exe, DotnetTestHostmanager: Full path of host exe is C:\Projetos\Bank\Bank.UnitTests\bin\Debug\net6.0\testhost.exe
TpTrace Verbose: 0 : 16364, 11, 2023/05/29, 18:55:04.950, 5807798049094, vstest.console.exe, DotnetTestHostmanager.LaunchTestHostAsync: Prefix 'VSTEST_WINAPPHOST_*' not found in env variables
TpTrace Information: 0 : 16364, 1, 2023/05/29, 18:55:04.956, 5807798107948, vstest.console.exe, DesignModeClient.ProcessRequests: Processing Message: (TestExecution.CustomTestHostLaunchCallback) -> {"Version":7,"MessageType":"TestExecution.CustomTestHostLaunchCallback","Payload":{"HostProcessId":3580,"ErrorMessage":null}}
TpTrace Verbose: 0 : 16364, 11, 2023/05/29, 18:55:04.987, 5807798418421, vstest.console.exe, Test Runtime launched
TpTrace Verbose: 0 : 16364, 11, 2023/05/29, 18:55:04.987, 5807798420057, vstest.console.exe, MulticastDelegateUtilities.SafeInvoke: HostProviderEvents.OnHostLaunched: Invoking callback 1/1 for Microsoft.VisualStudio.TestPlatform.CrossPlatEngine.Client.ProxyOperationManager., took 0 ms.
TpTrace Verbose: 0 : 16364, 11, 2023/05/29, 18:55:04.987, 5807798421167, vstest.console.exe, TestRequestSender.WaitForRequestHandlerConnection: waiting for connection with timeout: 90000.
TpTrace Verbose: 0 : 16364, 11, 2023/05/29, 18:55:05.082, 5807799368800, vstest.console.exe, TestRequestSender.WaitForRequestHandlerConnection: waiting took 94 ms, with timeout 90000 ms, and result 0, which is success.
TpTrace Verbose: 0 : 16364, 7, 2023/05/29, 18:55:05.082, 5807799368784, vstest.console.exe, MulticastDelegateUtilities.SafeInvoke: SocketServer: ClientConnected: Invoking callback 1/1 for Microsoft.VisualStudio.TestPlatform.CommunicationUtilities.TestRequestSender., took 0 ms.
TpTrace Verbose: 0 : 16364, 7, 2023/05/29, 18:55:05.082, 5807799370439, vstest.console.exe, SocketServer.OnClientConnected: Client connected for endPoint: 127.0.0.1:57389, starting MessageLoopAsync:
TpTrace Verbose: 0 : 16364, 11, 2023/05/29, 18:55:05.082, 5807799370493, vstest.console.exe, TestRequestSender.CheckVersionWithTestHost: Sending check version message: {"MessageType":"ProtocolVersion","Payload":7}
TpTrace Verbose: 0 : 16364, 6, 2023/05/29, 18:55:05.082, 5807799371327, vstest.console.exe, TcpClientExtensions.MessageLoopAsync: Polling on remoteEndPoint: 127.0.0.1:57390 localEndPoint: 127.0.0.1:57389
TpTrace Verbose: 0 : 16364, 6, 2023/05/29, 18:55:05.216, 5807800707601, vstest.console.exe, TcpClientExtensions.MessageLoopAsync: NotifyDataAvailable remoteEndPoint: 127.0.0.1:57390 localEndPoint: 127.0.0.1:57389
TpTrace Verbose: 0 : 16364, 6, 2023/05/29, 18:55:05.216, 5807800708999, vstest.console.exe, TestRequestSender.CheckVersionWithTestHost: onMessageReceived received message: (ProtocolVersion) -> {"MessageType":"ProtocolVersion","Payload":5}
TpTrace Verbose: 0 : 16364, 6, 2023/05/29, 18:55:05.216, 5807800709969, vstest.console.exe, MulticastDelegateUtilities.SafeInvoke: LengthPrefixCommunicationChannel: MessageReceived: Invoking callback 1/1 for Microsoft.VisualStudio.TestPlatform.CommunicationUtilities.TestRequestSender+<>c__DisplayClass29_0., took 0 ms.
TpTrace Verbose: 0 : 16364, 11, 2023/05/29, 18:55:05.216, 5807800710288, vstest.console.exe, TestPluginCache.GetExtensionPaths: Filtered extension paths: 
TpTrace Verbose: 0 : 16364, 11, 2023/05/29, 18:55:05.216, 5807800710991, vstest.console.exe, TestPluginCache.GetExtensionPaths: Added default extension paths: C:\Users\1511 MXTI\AppData\Local\Temp\bixzjozn.d4j\.vstest\tools\net462\Extensions\Microsoft.TestPlatform.Extensions.BlameDataCollector.dll
C:\Users\1511 MXTI\AppData\Local\Temp\bixzjozn.d4j\.vstest\tools\net462\Extensions\Microsoft.TestPlatform.TestHostRuntimeProvider.dll
C:\Users\1511 MXTI\AppData\Local\Temp\bixzjozn.d4j\.vstest\tools\net462\Extensions\Microsoft.VisualStudio.TestPlatform.Extensions.Html.TestLogger.dll
C:\Users\1511 MXTI\AppData\Local\Temp\bixzjozn.d4j\.vstest\tools\net462\Extensions\Microsoft.VisualStudio.TestPlatform.Extensions.Trx.TestLogger.dll
TpTrace Verbose: 0 : 16364, 11, 2023/05/29, 18:55:05.216, 5807800711425, vstest.console.exe, TestPluginCache.GetExtensionPaths: Added unfilterableExtensionPaths: 
TpTrace Verbose: 0 : 16364, 6, 2023/05/29, 18:55:05.216, 5807800710330, vstest.console.exe, TcpClientExtensions.MessageLoopAsync: Polling on remoteEndPoint: 127.0.0.1:57390 localEndPoint: 127.0.0.1:57389
TpTrace Verbose: 0 : 16364, 11, 2023/05/29, 18:55:05.217, 5807800716975, vstest.console.exe, TestRequestSender.InitializeExecution: Sending initialize execution with message: {"Version":5,"MessageType":"TestExecution.Initialize","Payload":["C:\\Projetos\\Bank\\Bank.UnitTests\\bin\\Debug\\net6.0\\Microsoft.VisualStudio.TestPlatform.MSTest.TestAdapter.dll"]}
TpTrace Warning: 0 : 16364, 11, 2023/05/29, 18:55:05.222, 5807800772676, vstest.console.exe, InferRunSettingsHelper.MakeRunsettingsCompatible: Removing the following settings: TargetPlatform from RunSettings file. To use those settings please move to latest version of Microsoft.NET.Test.Sdk
TpTrace Verbose: 0 : 16364, 11, 2023/05/29, 18:55:05.223, 5807800774544, vstest.console.exe, TestRequestSender.StartTestRun: Sending test run with message: {"Version":5,"MessageType":"TestExecution.StartWithSources","Payload":{"AdapterSourceMap":{"_none_":["C:\\Projetos\\Bank\\Bank.UnitTests\\bin\\Debug\\net6.0\\Bank.UnitTests.dll"]},"RunSettings":"<RunSettings>\r\n  <RunConfiguration>\r\n    <CollectSourceInformation>false</CollectSourceInformation>\r\n    <MaxCpuCount>1</MaxCpuCount>\r\n    <DesignMode>false</DesignMode>\r\n    <TargetFrameworkVersion>.NETCoreApp,Version=v6.0</TargetFrameworkVersion>\r\n  </RunConfiguration>\r\n  <InProcDataCollectionRunSettings>\r\n    <InProcDataCollectors>\r\n      <InProcDataCollector friendlyName=\"StrykerCoverage\" uri=\"https://stryker-mutator.io/\" codebase=\"C:\\Users\\1511 MXTI\\.nuget\\packages\\dotnet-stryker\\3.9.0\\tools\\net6.0\\any\\Stryker.DataCollector.dll\" assemblyQualifiedName=\"Stryker.DataCollector.CoverageCollector, Stryker.DataCollector, Version=1.0.0.0, Culture=neutral, PublicKeyToken=null\">\r\n        <Configuration>\r\n          <Parameters>\r\n            <Coverage />\r\n            <MutantControl name=\"Stryker0Xrvs6ez4CmThoK.MutantControl\" />\r\n          </Parameters>\r\n        </Configuration>\r\n      </InProcDataCollector>\r\n    </InProcDataCollectors>\r\n  </InProcDataCollectionRunSettings>\r\n  <LoggerRunSettings>\r\n    <Loggers>\r\n      <Logger friendlyName=\"Console\" uri=\"logger://microsoft/TestPlatform/ConsoleLogger/v1\" assemblyQualifiedName=\"Microsoft.VisualStudio.TestPlatform.CommandLine.Internal.ConsoleLogger, vstest.console, Version=15.0.0.0, Culture=neutral, PublicKeyToken=b03f5f7f11d50a3a\" codeBase=\"C:\\Users\\1511 MXTI\\AppData\\Local\\Temp\\bixzjozn.d4j\\.vstest\\tools\\net462\\vstest.console.exe\" enabled=\"True\" />\r\n    </Loggers>\r\n  </LoggerRunSettings>\r\n</RunSettings>","TestExecutionContext":{"FrequencyOfRunStatsChangeEvent":10,"RunStatsChangeEventTimeout":"00:00:01.5000000","InIsolation":false,"KeepAlive":false,"AreTestCaseLevelEventsRequired":false,"IsDebug":false,"TestCaseFilter":null,"FilterOptions":null},"Package":null}}
TpTrace Verbose: 0 : 16364, 6, 2023/05/29, 18:55:05.229, 5807800836833, vstest.console.exe, TcpClientExtensions.MessageLoopAsync: NotifyDataAvailable remoteEndPoint: 127.0.0.1:57390 localEndPoint: 127.0.0.1:57389
TpTrace Verbose: 0 : 16364, 6, 2023/05/29, 18:55:05.229, 5807800838480, vstest.console.exe, TestRequestSender.OnExecutionMessageReceived: Received message: {"Version":5,"MessageType":"TestSession.Message","Payload":{"MessageLevel":0,"Message":"Logging TestHost Diagnostics in file: C:\\Projetos\\Bank\\Bank.UnitTests\\StrykerOutput\\2023-05-29.18-54-42\\logs\\Runner 1_VsTest-log.host.23-05-29_18-55-04_94953_11.txt"}}
TpTrace Verbose: 0 : 16364, 6, 2023/05/29, 18:55:05.229, 5807800839707, vstest.console.exe, MulticastDelegateUtilities.SafeInvoke: TestRunRequest.RawMessageReceived: Invoking callback 1/1 for Microsoft.VisualStudio.TestPlatform.Client.DesignMode.DesignModeTestEventsRegistrar., took 0 ms.
TpTrace Verbose: 0 : 16364, 6, 2023/05/29, 18:55:05.229, 5807800840632, vstest.console.exe, TestRunRequest:SendTestRunMessage: Starting.
TpTrace Verbose: 0 : 16364, 6, 2023/05/29, 18:55:05.229, 5807800841346, vstest.console.exe, MulticastDelegateUtilities.SafeInvoke: TestRun.LogMessages: Invoking callback 1/1 for Microsoft.VisualStudio.TestPlatform.CommandLine.TestRunResultAggregator., took 0 ms.
TpTrace Information: 0 : 16364, 6, 2023/05/29, 18:55:05.229, 5807800841894, vstest.console.exe, TestRunRequest:SendTestRunMessage: Completed.
TpTrace Verbose: 0 : 16364, 6, 2023/05/29, 18:55:05.229, 5807800842602, vstest.console.exe, MulticastDelegateUtilities.SafeInvoke: LengthPrefixCommunicationChannel: MessageReceived: Invoking callback 1/1 for Microsoft.VisualStudio.TestPlatform.CommunicationUtilities.TestRequestSender+<>c__DisplayClass34_0., took 0 ms.
TpTrace Verbose: 0 : 16364, 6, 2023/05/29, 18:55:05.229, 5807800843254, vstest.console.exe, TcpClientExtensions.MessageLoopAsync: Polling on remoteEndPoint: 127.0.0.1:57390 localEndPoint: 127.0.0.1:57389
TpTrace Verbose: 0 : 16364, 12, 2023/05/29, 18:55:05.230, 5807800846516, vstest.console.exe, MulticastDelegateUtilities.SafeInvoke: InternalTestLoggerEvents.SendTestRunMessage: Invoking callback 1/1 for Microsoft.VisualStudio.TestPlatform.CommandLine.Internal.ConsoleLogger., took 0 ms.
TpTrace Verbose: 0 : 16364, 6, 2023/05/29, 18:55:05.741, 5807805961644, vstest.console.exe, TcpClientExtensions.MessageLoopAsync: NotifyDataAvailable remoteEndPoint: 127.0.0.1:57390 localEndPoint: 127.0.0.1:57389
TpTrace Verbose: 0 : 16364, 6, 2023/05/29, 18:55:05.741, 5807805963073, vstest.console.exe, TestRequestSender.OnExecutionMessageReceived: Received message: {"Version":5,"MessageType":"TestExecution.Completed","Payload":{"TestRunCompleteArgs":{"TestRunStatistics":{"ExecutedTests":1,"Stats":{"Passed":1}},"IsCanceled":false,"IsAborted":false,"Error":null,"AttachmentSets":[],"ElapsedTimeInRunningTests":"00:00:00.1275060","Metrics":{}},"LastRunTests":{"NewTestResults":[{"TestCase":{"Id":"7c80fa14-4b5e-688b-30c4-22317d77de66","FullyQualifiedName":"Bank.UnitTests.BankAccountTest.Debit_WithValidAmount_UpdatesBalance","DisplayName":"Debit_WithValidAmount_UpdatesBalance","ExecutorUri":"executor://MSTestAdapter/v2","Source":"C:\\Projetos\\Bank\\Bank.UnitTests\\bin\\Debug\\net6.0\\Bank.UnitTests.dll","CodeFilePath":null,"LineNumber":-1,"Properties":[{"Key":{"Id":"TestCase.ManagedType","Label":"ManagedType","Category":"","Description":"","Attributes":1,"ValueType":"System.String"},"Value":"Bank.UnitTests.BankAccountTest"},{"Key":{"Id":"TestCase.ManagedMethod","Label":"ManagedMethod","Category":"","Description":"","Attributes":1,"ValueType":"System.String"},"Value":"Debit_WithValidAmount_UpdatesBalance"},{"Key":{"Id":"MSTestDiscoverer.TestClassName","Label":"ClassName","Category":"","Description":"","Attributes":1,"ValueType":"System.String"},"Value":"Bank.UnitTests.BankAccountTest"},{"Key":{"Id":"TestCase.Hierarchy","Label":"Hierarchy","Category":"","Description":"","Attributes":2,"ValueType":"System.String[]"},"Value":["Bank.UnitTests","BankAccountTest"]},{"Key":{"Id":"TestObject.Traits","Label":"Traits","Category":"","Description":"","Attributes":5,"ValueType":"System.Collections.Generic.KeyValuePair`2[[System.String],[System.String]][]"},"Value":[]}]},"Attachments":[],"Outcome":1,"ErrorMessage":null,"ErrorStackTrace":null,"DisplayName":"Debit_WithValidAmount_UpdatesBalance","Messages":[],"ComputerName":null,"Duration":"00:00:00.0051974","StartTime":"2023-05-29T18:55:05.6696564-03:00","EndTime":"2023-05-29T18:55:05.6875553-03:00","Properties":[{"Key":{"Id":"ExecutionId","Label":"ExecutionId","Category":"","Description":"","Attributes":1,"ValueType":"System.Guid"},"Value":"00000000-0000-0000-0000-000000000000"},{"Key":{"Id":"ParentExecId","Label":"ParentExecId","Category":"","Description":"","Attributes":1,"ValueType":"System.Guid"},"Value":"00000000-0000-0000-0000-000000000000"},{"Key":{"Id":"InnerResultsCount","Label":"InnerResultsCount","Category":"","Description":"","Attributes":1,"ValueType":"System.Int32"},"Value":0},{"Key":{"Id":"Stryker.Coverage","Label":"Stryker.Coverage","Category":"","Description":"","Attributes":0,"ValueType":"System.String"},"Value":"0,3,6,5,4,12,11,10,16,2;"}]}],"TestRunStatistics":{"ExecutedTests":1,"Stats":{"Passed":1}},"ActiveTests":[]},"RunAttachments":[],"ExecutorUris":["executor://mstestadapter/v2"]}}
TpTrace Verbose: 0 : 16364, 6, 2023/05/29, 18:55:05.742, 5807805964109, vstest.console.exe, TestRequestSender.EndSession: Sending end session.
TpTrace Verbose: 0 : 16364, 6, 2023/05/29, 18:55:05.742, 5807805965877, vstest.console.exe, ProxyOperationManager.Close: waiting for test host to exit for 100 ms
TpTrace Verbose: 0 : 16364, 4, 2023/05/29, 18:55:05.759, 5807806141109, vstest.console.exe, TestHostProvider.ExitCallBack: Host exited starting callback.
TpTrace Information: 0 : 16364, 4, 2023/05/29, 18:55:05.759, 5807806142274, vstest.console.exe, TestHostManagerCallbacks.ExitCallBack: Testhost processId: 3580 exited with exitcode: 0 error: ''
TpTrace Verbose: 0 : 16364, 4, 2023/05/29, 18:55:05.759, 5807806142612, vstest.console.exe, DotnetTestHostManager.OnHostExited: invoking OnHostExited callback
TpTrace Verbose: 0 : 16364, 4, 2023/05/29, 18:55:05.759, 5807806143154, vstest.console.exe, CrossPlatEngine.TestHostManagerHostExited: calling on client process exit callback.
TpTrace Information: 0 : 16364, 4, 2023/05/29, 18:55:05.759, 5807806143733, vstest.console.exe, TestRequestSender.OnClientProcessExit: Test host process exited. Standard error: 
TpTrace Information: 0 : 16364, 6, 2023/05/29, 18:55:05.760, 5807806144241, vstest.console.exe, SocketServer.Stop: Stop server endPoint: 127.0.0.1:57389
TpTrace Information: 0 : 16364, 6, 2023/05/29, 18:55:05.760, 5807806144961, vstest.console.exe, SocketServer.Stop: Cancellation requested. Stopping message loop.
TpTrace Information: 0 : 16364, 6, 2023/05/29, 18:55:05.760, 5807806145275, vstest.console.exe, Closing the connection
TpTrace Information: 0 : 16364, 4, 2023/05/29, 18:55:05.760, 5807806144441, vstest.console.exe, SocketServer.Stop: Stop server endPoint: 127.0.0.1:57389
TpTrace Information: 0 : 16364, 4, 2023/05/29, 18:55:05.760, 5807806147448, vstest.console.exe, SocketServer.Stop: Cancellation requested. Stopping message loop.
TpTrace Verbose: 0 : 16364, 4, 2023/05/29, 18:55:05.760, 5807806147801, vstest.console.exe, MulticastDelegateUtilities.SafeInvoke: HostProviderEvents.OnHostExited: Invoking callback 1/1 for Microsoft.VisualStudio.TestPlatform.CrossPlatEngine.Client.ProxyOperationManager., took 0 ms.
TpTrace Verbose: 0 : 16364, 6, 2023/05/29, 18:55:05.760, 5807806151345, vstest.console.exe, MulticastDelegateUtilities.SafeInvoke: TestRunRequest.RawMessageReceived: Invoking callback 1/1 for Microsoft.VisualStudio.TestPlatform.Client.DesignMode.DesignModeTestEventsRegistrar., took 0 ms.
TpTrace Verbose: 0 : 16364, 6, 2023/05/29, 18:55:05.760, 5807806152147, vstest.console.exe, TestRunRequest:SendTestRunStatsChange: Starting.
TpTrace Verbose: 0 : 16364, 6, 2023/05/29, 18:55:05.760, 5807806152670, vstest.console.exe, MulticastDelegateUtilities.SafeInvoke: TestRun.RunStatsChanged: Invoking callbacks was skipped because there are no subscribers.
TpTrace Information: 0 : 16364, 6, 2023/05/29, 18:55:05.760, 5807806153199, vstest.console.exe, TestRunRequest:SendTestRunStatsChange: Completed.
TpTrace Verbose: 0 : 16364, 6, 2023/05/29, 18:55:05.760, 5807806153625, vstest.console.exe, ParallelProxyExecutionManager: HandlePartialRunComplete: Total completed clients = 1, Run complete = True, Run canceled: False.
TpTrace Verbose: 0 : 16364, 12, 2023/05/29, 18:55:05.761, 5807806155531, vstest.console.exe, MulticastDelegateUtilities.SafeInvoke: InternalTestLoggerEvents.SendTestResult: Invoking callback 1/1 for Microsoft.VisualStudio.TestPlatform.CommandLine.Internal.ConsoleLogger., took 0 ms.
TpTrace Verbose: 0 : 16364, 12, 2023/05/29, 18:55:05.762, 5807806171814, vstest.console.exe, MulticastDelegateUtilities.SafeInvoke: InternalTestLoggerEvents.SendTestRunComplete: Invoking callback 1/1 for Microsoft.VisualStudio.TestPlatform.CommandLine.Internal.ConsoleLogger., took 1 ms.
TpTrace Verbose: 0 : 16364, 6, 2023/05/29, 18:55:05.763, 5807806174549, vstest.console.exe, MulticastDelegateUtilities.SafeInvoke: TestRunRequest.RawMessageReceived: Invoking callback 1/1 for Microsoft.VisualStudio.TestPlatform.Client.DesignMode.DesignModeTestEventsRegistrar., took 0 ms.
TpTrace Verbose: 0 : 16364, 6, 2023/05/29, 18:55:05.763, 5807806175505, vstest.console.exe, TestRunRequest:TestRunComplete: Starting. IsAborted:False IsCanceled:False.
TpTrace Verbose: 0 : 16364, 6, 2023/05/29, 18:55:05.763, 5807806176101, vstest.console.exe, TestLoggerManager.HandleTestRunComplete: Ignoring as the object is disposed.
TpTrace Verbose: 0 : 16364, 6, 2023/05/29, 18:55:05.763, 5807806176859, vstest.console.exe, MulticastDelegateUtilities.SafeInvoke: TestRun.TestRunComplete: Invoking callback 1/1 for Microsoft.VisualStudio.TestPlatform.CommandLine.TestRunResultAggregator., took 0 ms.
TpTrace Information: 0 : 16364, 6, 2023/05/29, 18:55:05.763, 5807806177236, vstest.console.exe, TestRunRequest:TestRunComplete: Completed.
TpTrace Verbose: 0 : 16364, 6, 2023/05/29, 18:55:05.763, 5807806177560, vstest.console.exe, TestRequestSender.SetOperationComplete: Setting operation complete.
TpTrace Information: 0 : 16364, 6, 2023/05/29, 18:55:05.763, 5807806177848, vstest.console.exe, SocketServer.Stop: Stop server endPoint: 127.0.0.1:57389
TpTrace Information: 0 : 16364, 6, 2023/05/29, 18:55:05.763, 5807806178128, vstest.console.exe, SocketServer.Stop: Cancellation requested. Stopping message loop.
TpTrace Verbose: 0 : 16364, 6, 2023/05/29, 18:55:05.763, 5807806178429, vstest.console.exe, MulticastDelegateUtilities.SafeInvoke: LengthPrefixCommunicationChannel: MessageReceived: Invoking callback 1/1 for Microsoft.VisualStudio.TestPlatform.CommunicationUtilities.TestRequestSender+<>c__DisplayClass34_0., took 21 ms.
TpTrace Information: 0 : 16364, 6, 2023/05/29, 18:55:05.763, 5807806178755, vstest.console.exe, SocketServer.PrivateStop: Stopping server endPoint: 127.0.0.1:57389 error: 
TpTrace Verbose: 0 : 16364, 9, 2023/05/29, 18:55:05.763, 5807806177585, vstest.console.exe, TestRunRequest.Dispose: Starting.
TpTrace Information: 0 : 16364, 9, 2023/05/29, 18:55:05.763, 5807806181059, vstest.console.exe, TestRunRequest.Dispose: Completed.
TpTrace Verbose: 0 : 16364, 6, 2023/05/29, 18:55:05.763, 5807806180510, vstest.console.exe, LengthPrefixCommunicationChannel.Dispose: Dispose reader and writer.
TpTrace Information: 0 : 16364, 6, 2023/05/29, 18:55:05.763, 5807806181850, vstest.console.exe, SocketServer.Stop: Raise disconnected event endPoint: 127.0.0.1:57389 error: 
TpTrace Verbose: 0 : 16364, 6, 2023/05/29, 18:55:05.763, 5807806182325, vstest.console.exe, TestRequestSender: OnTestRunAbort: Operation is already complete. Skip error message.
TpTrace Verbose: 0 : 16364, 6, 2023/05/29, 18:55:05.763, 5807806182710, vstest.console.exe, MulticastDelegateUtilities.SafeInvoke: SocketServer: ClientDisconnected: Invoking callback 1/1 for Microsoft.VisualStudio.TestPlatform.CommunicationUtilities.TestRequestSender., took 0 ms.
TpTrace Verbose: 0 : 16364, 6, 2023/05/29, 18:55:05.763, 5807806183010, vstest.console.exe, TcpClientExtensions.MessageLoopAsync: exiting MessageLoopAsync remoteEndPoint: 127.0.0.1:57390 localEndPoint: 127.0.0.1:57389
TpTrace Information: 0 : 16364, 9, 2023/05/29, 18:55:05.763, 5807806181457, vstest.console.exe, TestRequestManager.RunTests: run tests completed.
TpTrace Information: 0 : 16364, 1, 2023/05/29, 18:55:05.872, 5807807263198, vstest.console.exe, DesignModeClient.ProcessRequests: Processing Message: (TestExecution.GetTestRunnerProcessStartInfoForRunSelected) -> {"Version":7,"MessageType":"TestExecution.GetTestRunnerProcessStartInfoForRunSelected","Payload":{"Sources":null,"TestCases":[{"Id":"7c80fa14-4b5e-688b-30c4-22317d77de66","FullyQualifiedName":"Bank.UnitTests.BankAccountTest.Debit_WithValidAmount_UpdatesBalance","DisplayName":"Debit_WithValidAmount_UpdatesBalance","ExecutorUri":"executor://MSTestAdapter/v2","Source":"C:\\Projetos\\Bank\\Bank.UnitTests\\bin\\Debug\\net6.0\\Bank.UnitTests.dll","CodeFilePath":"C:\\Projetos\\Bank\\Bank.UnitTests\\BankAccountTest.cs","LineNumber":11,"Properties":[{"Key":{"Id":"TestCase.ManagedType","Label":"ManagedType","Category":"","Description":"","Attributes":1,"ValueType":"System.String"},"Value":"Bank.UnitTests.BankAccountTest"},{"Key":{"Id":"TestCase.ManagedMethod","Label":"ManagedMethod","Category":"","Description":"","Attributes":1,"ValueType":"System.String"},"Value":"Debit_WithValidAmount_UpdatesBalance"},{"Key":{"Id":"MSTestDiscoverer.TestClassName","Label":"ClassName","Category":"","Description":"","Attributes":1,"ValueType":"System.String"},"Value":"Bank.UnitTests.BankAccountTest"},{"Key":{"Id":"TestCase.Hierarchy","Label":"Hierarchy","Category":"","Description":"","Attributes":2,"ValueType":"System.String[]"},"Value":["Bank.UnitTests","BankAccountTest"]},{"Key":{"Id":"TestObject.Traits","Label":"Traits","Category":"","Description":"","Attributes":5,"ValueType":"System.Collections.Generic.KeyValuePair`2[[System.String],[System.String]][]"},"Value":[]}]}],"RunSettings":"<RunSettings>\r\n<RunConfiguration>\r\n  <CollectSourceInformation>false</CollectSourceInformation>\r\n  <MaxCpuCount>1</MaxCpuCount>\r\n<TestSessionTimeout>6680</TestSessionTimeout>\r\n\r\n<DesignMode>false</DesignMode>\r\n</RunConfiguration><InProcDataCollectionRunSettings><InProcDataCollectors><InProcDataCollector friendlyName=\"StrykerCoverage\" uri=\"https://stryker-mutator.io/\" codebase=\"C:\\Users\\1511 MXTI\\.nuget\\packages\\dotnet-stryker\\3.9.0\\tools\\net6.0\\any\\Stryker.DataCollector.dll\" assemblyQualifiedName=\"Stryker.DataCollector.CoverageCollector, Stryker.DataCollector, Version=1.0.0.0, Culture=neutral, PublicKeyToken=null\">\r\n<Configuration><Parameters><Mutant id='4' tests='7c80fa14-4b5e-688b-30c4-22317d77de66'/><MutantControl name='Stryker0Xrvs6ez4CmThoK.MutantControl'/></Parameters></Configuration></InProcDataCollector></InProcDataCollectors></InProcDataCollectionRunSettings>\r\n</RunSettings>","KeepAlive":false,"DebuggingEnabled":false,"TestPlatformOptions":{"TestCaseFilter":null,"FilterOptions":null,"CollectMetrics":false,"SkipDefaultAdapters":false},"TestSessionInfo":null}}
TpTrace Information: 0 : 16364, 11, 2023/05/29, 18:55:05.873, 5807807274364, vstest.console.exe, TestRequestManager.RunTests: run tests started.
TpTrace Information: 0 : 16364, 11, 2023/05/29, 18:55:05.874, 5807807280649, vstest.console.exe, AssemblyMetadataProvider.GetFrameworkName: Determined framework:'.NETCoreApp,Version=v6.0' for source: 'C:\Projetos\Bank\Bank.UnitTests\bin\Debug\net6.0\Bank.UnitTests.dll'
TpTrace Information: 0 : 16364, 11, 2023/05/29, 18:55:05.874, 5807807282078, vstest.console.exe, Determined framework for all sources: .NETCoreApp,Version=v6.0
TpTrace Verbose: 0 : 16364, 11, 2023/05/29, 18:55:05.874, 5807807283234, vstest.console.exe, TestRequestManager.UpdateRunSettingsIfRequired: Default architecture: X64 IsDefaultTargetArchitecture: True, Current process architecture: X64 OperatingSystem: Windows.
TpTrace Information: 0 : 16364, 11, 2023/05/29, 18:55:05.874, 5807807287949, vstest.console.exe, AssemblyMetadataProvider.GetArchitecture: Determined architecture:AnyCPU info for assembly: C:\Projetos\Bank\Bank.UnitTests\bin\Debug\net6.0\Bank.UnitTests.dll
TpTrace Information: 0 : 16364, 11, 2023/05/29, 18:55:05.874, 5807807288702, vstest.console.exe, Determined platform for source 'C:\Projetos\Bank\Bank.UnitTests\bin\Debug\net6.0\Bank.UnitTests.dll' was AnyCPU and it will use the default plaform X64.
TpTrace Information: 0 : 16364, 11, 2023/05/29, 18:55:05.874, 5807807289239, vstest.console.exe, None of the sources provided any runnable platform, using the default platform: X64
TpTrace Information: 0 : 16364, 11, 2023/05/29, 18:55:05.874, 5807807290026, vstest.console.exe, Platform was updated to 'X64'.
TpTrace Information: 0 : 16364, 11, 2023/05/29, 18:55:05.875, 5807807292229, vstest.console.exe, InferRunSettingsHelper.IsTestSettingsEnabled: Unable to navigate to RunSettings/MSTest. Current node: RunSettings
TpTrace Information: 0 : 16364, 11, 2023/05/29, 18:55:05.875, 5807807297767, vstest.console.exe, AssemblyResolver.OnResolve: Microsoft.VisualStudio.TestPlatform.Fakes, Version=17.0.0.0, Culture=neutral: Resolving assembly.
TpTrace Information: 0 : 16364, 11, 2023/05/29, 18:55:05.875, 5807807298535, vstest.console.exe, AssemblyResolver.OnResolve: Microsoft.VisualStudio.TestPlatform.Fakes, Version=17.0.0.0, Culture=neutral: Resolved from cache.
TpTrace Information: 0 : 16364, 11, 2023/05/29, 18:55:05.876, 5807807301926, vstest.console.exe, Failed to load assembly Microsoft.VisualStudio.TestPlatform.Fakes, Version=17.0.0.0, Culture=neutral. Reason:System.IO.FileNotFoundException: Não foi possível carregar arquivo ou assembly 'Microsoft.VisualStudio.TestPlatform.Fakes, Version=17.0.0.0, Culture=neutral' ou uma de suas dependências. O sistema não pode encontrar o arquivo especificado.
File name: 'Microsoft.VisualStudio.TestPlatform.Fakes, Version=17.0.0.0, Culture=neutral'
   at System.Reflection.RuntimeAssembly._nLoad(AssemblyName fileName, String codeBase, Evidence assemblySecurity, RuntimeAssembly locationHint, StackCrawlMark& stackMark, IntPtr pPrivHostBinder, Boolean throwOnFileNotFound, Boolean forIntrospection, Boolean suppressSecurityChecks)
   at System.Reflection.RuntimeAssembly.InternalLoadAssemblyName(AssemblyName assemblyRef, Evidence assemblySecurity, RuntimeAssembly reqAssembly, StackCrawlMark& stackMark, IntPtr pPrivHostBinder, Boolean throwOnFileNotFound, Boolean forIntrospection, Boolean suppressSecurityChecks)
   at System.Reflection.Assembly.Load(AssemblyName assemblyRef)
   at Microsoft.VisualStudio.TestPlatform.Common.Utilities.FakesUtilities.LoadTestPlatformAssembly()

AVI: o log de associações de assembly está desativado.
Para ativar o log de  falhas de assembly, defina o valor do Registro [HKLM\Software\Microsoft\Fusion!EnableLog] (DWORD) como 1.
Observação: há alguma penalidade para o desempenho associada ao log de falha de associação de assembly.
Para desativar esse recurso, remova o valor do Registro [HKLM\Software\Microsoft\Fusion!EnableLog].

TpTrace Verbose: 0 : 16364, 11, 2023/05/29, 18:55:05.878, 5807807326290, vstest.console.exe, TestEngine: Initializing Parallel Execution as MaxCpuCount is set to: 1
TpTrace Information: 0 : 16364, 11, 2023/05/29, 18:55:05.879, 5807807331434, vstest.console.exe, InferRunSettingsHelper.IsTestSettingsEnabled: Unable to navigate to RunSettings/MSTest. Current node: RunSettings
TpTrace Verbose: 0 : 16364, 11, 2023/05/29, 18:55:05.879, 5807807333907, vstest.console.exe, TestEngine.GetExecutionManager: Chosen execution manager 'Microsoft.VisualStudio.TestPlatform.CrossPlatEngine.Client.Parallel.ParallelProxyExecutionManager, Microsoft.TestPlatform.CrossPlatEngine, Version=15.0.0.0, Culture=neutral, PublicKeyToken=b03f5f7f11d50a3a' ParallelLevel '1'.
TpTrace Verbose: 0 : 16364, 11, 2023/05/29, 18:55:05.879, 5807807334584, vstest.console.exe, TestRunRequest.ExecuteAsync: Creating test run request.
TpTrace Verbose: 0 : 16364, 11, 2023/05/29, 18:55:05.879, 5807807335115, vstest.console.exe, TestRunRequest.ExecuteAsync: Starting.
TpTrace Information: 0 : 16364, 11, 2023/05/29, 18:55:05.879, 5807807335746, vstest.console.exe, TestRunRequest.ExecuteAsync: Starting run with settings:TestRunCriteria:
   KeepAlive=False,FrequencyOfRunStatsChangeEvent=10,RunStatsChangeEventTimeout=00:00:01.5000000,TestCaseFilter=,TestExecutorLauncher=Microsoft.VisualStudio.TestPlatform.Client.DesignMode.DesignModeTestHostLauncher
   Settingsxml=<RunSettings>
  <RunConfiguration>
    <CollectSourceInformation>false</CollectSourceInformation>
    <MaxCpuCount>1</MaxCpuCount>
    <TestSessionTimeout>6680</TestSessionTimeout>
    <DesignMode>false</DesignMode>
    <TargetFrameworkVersion>.NETCoreApp,Version=v6.0</TargetFrameworkVersion>
    <TargetPlatform>X64</TargetPlatform>
  </RunConfiguration>
  <InProcDataCollectionRunSettings>
    <InProcDataCollectors>
      <InProcDataCollector friendlyName="StrykerCoverage" uri="https://stryker-mutator.io/" codebase="C:\Users\1511 MXTI\.nuget\packages\dotnet-stryker\3.9.0\tools\net6.0\any\Stryker.DataCollector.dll" assemblyQualifiedName="Stryker.DataCollector.CoverageCollector, Stryker.DataCollector, Version=1.0.0.0, Culture=neutral, PublicKeyToken=null">
        <Configuration>
          <Parameters>
            <Mutant id="4" tests="7c80fa14-4b5e-688b-30c4-22317d77de66" />
            <MutantControl name="Stryker0Xrvs6ez4CmThoK.MutantControl" />
          </Parameters>
        </Configuration>
      </InProcDataCollector>
    </InProcDataCollectors>
  </InProcDataCollectionRunSettings>
  <LoggerRunSettings>
    <Loggers>
      <Logger friendlyName="Console" uri="logger://microsoft/TestPlatform/ConsoleLogger/v1" assemblyQualifiedName="Microsoft.VisualStudio.TestPlatform.CommandLine.Internal.ConsoleLogger, vstest.console, Version=15.0.0.0, Culture=neutral, PublicKeyToken=b03f5f7f11d50a3a" codeBase="C:\Users\1511 MXTI\AppData\Local\Temp\bixzjozn.d4j\.vstest\tools\net462\vstest.console.exe" enabled="True" />
    </Loggers>
  </LoggerRunSettings>
</RunSettings>

TpTrace Verbose: 0 : 16364, 11, 2023/05/29, 18:55:05.879, 5807807336487, vstest.console.exe, TestRunRequest.ExecuteAsync: Wait for the first run request is over.
TpTrace Verbose: 0 : 16364, 11, 2023/05/29, 18:55:05.879, 5807807337443, vstest.console.exe, TestRunRequest.ExecuteAsync: TestSessionTimeout is 6680 milliseconds.
TpTrace Verbose: 0 : 16364, 11, 2023/05/29, 18:55:05.880, 5807807341953, vstest.console.exe, MulticastDelegateUtilities.SafeInvoke: TestRun.TestRunStart: Invoking callbacks was skipped because there are no subscribers.
TpTrace Verbose: 0 : 16364, 8, 2023/05/29, 18:55:05.880, 5807807343228, vstest.console.exe, MulticastDelegateUtilities.SafeInvoke: InternalTestLoggerEvents.SendTestRunStart: Invoking callback 1/1 for Microsoft.VisualStudio.TestPlatform.CommandLine.Internal.ConsoleLogger., took 0 ms.
TpTrace Verbose: 0 : 16364, 11, 2023/05/29, 18:55:05.884, 5807807381498, vstest.console.exe, ParallelProxyExecutionManager: Start execution. Total sources: 1
TpTrace Verbose: 0 : 16364, 11, 2023/05/29, 18:55:05.884, 5807807384132, vstest.console.exe, TestRequestSender is acting as server.
TpTrace Verbose: 0 : 16364, 11, 2023/05/29, 18:55:05.884, 5807807385149, vstest.console.exe, ProxyParallelExecutionManager: No sources available for execution.
TpTrace Verbose: 0 : 16364, 7, 2023/05/29, 18:55:05.884, 5807807385511, vstest.console.exe, ParallelProxyExecutionManager: Execution started. Started clients: 1
TpTrace Verbose: 0 : 16364, 7, 2023/05/29, 18:55:05.884, 5807807386204, vstest.console.exe, ProxyExecutionManager: Test host is always Lazy initialize.
TpTrace Information: 0 : 16364, 11, 2023/05/29, 18:55:05.884, 5807807385686, vstest.console.exe, TestRunRequest.ExecuteAsync: Started.
TpTrace Verbose: 0 : 16364, 11, 2023/05/29, 18:55:05.884, 5807807387176, vstest.console.exe, TestRunRequest.WaitForCompletion: Waiting with timeout -1.
TpTrace Verbose: 0 : 16364, 7, 2023/05/29, 18:55:05.884, 5807807389578, vstest.console.exe, TestRequestSender.InitializeCommunication: initialize communication. 
TpTrace Information: 0 : 16364, 7, 2023/05/29, 18:55:05.885, 5807807391992, vstest.console.exe, SocketServer.Start: Listening on endpoint : 127.0.0.1:57391
TpTrace Verbose: 0 : 16364, 7, 2023/05/29, 18:55:05.885, 5807807393927, vstest.console.exe, DotnetTestHostmanager.GetTestHostProcessStartInfo: Platform environment 'X64' target architecture 'X64' framework '.NETCoreApp,Version=v6.0' OS 'Windows'
TpTrace Verbose: 0 : 16364, 7, 2023/05/29, 18:55:05.885, 5807807395310, vstest.console.exe, DotnetTestHostmanager: Adding  --runtimeconfig "C:\Projetos\Bank\Bank.UnitTests\bin\Debug\net6.0\Bank.UnitTests.runtimeconfig.json" in args
TpTrace Verbose: 0 : 16364, 7, 2023/05/29, 18:55:05.885, 5807807396169, vstest.console.exe, DotnetTestHostmanager: Adding  --depsfile "C:\Projetos\Bank\Bank.UnitTests\bin\Debug\net6.0\Bank.UnitTests.deps.json" in args
TpTrace Verbose: 0 : 16364, 7, 2023/05/29, 18:55:05.885, 5807807397148, vstest.console.exe, DotnetTestHostmanager.IsWinOnArm: Current PROCESSOR_ARCHITECTURE from environment variable 'AMD64'
TpTrace Verbose: 0 : 16364, 7, 2023/05/29, 18:55:05.885, 5807807397629, vstest.console.exe, DotnetTestHostmanager.IsWinOnArm: Is Windows on ARM 'False'
TpTrace Verbose: 0 : 16364, 7, 2023/05/29, 18:55:05.885, 5807807398406, vstest.console.exe, DotnetTestHostManager: testhost.exe found at path: C:\Projetos\Bank\Bank.UnitTests\bin\Debug\net6.0\testhost.exe
TpTrace Verbose: 0 : 16364, 7, 2023/05/29, 18:55:05.885, 5807807398817, vstest.console.exe, DotnetTestHostmanager: Full path of host exe is C:\Projetos\Bank\Bank.UnitTests\bin\Debug\net6.0\testhost.exe
TpTrace Verbose: 0 : 16364, 7, 2023/05/29, 18:55:05.885, 5807807399426, vstest.console.exe, DotnetTestHostmanager.LaunchTestHostAsync: Prefix 'VSTEST_WINAPPHOST_*' not found in env variables
TpTrace Information: 0 : 16364, 1, 2023/05/29, 18:55:08.826, 5807836804971, vstest.console.exe, DesignModeClient.ProcessRequests: Processing Message: (TestExecution.CustomTestHostLaunchCallback) -> {"Version":7,"MessageType":"TestExecution.CustomTestHostLaunchCallback","Payload":{"HostProcessId":3940,"ErrorMessage":null}}
TpTrace Verbose: 0 : 16364, 7, 2023/05/29, 18:55:08.859, 5807837131265, vstest.console.exe, Test Runtime launched
TpTrace Verbose: 0 : 16364, 7, 2023/05/29, 18:55:08.859, 5807837133020, vstest.console.exe, MulticastDelegateUtilities.SafeInvoke: HostProviderEvents.OnHostLaunched: Invoking callback 1/1 for Microsoft.VisualStudio.TestPlatform.CrossPlatEngine.Client.ProxyOperationManager., took 0 ms.
TpTrace Verbose: 0 : 16364, 7, 2023/05/29, 18:55:08.859, 5807837134000, vstest.console.exe, TestRequestSender.WaitForRequestHandlerConnection: waiting for connection with timeout: 90000.
TpTrace Verbose: 0 : 16364, 9, 2023/05/29, 18:55:08.949, 5807838035612, vstest.console.exe, MulticastDelegateUtilities.SafeInvoke: SocketServer: ClientConnected: Invoking callback 1/1 for Microsoft.VisualStudio.TestPlatform.CommunicationUtilities.TestRequestSender., took 0 ms.
TpTrace Verbose: 0 : 16364, 9, 2023/05/29, 18:55:08.949, 5807838036990, vstest.console.exe, SocketServer.OnClientConnected: Client connected for endPoint: 127.0.0.1:57391, starting MessageLoopAsync:
TpTrace Verbose: 0 : 16364, 10, 2023/05/29, 18:55:08.949, 5807838037954, vstest.console.exe, TcpClientExtensions.MessageLoopAsync: Polling on remoteEndPoint: 127.0.0.1:57399 localEndPoint: 127.0.0.1:57391
TpTrace Verbose: 0 : 16364, 7, 2023/05/29, 18:55:08.949, 5807838035734, vstest.console.exe, TestRequestSender.WaitForRequestHandlerConnection: waiting took 90 ms, with timeout 90000 ms, and result 0, which is success.
TpTrace Verbose: 0 : 16364, 7, 2023/05/29, 18:55:08.950, 5807838045833, vstest.console.exe, TestRequestSender.CheckVersionWithTestHost: Sending check version message: {"MessageType":"ProtocolVersion","Payload":7}
TpTrace Verbose: 0 : 16364, 10, 2023/05/29, 18:55:09.074, 5807839283270, vstest.console.exe, TcpClientExtensions.MessageLoopAsync: NotifyDataAvailable remoteEndPoint: 127.0.0.1:57399 localEndPoint: 127.0.0.1:57391
TpTrace Verbose: 0 : 16364, 10, 2023/05/29, 18:55:09.074, 5807839284575, vstest.console.exe, TestRequestSender.CheckVersionWithTestHost: onMessageReceived received message: (ProtocolVersion) -> {"MessageType":"ProtocolVersion","Payload":5}
TpTrace Verbose: 0 : 16364, 10, 2023/05/29, 18:55:09.074, 5807839285557, vstest.console.exe, MulticastDelegateUtilities.SafeInvoke: LengthPrefixCommunicationChannel: MessageReceived: Invoking callback 1/1 for Microsoft.VisualStudio.TestPlatform.CommunicationUtilities.TestRequestSender+<>c__DisplayClass29_0., took 0 ms.
TpTrace Verbose: 0 : 16364, 7, 2023/05/29, 18:55:09.074, 5807839285758, vstest.console.exe, TestPluginCache.GetExtensionPaths: Filtered extension paths: 
TpTrace Verbose: 0 : 16364, 7, 2023/05/29, 18:55:09.074, 5807839286488, vstest.console.exe, TestPluginCache.GetExtensionPaths: Added default extension paths: C:\Users\1511 MXTI\AppData\Local\Temp\bixzjozn.d4j\.vstest\tools\net462\Extensions\Microsoft.TestPlatform.Extensions.BlameDataCollector.dll
C:\Users\1511 MXTI\AppData\Local\Temp\bixzjozn.d4j\.vstest\tools\net462\Extensions\Microsoft.TestPlatform.TestHostRuntimeProvider.dll
C:\Users\1511 MXTI\AppData\Local\Temp\bixzjozn.d4j\.vstest\tools\net462\Extensions\Microsoft.VisualStudio.TestPlatform.Extensions.Html.TestLogger.dll
C:\Users\1511 MXTI\AppData\Local\Temp\bixzjozn.d4j\.vstest\tools\net462\Extensions\Microsoft.VisualStudio.TestPlatform.Extensions.Trx.TestLogger.dll
TpTrace Verbose: 0 : 16364, 7, 2023/05/29, 18:55:09.074, 5807839286949, vstest.console.exe, TestPluginCache.GetExtensionPaths: Added unfilterableExtensionPaths: 
TpTrace Verbose: 0 : 16364, 10, 2023/05/29, 18:55:09.074, 5807839285939, vstest.console.exe, TcpClientExtensions.MessageLoopAsync: Polling on remoteEndPoint: 127.0.0.1:57399 localEndPoint: 127.0.0.1:57391
TpTrace Verbose: 0 : 16364, 7, 2023/05/29, 18:55:09.075, 5807839292476, vstest.console.exe, TestRequestSender.InitializeExecution: Sending initialize execution with message: {"Version":5,"MessageType":"TestExecution.Initialize","Payload":["C:\\Projetos\\Bank\\Bank.UnitTests\\bin\\Debug\\net6.0\\Microsoft.VisualStudio.TestPlatform.MSTest.TestAdapter.dll"]}
TpTrace Warning: 0 : 16364, 7, 2023/05/29, 18:55:09.075, 5807839293644, vstest.console.exe, InferRunSettingsHelper.MakeRunsettingsCompatible: Removing the following settings: TargetPlatform from RunSettings file. To use those settings please move to latest version of Microsoft.NET.Test.Sdk
TpTrace Verbose: 0 : 16364, 7, 2023/05/29, 18:55:09.078, 5807839325847, vstest.console.exe, TestRequestSender.StartTestRun: Sending test run with message: {"Version":5,"MessageType":"TestExecution.StartWithTests","Payload":{"Tests":[{"Id":"7c80fa14-4b5e-688b-30c4-22317d77de66","FullyQualifiedName":"Bank.UnitTests.BankAccountTest.Debit_WithValidAmount_UpdatesBalance","DisplayName":"Debit_WithValidAmount_UpdatesBalance","ExecutorUri":"executor://MSTestAdapter/v2","Source":"C:\\Projetos\\Bank\\Bank.UnitTests\\bin\\Debug\\net6.0\\Bank.UnitTests.dll","CodeFilePath":"C:\\Projetos\\Bank\\Bank.UnitTests\\BankAccountTest.cs","LineNumber":11,"Properties":[{"Key":{"Id":"TestCase.ManagedType","Label":"ManagedType","Category":"","Description":"","Attributes":1,"ValueType":"System.String"},"Value":"Bank.UnitTests.BankAccountTest"},{"Key":{"Id":"TestCase.ManagedMethod","Label":"ManagedMethod","Category":"","Description":"","Attributes":1,"ValueType":"System.String"},"Value":"Debit_WithValidAmount_UpdatesBalance"},{"Key":{"Id":"MSTestDiscoverer.TestClassName","Label":"ClassName","Category":"","Description":"","Attributes":1,"ValueType":"System.String"},"Value":"Bank.UnitTests.BankAccountTest"},{"Key":{"Id":"TestCase.Hierarchy","Label":"Hierarchy","Category":"","Description":"","Attributes":2,"ValueType":"System.String[]"},"Value":["Bank.UnitTests","BankAccountTest"]},{"Key":{"Id":"TestObject.Traits","Label":"Traits","Category":"","Description":"","Attributes":5,"ValueType":"System.Collections.Generic.KeyValuePair`2[[System.String],[System.String]][]"},"Value":[]}]}],"RunSettings":"<RunSettings>\r\n  <RunConfiguration>\r\n    <CollectSourceInformation>false</CollectSourceInformation>\r\n    <MaxCpuCount>1</MaxCpuCount>\r\n    <TestSessionTimeout>6680</TestSessionTimeout>\r\n    <DesignMode>false</DesignMode>\r\n    <TargetFrameworkVersion>.NETCoreApp,Version=v6.0</TargetFrameworkVersion>\r\n  </RunConfiguration>\r\n  <InProcDataCollectionRunSettings>\r\n    <InProcDataCollectors>\r\n      <InProcDataCollector friendlyName=\"StrykerCoverage\" uri=\"https://stryker-mutator.io/\" codebase=\"C:\\Users\\1511 MXTI\\.nuget\\packages\\dotnet-stryker\\3.9.0\\tools\\net6.0\\any\\Stryker.DataCollector.dll\" assemblyQualifiedName=\"Stryker.DataCollector.CoverageCollector, Stryker.DataCollector, Version=1.0.0.0, Culture=neutral, PublicKeyToken=null\">\r\n        <Configuration>\r\n          <Parameters>\r\n            <Mutant id=\"4\" tests=\"7c80fa14-4b5e-688b-30c4-22317d77de66\" />\r\n            <MutantControl name=\"Stryker0Xrvs6ez4CmThoK.MutantControl\" />\r\n          </Parameters>\r\n        </Configuration>\r\n      </InProcDataCollector>\r\n    </InProcDataCollectors>\r\n  </InProcDataCollectionRunSettings>\r\n  <LoggerRunSettings>\r\n    <Loggers>\r\n      <Logger friendlyName=\"Console\" uri=\"logger://microsoft/TestPlatform/ConsoleLogger/v1\" assemblyQualifiedName=\"Microsoft.VisualStudio.TestPlatform.CommandLine.Internal.ConsoleLogger, vstest.console, Version=15.0.0.0, Culture=neutral, PublicKeyToken=b03f5f7f11d50a3a\" codeBase=\"C:\\Users\\1511 MXTI\\AppData\\Local\\Temp\\bixzjozn.d4j\\.vstest\\tools\\net462\\vstest.console.exe\" enabled=\"True\" />\r\n    </Loggers>\r\n  </LoggerRunSettings>\r\n</RunSettings>","TestExecutionContext":{"FrequencyOfRunStatsChangeEvent":10,"RunStatsChangeEventTimeout":"00:00:01.5000000","InIsolation":false,"KeepAlive":false,"AreTestCaseLevelEventsRequired":false,"IsDebug":false,"TestCaseFilter":null,"FilterOptions":null},"Package":null}}
TpTrace Verbose: 0 : 16364, 10, 2023/05/29, 18:55:09.083, 5807839377396, vstest.console.exe, TcpClientExtensions.MessageLoopAsync: NotifyDataAvailable remoteEndPoint: 127.0.0.1:57399 localEndPoint: 127.0.0.1:57391
TpTrace Verbose: 0 : 16364, 10, 2023/05/29, 18:55:09.084, 5807839379948, vstest.console.exe, TestRequestSender.OnExecutionMessageReceived: Received message: {"Version":5,"MessageType":"TestSession.Message","Payload":{"MessageLevel":0,"Message":"Logging TestHost Diagnostics in file: C:\\Projetos\\Bank\\Bank.UnitTests\\StrykerOutput\\2023-05-29.18-54-42\\logs\\Runner 1_VsTest-log.host.23-05-29_18-55-05_88516_7.txt"}}
TpTrace Verbose: 0 : 16364, 10, 2023/05/29, 18:55:09.084, 5807839381104, vstest.console.exe, MulticastDelegateUtilities.SafeInvoke: TestRunRequest.RawMessageReceived: Invoking callback 1/1 for Microsoft.VisualStudio.TestPlatform.Client.DesignMode.DesignModeTestEventsRegistrar., took 0 ms.
TpTrace Verbose: 0 : 16364, 10, 2023/05/29, 18:55:09.084, 5807839382029, vstest.console.exe, TestRunRequest:SendTestRunMessage: Starting.
TpTrace Verbose: 0 : 16364, 10, 2023/05/29, 18:55:09.084, 5807839382569, vstest.console.exe, MulticastDelegateUtilities.SafeInvoke: TestRun.LogMessages: Invoking callback 1/1 for Microsoft.VisualStudio.TestPlatform.CommandLine.TestRunResultAggregator., took 0 ms.
TpTrace Information: 0 : 16364, 10, 2023/05/29, 18:55:09.084, 5807839383189, vstest.console.exe, TestRunRequest:SendTestRunMessage: Completed.
TpTrace Verbose: 0 : 16364, 10, 2023/05/29, 18:55:09.084, 5807839383974, vstest.console.exe, MulticastDelegateUtilities.SafeInvoke: LengthPrefixCommunicationChannel: MessageReceived: Invoking callback 1/1 for Microsoft.VisualStudio.TestPlatform.CommunicationUtilities.TestRequestSender+<>c__DisplayClass35_0., took 0 ms.
TpTrace Verbose: 0 : 16364, 10, 2023/05/29, 18:55:09.084, 5807839384706, vstest.console.exe, TcpClientExtensions.MessageLoopAsync: Polling on remoteEndPoint: 127.0.0.1:57399 localEndPoint: 127.0.0.1:57391
TpTrace Verbose: 0 : 16364, 8, 2023/05/29, 18:55:09.084, 5807839385103, vstest.console.exe, MulticastDelegateUtilities.SafeInvoke: InternalTestLoggerEvents.SendTestRunMessage: Invoking callback 1/1 for Microsoft.VisualStudio.TestPlatform.CommandLine.Internal.ConsoleLogger., took 0 ms.
TpTrace Verbose: 0 : 16364, 10, 2023/05/29, 18:55:09.519, 5807843737780, vstest.console.exe, TcpClientExtensions.MessageLoopAsync: NotifyDataAvailable remoteEndPoint: 127.0.0.1:57399 localEndPoint: 127.0.0.1:57391
TpTrace Verbose: 0 : 16364, 10, 2023/05/29, 18:55:09.520, 5807843739674, vstest.console.exe, TestRequestSender.OnExecutionMessageReceived: Received message: {"Version":5,"MessageType":"TestExecution.Completed","Payload":{"TestRunCompleteArgs":{"TestRunStatistics":{"ExecutedTests":1,"Stats":{"Failed":1}},"IsCanceled":false,"IsAborted":false,"Error":null,"AttachmentSets":[],"ElapsedTimeInRunningTests":"00:00:00.1077007","Metrics":{}},"LastRunTests":{"NewTestResults":[{"TestCase":{"Id":"7c80fa14-4b5e-688b-30c4-22317d77de66","FullyQualifiedName":"Bank.UnitTests.BankAccountTest.Debit_WithValidAmount_UpdatesBalance","DisplayName":"Debit_WithValidAmount_UpdatesBalance","ExecutorUri":"executor://MSTestAdapter/v2","Source":"C:\\Projetos\\Bank\\Bank.UnitTests\\bin\\Debug\\net6.0\\Bank.UnitTests.dll","CodeFilePath":"C:\\Projetos\\Bank\\Bank.UnitTests\\BankAccountTest.cs","LineNumber":11,"Properties":[{"Key":{"Id":"TestCase.ManagedType","Label":"ManagedType","Category":"","Description":"","Attributes":1,"ValueType":"System.String"},"Value":"Bank.UnitTests.BankAccountTest"},{"Key":{"Id":"TestCase.ManagedMethod","Label":"ManagedMethod","Category":"","Description":"","Attributes":1,"ValueType":"System.String"},"Value":"Debit_WithValidAmount_UpdatesBalance"},{"Key":{"Id":"MSTestDiscoverer.TestClassName","Label":"ClassName","Category":"","Description":"","Attributes":1,"ValueType":"System.String"},"Value":"Bank.UnitTests.BankAccountTest"},{"Key":{"Id":"TestCase.Hierarchy","Label":"Hierarchy","Category":"","Description":"","Attributes":2,"ValueType":"System.String[]"},"Value":["Bank.UnitTests","BankAccountTest"]},{"Key":{"Id":"TestObject.Traits","Label":"Traits","Category":"","Description":"","Attributes":5,"ValueType":"System.Collections.Generic.KeyValuePair`2[[System.String],[System.String]][]"},"Value":[]}]},"Attachments":[],"Outcome":2,"ErrorMessage":"Test method Bank.UnitTests.BankAccountTest.Debit_WithValidAmount_UpdatesBalance threw exception: \r\nSystem.ArgumentOutOfRangeException: Specified argument was out of the range of valid values. (Parameter 'amount')","ErrorStackTrace":"    at Bank.Account.BankAccount.Debit(Double amount)\r\n   at Bank.UnitTests.BankAccountTest.Debit_WithValidAmount_UpdatesBalance() in C:\\Projetos\\Bank\\Bank.UnitTests\\BankAccountTest.cs:line 19\r\n","DisplayName":"Debit_WithValidAmount_UpdatesBalance","Messages":[],"ComputerName":null,"Duration":"00:00:00.0202808","StartTime":"2023-05-29T18:55:09.4217406-03:00","EndTime":"2023-05-29T18:55:09.4722604-03:00","Properties":[{"Key":{"Id":"ExecutionId","Label":"ExecutionId","Category":"","Description":"","Attributes":1,"ValueType":"System.Guid"},"Value":"00000000-0000-0000-0000-000000000000"},{"Key":{"Id":"ParentExecId","Label":"ParentExecId","Category":"","Description":"","Attributes":1,"ValueType":"System.Guid"},"Value":"00000000-0000-0000-0000-000000000000"},{"Key":{"Id":"InnerResultsCount","Label":"InnerResultsCount","Category":"","Description":"","Attributes":1,"ValueType":"System.Int32"},"Value":0}]}],"TestRunStatistics":{"ExecutedTests":1,"Stats":{"Failed":1}},"ActiveTests":[]},"RunAttachments":[],"ExecutorUris":["executor://mstestadapter/v2"]}}
TpTrace Verbose: 0 : 16364, 10, 2023/05/29, 18:55:09.520, 5807843740410, vstest.console.exe, TestRequestSender.EndSession: Sending end session.
TpTrace Verbose: 0 : 16364, 10, 2023/05/29, 18:55:09.520, 5807843741509, vstest.console.exe, ProxyOperationManager.Close: waiting for test host to exit for 100 ms
TpTrace Verbose: 0 : 16364, 4, 2023/05/29, 18:55:09.539, 5807843933778, vstest.console.exe, TestHostProvider.ExitCallBack: Host exited starting callback.
TpTrace Information: 0 : 16364, 4, 2023/05/29, 18:55:09.539, 5807843935109, vstest.console.exe, TestHostManagerCallbacks.ExitCallBack: Testhost processId: 3940 exited with exitcode: 0 error: ''
TpTrace Verbose: 0 : 16364, 4, 2023/05/29, 18:55:09.539, 5807843935414, vstest.console.exe, DotnetTestHostManager.OnHostExited: invoking OnHostExited callback
TpTrace Verbose: 0 : 16364, 4, 2023/05/29, 18:55:09.539, 5807843935850, vstest.console.exe, CrossPlatEngine.TestHostManagerHostExited: calling on client process exit callback.
TpTrace Information: 0 : 16364, 4, 2023/05/29, 18:55:09.539, 5807843936191, vstest.console.exe, TestRequestSender.OnClientProcessExit: Test host process exited. Standard error: 
TpTrace Information: 0 : 16364, 10, 2023/05/29, 18:55:09.539, 5807843936617, vstest.console.exe, SocketServer.Stop: Stop server endPoint: 127.0.0.1:57391
TpTrace Information: 0 : 16364, 10, 2023/05/29, 18:55:09.539, 5807843937314, vstest.console.exe, SocketServer.Stop: Cancellation requested. Stopping message loop.
TpTrace Information: 0 : 16364, 10, 2023/05/29, 18:55:09.539, 5807843937609, vstest.console.exe, Closing the connection
TpTrace Information: 0 : 16364, 4, 2023/05/29, 18:55:09.539, 5807843936691, vstest.console.exe, SocketServer.Stop: Stop server endPoint: 127.0.0.1:57391
TpTrace Information: 0 : 16364, 4, 2023/05/29, 18:55:09.540, 5807843940143, vstest.console.exe, SocketServer.Stop: Cancellation requested. Stopping message loop.
TpTrace Verbose: 0 : 16364, 4, 2023/05/29, 18:55:09.540, 5807843940440, vstest.console.exe, MulticastDelegateUtilities.SafeInvoke: HostProviderEvents.OnHostExited: Invoking callback 1/1 for Microsoft.VisualStudio.TestPlatform.CrossPlatEngine.Client.ProxyOperationManager., took 0 ms.
TpTrace Verbose: 0 : 16364, 10, 2023/05/29, 18:55:09.540, 5807843942940, vstest.console.exe, MulticastDelegateUtilities.SafeInvoke: TestRunRequest.RawMessageReceived: Invoking callback 1/1 for Microsoft.VisualStudio.TestPlatform.Client.DesignMode.DesignModeTestEventsRegistrar., took 0 ms.
TpTrace Verbose: 0 : 16364, 10, 2023/05/29, 18:55:09.540, 5807843943598, vstest.console.exe, TestRunRequest:SendTestRunStatsChange: Starting.
TpTrace Verbose: 0 : 16364, 10, 2023/05/29, 18:55:09.540, 5807843943978, vstest.console.exe, MulticastDelegateUtilities.SafeInvoke: TestRun.RunStatsChanged: Invoking callbacks was skipped because there are no subscribers.
TpTrace Information: 0 : 16364, 10, 2023/05/29, 18:55:09.540, 5807843944475, vstest.console.exe, TestRunRequest:SendTestRunStatsChange: Completed.
TpTrace Verbose: 0 : 16364, 10, 2023/05/29, 18:55:09.540, 5807843944812, vstest.console.exe, ParallelProxyExecutionManager: HandlePartialRunComplete: Total completed clients = 1, Run complete = True, Run canceled: False.
TpTrace Verbose: 0 : 16364, 8, 2023/05/29, 18:55:09.545, 5807843990450, vstest.console.exe, MulticastDelegateUtilities.SafeInvoke: InternalTestLoggerEvents.SendTestResult: Invoking callback 1/1 for Microsoft.VisualStudio.TestPlatform.CommandLine.Internal.ConsoleLogger., took 4 ms.
TpTrace Verbose: 0 : 16364, 8, 2023/05/29, 18:55:09.546, 5807844007667, vstest.console.exe, MulticastDelegateUtilities.SafeInvoke: InternalTestLoggerEvents.SendTestRunComplete: Invoking callback 1/1 for Microsoft.VisualStudio.TestPlatform.CommandLine.Internal.ConsoleLogger., took 1 ms.
TpTrace Verbose: 0 : 16364, 10, 2023/05/29, 18:55:09.547, 5807844009859, vstest.console.exe, MulticastDelegateUtilities.SafeInvoke: TestRunRequest.RawMessageReceived: Invoking callback 1/1 for Microsoft.VisualStudio.TestPlatform.Client.DesignMode.DesignModeTestEventsRegistrar., took 0 ms.
TpTrace Verbose: 0 : 16364, 10, 2023/05/29, 18:55:09.547, 5807844010730, vstest.console.exe, TestRunRequest:TestRunComplete: Starting. IsAborted:False IsCanceled:False.
TpTrace Verbose: 0 : 16364, 10, 2023/05/29, 18:55:09.547, 5807844011249, vstest.console.exe, TestLoggerManager.HandleTestRunComplete: Ignoring as the object is disposed.
TpTrace Verbose: 0 : 16364, 10, 2023/05/29, 18:55:09.547, 5807844011856, vstest.console.exe, MulticastDelegateUtilities.SafeInvoke: TestRun.TestRunComplete: Invoking callback 1/1 for Microsoft.VisualStudio.TestPlatform.CommandLine.TestRunResultAggregator., took 0 ms.
TpTrace Information: 0 : 16364, 10, 2023/05/29, 18:55:09.547, 5807844012387, vstest.console.exe, TestRunRequest:TestRunComplete: Completed.
TpTrace Verbose: 0 : 16364, 11, 2023/05/29, 18:55:09.547, 5807844012597, vstest.console.exe, TestRunRequest.Dispose: Starting.
TpTrace Information: 0 : 16364, 11, 2023/05/29, 18:55:09.547, 5807844014583, vstest.console.exe, TestRunRequest.Dispose: Completed.
TpTrace Information: 0 : 16364, 11, 2023/05/29, 18:55:09.547, 5807844015484, vstest.console.exe, TestRequestManager.RunTests: run tests completed.
TpTrace Verbose: 0 : 16364, 10, 2023/05/29, 18:55:09.547, 5807844013319, vstest.console.exe, TestRequestSender.SetOperationComplete: Setting operation complete.
TpTrace Information: 0 : 16364, 10, 2023/05/29, 18:55:09.547, 5807844018641, vstest.console.exe, SocketServer.Stop: Stop server endPoint: 127.0.0.1:57391
TpTrace Information: 0 : 16364, 10, 2023/05/29, 18:55:09.548, 5807844019526, vstest.console.exe, SocketServer.Stop: Cancellation requested. Stopping message loop.
TpTrace Verbose: 0 : 16364, 10, 2023/05/29, 18:55:09.548, 5807844020675, vstest.console.exe, MulticastDelegateUtilities.SafeInvoke: LengthPrefixCommunicationChannel: MessageReceived: Invoking callback 1/1 for Microsoft.VisualStudio.TestPlatform.CommunicationUtilities.TestRequestSender+<>c__DisplayClass35_0., took 28 ms.
TpTrace Information: 0 : 16364, 10, 2023/05/29, 18:55:09.548, 5807844021546, vstest.console.exe, SocketServer.PrivateStop: Stopping server endPoint: 127.0.0.1:57391 error: 
TpTrace Verbose: 0 : 16364, 10, 2023/05/29, 18:55:09.548, 5807844023399, vstest.console.exe, LengthPrefixCommunicationChannel.Dispose: Dispose reader and writer.
TpTrace Information: 0 : 16364, 10, 2023/05/29, 18:55:09.548, 5807844023949, vstest.console.exe, SocketServer.Stop: Raise disconnected event endPoint: 127.0.0.1:57391 error: 
TpTrace Verbose: 0 : 16364, 10, 2023/05/29, 18:55:09.548, 5807844026269, vstest.console.exe, TestRequestSender: OnTestRunAbort: Operation is already complete. Skip error message.
TpTrace Verbose: 0 : 16364, 10, 2023/05/29, 18:55:09.548, 5807844027067, vstest.console.exe, MulticastDelegateUtilities.SafeInvoke: SocketServer: ClientDisconnected: Invoking callback 1/1 for Microsoft.VisualStudio.TestPlatform.CommunicationUtilities.TestRequestSender., took 0 ms.
TpTrace Verbose: 0 : 16364, 10, 2023/05/29, 18:55:09.548, 5807844027736, vstest.console.exe, TcpClientExtensions.MessageLoopAsync: exiting MessageLoopAsync remoteEndPoint: 127.0.0.1:57399 localEndPoint: 127.0.0.1:57391
TpTrace Information: 0 : 16364, 1, 2023/05/29, 18:55:09.554, 5807844083645, vstest.console.exe, DesignModeClient.ProcessRequests: Processing Message: (TestExecution.GetTestRunnerProcessStartInfoForRunSelected) -> {"Version":7,"MessageType":"TestExecution.GetTestRunnerProcessStartInfoForRunSelected","Payload":{"Sources":null,"TestCases":[{"Id":"7c80fa14-4b5e-688b-30c4-22317d77de66","FullyQualifiedName":"Bank.UnitTests.BankAccountTest.Debit_WithValidAmount_UpdatesBalance","DisplayName":"Debit_WithValidAmount_UpdatesBalance","ExecutorUri":"executor://MSTestAdapter/v2","Source":"C:\\Projetos\\Bank\\Bank.UnitTests\\bin\\Debug\\net6.0\\Bank.UnitTests.dll","CodeFilePath":"C:\\Projetos\\Bank\\Bank.UnitTests\\BankAccountTest.cs","LineNumber":11,"Properties":[{"Key":{"Id":"TestCase.ManagedType","Label":"ManagedType","Category":"","Description":"","Attributes":1,"ValueType":"System.String"},"Value":"Bank.UnitTests.BankAccountTest"},{"Key":{"Id":"TestCase.ManagedMethod","Label":"ManagedMethod","Category":"","Description":"","Attributes":1,"ValueType":"System.String"},"Value":"Debit_WithValidAmount_UpdatesBalance"},{"Key":{"Id":"MSTestDiscoverer.TestClassName","Label":"ClassName","Category":"","Description":"","Attributes":1,"ValueType":"System.String"},"Value":"Bank.UnitTests.BankAccountTest"},{"Key":{"Id":"TestCase.Hierarchy","Label":"Hierarchy","Category":"","Description":"","Attributes":2,"ValueType":"System.String[]"},"Value":["Bank.UnitTests","BankAccountTest"]},{"Key":{"Id":"TestObject.Traits","Label":"Traits","Category":"","Description":"","Attributes":5,"ValueType":"System.Collections.Generic.KeyValuePair`2[[System.String],[System.String]][]"},"Value":[]}]}],"RunSettings":"<RunSettings>\r\n<RunConfiguration>\r\n  <CollectSourceInformation>false</CollectSourceInformation>\r\n  <MaxCpuCount>1</MaxCpuCount>\r\n<TestSessionTimeout>6680</TestSessionTimeout>\r\n\r\n<DesignMode>false</DesignMode>\r\n</RunConfiguration><InProcDataCollectionRunSettings><InProcDataCollectors><InProcDataCollector friendlyName=\"StrykerCoverage\" uri=\"https://stryker-mutator.io/\" codebase=\"C:\\Users\\1511 MXTI\\.nuget\\packages\\dotnet-stryker\\3.9.0\\tools\\net6.0\\any\\Stryker.DataCollector.dll\" assemblyQualifiedName=\"Stryker.DataCollector.CoverageCollector, Stryker.DataCollector, Version=1.0.0.0, Culture=neutral, PublicKeyToken=null\">\r\n<Configuration><Parameters><Mutant id='10' tests='7c80fa14-4b5e-688b-30c4-22317d77de66'/><MutantControl name='Stryker0Xrvs6ez4CmThoK.MutantControl'/></Parameters></Configuration></InProcDataCollector></InProcDataCollectors></InProcDataCollectionRunSettings>\r\n</RunSettings>","KeepAlive":false,"DebuggingEnabled":false,"TestPlatformOptions":{"TestCaseFilter":null,"FilterOptions":null,"CollectMetrics":false,"SkipDefaultAdapters":false},"TestSessionInfo":null}}
TpTrace Information: 0 : 16364, 6, 2023/05/29, 18:55:09.554, 5807844087581, vstest.console.exe, TestRequestManager.RunTests: run tests started.
TpTrace Information: 0 : 16364, 6, 2023/05/29, 18:55:09.555, 5807844091106, vstest.console.exe, AssemblyMetadataProvider.GetFrameworkName: Determined framework:'.NETCoreApp,Version=v6.0' for source: 'C:\Projetos\Bank\Bank.UnitTests\bin\Debug\net6.0\Bank.UnitTests.dll'
TpTrace Information: 0 : 16364, 6, 2023/05/29, 18:55:09.555, 5807844091947, vstest.console.exe, Determined framework for all sources: .NETCoreApp,Version=v6.0
TpTrace Verbose: 0 : 16364, 6, 2023/05/29, 18:55:09.555, 5807844092635, vstest.console.exe, TestRequestManager.UpdateRunSettingsIfRequired: Default architecture: X64 IsDefaultTargetArchitecture: True, Current process architecture: X64 OperatingSystem: Windows.
TpTrace Information: 0 : 16364, 6, 2023/05/29, 18:55:09.555, 5807844096017, vstest.console.exe, AssemblyMetadataProvider.GetArchitecture: Determined architecture:AnyCPU info for assembly: C:\Projetos\Bank\Bank.UnitTests\bin\Debug\net6.0\Bank.UnitTests.dll
TpTrace Information: 0 : 16364, 6, 2023/05/29, 18:55:09.555, 5807844096448, vstest.console.exe, Determined platform for source 'C:\Projetos\Bank\Bank.UnitTests\bin\Debug\net6.0\Bank.UnitTests.dll' was AnyCPU and it will use the default plaform X64.
TpTrace Information: 0 : 16364, 6, 2023/05/29, 18:55:09.555, 5807844096761, vstest.console.exe, None of the sources provided any runnable platform, using the default platform: X64
TpTrace Information: 0 : 16364, 6, 2023/05/29, 18:55:09.555, 5807844097209, vstest.console.exe, Platform was updated to 'X64'.
TpTrace Information: 0 : 16364, 6, 2023/05/29, 18:55:09.555, 5807844098667, vstest.console.exe, InferRunSettingsHelper.IsTestSettingsEnabled: Unable to navigate to RunSettings/MSTest. Current node: RunSettings
TpTrace Information: 0 : 16364, 6, 2023/05/29, 18:55:09.556, 5807844102966, vstest.console.exe, AssemblyResolver.OnResolve: Microsoft.VisualStudio.TestPlatform.Fakes, Version=17.0.0.0, Culture=neutral: Resolving assembly.
TpTrace Information: 0 : 16364, 6, 2023/05/29, 18:55:09.556, 5807844103451, vstest.console.exe, AssemblyResolver.OnResolve: Microsoft.VisualStudio.TestPlatform.Fakes, Version=17.0.0.0, Culture=neutral: Resolved from cache.
TpTrace Information: 0 : 16364, 6, 2023/05/29, 18:55:09.556, 5807844105164, vstest.console.exe, Failed to load assembly Microsoft.VisualStudio.TestPlatform.Fakes, Version=17.0.0.0, Culture=neutral. Reason:System.IO.FileNotFoundException: Não foi possível carregar arquivo ou assembly 'Microsoft.VisualStudio.TestPlatform.Fakes, Version=17.0.0.0, Culture=neutral' ou uma de suas dependências. O sistema não pode encontrar o arquivo especificado.
File name: 'Microsoft.VisualStudio.TestPlatform.Fakes, Version=17.0.0.0, Culture=neutral'
   at System.Reflection.RuntimeAssembly._nLoad(AssemblyName fileName, String codeBase, Evidence assemblySecurity, RuntimeAssembly locationHint, StackCrawlMark& stackMark, IntPtr pPrivHostBinder, Boolean throwOnFileNotFound, Boolean forIntrospection, Boolean suppressSecurityChecks)
   at System.Reflection.RuntimeAssembly.InternalLoadAssemblyName(AssemblyName assemblyRef, Evidence assemblySecurity, RuntimeAssembly reqAssembly, StackCrawlMark& stackMark, IntPtr pPrivHostBinder, Boolean throwOnFileNotFound, Boolean forIntrospection, Boolean suppressSecurityChecks)
   at System.Reflection.Assembly.Load(AssemblyName assemblyRef)
   at Microsoft.VisualStudio.TestPlatform.Common.Utilities.FakesUtilities.LoadTestPlatformAssembly()

AVI: o log de associações de assembly está desativado.
Para ativar o log de  falhas de assembly, defina o valor do Registro [HKLM\Software\Microsoft\Fusion!EnableLog] (DWORD) como 1.
Observação: há alguma penalidade para o desempenho associada ao log de falha de associação de assembly.
Para desativar esse recurso, remova o valor do Registro [HKLM\Software\Microsoft\Fusion!EnableLog].

TpTrace Verbose: 0 : 16364, 6, 2023/05/29, 18:55:09.557, 5807844115957, vstest.console.exe, TestEngine: Initializing Parallel Execution as MaxCpuCount is set to: 1
TpTrace Information: 0 : 16364, 6, 2023/05/29, 18:55:09.561, 5807844149469, vstest.console.exe, InferRunSettingsHelper.IsTestSettingsEnabled: Unable to navigate to RunSettings/MSTest. Current node: RunSettings
TpTrace Verbose: 0 : 16364, 6, 2023/05/29, 18:55:09.561, 5807844154649, vstest.console.exe, TestEngine.GetExecutionManager: Chosen execution manager 'Microsoft.VisualStudio.TestPlatform.CrossPlatEngine.Client.Parallel.ParallelProxyExecutionManager, Microsoft.TestPlatform.CrossPlatEngine, Version=15.0.0.0, Culture=neutral, PublicKeyToken=b03f5f7f11d50a3a' ParallelLevel '1'.
TpTrace Verbose: 0 : 16364, 6, 2023/05/29, 18:55:09.561, 5807844156229, vstest.console.exe, TestRunRequest.ExecuteAsync: Creating test run request.
TpTrace Verbose: 0 : 16364, 6, 2023/05/29, 18:55:09.561, 5807844156960, vstest.console.exe, TestRunRequest.ExecuteAsync: Starting.
TpTrace Information: 0 : 16364, 6, 2023/05/29, 18:55:09.561, 5807844157906, vstest.console.exe, TestRunRequest.ExecuteAsync: Starting run with settings:TestRunCriteria:
   KeepAlive=False,FrequencyOfRunStatsChangeEvent=10,RunStatsChangeEventTimeout=00:00:01.5000000,TestCaseFilter=,TestExecutorLauncher=Microsoft.VisualStudio.TestPlatform.Client.DesignMode.DesignModeTestHostLauncher
   Settingsxml=<RunSettings>
  <RunConfiguration>
    <CollectSourceInformation>false</CollectSourceInformation>
    <MaxCpuCount>1</MaxCpuCount>
    <TestSessionTimeout>6680</TestSessionTimeout>
    <DesignMode>false</DesignMode>
    <TargetFrameworkVersion>.NETCoreApp,Version=v6.0</TargetFrameworkVersion>
    <TargetPlatform>X64</TargetPlatform>
  </RunConfiguration>
  <InProcDataCollectionRunSettings>
    <InProcDataCollectors>
      <InProcDataCollector friendlyName="StrykerCoverage" uri="https://stryker-mutator.io/" codebase="C:\Users\1511 MXTI\.nuget\packages\dotnet-stryker\3.9.0\tools\net6.0\any\Stryker.DataCollector.dll" assemblyQualifiedName="Stryker.DataCollector.CoverageCollector, Stryker.DataCollector, Version=1.0.0.0, Culture=neutral, PublicKeyToken=null">
        <Configuration>
          <Parameters>
            <Mutant id="10" tests="7c80fa14-4b5e-688b-30c4-22317d77de66" />
            <MutantControl name="Stryker0Xrvs6ez4CmThoK.MutantControl" />
          </Parameters>
        </Configuration>
      </InProcDataCollector>
    </InProcDataCollectors>
  </InProcDataCollectionRunSettings>
  <LoggerRunSettings>
    <Loggers>
      <Logger friendlyName="Console" uri="logger://microsoft/TestPlatform/ConsoleLogger/v1" assemblyQualifiedName="Microsoft.VisualStudio.TestPlatform.CommandLine.Internal.ConsoleLogger, vstest.console, Version=15.0.0.0, Culture=neutral, PublicKeyToken=b03f5f7f11d50a3a" codeBase="C:\Users\1511 MXTI\AppData\Local\Temp\bixzjozn.d4j\.vstest\tools\net462\vstest.console.exe" enabled="True" />
    </Loggers>
  </LoggerRunSettings>
</RunSettings>

TpTrace Verbose: 0 : 16364, 6, 2023/05/29, 18:55:09.562, 5807844158905, vstest.console.exe, TestRunRequest.ExecuteAsync: Wait for the first run request is over.
TpTrace Verbose: 0 : 16364, 6, 2023/05/29, 18:55:09.562, 5807844160490, vstest.console.exe, TestRunRequest.ExecuteAsync: TestSessionTimeout is 6680 milliseconds.
TpTrace Verbose: 0 : 16364, 6, 2023/05/29, 18:55:09.562, 5807844161302, vstest.console.exe, MulticastDelegateUtilities.SafeInvoke: TestRun.TestRunStart: Invoking callbacks was skipped because there are no subscribers.
TpTrace Verbose: 0 : 16364, 14, 2023/05/29, 18:55:09.562, 5807844162351, vstest.console.exe, MulticastDelegateUtilities.SafeInvoke: InternalTestLoggerEvents.SendTestRunStart: Invoking callback 1/1 for Microsoft.VisualStudio.TestPlatform.CommandLine.Internal.ConsoleLogger., took 0 ms.
TpTrace Verbose: 0 : 16364, 6, 2023/05/29, 18:55:09.562, 5807844162728, vstest.console.exe, ParallelProxyExecutionManager: Start execution. Total sources: 1
TpTrace Verbose: 0 : 16364, 6, 2023/05/29, 18:55:09.562, 5807844166171, vstest.console.exe, TestRequestSender is acting as server.
TpTrace Verbose: 0 : 16364, 6, 2023/05/29, 18:55:09.562, 5807844166927, vstest.console.exe, ProxyParallelExecutionManager: No sources available for execution.
TpTrace Information: 0 : 16364, 6, 2023/05/29, 18:55:09.562, 5807844167449, vstest.console.exe, TestRunRequest.ExecuteAsync: Started.
TpTrace Verbose: 0 : 16364, 6, 2023/05/29, 18:55:09.562, 5807844167942, vstest.console.exe, TestRunRequest.WaitForCompletion: Waiting with timeout -1.
TpTrace Verbose: 0 : 16364, 9, 2023/05/29, 18:55:09.562, 5807844167186, vstest.console.exe, ParallelProxyExecutionManager: Execution started. Started clients: 1
TpTrace Verbose: 0 : 16364, 9, 2023/05/29, 18:55:09.563, 5807844171825, vstest.console.exe, ProxyExecutionManager: Test host is always Lazy initialize.
TpTrace Verbose: 0 : 16364, 9, 2023/05/29, 18:55:09.563, 5807844172660, vstest.console.exe, TestRequestSender.InitializeCommunication: initialize communication. 
TpTrace Information: 0 : 16364, 9, 2023/05/29, 18:55:09.563, 5807844175278, vstest.console.exe, SocketServer.Start: Listening on endpoint : 127.0.0.1:57400
TpTrace Verbose: 0 : 16364, 9, 2023/05/29, 18:55:09.563, 5807844177981, vstest.console.exe, DotnetTestHostmanager.GetTestHostProcessStartInfo: Platform environment 'X64' target architecture 'X64' framework '.NETCoreApp,Version=v6.0' OS 'Windows'
TpTrace Verbose: 0 : 16364, 9, 2023/05/29, 18:55:09.564, 5807844180071, vstest.console.exe, DotnetTestHostmanager: Adding  --runtimeconfig "C:\Projetos\Bank\Bank.UnitTests\bin\Debug\net6.0\Bank.UnitTests.runtimeconfig.json" in args
TpTrace Verbose: 0 : 16364, 9, 2023/05/29, 18:55:09.564, 5807844181855, vstest.console.exe, DotnetTestHostmanager: Adding  --depsfile "C:\Projetos\Bank\Bank.UnitTests\bin\Debug\net6.0\Bank.UnitTests.deps.json" in args
TpTrace Verbose: 0 : 16364, 9, 2023/05/29, 18:55:09.564, 5807844183200, vstest.console.exe, DotnetTestHostmanager.IsWinOnArm: Current PROCESSOR_ARCHITECTURE from environment variable 'AMD64'
TpTrace Verbose: 0 : 16364, 9, 2023/05/29, 18:55:09.564, 5807844183712, vstest.console.exe, DotnetTestHostmanager.IsWinOnArm: Is Windows on ARM 'False'
TpTrace Verbose: 0 : 16364, 9, 2023/05/29, 18:55:09.564, 5807844185015, vstest.console.exe, DotnetTestHostManager: testhost.exe found at path: C:\Projetos\Bank\Bank.UnitTests\bin\Debug\net6.0\testhost.exe
TpTrace Verbose: 0 : 16364, 9, 2023/05/29, 18:55:09.564, 5807844185766, vstest.console.exe, DotnetTestHostmanager: Full path of host exe is C:\Projetos\Bank\Bank.UnitTests\bin\Debug\net6.0\testhost.exe
TpTrace Verbose: 0 : 16364, 9, 2023/05/29, 18:55:09.564, 5807844186872, vstest.console.exe, DotnetTestHostmanager.LaunchTestHostAsync: Prefix 'VSTEST_WINAPPHOST_*' not found in env variables
TpTrace Information: 0 : 16364, 1, 2023/05/29, 18:55:10.312, 5807851667084, vstest.console.exe, DesignModeClient.ProcessRequests: Processing Message: (TestExecution.CustomTestHostLaunchCallback) -> {"Version":7,"MessageType":"TestExecution.CustomTestHostLaunchCallback","Payload":{"HostProcessId":21168,"ErrorMessage":null}}
TpTrace Verbose: 0 : 16364, 9, 2023/05/29, 18:55:10.352, 5807852062481, vstest.console.exe, Test Runtime launched
TpTrace Verbose: 0 : 16364, 9, 2023/05/29, 18:55:10.352, 5807852064396, vstest.console.exe, MulticastDelegateUtilities.SafeInvoke: HostProviderEvents.OnHostLaunched: Invoking callback 1/1 for Microsoft.VisualStudio.TestPlatform.CrossPlatEngine.Client.ProxyOperationManager., took 0 ms.
TpTrace Verbose: 0 : 16364, 9, 2023/05/29, 18:55:10.352, 5807852065073, vstest.console.exe, TestRequestSender.WaitForRequestHandlerConnection: waiting for connection with timeout: 90000.
TpTrace Verbose: 0 : 16364, 7, 2023/05/29, 18:55:10.439, 5807852935532, vstest.console.exe, MulticastDelegateUtilities.SafeInvoke: SocketServer: ClientConnected: Invoking callback 1/1 for Microsoft.VisualStudio.TestPlatform.CommunicationUtilities.TestRequestSender., took 0 ms.
TpTrace Verbose: 0 : 16364, 7, 2023/05/29, 18:55:10.439, 5807852936420, vstest.console.exe, SocketServer.OnClientConnected: Client connected for endPoint: 127.0.0.1:57400, starting MessageLoopAsync:
TpTrace Verbose: 0 : 16364, 11, 2023/05/29, 18:55:10.439, 5807852937220, vstest.console.exe, TcpClientExtensions.MessageLoopAsync: Polling on remoteEndPoint: 127.0.0.1:57403 localEndPoint: 127.0.0.1:57400
TpTrace Verbose: 0 : 16364, 9, 2023/05/29, 18:55:10.439, 5807852935636, vstest.console.exe, TestRequestSender.WaitForRequestHandlerConnection: waiting took 87 ms, with timeout 90000 ms, and result 0, which is success.
TpTrace Verbose: 0 : 16364, 9, 2023/05/29, 18:55:10.440, 5807852945457, vstest.console.exe, TestRequestSender.CheckVersionWithTestHost: Sending check version message: {"MessageType":"ProtocolVersion","Payload":7}
TpTrace Verbose: 0 : 16364, 11, 2023/05/29, 18:55:10.564, 5807854185217, vstest.console.exe, TcpClientExtensions.MessageLoopAsync: NotifyDataAvailable remoteEndPoint: 127.0.0.1:57403 localEndPoint: 127.0.0.1:57400
TpTrace Verbose: 0 : 16364, 11, 2023/05/29, 18:55:10.564, 5807854186626, vstest.console.exe, TestRequestSender.CheckVersionWithTestHost: onMessageReceived received message: (ProtocolVersion) -> {"MessageType":"ProtocolVersion","Payload":5}
TpTrace Verbose: 0 : 16364, 11, 2023/05/29, 18:55:10.564, 5807854187614, vstest.console.exe, MulticastDelegateUtilities.SafeInvoke: LengthPrefixCommunicationChannel: MessageReceived: Invoking callback 1/1 for Microsoft.VisualStudio.TestPlatform.CommunicationUtilities.TestRequestSender+<>c__DisplayClass29_0., took 0 ms.
TpTrace Verbose: 0 : 16364, 9, 2023/05/29, 18:55:10.564, 5807854187820, vstest.console.exe, TestPluginCache.GetExtensionPaths: Filtered extension paths: 
TpTrace Verbose: 0 : 16364, 9, 2023/05/29, 18:55:10.564, 5807854188542, vstest.console.exe, TestPluginCache.GetExtensionPaths: Added default extension paths: C:\Users\1511 MXTI\AppData\Local\Temp\bixzjozn.d4j\.vstest\tools\net462\Extensions\Microsoft.TestPlatform.Extensions.BlameDataCollector.dll
C:\Users\1511 MXTI\AppData\Local\Temp\bixzjozn.d4j\.vstest\tools\net462\Extensions\Microsoft.TestPlatform.TestHostRuntimeProvider.dll
C:\Users\1511 MXTI\AppData\Local\Temp\bixzjozn.d4j\.vstest\tools\net462\Extensions\Microsoft.VisualStudio.TestPlatform.Extensions.Html.TestLogger.dll
C:\Users\1511 MXTI\AppData\Local\Temp\bixzjozn.d4j\.vstest\tools\net462\Extensions\Microsoft.VisualStudio.TestPlatform.Extensions.Trx.TestLogger.dll
TpTrace Verbose: 0 : 16364, 9, 2023/05/29, 18:55:10.565, 5807854189050, vstest.console.exe, TestPluginCache.GetExtensionPaths: Added unfilterableExtensionPaths: 
TpTrace Verbose: 0 : 16364, 11, 2023/05/29, 18:55:10.564, 5807854187998, vstest.console.exe, TcpClientExtensions.MessageLoopAsync: Polling on remoteEndPoint: 127.0.0.1:57403 localEndPoint: 127.0.0.1:57400
TpTrace Verbose: 0 : 16364, 9, 2023/05/29, 18:55:10.565, 5807854194057, vstest.console.exe, TestRequestSender.InitializeExecution: Sending initialize execution with message: {"Version":5,"MessageType":"TestExecution.Initialize","Payload":["C:\\Projetos\\Bank\\Bank.UnitTests\\bin\\Debug\\net6.0\\Microsoft.VisualStudio.TestPlatform.MSTest.TestAdapter.dll"]}
TpTrace Warning: 0 : 16364, 9, 2023/05/29, 18:55:10.565, 5807854195280, vstest.console.exe, InferRunSettingsHelper.MakeRunsettingsCompatible: Removing the following settings: TargetPlatform from RunSettings file. To use those settings please move to latest version of Microsoft.NET.Test.Sdk
TpTrace Verbose: 0 : 16364, 9, 2023/05/29, 18:55:10.565, 5807854196895, vstest.console.exe, TestRequestSender.StartTestRun: Sending test run with message: {"Version":5,"MessageType":"TestExecution.StartWithTests","Payload":{"Tests":[{"Id":"7c80fa14-4b5e-688b-30c4-22317d77de66","FullyQualifiedName":"Bank.UnitTests.BankAccountTest.Debit_WithValidAmount_UpdatesBalance","DisplayName":"Debit_WithValidAmount_UpdatesBalance","ExecutorUri":"executor://MSTestAdapter/v2","Source":"C:\\Projetos\\Bank\\Bank.UnitTests\\bin\\Debug\\net6.0\\Bank.UnitTests.dll","CodeFilePath":"C:\\Projetos\\Bank\\Bank.UnitTests\\BankAccountTest.cs","LineNumber":11,"Properties":[{"Key":{"Id":"TestCase.ManagedType","Label":"ManagedType","Category":"","Description":"","Attributes":1,"ValueType":"System.String"},"Value":"Bank.UnitTests.BankAccountTest"},{"Key":{"Id":"TestCase.ManagedMethod","Label":"ManagedMethod","Category":"","Description":"","Attributes":1,"ValueType":"System.String"},"Value":"Debit_WithValidAmount_UpdatesBalance"},{"Key":{"Id":"MSTestDiscoverer.TestClassName","Label":"ClassName","Category":"","Description":"","Attributes":1,"ValueType":"System.String"},"Value":"Bank.UnitTests.BankAccountTest"},{"Key":{"Id":"TestCase.Hierarchy","Label":"Hierarchy","Category":"","Description":"","Attributes":2,"ValueType":"System.String[]"},"Value":["Bank.UnitTests","BankAccountTest"]},{"Key":{"Id":"TestObject.Traits","Label":"Traits","Category":"","Description":"","Attributes":5,"ValueType":"System.Collections.Generic.KeyValuePair`2[[System.String],[System.String]][]"},"Value":[]}]}],"RunSettings":"<RunSettings>\r\n  <RunConfiguration>\r\n    <CollectSourceInformation>false</CollectSourceInformation>\r\n    <MaxCpuCount>1</MaxCpuCount>\r\n    <TestSessionTimeout>6680</TestSessionTimeout>\r\n    <DesignMode>false</DesignMode>\r\n    <TargetFrameworkVersion>.NETCoreApp,Version=v6.0</TargetFrameworkVersion>\r\n  </RunConfiguration>\r\n  <InProcDataCollectionRunSettings>\r\n    <InProcDataCollectors>\r\n      <InProcDataCollector friendlyName=\"StrykerCoverage\" uri=\"https://stryker-mutator.io/\" codebase=\"C:\\Users\\1511 MXTI\\.nuget\\packages\\dotnet-stryker\\3.9.0\\tools\\net6.0\\any\\Stryker.DataCollector.dll\" assemblyQualifiedName=\"Stryker.DataCollector.CoverageCollector, Stryker.DataCollector, Version=1.0.0.0, Culture=neutral, PublicKeyToken=null\">\r\n        <Configuration>\r\n          <Parameters>\r\n            <Mutant id=\"10\" tests=\"7c80fa14-4b5e-688b-30c4-22317d77de66\" />\r\n            <MutantControl name=\"Stryker0Xrvs6ez4CmThoK.MutantControl\" />\r\n          </Parameters>\r\n        </Configuration>\r\n      </InProcDataCollector>\r\n    </InProcDataCollectors>\r\n  </InProcDataCollectionRunSettings>\r\n  <LoggerRunSettings>\r\n    <Loggers>\r\n      <Logger friendlyName=\"Console\" uri=\"logger://microsoft/TestPlatform/ConsoleLogger/v1\" assemblyQualifiedName=\"Microsoft.VisualStudio.TestPlatform.CommandLine.Internal.ConsoleLogger, vstest.console, Version=15.0.0.0, Culture=neutral, PublicKeyToken=b03f5f7f11d50a3a\" codeBase=\"C:\\Users\\1511 MXTI\\AppData\\Local\\Temp\\bixzjozn.d4j\\.vstest\\tools\\net462\\vstest.console.exe\" enabled=\"True\" />\r\n    </Loggers>\r\n  </LoggerRunSettings>\r\n</RunSettings>","TestExecutionContext":{"FrequencyOfRunStatsChangeEvent":10,"RunStatsChangeEventTimeout":"00:00:01.5000000","InIsolation":false,"KeepAlive":false,"AreTestCaseLevelEventsRequired":false,"IsDebug":false,"TestCaseFilter":null,"FilterOptions":null},"Package":null}}
TpTrace Verbose: 0 : 16364, 11, 2023/05/29, 18:55:10.573, 5807854272317, vstest.console.exe, TcpClientExtensions.MessageLoopAsync: NotifyDataAvailable remoteEndPoint: 127.0.0.1:57403 localEndPoint: 127.0.0.1:57400
TpTrace Verbose: 0 : 16364, 11, 2023/05/29, 18:55:10.573, 5807854273838, vstest.console.exe, TestRequestSender.OnExecutionMessageReceived: Received message: {"Version":5,"MessageType":"TestSession.Message","Payload":{"MessageLevel":0,"Message":"Logging TestHost Diagnostics in file: C:\\Projetos\\Bank\\Bank.UnitTests\\StrykerOutput\\2023-05-29.18-54-42\\logs\\Runner 1_VsTest-log.host.23-05-29_18-55-09_56304_9.txt"}}
TpTrace Verbose: 0 : 16364, 11, 2023/05/29, 18:55:10.573, 5807854275030, vstest.console.exe, MulticastDelegateUtilities.SafeInvoke: TestRunRequest.RawMessageReceived: Invoking callback 1/1 for Microsoft.VisualStudio.TestPlatform.Client.DesignMode.DesignModeTestEventsRegistrar., took 0 ms.
TpTrace Verbose: 0 : 16364, 11, 2023/05/29, 18:55:10.573, 5807854275957, vstest.console.exe, TestRunRequest:SendTestRunMessage: Starting.
TpTrace Verbose: 0 : 16364, 11, 2023/05/29, 18:55:10.573, 5807854276580, vstest.console.exe, MulticastDelegateUtilities.SafeInvoke: TestRun.LogMessages: Invoking callback 1/1 for Microsoft.VisualStudio.TestPlatform.CommandLine.TestRunResultAggregator., took 0 ms.
TpTrace Information: 0 : 16364, 11, 2023/05/29, 18:55:10.573, 5807854277748, vstest.console.exe, TestRunRequest:SendTestRunMessage: Completed.
TpTrace Verbose: 0 : 16364, 11, 2023/05/29, 18:55:10.574, 5807854281082, vstest.console.exe, MulticastDelegateUtilities.SafeInvoke: LengthPrefixCommunicationChannel: MessageReceived: Invoking callback 1/1 for Microsoft.VisualStudio.TestPlatform.CommunicationUtilities.TestRequestSender+<>c__DisplayClass35_0., took 0 ms.
TpTrace Verbose: 0 : 16364, 14, 2023/05/29, 18:55:10.574, 5807854281419, vstest.console.exe, MulticastDelegateUtilities.SafeInvoke: InternalTestLoggerEvents.SendTestRunMessage: Invoking callback 1/1 for Microsoft.VisualStudio.TestPlatform.CommandLine.Internal.ConsoleLogger., took 0 ms.
TpTrace Verbose: 0 : 16364, 11, 2023/05/29, 18:55:10.574, 5807854281837, vstest.console.exe, TcpClientExtensions.MessageLoopAsync: Polling on remoteEndPoint: 127.0.0.1:57403 localEndPoint: 127.0.0.1:57400
TpTrace Verbose: 0 : 16364, 11, 2023/05/29, 18:55:11.007, 5807858609588, vstest.console.exe, TcpClientExtensions.MessageLoopAsync: NotifyDataAvailable remoteEndPoint: 127.0.0.1:57403 localEndPoint: 127.0.0.1:57400
TpTrace Verbose: 0 : 16364, 11, 2023/05/29, 18:55:11.007, 5807858611031, vstest.console.exe, TestRequestSender.OnExecutionMessageReceived: Received message: {"Version":5,"MessageType":"TestExecution.Completed","Payload":{"TestRunCompleteArgs":{"TestRunStatistics":{"ExecutedTests":1,"Stats":{"Failed":1}},"IsCanceled":false,"IsAborted":false,"Error":null,"AttachmentSets":[],"ElapsedTimeInRunningTests":"00:00:00.1049414","Metrics":{}},"LastRunTests":{"NewTestResults":[{"TestCase":{"Id":"7c80fa14-4b5e-688b-30c4-22317d77de66","FullyQualifiedName":"Bank.UnitTests.BankAccountTest.Debit_WithValidAmount_UpdatesBalance","DisplayName":"Debit_WithValidAmount_UpdatesBalance","ExecutorUri":"executor://MSTestAdapter/v2","Source":"C:\\Projetos\\Bank\\Bank.UnitTests\\bin\\Debug\\net6.0\\Bank.UnitTests.dll","CodeFilePath":"C:\\Projetos\\Bank\\Bank.UnitTests\\BankAccountTest.cs","LineNumber":11,"Properties":[{"Key":{"Id":"TestCase.ManagedType","Label":"ManagedType","Category":"","Description":"","Attributes":1,"ValueType":"System.String"},"Value":"Bank.UnitTests.BankAccountTest"},{"Key":{"Id":"TestCase.ManagedMethod","Label":"ManagedMethod","Category":"","Description":"","Attributes":1,"ValueType":"System.String"},"Value":"Debit_WithValidAmount_UpdatesBalance"},{"Key":{"Id":"MSTestDiscoverer.TestClassName","Label":"ClassName","Category":"","Description":"","Attributes":1,"ValueType":"System.String"},"Value":"Bank.UnitTests.BankAccountTest"},{"Key":{"Id":"TestCase.Hierarchy","Label":"Hierarchy","Category":"","Description":"","Attributes":2,"ValueType":"System.String[]"},"Value":["Bank.UnitTests","BankAccountTest"]},{"Key":{"Id":"TestObject.Traits","Label":"Traits","Category":"","Description":"","Attributes":5,"ValueType":"System.Collections.Generic.KeyValuePair`2[[System.String],[System.String]][]"},"Value":[]}]},"Attachments":[],"Outcome":2,"ErrorMessage":"Test method Bank.UnitTests.BankAccountTest.Debit_WithValidAmount_UpdatesBalance threw exception: \r\nSystem.ArgumentOutOfRangeException: Specified argument was out of the range of valid values. (Parameter 'amount')","ErrorStackTrace":"    at Bank.Account.BankAccount.Debit(Double amount)\r\n   at Bank.UnitTests.BankAccountTest.Debit_WithValidAmount_UpdatesBalance() in C:\\Projetos\\Bank\\Bank.UnitTests\\BankAccountTest.cs:line 19\r\n","DisplayName":"Debit_WithValidAmount_UpdatesBalance","Messages":[],"ComputerName":null,"Duration":"00:00:00.0206890","StartTime":"2023-05-29T18:55:10.9116876-03:00","EndTime":"2023-05-29T18:55:10.9591357-03:00","Properties":[{"Key":{"Id":"ExecutionId","Label":"ExecutionId","Category":"","Description":"","Attributes":1,"ValueType":"System.Guid"},"Value":"00000000-0000-0000-0000-000000000000"},{"Key":{"Id":"ParentExecId","Label":"ParentExecId","Category":"","Description":"","Attributes":1,"ValueType":"System.Guid"},"Value":"00000000-0000-0000-0000-000000000000"},{"Key":{"Id":"InnerResultsCount","Label":"InnerResultsCount","Category":"","Description":"","Attributes":1,"ValueType":"System.Int32"},"Value":0}]}],"TestRunStatistics":{"ExecutedTests":1,"Stats":{"Failed":1}},"ActiveTests":[]},"RunAttachments":[],"ExecutorUris":["executor://mstestadapter/v2"]}}
TpTrace Verbose: 0 : 16364, 11, 2023/05/29, 18:55:11.007, 5807858611802, vstest.console.exe, TestRequestSender.EndSession: Sending end session.
TpTrace Verbose: 0 : 16364, 11, 2023/05/29, 18:55:11.007, 5807858612941, vstest.console.exe, ProxyOperationManager.Close: waiting for test host to exit for 100 ms
TpTrace Verbose: 0 : 16364, 4, 2023/05/29, 18:55:11.025, 5807858791206, vstest.console.exe, TestHostProvider.ExitCallBack: Host exited starting callback.
TpTrace Information: 0 : 16364, 4, 2023/05/29, 18:55:11.025, 5807858792524, vstest.console.exe, TestHostManagerCallbacks.ExitCallBack: Testhost processId: 21168 exited with exitcode: 0 error: ''
TpTrace Verbose: 0 : 16364, 4, 2023/05/29, 18:55:11.025, 5807858792867, vstest.console.exe, DotnetTestHostManager.OnHostExited: invoking OnHostExited callback
TpTrace Verbose: 0 : 16364, 4, 2023/05/29, 18:55:11.025, 5807858793291, vstest.console.exe, CrossPlatEngine.TestHostManagerHostExited: calling on client process exit callback.
TpTrace Information: 0 : 16364, 4, 2023/05/29, 18:55:11.025, 5807858793636, vstest.console.exe, TestRequestSender.OnClientProcessExit: Test host process exited. Standard error: 
TpTrace Information: 0 : 16364, 4, 2023/05/29, 18:55:11.025, 5807858794132, vstest.console.exe, SocketServer.Stop: Stop server endPoint: 127.0.0.1:57400
TpTrace Information: 0 : 16364, 4, 2023/05/29, 18:55:11.025, 5807858794397, vstest.console.exe, SocketServer.Stop: Cancellation requested. Stopping message loop.
TpTrace Verbose: 0 : 16364, 4, 2023/05/29, 18:55:11.025, 5807858794709, vstest.console.exe, MulticastDelegateUtilities.SafeInvoke: HostProviderEvents.OnHostExited: Invoking callback 1/1 for Microsoft.VisualStudio.TestPlatform.CrossPlatEngine.Client.ProxyOperationManager., took 0 ms.
TpTrace Information: 0 : 16364, 11, 2023/05/29, 18:55:11.025, 5807858794086, vstest.console.exe, SocketServer.Stop: Stop server endPoint: 127.0.0.1:57400
TpTrace Information: 0 : 16364, 11, 2023/05/29, 18:55:11.025, 5807858795763, vstest.console.exe, SocketServer.Stop: Cancellation requested. Stopping message loop.
TpTrace Information: 0 : 16364, 11, 2023/05/29, 18:55:11.025, 5807858796060, vstest.console.exe, Closing the connection
TpTrace Verbose: 0 : 16364, 11, 2023/05/29, 18:55:11.026, 5807858801325, vstest.console.exe, MulticastDelegateUtilities.SafeInvoke: TestRunRequest.RawMessageReceived: Invoking callback 1/1 for Microsoft.VisualStudio.TestPlatform.Client.DesignMode.DesignModeTestEventsRegistrar., took 0 ms.
TpTrace Verbose: 0 : 16364, 11, 2023/05/29, 18:55:11.026, 5807858802010, vstest.console.exe, TestRunRequest:SendTestRunStatsChange: Starting.
TpTrace Verbose: 0 : 16364, 11, 2023/05/29, 18:55:11.026, 5807858802373, vstest.console.exe, MulticastDelegateUtilities.SafeInvoke: TestRun.RunStatsChanged: Invoking callbacks was skipped because there are no subscribers.
TpTrace Information: 0 : 16364, 11, 2023/05/29, 18:55:11.026, 5807858802874, vstest.console.exe, TestRunRequest:SendTestRunStatsChange: Completed.
TpTrace Verbose: 0 : 16364, 11, 2023/05/29, 18:55:11.026, 5807858803195, vstest.console.exe, ParallelProxyExecutionManager: HandlePartialRunComplete: Total completed clients = 1, Run complete = True, Run canceled: False.
TpTrace Verbose: 0 : 16364, 14, 2023/05/29, 18:55:11.027, 5807858817389, vstest.console.exe, MulticastDelegateUtilities.SafeInvoke: InternalTestLoggerEvents.SendTestResult: Invoking callback 1/1 for Microsoft.VisualStudio.TestPlatform.CommandLine.Internal.ConsoleLogger., took 1 ms.
TpTrace Verbose: 0 : 16364, 14, 2023/05/29, 18:55:11.029, 5807858833355, vstest.console.exe, MulticastDelegateUtilities.SafeInvoke: InternalTestLoggerEvents.SendTestRunComplete: Invoking callback 1/1 for Microsoft.VisualStudio.TestPlatform.CommandLine.Internal.ConsoleLogger., took 1 ms.
TpTrace Verbose: 0 : 16364, 11, 2023/05/29, 18:55:11.029, 5807858835967, vstest.console.exe, MulticastDelegateUtilities.SafeInvoke: TestRunRequest.RawMessageReceived: Invoking callback 1/1 for Microsoft.VisualStudio.TestPlatform.Client.DesignMode.DesignModeTestEventsRegistrar., took 0 ms.
TpTrace Verbose: 0 : 16364, 11, 2023/05/29, 18:55:11.029, 5807858836992, vstest.console.exe, TestRunRequest:TestRunComplete: Starting. IsAborted:False IsCanceled:False.
TpTrace Verbose: 0 : 16364, 11, 2023/05/29, 18:55:11.029, 5807858837527, vstest.console.exe, TestLoggerManager.HandleTestRunComplete: Ignoring as the object is disposed.
TpTrace Verbose: 0 : 16364, 11, 2023/05/29, 18:55:11.029, 5807858838320, vstest.console.exe, MulticastDelegateUtilities.SafeInvoke: TestRun.TestRunComplete: Invoking callback 1/1 for Microsoft.VisualStudio.TestPlatform.CommandLine.TestRunResultAggregator., took 0 ms.
TpTrace Information: 0 : 16364, 11, 2023/05/29, 18:55:11.030, 5807858839091, vstest.console.exe, TestRunRequest:TestRunComplete: Completed.
TpTrace Verbose: 0 : 16364, 11, 2023/05/29, 18:55:11.030, 5807858839852, vstest.console.exe, TestRequestSender.SetOperationComplete: Setting operation complete.
TpTrace Information: 0 : 16364, 11, 2023/05/29, 18:55:11.030, 5807858840541, vstest.console.exe, SocketServer.Stop: Stop server endPoint: 127.0.0.1:57400
TpTrace Information: 0 : 16364, 11, 2023/05/29, 18:55:11.030, 5807858841158, vstest.console.exe, SocketServer.Stop: Cancellation requested. Stopping message loop.
TpTrace Verbose: 0 : 16364, 11, 2023/05/29, 18:55:11.030, 5807858841838, vstest.console.exe, MulticastDelegateUtilities.SafeInvoke: LengthPrefixCommunicationChannel: MessageReceived: Invoking callback 1/1 for Microsoft.VisualStudio.TestPlatform.CommunicationUtilities.TestRequestSender+<>c__DisplayClass35_0., took 23 ms.
TpTrace Information: 0 : 16364, 11, 2023/05/29, 18:55:11.030, 5807858842565, vstest.console.exe, SocketServer.PrivateStop: Stopping server endPoint: 127.0.0.1:57400 error: 
TpTrace Verbose: 0 : 16364, 11, 2023/05/29, 18:55:11.030, 5807858843886, vstest.console.exe, LengthPrefixCommunicationChannel.Dispose: Dispose reader and writer.
TpTrace Information: 0 : 16364, 11, 2023/05/29, 18:55:11.030, 5807858844521, vstest.console.exe, SocketServer.Stop: Raise disconnected event endPoint: 127.0.0.1:57400 error: 
TpTrace Verbose: 0 : 16364, 11, 2023/05/29, 18:55:11.030, 5807858845491, vstest.console.exe, TestRequestSender: OnTestRunAbort: Operation is already complete. Skip error message.
TpTrace Verbose: 0 : 16364, 11, 2023/05/29, 18:55:11.030, 5807858846152, vstest.console.exe, MulticastDelegateUtilities.SafeInvoke: SocketServer: ClientDisconnected: Invoking callback 1/1 for Microsoft.VisualStudio.TestPlatform.CommunicationUtilities.TestRequestSender., took 0 ms.
TpTrace Verbose: 0 : 16364, 11, 2023/05/29, 18:55:11.030, 5807858846808, vstest.console.exe, TcpClientExtensions.MessageLoopAsync: exiting MessageLoopAsync remoteEndPoint: 127.0.0.1:57403 localEndPoint: 127.0.0.1:57400
TpTrace Verbose: 0 : 16364, 6, 2023/05/29, 18:55:11.030, 5807858839272, vstest.console.exe, TestRunRequest.Dispose: Starting.
TpTrace Information: 0 : 16364, 6, 2023/05/29, 18:55:11.031, 5807858849388, vstest.console.exe, TestRunRequest.Dispose: Completed.
TpTrace Information: 0 : 16364, 6, 2023/05/29, 18:55:11.031, 5807858850075, vstest.console.exe, TestRequestManager.RunTests: run tests completed.
TpTrace Information: 0 : 16364, 1, 2023/05/29, 18:55:11.036, 5807858905090, vstest.console.exe, DesignModeClient.ProcessRequests: Processing Message: (TestExecution.GetTestRunnerProcessStartInfoForRunSelected) -> {"Version":7,"MessageType":"TestExecution.GetTestRunnerProcessStartInfoForRunSelected","Payload":{"Sources":null,"TestCases":[{"Id":"7c80fa14-4b5e-688b-30c4-22317d77de66","FullyQualifiedName":"Bank.UnitTests.BankAccountTest.Debit_WithValidAmount_UpdatesBalance","DisplayName":"Debit_WithValidAmount_UpdatesBalance","ExecutorUri":"executor://MSTestAdapter/v2","Source":"C:\\Projetos\\Bank\\Bank.UnitTests\\bin\\Debug\\net6.0\\Bank.UnitTests.dll","CodeFilePath":"C:\\Projetos\\Bank\\Bank.UnitTests\\BankAccountTest.cs","LineNumber":11,"Properties":[{"Key":{"Id":"TestCase.ManagedType","Label":"ManagedType","Category":"","Description":"","Attributes":1,"ValueType":"System.String"},"Value":"Bank.UnitTests.BankAccountTest"},{"Key":{"Id":"TestCase.ManagedMethod","Label":"ManagedMethod","Category":"","Description":"","Attributes":1,"ValueType":"System.String"},"Value":"Debit_WithValidAmount_UpdatesBalance"},{"Key":{"Id":"MSTestDiscoverer.TestClassName","Label":"ClassName","Category":"","Description":"","Attributes":1,"ValueType":"System.String"},"Value":"Bank.UnitTests.BankAccountTest"},{"Key":{"Id":"TestCase.Hierarchy","Label":"Hierarchy","Category":"","Description":"","Attributes":2,"ValueType":"System.String[]"},"Value":["Bank.UnitTests","BankAccountTest"]},{"Key":{"Id":"TestObject.Traits","Label":"Traits","Category":"","Description":"","Attributes":5,"ValueType":"System.Collections.Generic.KeyValuePair`2[[System.String],[System.String]][]"},"Value":[]}]}],"RunSettings":"<RunSettings>\r\n<RunConfiguration>\r\n  <CollectSourceInformation>false</CollectSourceInformation>\r\n  <MaxCpuCount>1</MaxCpuCount>\r\n<TestSessionTimeout>6680</TestSessionTimeout>\r\n\r\n<DesignMode>false</DesignMode>\r\n</RunConfiguration><InProcDataCollectionRunSettings><InProcDataCollectors><InProcDataCollector friendlyName=\"StrykerCoverage\" uri=\"https://stryker-mutator.io/\" codebase=\"C:\\Users\\1511 MXTI\\.nuget\\packages\\dotnet-stryker\\3.9.0\\tools\\net6.0\\any\\Stryker.DataCollector.dll\" assemblyQualifiedName=\"Stryker.DataCollector.CoverageCollector, Stryker.DataCollector, Version=1.0.0.0, Culture=neutral, PublicKeyToken=null\">\r\n<Configuration><Parameters><Mutant id='16' tests='7c80fa14-4b5e-688b-30c4-22317d77de66'/><MutantControl name='Stryker0Xrvs6ez4CmThoK.MutantControl'/></Parameters></Configuration></InProcDataCollector></InProcDataCollectors></InProcDataCollectionRunSettings>\r\n</RunSettings>","KeepAlive":false,"DebuggingEnabled":false,"TestPlatformOptions":{"TestCaseFilter":null,"FilterOptions":null,"CollectMetrics":false,"SkipDefaultAdapters":false},"TestSessionInfo":null}}
TpTrace Information: 0 : 16364, 9, 2023/05/29, 18:55:11.036, 5807858908671, vstest.console.exe, TestRequestManager.RunTests: run tests started.
TpTrace Information: 0 : 16364, 9, 2023/05/29, 18:55:11.037, 5807858913688, vstest.console.exe, AssemblyMetadataProvider.GetFrameworkName: Determined framework:'.NETCoreApp,Version=v6.0' for source: 'C:\Projetos\Bank\Bank.UnitTests\bin\Debug\net6.0\Bank.UnitTests.dll'
TpTrace Information: 0 : 16364, 9, 2023/05/29, 18:55:11.037, 5807858914560, vstest.console.exe, Determined framework for all sources: .NETCoreApp,Version=v6.0
TpTrace Verbose: 0 : 16364, 9, 2023/05/29, 18:55:11.037, 5807858915241, vstest.console.exe, TestRequestManager.UpdateRunSettingsIfRequired: Default architecture: X64 IsDefaultTargetArchitecture: True, Current process architecture: X64 OperatingSystem: Windows.
TpTrace Information: 0 : 16364, 9, 2023/05/29, 18:55:11.037, 5807858918779, vstest.console.exe, AssemblyMetadataProvider.GetArchitecture: Determined architecture:AnyCPU info for assembly: C:\Projetos\Bank\Bank.UnitTests\bin\Debug\net6.0\Bank.UnitTests.dll
TpTrace Information: 0 : 16364, 9, 2023/05/29, 18:55:11.038, 5807858919329, vstest.console.exe, Determined platform for source 'C:\Projetos\Bank\Bank.UnitTests\bin\Debug\net6.0\Bank.UnitTests.dll' was AnyCPU and it will use the default plaform X64.
TpTrace Information: 0 : 16364, 9, 2023/05/29, 18:55:11.038, 5807858919714, vstest.console.exe, None of the sources provided any runnable platform, using the default platform: X64
TpTrace Information: 0 : 16364, 9, 2023/05/29, 18:55:11.038, 5807858920223, vstest.console.exe, Platform was updated to 'X64'.
TpTrace Information: 0 : 16364, 9, 2023/05/29, 18:55:11.038, 5807858922212, vstest.console.exe, InferRunSettingsHelper.IsTestSettingsEnabled: Unable to navigate to RunSettings/MSTest. Current node: RunSettings
TpTrace Information: 0 : 16364, 9, 2023/05/29, 18:55:11.038, 5807858926002, vstest.console.exe, AssemblyResolver.OnResolve: Microsoft.VisualStudio.TestPlatform.Fakes, Version=17.0.0.0, Culture=neutral: Resolving assembly.
TpTrace Information: 0 : 16364, 9, 2023/05/29, 18:55:11.038, 5807858926583, vstest.console.exe, AssemblyResolver.OnResolve: Microsoft.VisualStudio.TestPlatform.Fakes, Version=17.0.0.0, Culture=neutral: Resolved from cache.
TpTrace Information: 0 : 16364, 9, 2023/05/29, 18:55:11.038, 5807858928770, vstest.console.exe, Failed to load assembly Microsoft.VisualStudio.TestPlatform.Fakes, Version=17.0.0.0, Culture=neutral. Reason:System.IO.FileNotFoundException: Não foi possível carregar arquivo ou assembly 'Microsoft.VisualStudio.TestPlatform.Fakes, Version=17.0.0.0, Culture=neutral' ou uma de suas dependências. O sistema não pode encontrar o arquivo especificado.
File name: 'Microsoft.VisualStudio.TestPlatform.Fakes, Version=17.0.0.0, Culture=neutral'
   at System.Reflection.RuntimeAssembly._nLoad(AssemblyName fileName, String codeBase, Evidence assemblySecurity, RuntimeAssembly locationHint, StackCrawlMark& stackMark, IntPtr pPrivHostBinder, Boolean throwOnFileNotFound, Boolean forIntrospection, Boolean suppressSecurityChecks)
   at System.Reflection.RuntimeAssembly.InternalLoadAssemblyName(AssemblyName assemblyRef, Evidence assemblySecurity, RuntimeAssembly reqAssembly, StackCrawlMark& stackMark, IntPtr pPrivHostBinder, Boolean throwOnFileNotFound, Boolean forIntrospection, Boolean suppressSecurityChecks)
   at System.Reflection.Assembly.Load(AssemblyName assemblyRef)
   at Microsoft.VisualStudio.TestPlatform.Common.Utilities.FakesUtilities.LoadTestPlatformAssembly()

AVI: o log de associações de assembly está desativado.
Para ativar o log de  falhas de assembly, defina o valor do Registro [HKLM\Software\Microsoft\Fusion!EnableLog] (DWORD) como 1.
Observação: há alguma penalidade para o desempenho associada ao log de falha de associação de assembly.
Para desativar esse recurso, remova o valor do Registro [HKLM\Software\Microsoft\Fusion!EnableLog].

TpTrace Verbose: 0 : 16364, 9, 2023/05/29, 18:55:11.040, 5807858939838, vstest.console.exe, TestEngine: Initializing Parallel Execution as MaxCpuCount is set to: 1
TpTrace Information: 0 : 16364, 9, 2023/05/29, 18:55:11.040, 5807858944067, vstest.console.exe, InferRunSettingsHelper.IsTestSettingsEnabled: Unable to navigate to RunSettings/MSTest. Current node: RunSettings
TpTrace Verbose: 0 : 16364, 9, 2023/05/29, 18:55:11.040, 5807858947068, vstest.console.exe, TestEngine.GetExecutionManager: Chosen execution manager 'Microsoft.VisualStudio.TestPlatform.CrossPlatEngine.Client.Parallel.ParallelProxyExecutionManager, Microsoft.TestPlatform.CrossPlatEngine, Version=15.0.0.0, Culture=neutral, PublicKeyToken=b03f5f7f11d50a3a' ParallelLevel '1'.
TpTrace Verbose: 0 : 16364, 9, 2023/05/29, 18:55:11.040, 5807858947817, vstest.console.exe, TestRunRequest.ExecuteAsync: Creating test run request.
TpTrace Verbose: 0 : 16364, 9, 2023/05/29, 18:55:11.040, 5807858948277, vstest.console.exe, TestRunRequest.ExecuteAsync: Starting.
TpTrace Information: 0 : 16364, 9, 2023/05/29, 18:55:11.040, 5807858948938, vstest.console.exe, TestRunRequest.ExecuteAsync: Starting run with settings:TestRunCriteria:
   KeepAlive=False,FrequencyOfRunStatsChangeEvent=10,RunStatsChangeEventTimeout=00:00:01.5000000,TestCaseFilter=,TestExecutorLauncher=Microsoft.VisualStudio.TestPlatform.Client.DesignMode.DesignModeTestHostLauncher
   Settingsxml=<RunSettings>
  <RunConfiguration>
    <CollectSourceInformation>false</CollectSourceInformation>
    <MaxCpuCount>1</MaxCpuCount>
    <TestSessionTimeout>6680</TestSessionTimeout>
    <DesignMode>false</DesignMode>
    <TargetFrameworkVersion>.NETCoreApp,Version=v6.0</TargetFrameworkVersion>
    <TargetPlatform>X64</TargetPlatform>
  </RunConfiguration>
  <InProcDataCollectionRunSettings>
    <InProcDataCollectors>
      <InProcDataCollector friendlyName="StrykerCoverage" uri="https://stryker-mutator.io/" codebase="C:\Users\1511 MXTI\.nuget\packages\dotnet-stryker\3.9.0\tools\net6.0\any\Stryker.DataCollector.dll" assemblyQualifiedName="Stryker.DataCollector.CoverageCollector, Stryker.DataCollector, Version=1.0.0.0, Culture=neutral, PublicKeyToken=null">
        <Configuration>
          <Parameters>
            <Mutant id="16" tests="7c80fa14-4b5e-688b-30c4-22317d77de66" />
            <MutantControl name="Stryker0Xrvs6ez4CmThoK.MutantControl" />
          </Parameters>
        </Configuration>
      </InProcDataCollector>
    </InProcDataCollectors>
  </InProcDataCollectionRunSettings>
  <LoggerRunSettings>
    <Loggers>
      <Logger friendlyName="Console" uri="logger://microsoft/TestPlatform/ConsoleLogger/v1" assemblyQualifiedName="Microsoft.VisualStudio.TestPlatform.CommandLine.Internal.ConsoleLogger, vstest.console, Version=15.0.0.0, Culture=neutral, PublicKeyToken=b03f5f7f11d50a3a" codeBase="C:\Users\1511 MXTI\AppData\Local\Temp\bixzjozn.d4j\.vstest\tools\net462\vstest.console.exe" enabled="True" />
    </Loggers>
  </LoggerRunSettings>
</RunSettings>

TpTrace Verbose: 0 : 16364, 9, 2023/05/29, 18:55:11.041, 5807858949721, vstest.console.exe, TestRunRequest.ExecuteAsync: Wait for the first run request is over.
TpTrace Verbose: 0 : 16364, 9, 2023/05/29, 18:55:11.041, 5807858950926, vstest.console.exe, TestRunRequest.ExecuteAsync: TestSessionTimeout is 6680 milliseconds.
TpTrace Verbose: 0 : 16364, 9, 2023/05/29, 18:55:11.041, 5807858951547, vstest.console.exe, MulticastDelegateUtilities.SafeInvoke: TestRun.TestRunStart: Invoking callbacks was skipped because there are no subscribers.
TpTrace Verbose: 0 : 16364, 9, 2023/05/29, 18:55:11.041, 5807858952642, vstest.console.exe, ParallelProxyExecutionManager: Start execution. Total sources: 1
TpTrace Verbose: 0 : 16364, 8, 2023/05/29, 18:55:11.041, 5807858954165, vstest.console.exe, MulticastDelegateUtilities.SafeInvoke: InternalTestLoggerEvents.SendTestRunStart: Invoking callback 1/1 for Microsoft.VisualStudio.TestPlatform.CommandLine.Internal.ConsoleLogger., took 0 ms.
TpTrace Verbose: 0 : 16364, 9, 2023/05/29, 18:55:11.041, 5807858954290, vstest.console.exe, TestRequestSender is acting as server.
TpTrace Verbose: 0 : 16364, 9, 2023/05/29, 18:55:11.041, 5807858955922, vstest.console.exe, ProxyParallelExecutionManager: No sources available for execution.
TpTrace Verbose: 0 : 16364, 10, 2023/05/29, 18:55:11.041, 5807858956296, vstest.console.exe, ParallelProxyExecutionManager: Execution started. Started clients: 1
TpTrace Verbose: 0 : 16364, 10, 2023/05/29, 18:55:11.041, 5807858957050, vstest.console.exe, ProxyExecutionManager: Test host is always Lazy initialize.
TpTrace Verbose: 0 : 16364, 10, 2023/05/29, 18:55:11.041, 5807858957850, vstest.console.exe, TestRequestSender.InitializeCommunication: initialize communication. 
TpTrace Information: 0 : 16364, 9, 2023/05/29, 18:55:11.041, 5807858956381, vstest.console.exe, TestRunRequest.ExecuteAsync: Started.
TpTrace Verbose: 0 : 16364, 9, 2023/05/29, 18:55:11.042, 5807858960000, vstest.console.exe, TestRunRequest.WaitForCompletion: Waiting with timeout -1.
TpTrace Information: 0 : 16364, 10, 2023/05/29, 18:55:11.042, 5807858960720, vstest.console.exe, SocketServer.Start: Listening on endpoint : 127.0.0.1:57404
TpTrace Verbose: 0 : 16364, 10, 2023/05/29, 18:55:11.042, 5807858963325, vstest.console.exe, DotnetTestHostmanager.GetTestHostProcessStartInfo: Platform environment 'X64' target architecture 'X64' framework '.NETCoreApp,Version=v6.0' OS 'Windows'
TpTrace Verbose: 0 : 16364, 10, 2023/05/29, 18:55:11.042, 5807858965482, vstest.console.exe, DotnetTestHostmanager: Adding  --runtimeconfig "C:\Projetos\Bank\Bank.UnitTests\bin\Debug\net6.0\Bank.UnitTests.runtimeconfig.json" in args
TpTrace Verbose: 0 : 16364, 10, 2023/05/29, 18:55:11.042, 5807858966834, vstest.console.exe, DotnetTestHostmanager: Adding  --depsfile "C:\Projetos\Bank\Bank.UnitTests\bin\Debug\net6.0\Bank.UnitTests.deps.json" in args
TpTrace Verbose: 0 : 16364, 10, 2023/05/29, 18:55:11.042, 5807858968102, vstest.console.exe, DotnetTestHostmanager.IsWinOnArm: Current PROCESSOR_ARCHITECTURE from environment variable 'AMD64'
TpTrace Verbose: 0 : 16364, 10, 2023/05/29, 18:55:11.042, 5807858968799, vstest.console.exe, DotnetTestHostmanager.IsWinOnArm: Is Windows on ARM 'False'
TpTrace Verbose: 0 : 16364, 10, 2023/05/29, 18:55:11.043, 5807858970245, vstest.console.exe, DotnetTestHostManager: testhost.exe found at path: C:\Projetos\Bank\Bank.UnitTests\bin\Debug\net6.0\testhost.exe
TpTrace Verbose: 0 : 16364, 10, 2023/05/29, 18:55:11.043, 5807858970857, vstest.console.exe, DotnetTestHostmanager: Full path of host exe is C:\Projetos\Bank\Bank.UnitTests\bin\Debug\net6.0\testhost.exe
TpTrace Verbose: 0 : 16364, 10, 2023/05/29, 18:55:11.043, 5807858971714, vstest.console.exe, DotnetTestHostmanager.LaunchTestHostAsync: Prefix 'VSTEST_WINAPPHOST_*' not found in env variables
TpTrace Information: 0 : 16364, 1, 2023/05/29, 18:55:11.825, 5807866791310, vstest.console.exe, DesignModeClient.ProcessRequests: Processing Message: (TestExecution.CustomTestHostLaunchCallback) -> {"Version":7,"MessageType":"TestExecution.CustomTestHostLaunchCallback","Payload":{"HostProcessId":6660,"ErrorMessage":null}}
TpTrace Verbose: 0 : 16364, 10, 2023/05/29, 18:55:11.869, 5807867234795, vstest.console.exe, Test Runtime launched
TpTrace Verbose: 0 : 16364, 10, 2023/05/29, 18:55:11.869, 5807867235973, vstest.console.exe, MulticastDelegateUtilities.SafeInvoke: HostProviderEvents.OnHostLaunched: Invoking callback 1/1 for Microsoft.VisualStudio.TestPlatform.CrossPlatEngine.Client.ProxyOperationManager., took 0 ms.
TpTrace Verbose: 0 : 16364, 10, 2023/05/29, 18:55:11.869, 5807867237171, vstest.console.exe, TestRequestSender.WaitForRequestHandlerConnection: waiting for connection with timeout: 90000.
TpTrace Verbose: 0 : 16364, 10, 2023/05/29, 18:55:11.987, 5807868415373, vstest.console.exe, TestRequestSender.WaitForRequestHandlerConnection: waiting took 117 ms, with timeout 90000 ms, and result 0, which is success.
TpTrace Verbose: 0 : 16364, 11, 2023/05/29, 18:55:11.987, 5807868415375, vstest.console.exe, MulticastDelegateUtilities.SafeInvoke: SocketServer: ClientConnected: Invoking callback 1/1 for Microsoft.VisualStudio.TestPlatform.CommunicationUtilities.TestRequestSender., took 0 ms.
TpTrace Verbose: 0 : 16364, 11, 2023/05/29, 18:55:11.987, 5807868418155, vstest.console.exe, SocketServer.OnClientConnected: Client connected for endPoint: 127.0.0.1:57404, starting MessageLoopAsync:
TpTrace Verbose: 0 : 16364, 6, 2023/05/29, 18:55:11.988, 5807868419382, vstest.console.exe, TcpClientExtensions.MessageLoopAsync: Polling on remoteEndPoint: 127.0.0.1:57407 localEndPoint: 127.0.0.1:57404
TpTrace Verbose: 0 : 16364, 10, 2023/05/29, 18:55:11.987, 5807868417080, vstest.console.exe, TestRequestSender.CheckVersionWithTestHost: Sending check version message: {"MessageType":"ProtocolVersion","Payload":7}
TpTrace Verbose: 0 : 16364, 6, 2023/05/29, 18:55:12.139, 5807869936800, vstest.console.exe, TcpClientExtensions.MessageLoopAsync: NotifyDataAvailable remoteEndPoint: 127.0.0.1:57407 localEndPoint: 127.0.0.1:57404
TpTrace Verbose: 0 : 16364, 6, 2023/05/29, 18:55:12.139, 5807869938149, vstest.console.exe, TestRequestSender.CheckVersionWithTestHost: onMessageReceived received message: (ProtocolVersion) -> {"MessageType":"ProtocolVersion","Payload":5}
TpTrace Verbose: 0 : 16364, 6, 2023/05/29, 18:55:12.139, 5807869938966, vstest.console.exe, MulticastDelegateUtilities.SafeInvoke: LengthPrefixCommunicationChannel: MessageReceived: Invoking callback 1/1 for Microsoft.VisualStudio.TestPlatform.CommunicationUtilities.TestRequestSender+<>c__DisplayClass29_0., took 0 ms.
TpTrace Verbose: 0 : 16364, 6, 2023/05/29, 18:55:12.140, 5807869939405, vstest.console.exe, TcpClientExtensions.MessageLoopAsync: Polling on remoteEndPoint: 127.0.0.1:57407 localEndPoint: 127.0.0.1:57404
TpTrace Verbose: 0 : 16364, 10, 2023/05/29, 18:55:12.140, 5807869939192, vstest.console.exe, TestPluginCache.GetExtensionPaths: Filtered extension paths: 
TpTrace Verbose: 0 : 16364, 10, 2023/05/29, 18:55:12.140, 5807869940801, vstest.console.exe, TestPluginCache.GetExtensionPaths: Added default extension paths: C:\Users\1511 MXTI\AppData\Local\Temp\bixzjozn.d4j\.vstest\tools\net462\Extensions\Microsoft.TestPlatform.Extensions.BlameDataCollector.dll
C:\Users\1511 MXTI\AppData\Local\Temp\bixzjozn.d4j\.vstest\tools\net462\Extensions\Microsoft.TestPlatform.TestHostRuntimeProvider.dll
C:\Users\1511 MXTI\AppData\Local\Temp\bixzjozn.d4j\.vstest\tools\net462\Extensions\Microsoft.VisualStudio.TestPlatform.Extensions.Html.TestLogger.dll
C:\Users\1511 MXTI\AppData\Local\Temp\bixzjozn.d4j\.vstest\tools\net462\Extensions\Microsoft.VisualStudio.TestPlatform.Extensions.Trx.TestLogger.dll
TpTrace Verbose: 0 : 16364, 10, 2023/05/29, 18:55:12.140, 5807869941261, vstest.console.exe, TestPluginCache.GetExtensionPaths: Added unfilterableExtensionPaths: 
TpTrace Verbose: 0 : 16364, 10, 2023/05/29, 18:55:12.140, 5807869946407, vstest.console.exe, TestRequestSender.InitializeExecution: Sending initialize execution with message: {"Version":5,"MessageType":"TestExecution.Initialize","Payload":["C:\\Projetos\\Bank\\Bank.UnitTests\\bin\\Debug\\net6.0\\Microsoft.VisualStudio.TestPlatform.MSTest.TestAdapter.dll"]}
TpTrace Warning: 0 : 16364, 10, 2023/05/29, 18:55:12.140, 5807869947840, vstest.console.exe, InferRunSettingsHelper.MakeRunsettingsCompatible: Removing the following settings: TargetPlatform from RunSettings file. To use those settings please move to latest version of Microsoft.NET.Test.Sdk
TpTrace Verbose: 0 : 16364, 10, 2023/05/29, 18:55:12.141, 5807869949622, vstest.console.exe, TestRequestSender.StartTestRun: Sending test run with message: {"Version":5,"MessageType":"TestExecution.StartWithTests","Payload":{"Tests":[{"Id":"7c80fa14-4b5e-688b-30c4-22317d77de66","FullyQualifiedName":"Bank.UnitTests.BankAccountTest.Debit_WithValidAmount_UpdatesBalance","DisplayName":"Debit_WithValidAmount_UpdatesBalance","ExecutorUri":"executor://MSTestAdapter/v2","Source":"C:\\Projetos\\Bank\\Bank.UnitTests\\bin\\Debug\\net6.0\\Bank.UnitTests.dll","CodeFilePath":"C:\\Projetos\\Bank\\Bank.UnitTests\\BankAccountTest.cs","LineNumber":11,"Properties":[{"Key":{"Id":"TestCase.ManagedType","Label":"ManagedType","Category":"","Description":"","Attributes":1,"ValueType":"System.String"},"Value":"Bank.UnitTests.BankAccountTest"},{"Key":{"Id":"TestCase.ManagedMethod","Label":"ManagedMethod","Category":"","Description":"","Attributes":1,"ValueType":"System.String"},"Value":"Debit_WithValidAmount_UpdatesBalance"},{"Key":{"Id":"MSTestDiscoverer.TestClassName","Label":"ClassName","Category":"","Description":"","Attributes":1,"ValueType":"System.String"},"Value":"Bank.UnitTests.BankAccountTest"},{"Key":{"Id":"TestCase.Hierarchy","Label":"Hierarchy","Category":"","Description":"","Attributes":2,"ValueType":"System.String[]"},"Value":["Bank.UnitTests","BankAccountTest"]},{"Key":{"Id":"TestObject.Traits","Label":"Traits","Category":"","Description":"","Attributes":5,"ValueType":"System.Collections.Generic.KeyValuePair`2[[System.String],[System.String]][]"},"Value":[]}]}],"RunSettings":"<RunSettings>\r\n  <RunConfiguration>\r\n    <CollectSourceInformation>false</CollectSourceInformation>\r\n    <MaxCpuCount>1</MaxCpuCount>\r\n    <TestSessionTimeout>6680</TestSessionTimeout>\r\n    <DesignMode>false</DesignMode>\r\n    <TargetFrameworkVersion>.NETCoreApp,Version=v6.0</TargetFrameworkVersion>\r\n  </RunConfiguration>\r\n  <InProcDataCollectionRunSettings>\r\n    <InProcDataCollectors>\r\n      <InProcDataCollector friendlyName=\"StrykerCoverage\" uri=\"https://stryker-mutator.io/\" codebase=\"C:\\Users\\1511 MXTI\\.nuget\\packages\\dotnet-stryker\\3.9.0\\tools\\net6.0\\any\\Stryker.DataCollector.dll\" assemblyQualifiedName=\"Stryker.DataCollector.CoverageCollector, Stryker.DataCollector, Version=1.0.0.0, Culture=neutral, PublicKeyToken=null\">\r\n        <Configuration>\r\n          <Parameters>\r\n            <Mutant id=\"16\" tests=\"7c80fa14-4b5e-688b-30c4-22317d77de66\" />\r\n            <MutantControl name=\"Stryker0Xrvs6ez4CmThoK.MutantControl\" />\r\n          </Parameters>\r\n        </Configuration>\r\n      </InProcDataCollector>\r\n    </InProcDataCollectors>\r\n  </InProcDataCollectionRunSettings>\r\n  <LoggerRunSettings>\r\n    <Loggers>\r\n      <Logger friendlyName=\"Console\" uri=\"logger://microsoft/TestPlatform/ConsoleLogger/v1\" assemblyQualifiedName=\"Microsoft.VisualStudio.TestPlatform.CommandLine.Internal.ConsoleLogger, vstest.console, Version=15.0.0.0, Culture=neutral, PublicKeyToken=b03f5f7f11d50a3a\" codeBase=\"C:\\Users\\1511 MXTI\\AppData\\Local\\Temp\\bixzjozn.d4j\\.vstest\\tools\\net462\\vstest.console.exe\" enabled=\"True\" />\r\n    </Loggers>\r\n  </LoggerRunSettings>\r\n</RunSettings>","TestExecutionContext":{"FrequencyOfRunStatsChangeEvent":10,"RunStatsChangeEventTimeout":"00:00:01.5000000","InIsolation":false,"KeepAlive":false,"AreTestCaseLevelEventsRequired":false,"IsDebug":false,"TestCaseFilter":null,"FilterOptions":null},"Package":null}}
TpTrace Verbose: 0 : 16364, 6, 2023/05/29, 18:55:12.149, 5807870031287, vstest.console.exe, TcpClientExtensions.MessageLoopAsync: NotifyDataAvailable remoteEndPoint: 127.0.0.1:57407 localEndPoint: 127.0.0.1:57404
TpTrace Verbose: 0 : 16364, 6, 2023/05/29, 18:55:12.149, 5807870032717, vstest.console.exe, TestRequestSender.OnExecutionMessageReceived: Received message: {"Version":5,"MessageType":"TestSession.Message","Payload":{"MessageLevel":0,"Message":"Logging TestHost Diagnostics in file: C:\\Projetos\\Bank\\Bank.UnitTests\\StrykerOutput\\2023-05-29.18-54-42\\logs\\Runner 1_VsTest-log.host.23-05-29_18-55-11_04208_10.txt"}}
TpTrace Verbose: 0 : 16364, 6, 2023/05/29, 18:55:12.149, 5807870033659, vstest.console.exe, MulticastDelegateUtilities.SafeInvoke: TestRunRequest.RawMessageReceived: Invoking callback 1/1 for Microsoft.VisualStudio.TestPlatform.Client.DesignMode.DesignModeTestEventsRegistrar., took 0 ms.
TpTrace Verbose: 0 : 16364, 6, 2023/05/29, 18:55:12.149, 5807870034425, vstest.console.exe, TestRunRequest:SendTestRunMessage: Starting.
TpTrace Verbose: 0 : 16364, 6, 2023/05/29, 18:55:12.149, 5807870035028, vstest.console.exe, MulticastDelegateUtilities.SafeInvoke: TestRun.LogMessages: Invoking callback 1/1 for Microsoft.VisualStudio.TestPlatform.CommandLine.TestRunResultAggregator., took 0 ms.
TpTrace Information: 0 : 16364, 6, 2023/05/29, 18:55:12.149, 5807870035715, vstest.console.exe, TestRunRequest:SendTestRunMessage: Completed.
TpTrace Verbose: 0 : 16364, 6, 2023/05/29, 18:55:12.149, 5807870036481, vstest.console.exe, MulticastDelegateUtilities.SafeInvoke: LengthPrefixCommunicationChannel: MessageReceived: Invoking callback 1/1 for Microsoft.VisualStudio.TestPlatform.CommunicationUtilities.TestRequestSender+<>c__DisplayClass35_0., took 0 ms.
TpTrace Verbose: 0 : 16364, 6, 2023/05/29, 18:55:12.149, 5807870037196, vstest.console.exe, TcpClientExtensions.MessageLoopAsync: Polling on remoteEndPoint: 127.0.0.1:57407 localEndPoint: 127.0.0.1:57404
TpTrace Verbose: 0 : 16364, 8, 2023/05/29, 18:55:12.149, 5807870037508, vstest.console.exe, MulticastDelegateUtilities.SafeInvoke: InternalTestLoggerEvents.SendTestRunMessage: Invoking callback 1/1 for Microsoft.VisualStudio.TestPlatform.CommandLine.Internal.ConsoleLogger., took 0 ms.
TpTrace Verbose: 0 : 16364, 7, 2023/05/29, 18:55:12.563, 5807874177685, vstest.console.exe, TestRunRequest.OnTestSessionTimeout: calling cancellation as test run exceeded testSessionTimeout 6680 milliseconds
TpTrace Verbose: 0 : 16364, 7, 2023/05/29, 18:55:12.565, 5807874196492, vstest.console.exe, TestRunRequest:SendTestRunMessage: Starting.
TpTrace Warning: 0 : 16364, 7, 2023/05/29, 18:55:12.565, 5807874197716, vstest.console.exe, TestRunRequest.SendTestRunMessage: Ignoring as the object is disposed.
TpTrace Verbose: 0 : 16364, 7, 2023/05/29, 18:55:12.566, 5807874203599, vstest.console.exe, TestRunRequest.Abort: Aborting.
TpTrace Warning: 0 : 16364, 7, 2023/05/29, 18:55:12.566, 5807874204663, vstest.console.exe, Ignoring TestRunRequest.Abort() as testRunRequest object has already been disposed
TpTrace Verbose: 0 : 16364, 6, 2023/05/29, 18:55:12.652, 5807875063460, vstest.console.exe, TcpClientExtensions.MessageLoopAsync: NotifyDataAvailable remoteEndPoint: 127.0.0.1:57407 localEndPoint: 127.0.0.1:57404
TpTrace Verbose: 0 : 16364, 6, 2023/05/29, 18:55:12.652, 5807875065007, vstest.console.exe, TestRequestSender.OnExecutionMessageReceived: Received message: {"Version":5,"MessageType":"TestExecution.Completed","Payload":{"TestRunCompleteArgs":{"TestRunStatistics":{"ExecutedTests":1,"Stats":{"Failed":1}},"IsCanceled":false,"IsAborted":false,"Error":null,"AttachmentSets":[],"ElapsedTimeInRunningTests":"00:00:00.1275244","Metrics":{}},"LastRunTests":{"NewTestResults":[{"TestCase":{"Id":"7c80fa14-4b5e-688b-30c4-22317d77de66","FullyQualifiedName":"Bank.UnitTests.BankAccountTest.Debit_WithValidAmount_UpdatesBalance","DisplayName":"Debit_WithValidAmount_UpdatesBalance","ExecutorUri":"executor://MSTestAdapter/v2","Source":"C:\\Projetos\\Bank\\Bank.UnitTests\\bin\\Debug\\net6.0\\Bank.UnitTests.dll","CodeFilePath":"C:\\Projetos\\Bank\\Bank.UnitTests\\BankAccountTest.cs","LineNumber":11,"Properties":[{"Key":{"Id":"TestCase.ManagedType","Label":"ManagedType","Category":"","Description":"","Attributes":1,"ValueType":"System.String"},"Value":"Bank.UnitTests.BankAccountTest"},{"Key":{"Id":"TestCase.ManagedMethod","Label":"ManagedMethod","Category":"","Description":"","Attributes":1,"ValueType":"System.String"},"Value":"Debit_WithValidAmount_UpdatesBalance"},{"Key":{"Id":"MSTestDiscoverer.TestClassName","Label":"ClassName","Category":"","Description":"","Attributes":1,"ValueType":"System.String"},"Value":"Bank.UnitTests.BankAccountTest"},{"Key":{"Id":"TestCase.Hierarchy","Label":"Hierarchy","Category":"","Description":"","Attributes":2,"ValueType":"System.String[]"},"Value":["Bank.UnitTests","BankAccountTest"]},{"Key":{"Id":"TestObject.Traits","Label":"Traits","Category":"","Description":"","Attributes":5,"ValueType":"System.Collections.Generic.KeyValuePair`2[[System.String],[System.String]][]"},"Value":[]}]},"Attachments":[],"Outcome":2,"ErrorMessage":"Assert.AreEqual failed. Expected a difference no greater than <0,001> between expected value <7,44> and actual value <16,54>. Account not debited correctly","ErrorStackTrace":"   at Bank.UnitTests.BankAccountTest.Debit_WithValidAmount_UpdatesBalance() in C:\\Projetos\\Bank\\Bank.UnitTests\\BankAccountTest.cs:line 23\r\n","DisplayName":"Debit_WithValidAmount_UpdatesBalance","Messages":[],"ComputerName":null,"Duration":"00:00:00.0315503","StartTime":"2023-05-29T18:55:12.5322634-03:00","EndTime":"2023-05-29T18:55:12.595359-03:00","Properties":[{"Key":{"Id":"ExecutionId","Label":"ExecutionId","Category":"","Description":"","Attributes":1,"ValueType":"System.Guid"},"Value":"00000000-0000-0000-0000-000000000000"},{"Key":{"Id":"ParentExecId","Label":"ParentExecId","Category":"","Description":"","Attributes":1,"ValueType":"System.Guid"},"Value":"00000000-0000-0000-0000-000000000000"},{"Key":{"Id":"InnerResultsCount","Label":"InnerResultsCount","Category":"","Description":"","Attributes":1,"ValueType":"System.Int32"},"Value":0}]}],"TestRunStatistics":{"ExecutedTests":1,"Stats":{"Failed":1}},"ActiveTests":[]},"RunAttachments":[],"ExecutorUris":["executor://mstestadapter/v2"]}}
TpTrace Verbose: 0 : 16364, 6, 2023/05/29, 18:55:12.652, 5807875065704, vstest.console.exe, TestRequestSender.EndSession: Sending end session.
TpTrace Verbose: 0 : 16364, 6, 2023/05/29, 18:55:12.652, 5807875066932, vstest.console.exe, ProxyOperationManager.Close: waiting for test host to exit for 100 ms
TpTrace Verbose: 0 : 16364, 4, 2023/05/29, 18:55:12.670, 5807875249041, vstest.console.exe, TestHostProvider.ExitCallBack: Host exited starting callback.
TpTrace Information: 0 : 16364, 4, 2023/05/29, 18:55:12.671, 5807875250161, vstest.console.exe, TestHostManagerCallbacks.ExitCallBack: Testhost processId: 6660 exited with exitcode: 0 error: ''
TpTrace Verbose: 0 : 16364, 4, 2023/05/29, 18:55:12.671, 5807875250476, vstest.console.exe, DotnetTestHostManager.OnHostExited: invoking OnHostExited callback
TpTrace Verbose: 0 : 16364, 4, 2023/05/29, 18:55:12.671, 5807875250927, vstest.console.exe, CrossPlatEngine.TestHostManagerHostExited: calling on client process exit callback.
TpTrace Information: 0 : 16364, 4, 2023/05/29, 18:55:12.671, 5807875251275, vstest.console.exe, TestRequestSender.OnClientProcessExit: Test host process exited. Standard error: 
TpTrace Information: 0 : 16364, 6, 2023/05/29, 18:55:12.671, 5807875251432, vstest.console.exe, SocketServer.Stop: Stop server endPoint: 127.0.0.1:57404
TpTrace Information: 0 : 16364, 6, 2023/05/29, 18:55:12.671, 5807875252135, vstest.console.exe, SocketServer.Stop: Cancellation requested. Stopping message loop.
TpTrace Information: 0 : 16364, 6, 2023/05/29, 18:55:12.671, 5807875252482, vstest.console.exe, Closing the connection
TpTrace Information: 0 : 16364, 4, 2023/05/29, 18:55:12.671, 5807875251633, vstest.console.exe, SocketServer.Stop: Stop server endPoint: 127.0.0.1:57404
TpTrace Information: 0 : 16364, 4, 2023/05/29, 18:55:12.671, 5807875254645, vstest.console.exe, SocketServer.Stop: Cancellation requested. Stopping message loop.
TpTrace Verbose: 0 : 16364, 4, 2023/05/29, 18:55:12.671, 5807875254945, vstest.console.exe, MulticastDelegateUtilities.SafeInvoke: HostProviderEvents.OnHostExited: Invoking callback 1/1 for Microsoft.VisualStudio.TestPlatform.CrossPlatEngine.Client.ProxyOperationManager., took 0 ms.
TpTrace Verbose: 0 : 16364, 6, 2023/05/29, 18:55:12.671, 5807875257937, vstest.console.exe, MulticastDelegateUtilities.SafeInvoke: TestRunRequest.RawMessageReceived: Invoking callback 1/1 for Microsoft.VisualStudio.TestPlatform.Client.DesignMode.DesignModeTestEventsRegistrar., took 0 ms.
TpTrace Verbose: 0 : 16364, 6, 2023/05/29, 18:55:12.671, 5807875258467, vstest.console.exe, TestRunRequest:SendTestRunStatsChange: Starting.
TpTrace Verbose: 0 : 16364, 6, 2023/05/29, 18:55:12.671, 5807875258875, vstest.console.exe, MulticastDelegateUtilities.SafeInvoke: TestRun.RunStatsChanged: Invoking callbacks was skipped because there are no subscribers.
TpTrace Information: 0 : 16364, 6, 2023/05/29, 18:55:12.672, 5807875259462, vstest.console.exe, TestRunRequest:SendTestRunStatsChange: Completed.
TpTrace Verbose: 0 : 16364, 6, 2023/05/29, 18:55:12.672, 5807875259845, vstest.console.exe, ParallelProxyExecutionManager: HandlePartialRunComplete: Total completed clients = 1, Run complete = True, Run canceled: False.
TpTrace Verbose: 0 : 16364, 8, 2023/05/29, 18:55:12.673, 5807875271024, vstest.console.exe, MulticastDelegateUtilities.SafeInvoke: InternalTestLoggerEvents.SendTestResult: Invoking callback 1/1 for Microsoft.VisualStudio.TestPlatform.CommandLine.Internal.ConsoleLogger., took 1 ms.
TpTrace Verbose: 0 : 16364, 8, 2023/05/29, 18:55:12.674, 5807875282159, vstest.console.exe, MulticastDelegateUtilities.SafeInvoke: InternalTestLoggerEvents.SendTestRunComplete: Invoking callback 1/1 for Microsoft.VisualStudio.TestPlatform.CommandLine.Internal.ConsoleLogger., took 0 ms.
TpTrace Verbose: 0 : 16364, 6, 2023/05/29, 18:55:12.674, 5807875284814, vstest.console.exe, MulticastDelegateUtilities.SafeInvoke: TestRunRequest.RawMessageReceived: Invoking callback 1/1 for Microsoft.VisualStudio.TestPlatform.Client.DesignMode.DesignModeTestEventsRegistrar., took 0 ms.
TpTrace Verbose: 0 : 16364, 6, 2023/05/29, 18:55:12.674, 5807875286026, vstest.console.exe, TestRunRequest:TestRunComplete: Starting. IsAborted:False IsCanceled:False.
TpTrace Verbose: 0 : 16364, 6, 2023/05/29, 18:55:12.674, 5807875286861, vstest.console.exe, TestLoggerManager.HandleTestRunComplete: Ignoring as the object is disposed.
TpTrace Verbose: 0 : 16364, 6, 2023/05/29, 18:55:12.674, 5807875287591, vstest.console.exe, MulticastDelegateUtilities.SafeInvoke: TestRun.TestRunComplete: Invoking callback 1/1 for Microsoft.VisualStudio.TestPlatform.CommandLine.TestRunResultAggregator., took 0 ms.
TpTrace Information: 0 : 16364, 6, 2023/05/29, 18:55:12.674, 5807875288146, vstest.console.exe, TestRunRequest:TestRunComplete: Completed.
TpTrace Verbose: 0 : 16364, 6, 2023/05/29, 18:55:12.674, 5807875288614, vstest.console.exe, TestRequestSender.SetOperationComplete: Setting operation complete.
TpTrace Information: 0 : 16364, 6, 2023/05/29, 18:55:12.675, 5807875289293, vstest.console.exe, SocketServer.Stop: Stop server endPoint: 127.0.0.1:57404
TpTrace Information: 0 : 16364, 6, 2023/05/29, 18:55:12.675, 5807875290184, vstest.console.exe, SocketServer.Stop: Cancellation requested. Stopping message loop.
TpTrace Verbose: 0 : 16364, 6, 2023/05/29, 18:55:12.675, 5807875290929, vstest.console.exe, MulticastDelegateUtilities.SafeInvoke: LengthPrefixCommunicationChannel: MessageReceived: Invoking callback 1/1 for Microsoft.VisualStudio.TestPlatform.CommunicationUtilities.TestRequestSender+<>c__DisplayClass35_0., took 22 ms.
TpTrace Information: 0 : 16364, 6, 2023/05/29, 18:55:12.675, 5807875291622, vstest.console.exe, SocketServer.PrivateStop: Stopping server endPoint: 127.0.0.1:57404 error: 
TpTrace Verbose: 0 : 16364, 6, 2023/05/29, 18:55:12.675, 5807875293328, vstest.console.exe, LengthPrefixCommunicationChannel.Dispose: Dispose reader and writer.
TpTrace Information: 0 : 16364, 6, 2023/05/29, 18:55:12.675, 5807875294001, vstest.console.exe, SocketServer.Stop: Raise disconnected event endPoint: 127.0.0.1:57404 error: 
TpTrace Verbose: 0 : 16364, 6, 2023/05/29, 18:55:12.675, 5807875294787, vstest.console.exe, TestRequestSender: OnTestRunAbort: Operation is already complete. Skip error message.
TpTrace Verbose: 0 : 16364, 6, 2023/05/29, 18:55:12.675, 5807875295436, vstest.console.exe, MulticastDelegateUtilities.SafeInvoke: SocketServer: ClientDisconnected: Invoking callback 1/1 for Microsoft.VisualStudio.TestPlatform.CommunicationUtilities.TestRequestSender., took 0 ms.
TpTrace Verbose: 0 : 16364, 6, 2023/05/29, 18:55:12.675, 5807875296078, vstest.console.exe, TcpClientExtensions.MessageLoopAsync: exiting MessageLoopAsync remoteEndPoint: 127.0.0.1:57407 localEndPoint: 127.0.0.1:57404
TpTrace Verbose: 0 : 16364, 9, 2023/05/29, 18:55:12.674, 5807875288330, vstest.console.exe, TestRunRequest.Dispose: Starting.
TpTrace Information: 0 : 16364, 9, 2023/05/29, 18:55:12.675, 5807875298421, vstest.console.exe, TestRunRequest.Dispose: Completed.
TpTrace Information: 0 : 16364, 9, 2023/05/29, 18:55:12.675, 5807875298973, vstest.console.exe, TestRequestManager.RunTests: run tests completed.
TpTrace Information: 0 : 16364, 1, 2023/05/29, 18:55:12.846, 5807877007617, vstest.console.exe, DesignModeClient.ProcessRequests: Processing Message: (TestSession.Terminate) -> {"MessageType":"TestSession.Terminate","Payload":null}
TpTrace Information: 0 : 16364, 1, 2023/05/29, 18:55:12.846, 5807877008591, vstest.console.exe, DesignModeClient: Session End message received from server. Closing the connection.
TpTrace Verbose: 0 : 16364, 1, 2023/05/29, 18:55:12.847, 5807877020833, vstest.console.exe, Executor.Execute: Exiting with exit code of 1
