TpTrace Verbose: 0 : 4064, 1, 2023/05/29, 18:55:06.665, 5807815203998, testhost.dll, Version: 16.11.0
TpTrace Information: 0 : 4064, 1, 2023/05/29, 18:55:06.671, 5807815255828, testhost.dll, DefaultEngineInvoker.Invoke: Testhost process started with args :[--port, 57392],[--endpoint, 127.0.0.1:057392],[--role, client],[--parentprocessid, 15592],[--diag, C:\Projetos\Bank\Bank.UnitTests\StrykerOutput\2023-05-29.18-54-42\logs\Runner 3_VsTest-log.host.23-05-29_18-55-06_06618_6.txt],[--tracelevel, 4],[--telemetryoptedin, false]
TpTrace Information: 0 : 4064, 1, 2023/05/29, 18:55:06.677, 5807815312995, testhost.dll, Setting up debug trace listener.
TpTrace Verbose: 0 : 4064, 1, 2023/05/29, 18:55:06.677, 5807815315175, testhost.dll, TestPlatformTraceListener.Setup: Replacing listener 0 with TestHostTraceListener.
TpTrace Verbose: 0 : 4064, 1, 2023/05/29, 18:55:06.677, 5807815315598, testhost.dll, TestPlatformTraceListener.Setup: Added test platform trace listener.
TpTrace Information: 0 : 4064, 1, 2023/05/29, 18:55:06.678, 5807815325504, testhost.dll, DefaultEngineInvoker.SetParentProcessExitCallback: Monitoring parent process with id: '15592'
TpTrace Information: 0 : 4064, 1, 2023/05/29, 18:55:06.684, 5807815386390, testhost.dll, DefaultEngineInvoker.GetConnectionInfo: Initialize communication on endpoint address: '127.0.0.1:057392'
TpTrace Information: 0 : 4064, 1, 2023/05/29, 18:55:06.693, 5807815478347, testhost.dll, SocketClient.Start: connecting to server endpoint: 127.0.0.1:057392
TpTrace Information: 0 : 4064, 1, 2023/05/29, 18:55:06.700, 5807815538837, testhost.dll, DefaultEngineInvoker.Invoke: Start Request Processing.
TpTrace Information: 0 : 4064, 9, 2023/05/29, 18:55:06.701, 5807815549967, testhost.dll, SocketClient.OnServerConnected: connected to server endpoint: 127.0.0.1:057392
TpTrace Verbose: 0 : 4064, 9, 2023/05/29, 18:55:06.702, 5807815567591, testhost.dll, Connected to server, and starting MessageLoopAsync
TpTrace Information: 0 : 4064, 10, 2023/05/29, 18:55:06.702, 5807815567983, testhost.dll, DefaultEngineInvoker.StartProcessingAsync: Connected to vstest.console, Starting process requests.
TpTrace Verbose: 0 : 4064, 9, 2023/05/29, 18:55:06.705, 5807815593867, testhost.dll, TcpClientExtensions.MessageLoopAsync: Polling on remoteEndPoint: [::ffff:127.0.0.1]:57392 localEndPoint: [::ffff:127.0.0.1]:57395
TpTrace Verbose: 0 : 4064, 9, 2023/05/29, 18:55:06.705, 5807815596803, testhost.dll, TcpClientExtensions.MessageLoopAsync: NotifyDataAvailable remoteEndPoint: [::ffff:127.0.0.1]:57392 localEndPoint: [::ffff:127.0.0.1]:57395
TpTrace Information: 0 : 4064, 9, 2023/05/29, 18:55:06.807, 5807816616721, testhost.dll, TestRequestHandler.OnMessageReceived: received message: (ProtocolVersion) -> 7
TpTrace Verbose: 0 : 4064, 9, 2023/05/29, 18:55:06.831, 5807816857945, testhost.dll, TestRequestHandler.SendData:  sending data from testhost: {"Version":5,"MessageType":"TestSession.Message","Payload":{"MessageLevel":0,"Message":"Logging TestHost Diagnostics in file: C:\\Projetos\\Bank\\Bank.UnitTests\\StrykerOutput\\2023-05-29.18-54-42\\logs\\Runner 3_VsTest-log.host.23-05-29_18-55-06_06618_6.txt"}}
TpTrace Verbose: 0 : 4064, 9, 2023/05/29, 18:55:06.832, 5807816860015, testhost.dll, TcpClientExtensions.MessageLoopAsync: Polling on remoteEndPoint: [::ffff:127.0.0.1]:57392 localEndPoint: [::ffff:127.0.0.1]:57395
TpTrace Verbose: 0 : 4064, 9, 2023/05/29, 18:55:06.832, 5807816860557, testhost.dll, TcpClientExtensions.MessageLoopAsync: NotifyDataAvailable remoteEndPoint: [::ffff:127.0.0.1]:57392 localEndPoint: [::ffff:127.0.0.1]:57395
TpTrace Information: 0 : 4064, 9, 2023/05/29, 18:55:06.836, 5807816902260, testhost.dll, TestRequestHandler.OnMessageReceived: received message: (TestExecution.Initialize) -> [
  "C:\\Projetos\\Bank\\Bank.UnitTests\\bin\\Debug\\net6.0\\Microsoft.VisualStudio.TestPlatform.MSTest.TestAdapter.dll"
]
TpTrace Verbose: 0 : 4064, 9, 2023/05/29, 18:55:06.843, 5807816970181, testhost.dll, TcpClientExtensions.MessageLoopAsync: Polling on remoteEndPoint: [::ffff:127.0.0.1]:57392 localEndPoint: [::ffff:127.0.0.1]:57395
TpTrace Information: 0 : 4064, 4, 2023/05/29, 18:55:06.843, 5807816973838, testhost.dll, TestRequestHandler.OnMessageReceived: Running job 'TestExecution.Initialize'.
TpTrace Verbose: 0 : 4064, 4, 2023/05/29, 18:55:06.845, 5807816991953, testhost.dll, TestExecutorService: Loading the extensions
TpTrace Verbose: 0 : 4064, 9, 2023/05/29, 18:55:06.846, 5807817001728, testhost.dll, TcpClientExtensions.MessageLoopAsync: NotifyDataAvailable remoteEndPoint: [::ffff:127.0.0.1]:57392 localEndPoint: [::ffff:127.0.0.1]:57395
TpTrace Verbose: 0 : 4064, 4, 2023/05/29, 18:55:06.847, 5807817008743, testhost.dll, TestPluginCache.DiscoverTestExtensions: finding test extensions in assemblies ends with: TestAdapter.dll TPluginInfo: Microsoft.VisualStudio.TestPlatform.Common.ExtensionFramework.Utilities.TestExecutorPluginInformation TExtension: Microsoft.VisualStudio.TestPlatform.ObjectModel.Adapter.ITestExecutor
TpTrace Verbose: 0 : 4064, 4, 2023/05/29, 18:55:06.848, 5807817019214, testhost.dll, TestPluginCache.GetExtensionPaths: Filtered extension paths: 
TpTrace Verbose: 0 : 4064, 4, 2023/05/29, 18:55:06.848, 5807817024118, testhost.dll, TestPluginCache.GetExtensionPaths: Added default extension paths: C:\Projetos\Bank\Bank.UnitTests\bin\Debug\net6.0\Microsoft.VisualStudio.TestPlatform.MSTest.TestAdapter.dll
TpTrace Verbose: 0 : 4064, 4, 2023/05/29, 18:55:06.848, 5807817024581, testhost.dll, TestPluginCache.GetExtensionPaths: Added unfilterableExtensionPaths: 
TpTrace Information: 0 : 4064, 9, 2023/05/29, 18:55:06.849, 5807817030826, testhost.dll, TestRequestHandler.OnMessageReceived: received message: (TestExecution.StartWithTests) -> {
  "Tests": [
    {
      "Id": "7c80fa14-4b5e-688b-30c4-22317d77de66",
      "FullyQualifiedName": "Bank.UnitTests.BankAccountTest.Debit_WithValidAmount_UpdatesBalance",
      "DisplayName": "Debit_WithValidAmount_UpdatesBalance",
      "ExecutorUri": "executor://MSTestAdapter/v2",
      "Source": "C:\\Projetos\\Bank\\Bank.UnitTests\\bin\\Debug\\net6.0\\Bank.UnitTests.dll",
      "CodeFilePath": "C:\\Projetos\\Bank\\Bank.UnitTests\\BankAccountTest.cs",
      "LineNumber": 11,
      "Properties": [
        {
          "Key": {
            "Id": "TestCase.ManagedType",
            "Label": "ManagedType",
            "Category": "",
            "Description": "",
            "Attributes": 1,
            "ValueType": "System.String"
          },
          "Value": "Bank.UnitTests.BankAccountTest"
        },
        {
          "Key": {
            "Id": "TestCase.ManagedMethod",
            "Label": "ManagedMethod",
            "Category": "",
            "Description": "",
            "Attributes": 1,
            "ValueType": "System.String"
          },
          "Value": "Debit_WithValidAmount_UpdatesBalance"
        },
        {
          "Key": {
            "Id": "MSTestDiscoverer.TestClassName",
            "Label": "ClassName",
            "Category": "",
            "Description": "",
            "Attributes": 1,
            "ValueType": "System.String"
          },
          "Value": "Bank.UnitTests.BankAccountTest"
        },
        {
          "Key": {
            "Id": "TestCase.Hierarchy",
            "Label": "Hierarchy",
            "Category": "",
            "Description": "",
            "Attributes": 2,
            "ValueType": "System.String[]"
          },
          "Value": [
            "Bank.UnitTests",
            "BankAccountTest"
          ]
        },
        {
          "Key": {
            "Id": "TestObject.Traits",
            "Label": "Traits",
            "Category": "",
            "Description": "",
            "Attributes": 5,
            "ValueType": "System.Collections.Generic.KeyValuePair`2[[System.String],[System.String]][]"
          },
          "Value": []
        }
      ]
    }
  ],
  "RunSettings": "<RunSettings>\r\n  <RunConfiguration>\r\n    <CollectSourceInformation>false</CollectSourceInformation>\r\n    <MaxCpuCount>1</MaxCpuCount>\r\n    <TestSessionTimeout>6680</TestSessionTimeout>\r\n    <DesignMode>false</DesignMode>\r\n    <TargetFrameworkVersion>.NETCoreApp,Version=v6.0</TargetFrameworkVersion>\r\n  </RunConfiguration>\r\n  <InProcDataCollectionRunSettings>\r\n    <InProcDataCollectors>\r\n      <InProcDataCollector friendlyName=\"StrykerCoverage\" uri=\"https://stryker-mutator.io/\" codebase=\"C:\\Users\\1511 MXTI\\.nuget\\packages\\dotnet-stryker\\3.9.0\\tools\\net6.0\\any\\Stryker.DataCollector.dll\" assemblyQualifiedName=\"Stryker.DataCollector.CoverageCollector, Stryker.DataCollector, Version=1.0.0.0, Culture=neutral, PublicKeyToken=null\">\r\n        <Configuration>\r\n          <Parameters>\r\n            <Mutant id=\"0\" tests=\"7c80fa14-4b5e-688b-30c4-22317d77de66\" />\r\n            <MutantControl name=\"Stryker0Xrvs6ez4CmThoK.MutantControl\" />\r\n          </Parameters>\r\n        </Configuration>\r\n      </InProcDataCollector>\r\n    </InProcDataCollectors>\r\n  </InProcDataCollectionRunSettings>\r\n  <LoggerRunSettings>\r\n    <Loggers>\r\n      <Logger friendlyName=\"Console\" uri=\"logger://microsoft/TestPlatform/ConsoleLogger/v1\" assemblyQualifiedName=\"Microsoft.VisualStudio.TestPlatform.CommandLine.Internal.ConsoleLogger, vstest.console, Version=15.0.0.0, Culture=neutral, PublicKeyToken=b03f5f7f11d50a3a\" codeBase=\"C:\\Users\\1511 MXTI\\AppData\\Local\\Temp\\bixzjozn.d4j\\.vstest\\tools\\net462\\vstest.console.exe\" enabled=\"True\" />\r\n    </Loggers>\r\n  </LoggerRunSettings>\r\n</RunSettings>",
  "TestExecutionContext": {
    "FrequencyOfRunStatsChangeEvent": 10,
    "RunStatsChangeEventTimeout": "00:00:01.5000000",
    "InIsolation": false,
    "KeepAlive": false,
    "AreTestCaseLevelEventsRequired": false,
    "IsDebug": false,
    "TestCaseFilter": null,
    "FilterOptions": null
  },
  "Package": null
}
TpTrace Information: 0 : 4064, 4, 2023/05/29, 18:55:06.850, 5807817039116, testhost.dll, AssemblyResolver.ctor: Creating AssemblyResolver with searchDirectories C:\Projetos\Bank\Bank.UnitTests\bin\Debug\net6.0
TpTrace Verbose: 0 : 4064, 4, 2023/05/29, 18:55:06.851, 5807817051696, testhost.dll, TestPluginCache.DiscoverTestExtensions: Discovering the extensions using extension path.
TpTrace Verbose: 0 : 4064, 4, 2023/05/29, 18:55:06.851, 5807817052712, testhost.dll, TestPluginCache.GetExtensionPaths: Filtered extension paths: 
TpTrace Verbose: 0 : 4064, 4, 2023/05/29, 18:55:06.851, 5807817053076, testhost.dll, TestPluginCache.GetExtensionPaths: Added default extension paths: C:\Projetos\Bank\Bank.UnitTests\bin\Debug\net6.0\Microsoft.VisualStudio.TestPlatform.MSTest.TestAdapter.dll
TpTrace Verbose: 0 : 4064, 4, 2023/05/29, 18:55:06.851, 5807817053343, testhost.dll, TestPluginCache.GetExtensionPaths: Added unfilterableExtensionPaths: 
TpTrace Verbose: 0 : 4064, 4, 2023/05/29, 18:55:06.851, 5807817053777, testhost.dll, TestPluginCache.DiscoverTestExtensions: Discovering the extensions using allExtensionPaths: C:\Projetos\Bank\Bank.UnitTests\bin\Debug\net6.0\Microsoft.VisualStudio.TestPlatform.MSTest.TestAdapter.dll
TpTrace Information: 0 : 4064, 4, 2023/05/29, 18:55:06.852, 5807817060904, testhost.dll, AssemblyResolver.AddSearchDirectories: Adding more searchDirectories C:\Projetos\Bank\Bank.UnitTests\bin\Debug\net6.0
TpTrace Information: 0 : 4064, 4, 2023/05/29, 18:55:06.856, 5807817104283, testhost.dll, AssemblyResolver.OnResolve: Microsoft.VisualStudio.TestPlatform.MSTest.TestAdapter: Resolving assembly.
TpTrace Information: 0 : 4064, 4, 2023/05/29, 18:55:06.856, 5807817105185, testhost.dll, AssemblyResolver.OnResolve: Microsoft.VisualStudio.TestPlatform.MSTest.TestAdapter: Searching in: 'C:\Projetos\Bank\Bank.UnitTests\bin\Debug\net6.0'.
TpTrace Information: 0 : 4064, 4, 2023/05/29, 18:55:06.857, 5807817115023, testhost.dll, AssemblyResolver.OnResolve: Microsoft.VisualStudio.TestPlatform.MSTest.TestAdapter: Loading assembly 'C:\Projetos\Bank\Bank.UnitTests\bin\Debug\net6.0\Microsoft.VisualStudio.TestPlatform.MSTest.TestAdapter.dll'.
TpTrace Information: 0 : 4064, 4, 2023/05/29, 18:55:06.858, 5807817119746, testhost.dll, AssemblyResolver.OnResolve: Resolved assembly: Microsoft.VisualStudio.TestPlatform.MSTest.TestAdapter, from path: C:\Projetos\Bank\Bank.UnitTests\bin\Debug\net6.0\Microsoft.VisualStudio.TestPlatform.MSTest.TestAdapter.dll
TpTrace Verbose: 0 : 4064, 4, 2023/05/29, 18:55:06.878, 5807817324395, testhost.dll, TestPluginCache: Discovered the extensions using extension path ''.
TpTrace Verbose: 0 : 4064, 4, 2023/05/29, 18:55:06.879, 5807817330329, testhost.dll, TestPluginCache: Discoverers are ''.
TpTrace Verbose: 0 : 4064, 4, 2023/05/29, 18:55:06.879, 5807817331139, testhost.dll, TestPluginCache: Executors are 'executor://MSTestAdapter/v2'.
TpTrace Verbose: 0 : 4064, 4, 2023/05/29, 18:55:06.879, 5807817331704, testhost.dll, TestPluginCache: Executors2 are ''.
TpTrace Verbose: 0 : 4064, 4, 2023/05/29, 18:55:06.879, 5807817332228, testhost.dll, TestPluginCache: Setting providers are ''.
TpTrace Verbose: 0 : 4064, 4, 2023/05/29, 18:55:06.879, 5807817332733, testhost.dll, TestPluginCache: Loggers are ''.
TpTrace Verbose: 0 : 4064, 4, 2023/05/29, 18:55:06.882, 5807817366691, testhost.dll, TestPluginCache.DiscoverTestExtensions: finding test extensions in assemblies ends with: TestAdapter.dll TPluginInfo: Microsoft.VisualStudio.TestPlatform.Common.ExtensionFramework.Utilities.TestExecutorPluginInformation2 TExtension: Microsoft.VisualStudio.TestPlatform.ObjectModel.Adapter.ITestExecutor2
TpTrace Verbose: 0 : 4064, 4, 2023/05/29, 18:55:06.883, 5807817371028, testhost.dll, TestPluginCache.GetExtensionPaths: Filtered extension paths: 
TpTrace Verbose: 0 : 4064, 4, 2023/05/29, 18:55:06.883, 5807817371550, testhost.dll, TestPluginCache.GetExtensionPaths: Added default extension paths: C:\Projetos\Bank\Bank.UnitTests\bin\Debug\net6.0\Microsoft.VisualStudio.TestPlatform.MSTest.TestAdapter.dll
TpTrace Verbose: 0 : 4064, 4, 2023/05/29, 18:55:06.883, 5807817371841, testhost.dll, TestPluginCache.GetExtensionPaths: Added unfilterableExtensionPaths: 
TpTrace Information: 0 : 4064, 4, 2023/05/29, 18:55:06.883, 5807817374762, testhost.dll, AssemblyResolver.AddSearchDirectories: Adding more searchDirectories C:\Projetos\Bank\Bank.UnitTests\bin\Debug\net6.0
TpTrace Verbose: 0 : 4064, 4, 2023/05/29, 18:55:06.883, 5807817375243, testhost.dll, TestPluginCache.DiscoverTestExtensions: Discovering the extensions using extension path.
TpTrace Verbose: 0 : 4064, 4, 2023/05/29, 18:55:06.883, 5807817375892, testhost.dll, TestPluginCache.GetExtensionPaths: Filtered extension paths: 
TpTrace Verbose: 0 : 4064, 4, 2023/05/29, 18:55:06.883, 5807817376367, testhost.dll, TestPluginCache.GetExtensionPaths: Added default extension paths: C:\Projetos\Bank\Bank.UnitTests\bin\Debug\net6.0\Microsoft.VisualStudio.TestPlatform.MSTest.TestAdapter.dll
TpTrace Verbose: 0 : 4064, 4, 2023/05/29, 18:55:06.883, 5807817377225, testhost.dll, TestPluginCache.GetExtensionPaths: Added unfilterableExtensionPaths: 
TpTrace Verbose: 0 : 4064, 4, 2023/05/29, 18:55:06.883, 5807817377984, testhost.dll, TestPluginCache.DiscoverTestExtensions: Discovering the extensions using allExtensionPaths: C:\Projetos\Bank\Bank.UnitTests\bin\Debug\net6.0\Microsoft.VisualStudio.TestPlatform.MSTest.TestAdapter.dll
TpTrace Information: 0 : 4064, 4, 2023/05/29, 18:55:06.884, 5807817378742, testhost.dll, AssemblyResolver.AddSearchDirectories: Adding more searchDirectories C:\Projetos\Bank\Bank.UnitTests\bin\Debug\net6.0
TpTrace Verbose: 0 : 4064, 4, 2023/05/29, 18:55:06.884, 5807817381426, testhost.dll, TestPluginCache: Discovered the extensions using extension path ''.
TpTrace Verbose: 0 : 4064, 4, 2023/05/29, 18:55:06.884, 5807817382060, testhost.dll, TestPluginCache: Discoverers are ''.
TpTrace Verbose: 0 : 4064, 4, 2023/05/29, 18:55:06.884, 5807817382454, testhost.dll, TestPluginCache: Executors are 'executor://MSTestAdapter/v2'.
TpTrace Verbose: 0 : 4064, 4, 2023/05/29, 18:55:06.884, 5807817383483, testhost.dll, TestPluginCache: Executors2 are ''.
TpTrace Verbose: 0 : 4064, 4, 2023/05/29, 18:55:06.884, 5807817383932, testhost.dll, TestPluginCache: Setting providers are ''.
TpTrace Verbose: 0 : 4064, 4, 2023/05/29, 18:55:06.884, 5807817384238, testhost.dll, TestPluginCache: Loggers are ''.
TpTrace Information: 0 : 4064, 4, 2023/05/29, 18:55:06.888, 5807817427858, testhost.dll, TestPluginManager.CreateTestExtension: Attempting to load test extension: Microsoft.VisualStudio.TestPlatform.MSTest.TestAdapter.MSTestExecutor
TpTrace Verbose: 0 : 4064, 4, 2023/05/29, 18:55:06.892, 5807817466962, testhost.dll, TestExecutorExtensionManager: Loading executor Microsoft.VisualStudio.TestPlatform.MSTest.TestAdapter.MSTestExecutor
TpTrace Verbose: 0 : 4064, 4, 2023/05/29, 18:55:06.892, 5807817467987, testhost.dll, TestExecutorService: Loaded the executors
TpTrace Verbose: 0 : 4064, 4, 2023/05/29, 18:55:06.894, 5807817479684, testhost.dll, TestPluginCache.DiscoverTestExtensions: finding test extensions in assemblies ends with: TestAdapter.dll TPluginInfo: Microsoft.VisualStudio.TestPlatform.Common.ExtensionFramework.Utilities.TestSettingsProviderPluginInformation TExtension: Microsoft.VisualStudio.TestPlatform.ObjectModel.Adapter.ISettingsProvider
TpTrace Verbose: 0 : 4064, 4, 2023/05/29, 18:55:06.894, 5807817480923, testhost.dll, TestPluginCache.GetExtensionPaths: Filtered extension paths: 
TpTrace Verbose: 0 : 4064, 4, 2023/05/29, 18:55:06.894, 5807817481454, testhost.dll, TestPluginCache.GetExtensionPaths: Added default extension paths: C:\Projetos\Bank\Bank.UnitTests\bin\Debug\net6.0\Microsoft.VisualStudio.TestPlatform.MSTest.TestAdapter.dll
TpTrace Verbose: 0 : 4064, 4, 2023/05/29, 18:55:06.894, 5807817481872, testhost.dll, TestPluginCache.GetExtensionPaths: Added unfilterableExtensionPaths: 
TpTrace Information: 0 : 4064, 4, 2023/05/29, 18:55:06.894, 5807817483879, testhost.dll, AssemblyResolver.AddSearchDirectories: Adding more searchDirectories C:\Projetos\Bank\Bank.UnitTests\bin\Debug\net6.0
TpTrace Verbose: 0 : 4064, 4, 2023/05/29, 18:55:06.894, 5807817484417, testhost.dll, TestPluginCache.DiscoverTestExtensions: Discovering the extensions using extension path.
TpTrace Verbose: 0 : 4064, 4, 2023/05/29, 18:55:06.894, 5807817485113, testhost.dll, TestPluginCache.GetExtensionPaths: Filtered extension paths: 
TpTrace Verbose: 0 : 4064, 4, 2023/05/29, 18:55:06.894, 5807817485507, testhost.dll, TestPluginCache.GetExtensionPaths: Added default extension paths: C:\Projetos\Bank\Bank.UnitTests\bin\Debug\net6.0\Microsoft.VisualStudio.TestPlatform.MSTest.TestAdapter.dll
TpTrace Verbose: 0 : 4064, 4, 2023/05/29, 18:55:06.894, 5807817485952, testhost.dll, TestPluginCache.GetExtensionPaths: Added unfilterableExtensionPaths: 
TpTrace Verbose: 0 : 4064, 4, 2023/05/29, 18:55:06.894, 5807817486373, testhost.dll, TestPluginCache.DiscoverTestExtensions: Discovering the extensions using allExtensionPaths: C:\Projetos\Bank\Bank.UnitTests\bin\Debug\net6.0\Microsoft.VisualStudio.TestPlatform.MSTest.TestAdapter.dll
TpTrace Information: 0 : 4064, 4, 2023/05/29, 18:55:06.894, 5807817486952, testhost.dll, AssemblyResolver.AddSearchDirectories: Adding more searchDirectories C:\Projetos\Bank\Bank.UnitTests\bin\Debug\net6.0
TpTrace Verbose: 0 : 4064, 4, 2023/05/29, 18:55:06.895, 5807817490391, testhost.dll, TestPluginCache: Discovered the extensions using extension path ''.
TpTrace Verbose: 0 : 4064, 4, 2023/05/29, 18:55:06.895, 5807817490960, testhost.dll, TestPluginCache: Discoverers are ''.
TpTrace Verbose: 0 : 4064, 4, 2023/05/29, 18:55:06.895, 5807817491395, testhost.dll, TestPluginCache: Executors are 'executor://MSTestAdapter/v2'.
TpTrace Verbose: 0 : 4064, 4, 2023/05/29, 18:55:06.895, 5807817491783, testhost.dll, TestPluginCache: Executors2 are ''.
TpTrace Verbose: 0 : 4064, 4, 2023/05/29, 18:55:06.895, 5807817492294, testhost.dll, TestPluginCache: Setting providers are ''.
TpTrace Verbose: 0 : 4064, 4, 2023/05/29, 18:55:06.895, 5807817492691, testhost.dll, TestPluginCache: Loggers are ''.
TpTrace Verbose: 0 : 4064, 4, 2023/05/29, 18:55:06.896, 5807817505640, testhost.dll, TestExecutorService: Loaded the settings providers
TpTrace Information: 0 : 4064, 4, 2023/05/29, 18:55:06.896, 5807817506479, testhost.dll, TestExecutorService: Loaded the extensions
TpTrace Verbose: 0 : 4064, 9, 2023/05/29, 18:55:06.920, 5807817746395, testhost.dll, TcpClientExtensions.MessageLoopAsync: Polling on remoteEndPoint: [::ffff:127.0.0.1]:57392 localEndPoint: [::ffff:127.0.0.1]:57395
TpTrace Information: 0 : 4064, 4, 2023/05/29, 18:55:06.920, 5807817748276, testhost.dll, TestRequestHandler.OnMessageReceived: Running job 'TestExecution.StartWithTests'.
TpTrace Verbose: 0 : 4064, 4, 2023/05/29, 18:55:06.941, 5807817952098, testhost.dll, TestPluginCache.GetExtensionPaths: Filtered extension paths: 
TpTrace Verbose: 0 : 4064, 4, 2023/05/29, 18:55:06.941, 5807817953207, testhost.dll, TestPluginCache.GetExtensionPaths: Added default extension paths: C:\Projetos\Bank\Bank.UnitTests\bin\Debug\net6.0\Microsoft.VisualStudio.TestPlatform.MSTest.TestAdapter.dll
TpTrace Verbose: 0 : 4064, 4, 2023/05/29, 18:55:06.941, 5807817953656, testhost.dll, TestPluginCache.GetExtensionPaths: Added unfilterableExtensionPaths: 
TpTrace Information: 0 : 4064, 4, 2023/05/29, 18:55:07.121, 5807819757920, testhost.dll, AssemblyResolver.OnResolve: Microsoft.VisualStudio.TestPlatform.MSTestAdapter.PlatformServices.Interface: Resolving assembly.
TpTrace Information: 0 : 4064, 4, 2023/05/29, 18:55:07.122, 5807819759840, testhost.dll, AssemblyResolver.OnResolve: Microsoft.VisualStudio.TestPlatform.MSTestAdapter.PlatformServices.Interface: Searching in: 'C:\Projetos\Bank\Bank.UnitTests\bin\Debug\net6.0'.
TpTrace Information: 0 : 4064, 4, 2023/05/29, 18:55:07.122, 5807819762536, testhost.dll, AssemblyResolver.OnResolve: Microsoft.VisualStudio.TestPlatform.MSTestAdapter.PlatformServices.Interface: Loading assembly 'C:\Projetos\Bank\Bank.UnitTests\bin\Debug\net6.0\Microsoft.VisualStudio.TestPlatform.MSTestAdapter.PlatformServices.Interface.dll'.
TpTrace Information: 0 : 4064, 4, 2023/05/29, 18:55:07.122, 5807819767750, testhost.dll, AssemblyResolver.OnResolve: Resolved assembly: Microsoft.VisualStudio.TestPlatform.MSTestAdapter.PlatformServices.Interface, from path: C:\Projetos\Bank\Bank.UnitTests\bin\Debug\net6.0\Microsoft.VisualStudio.TestPlatform.MSTestAdapter.PlatformServices.Interface.dll
TpTrace Information: 0 : 4064, 4, 2023/05/29, 18:55:07.123, 5807819770065, testhost.dll, AssemblyResolver.OnResolve: Microsoft.VisualStudio.TestPlatform.MSTestAdapter.PlatformServices: Resolving assembly.
TpTrace Information: 0 : 4064, 4, 2023/05/29, 18:55:07.123, 5807819770595, testhost.dll, AssemblyResolver.OnResolve: Microsoft.VisualStudio.TestPlatform.MSTestAdapter.PlatformServices: Searching in: 'C:\Projetos\Bank\Bank.UnitTests\bin\Debug\net6.0'.
TpTrace Information: 0 : 4064, 4, 2023/05/29, 18:55:07.123, 5807819773086, testhost.dll, AssemblyResolver.OnResolve: Microsoft.VisualStudio.TestPlatform.MSTestAdapter.PlatformServices: Loading assembly 'C:\Projetos\Bank\Bank.UnitTests\bin\Debug\net6.0\Microsoft.VisualStudio.TestPlatform.MSTestAdapter.PlatformServices.dll'.
TpTrace Information: 0 : 4064, 4, 2023/05/29, 18:55:07.125, 5807819788981, testhost.dll, AssemblyResolver.OnResolve: Resolved assembly: Microsoft.VisualStudio.TestPlatform.MSTestAdapter.PlatformServices, from path: C:\Projetos\Bank\Bank.UnitTests\bin\Debug\net6.0\Microsoft.VisualStudio.TestPlatform.MSTestAdapter.PlatformServices.dll
TpTrace Verbose: 0 : 4064, 4, 2023/05/29, 18:55:07.159, 5807820133002, testhost.dll, BaseRunTests.RunTestInternalWithExecutors: Running tests for executor://MSTestAdapter/v2
TpTrace Information: 0 : 4064, 4, 2023/05/29, 18:55:07.160, 5807820148218, testhost.dll, MSTest - MSTestExecutor.RunTests: Running tests from testcases.
TpTrace Information: 0 : 4064, 4, 2023/05/29, 18:55:07.165, 5807820194787, testhost.dll, MSTest - CollectSourceInformation value Found : False 
TpTrace Information: 0 : 4064, 4, 2023/05/29, 18:55:07.170, 5807820247486, testhost.dll, AssemblyResolver.OnResolve: Microsoft.VisualStudio.TestPlatform.MSTestAdapter.PlatformServices.resources: Resolving assembly.
TpTrace Information: 0 : 4064, 4, 2023/05/29, 18:55:07.171, 5807820248457, testhost.dll, AssemblyResolver.OnResolve: Microsoft.VisualStudio.TestPlatform.MSTestAdapter.PlatformServices.resources: Searching in: 'C:\Projetos\Bank\Bank.UnitTests\bin\Debug\net6.0'.
TpTrace Information: 0 : 4064, 4, 2023/05/29, 18:55:07.171, 5807820249293, testhost.dll, AssemblyResolver.OnResolve: Microsoft.VisualStudio.TestPlatform.MSTestAdapter.PlatformServices.resources: Assembly path does not exist: 'C:\Projetos\Bank\Bank.UnitTests\bin\Debug\net6.0\Microsoft.VisualStudio.TestPlatform.MSTestAdapter.PlatformServices.resources.dll', returning.
TpTrace Information: 0 : 4064, 4, 2023/05/29, 18:55:07.171, 5807820250052, testhost.dll, AssemblyResolver.OnResolve: Microsoft.VisualStudio.TestPlatform.MSTestAdapter.PlatformServices.resources: Assembly path does not exist: 'C:\Projetos\Bank\Bank.UnitTests\bin\Debug\net6.0\Microsoft.VisualStudio.TestPlatform.MSTestAdapter.PlatformServices.resources.exe', returning.
TpTrace Information: 0 : 4064, 4, 2023/05/29, 18:55:07.171, 5807820250390, testhost.dll, AssemblyResolver.OnResolve: Microsoft.VisualStudio.TestPlatform.MSTestAdapter.PlatformServices.resources: Failed to load assembly.
TpTrace Information: 0 : 4064, 4, 2023/05/29, 18:55:07.171, 5807820253669, testhost.dll, AssemblyResolver.OnResolve: Microsoft.VisualStudio.TestPlatform.MSTestAdapter.PlatformServices.resources: Resolving assembly.
TpTrace Information: 0 : 4064, 4, 2023/05/29, 18:55:07.171, 5807820254444, testhost.dll, AssemblyResolver.OnResolve: Microsoft.VisualStudio.TestPlatform.MSTestAdapter.PlatformServices.resources: Resolved from cache.
TpTrace Information: 0 : 4064, 4, 2023/05/29, 18:55:07.183, 5807820373710, testhost.dll, MSTest - Created unit-test runner C:\Projetos\Bank\Bank.UnitTests\bin\Debug\net6.0\Bank.UnitTests.dll
TpTrace Verbose: 0 : 4064, 4, 2023/05/29, 18:55:07.191, 5807820452084, testhost.dll, TestExecutionRecorder.RecordStart: Starting test: Bank.UnitTests.BankAccountTest.Debit_WithValidAmount_UpdatesBalance.
TpTrace Information: 0 : 4064, 4, 2023/05/29, 18:55:07.194, 5807820479808, testhost.dll, MSTest - Executing test Debit_WithValidAmount_UpdatesBalance
TpTrace Information: 0 : 4064, 4, 2023/05/29, 18:55:07.205, 5807820596827, testhost.dll, AssemblyResolver.OnResolve: Microsoft.TestPlatform.AdapterUtilities: Resolving assembly.
TpTrace Information: 0 : 4064, 4, 2023/05/29, 18:55:07.205, 5807820598053, testhost.dll, AssemblyResolver.OnResolve: Microsoft.TestPlatform.AdapterUtilities: Searching in: 'C:\Projetos\Bank\Bank.UnitTests\bin\Debug\net6.0'.
TpTrace Information: 0 : 4064, 4, 2023/05/29, 18:55:07.206, 5807820601247, testhost.dll, AssemblyResolver.OnResolve: Microsoft.TestPlatform.AdapterUtilities: Loading assembly 'C:\Projetos\Bank\Bank.UnitTests\bin\Debug\net6.0\Microsoft.TestPlatform.AdapterUtilities.dll'.
TpTrace Information: 0 : 4064, 4, 2023/05/29, 18:55:07.206, 5807820605870, testhost.dll, AssemblyResolver.OnResolve: Resolved assembly: Microsoft.TestPlatform.AdapterUtilities, from path: C:\Projetos\Bank\Bank.UnitTests\bin\Debug\net6.0\Microsoft.TestPlatform.AdapterUtilities.dll
TpTrace Information: 0 : 4064, 4, 2023/05/29, 18:55:07.234, 5807820881279, testhost.dll, AssemblyResolver.OnResolve: Microsoft.VisualStudio.TestPlatform.MSTest.TestAdapter.resources: Resolving assembly.
TpTrace Information: 0 : 4064, 4, 2023/05/29, 18:55:07.234, 5807820882166, testhost.dll, AssemblyResolver.OnResolve: Microsoft.VisualStudio.TestPlatform.MSTest.TestAdapter.resources: Searching in: 'C:\Projetos\Bank\Bank.UnitTests\bin\Debug\net6.0'.
TpTrace Information: 0 : 4064, 4, 2023/05/29, 18:55:07.234, 5807820882944, testhost.dll, AssemblyResolver.OnResolve: Microsoft.VisualStudio.TestPlatform.MSTest.TestAdapter.resources: Assembly path does not exist: 'C:\Projetos\Bank\Bank.UnitTests\bin\Debug\net6.0\Microsoft.VisualStudio.TestPlatform.MSTest.TestAdapter.resources.dll', returning.
TpTrace Information: 0 : 4064, 4, 2023/05/29, 18:55:07.234, 5807820883576, testhost.dll, AssemblyResolver.OnResolve: Microsoft.VisualStudio.TestPlatform.MSTest.TestAdapter.resources: Assembly path does not exist: 'C:\Projetos\Bank\Bank.UnitTests\bin\Debug\net6.0\Microsoft.VisualStudio.TestPlatform.MSTest.TestAdapter.resources.exe', returning.
TpTrace Information: 0 : 4064, 4, 2023/05/29, 18:55:07.234, 5807820883916, testhost.dll, AssemblyResolver.OnResolve: Microsoft.VisualStudio.TestPlatform.MSTest.TestAdapter.resources: Failed to load assembly.
TpTrace Information: 0 : 4064, 4, 2023/05/29, 18:55:07.254, 5807821079757, testhost.dll, MSTest - Executed test Debit_WithValidAmount_UpdatesBalance
TpTrace Verbose: 0 : 4064, 4, 2023/05/29, 18:55:07.257, 5807821117536, testhost.dll, TestExecutionRecorder.RecordEnd: test: Bank.UnitTests.BankAccountTest.Debit_WithValidAmount_UpdatesBalance execution completed.
TpTrace Information: 0 : 4064, 4, 2023/05/29, 18:55:07.259, 5807821133615, testhost.dll, MSTest - MSTestExecutor:Test Bank.UnitTests.BankAccountTest.Debit_WithValidAmount_UpdatesBalance failed. ErrorMessage:Test method Bank.UnitTests.BankAccountTest.Debit_WithValidAmount_UpdatesBalance threw exception: 
System.ArgumentOutOfRangeException: Specified argument was out of the range of valid values. (Parameter 'amount'), ErrorStackTrace:    at Bank.Account.BankAccount.Debit(Double amount)
   at Bank.UnitTests.BankAccountTest.Debit_WithValidAmount_UpdatesBalance() in C:\Projetos\Bank\Bank.UnitTests\BankAccountTest.cs:line 19
.
TpTrace Verbose: 0 : 4064, 4, 2023/05/29, 18:55:07.259, 5807821135764, testhost.dll, TestExecutionRecorder.RecordResult: Received result for test: Bank.UnitTests.BankAccountTest.Debit_WithValidAmount_UpdatesBalance.
TpTrace Warning: 0 : 4064, 4, 2023/05/29, 18:55:07.260, 5807821146351, testhost.dll, No DataCollection Data set for the test case 7c80fa14-4b5e-688b-30c4-22317d77de66
TpTrace Warning: 0 : 4064, 4, 2023/05/29, 18:55:07.263, 5807821174029, testhost.dll, TestRunCache: InProgressTests is null
TpTrace Warning: 0 : 4064, 4, 2023/05/29, 18:55:07.263, 5807821174937, testhost.dll, TestRunCache: No test found corresponding to testResult 'Debit_WithValidAmount_UpdatesBalance' in inProgress list.
TpTrace Information: 0 : 4064, 4, 2023/05/29, 18:55:07.263, 5807821176318, testhost.dll, MSTest - Executing cleanup methods.
TpTrace Information: 0 : 4064, 4, 2023/05/29, 18:55:07.264, 5807821187298, testhost.dll, MSTest - Executed cleanup methods.
TpTrace Information: 0 : 4064, 4, 2023/05/29, 18:55:07.264, 5807821187779, testhost.dll, MSTest - Executed tests belonging to source C:\Projetos\Bank\Bank.UnitTests\bin\Debug\net6.0\Bank.UnitTests.dll
TpTrace Verbose: 0 : 4064, 4, 2023/05/29, 18:55:07.265, 5807821191492, testhost.dll, BaseRunTests.RunTestInternalWithExecutors: Completed running tests for executor://MSTestAdapter/v2
TpTrace Information: 0 : 4064, 4, 2023/05/29, 18:55:07.267, 5807821218359, testhost.dll, Sending test run complete
TpTrace Verbose: 0 : 4064, 4, 2023/05/29, 18:55:07.299, 5807821537320, testhost.dll, TestRequestHandler.SendData:  sending data from testhost: {"Version":5,"MessageType":"TestExecution.Completed","Payload":{"TestRunCompleteArgs":{"TestRunStatistics":{"ExecutedTests":1,"Stats":{"Failed":1}},"IsCanceled":false,"IsAborted":false,"Error":null,"AttachmentSets":[],"ElapsedTimeInRunningTests":"00:00:00.1144909","Metrics":{}},"LastRunTests":{"NewTestResults":[{"TestCase":{"Id":"7c80fa14-4b5e-688b-30c4-22317d77de66","FullyQualifiedName":"Bank.UnitTests.BankAccountTest.Debit_WithValidAmount_UpdatesBalance","DisplayName":"Debit_WithValidAmount_UpdatesBalance","ExecutorUri":"executor://MSTestAdapter/v2","Source":"C:\\Projetos\\Bank\\Bank.UnitTests\\bin\\Debug\\net6.0\\Bank.UnitTests.dll","CodeFilePath":"C:\\Projetos\\Bank\\Bank.UnitTests\\BankAccountTest.cs","LineNumber":11,"Properties":[{"Key":{"Id":"TestCase.ManagedType","Label":"ManagedType","Category":"","Description":"","Attributes":1,"ValueType":"System.String"},"Value":"Bank.UnitTests.BankAccountTest"},{"Key":{"Id":"TestCase.ManagedMethod","Label":"ManagedMethod","Category":"","Description":"","Attributes":1,"ValueType":"System.String"},"Value":"Debit_WithValidAmount_UpdatesBalance"},{"Key":{"Id":"MSTestDiscoverer.TestClassName","Label":"ClassName","Category":"","Description":"","Attributes":1,"ValueType":"System.String"},"Value":"Bank.UnitTests.BankAccountTest"},{"Key":{"Id":"TestCase.Hierarchy","Label":"Hierarchy","Category":"","Description":"","Attributes":2,"ValueType":"System.String[]"},"Value":["Bank.UnitTests","BankAccountTest"]},{"Key":{"Id":"TestObject.Traits","Label":"Traits","Category":"","Description":"","Attributes":5,"ValueType":"System.Collections.Generic.KeyValuePair`2[[System.String],[System.String]][]"},"Value":[]}]},"Attachments":[],"Outcome":2,"ErrorMessage":"Test method Bank.UnitTests.BankAccountTest.Debit_WithValidAmount_UpdatesBalance threw exception: \r\nSystem.ArgumentOutOfRangeException: Specified argument was out of the range of valid values. (Parameter 'amount')","ErrorStackTrace":"    at Bank.Account.BankAccount.Debit(Double amount)\r\n   at Bank.UnitTests.BankAccountTest.Debit_WithValidAmount_UpdatesBalance() in C:\\Projetos\\Bank\\Bank.UnitTests\\BankAccountTest.cs:line 19\r\n","DisplayName":"Debit_WithValidAmount_UpdatesBalance","Messages":[],"ComputerName":null,"Duration":"00:00:00.0319323","StartTime":"2023-05-29T18:55:07.1933333-03:00","EndTime":"2023-05-29T18:55:07.2542227-03:00","Properties":[{"Key":{"Id":"ExecutionId","Label":"ExecutionId","Category":"","Description":"","Attributes":1,"ValueType":"System.Guid"},"Value":"00000000-0000-0000-0000-000000000000"},{"Key":{"Id":"ParentExecId","Label":"ParentExecId","Category":"","Description":"","Attributes":1,"ValueType":"System.Guid"},"Value":"00000000-0000-0000-0000-000000000000"},{"Key":{"Id":"InnerResultsCount","Label":"InnerResultsCount","Category":"","Description":"","Attributes":1,"ValueType":"System.Int32"},"Value":0}]}],"TestRunStatistics":{"ExecutedTests":1,"Stats":{"Failed":1}},"ActiveTests":[]},"RunAttachments":[],"ExecutorUris":["executor://mstestadapter/v2"]}}
TpTrace Verbose: 0 : 4064, 4, 2023/05/29, 18:55:07.300, 5807821541122, testhost.dll, BaseRunTests.RunTests: Run is complete.
TpTrace Verbose: 0 : 4064, 9, 2023/05/29, 18:55:07.301, 5807821556928, testhost.dll, TcpClientExtensions.MessageLoopAsync: NotifyDataAvailable remoteEndPoint: [::ffff:127.0.0.1]:57392 localEndPoint: [::ffff:127.0.0.1]:57395
TpTrace Information: 0 : 4064, 9, 2023/05/29, 18:55:07.302, 5807821558825, testhost.dll, TestRequestHandler.OnMessageReceived: received message: (TestSession.Terminate) -> null
TpTrace Information: 0 : 4064, 9, 2023/05/29, 18:55:07.302, 5807821559213, testhost.dll, Session End message received from server. Closing the connection.
TpTrace Information: 0 : 4064, 9, 2023/05/29, 18:55:07.302, 5807821562456, testhost.dll, SocketClient.Stop: Stop communication from server endpoint: 127.0.0.1:057392
TpTrace Information: 0 : 4064, 1, 2023/05/29, 18:55:07.302, 5807821562703, testhost.dll, SocketClient.Stop: Stop communication from server endpoint: 127.0.0.1:057392
TpTrace Information: 0 : 4064, 1, 2023/05/29, 18:55:07.302, 5807821563927, testhost.dll, SocketClient: Stop: Cancellation requested. Stopping message loop.
TpTrace Information: 0 : 4064, 9, 2023/05/29, 18:55:07.302, 5807821563129, testhost.dll, SocketClient: Stop: Cancellation requested. Stopping message loop.
TpTrace Verbose: 0 : 4064, 1, 2023/05/29, 18:55:07.302, 5807821565656, testhost.dll, LengthPrefixCommunicationChannel.Dispose: Dispose reader and writer.
TpTrace Verbose: 0 : 4064, 9, 2023/05/29, 18:55:07.302, 5807821566008, testhost.dll, LengthPrefixCommunicationChannel.Dispose: Dispose reader and writer.
TpTrace Information: 0 : 4064, 1, 2023/05/29, 18:55:07.302, 5807821566625, testhost.dll, Testhost process exiting.
TpTrace Information: 0 : 4064, 9, 2023/05/29, 18:55:07.302, 5807821566807, testhost.dll, Closing the connection !
TpTrace Information: 0 : 4064, 9, 2023/05/29, 18:55:07.303, 5807821569056, testhost.dll, SocketClient.PrivateStop: Stop communication from server endpoint: 127.0.0.1:057392, error:
